[0.019s] Invoking command in '/home/mac/Desktop/conti_ws/build/conti_ars430_ros2': CMAKE_PREFIX_PATH=/home/mac/Desktop/conti_ws/install/conti_ars430_ros2_msgs:/home/mac/Desktop/conti_ws/install/radar_msgs:/home/mac/Desktop/conti_ws/install/conti_ars430_ros2:/home/mac/Desktop/su25/turtlebot4_ws/install/turtlebot4_simulator:/home/mac/Desktop/su25/turtlebot4_ws/install/turtlebot4_ignition_bringup:/home/mac/Desktop/su25/turtlebot4_ws/install/turtlebot4_ignition_toolbox:/home/mac/Desktop/su25/turtlebot4_ws/install/turtlebot4_ignition_gui_plugins:/home/mac/Desktop/su25/turtlebot4_ws/install/ros_vrpn_client:/home/mac/Desktop/su25/turtlebot4_ws/install/parking_demo:/home/mac/Desktop/su25/turtlebot4_ws/install/object_detection:/home/mac/Desktop/su25/turtlebot4_ws/install/leader_follower_demo:/opt/ros/humble LD_LIBRARY_PATH=/home/mac/Desktop/conti_ws/install/conti_ars430_ros2_msgs/lib:/home/mac/Desktop/conti_ws/install/radar_msgs/lib:/opt/ros/humble/opt/rviz_ogre_vendor/lib:/opt/ros/humble/lib/x86_64-linux-gnu:/opt/ros/humble/lib /home/mac/.local/bin/cmake /home/mac/Desktop/conti_ws/src/conti_ars430_ros2 -DCMAKE_INSTALL_PREFIX=/home/mac/Desktop/conti_ws/install/conti_ars430_ros2
[0.100s] [0mCMake Deprecation Warning at CMakeLists.txt:1 (cmake_minimum_required):
[0.100s]   Compatibility with CMake < 3.10 will be removed from a future version of
[0.100s]   CMake.
[0.100s] 
[0.100s]   Update the VERSION argument <min> value.  Or, use the <min>...<max> syntax
[0.100s]   to tell CMake that the project requires at least <min> but has been updated
[0.101s]   to work with policies introduced by <max> or earlier.
[0.101s] 
[0.101s] [0m
[0.148s] -- The C compiler identification is GNU 11.4.0
[0.207s] -- The CXX compiler identification is GNU 11.4.0
[0.213s] -- Detecting C compiler ABI info
[0.261s] -- Detecting C compiler ABI info - done
[0.274s] -- Check for working C compiler: /usr/bin/cc - skipped
[0.274s] -- Detecting C compile features
[0.275s] -- Detecting C compile features - done
[0.283s] -- Detecting CXX compiler ABI info
[0.346s] -- Detecting CXX compiler ABI info - done
[0.384s] -- Check for working CXX compiler: /usr/bin/c++ - skipped
[0.385s] -- Detecting CXX compile features
[0.386s] -- Detecting CXX compile features - done
[0.401s] -- Found ament_cmake: 1.3.11 (/opt/ros/humble/share/ament_cmake/cmake)
[0.581s] -- Found Python3: /usr/bin/python3 (found version "3.10.12") found components: Interpreter
[0.734s] -- Found rclcpp: 16.0.12 (/opt/ros/humble/share/rclcpp/cmake)
[0.812s] -- Found rosidl_generator_c: 3.1.6 (/opt/ros/humble/share/rosidl_generator_c/cmake)
[0.818s] -- Found rosidl_adapter: 3.1.6 (/opt/ros/humble/share/rosidl_adapter/cmake)
[0.826s] -- Found rosidl_generator_cpp: 3.1.6 (/opt/ros/humble/share/rosidl_generator_cpp/cmake)
[0.839s] -- Using all available rosidl_typesupport_c: rosidl_typesupport_fastrtps_c;rosidl_typesupport_introspection_c
[0.855s] -- Using all available rosidl_typesupport_cpp: rosidl_typesupport_fastrtps_cpp;rosidl_typesupport_introspection_cpp
[0.895s] -- Found rmw_implementation_cmake: 6.1.2 (/opt/ros/humble/share/rmw_implementation_cmake/cmake)
[0.898s] -- Found rmw_fastrtps_cpp: 6.2.7 (/opt/ros/humble/share/rmw_fastrtps_cpp/cmake)
[0.971s] -- Found OpenSSL: /usr/lib/x86_64-linux-gnu/libcrypto.so (found version "3.0.2")
[0.998s] -- Found FastRTPS: /opt/ros/humble/include
[1.040s] -- Using RMW implementation 'rmw_fastrtps_cpp' as default
[1.049s] -- Performing Test CMAKE_HAVE_LIBC_PTHREAD
[1.119s] -- Performing Test CMAKE_HAVE_LIBC_PTHREAD - Success
[1.120s] -- Found Threads: TRUE
[1.196s] -- Found conti_ars430_ros2_msgs: 0.0.0 (/home/mac/Desktop/conti_ws/install/conti_ars430_ros2_msgs/share/conti_ars430_ros2_msgs/cmake)
[1.208s] -- Found radar_msgs: 0.2.2 (/home/mac/Desktop/conti_ws/install/radar_msgs/share/radar_msgs/cmake)
[1.247s] -- Found ament_lint_auto: 0.12.12 (/opt/ros/humble/share/ament_lint_auto/cmake)
[1.338s] -- Added test 'cppcheck' to perform static code analysis on C / C++ code
[1.339s] -- Configured cppcheck include dirs: /home/mac/Desktop/conti_ws/src/conti_ars430_ros2/include
[1.340s] -- Configured cppcheck exclude dirs and/or files: 
[1.340s] -- Added test 'lint_cmake' to check CMake code style
[1.342s] -- Added test 'uncrustify' to check C / C++ code style
[1.342s] -- Configured uncrustify additional arguments: 
[1.343s] -- Added test 'xmllint' to check XML markup files
[1.344s] -- Configuring done (1.2s)
[1.353s] -- Generating done (0.0s)
[1.358s] -- Build files have been written to: /home/mac/Desktop/conti_ws/build/conti_ars430_ros2
[1.368s] Invoked command in '/home/mac/Desktop/conti_ws/build/conti_ars430_ros2' returned '0': CMAKE_PREFIX_PATH=/home/mac/Desktop/conti_ws/install/conti_ars430_ros2_msgs:/home/mac/Desktop/conti_ws/install/radar_msgs:/home/mac/Desktop/conti_ws/install/conti_ars430_ros2:/home/mac/Desktop/su25/turtlebot4_ws/install/turtlebot4_simulator:/home/mac/Desktop/su25/turtlebot4_ws/install/turtlebot4_ignition_bringup:/home/mac/Desktop/su25/turtlebot4_ws/install/turtlebot4_ignition_toolbox:/home/mac/Desktop/su25/turtlebot4_ws/install/turtlebot4_ignition_gui_plugins:/home/mac/Desktop/su25/turtlebot4_ws/install/ros_vrpn_client:/home/mac/Desktop/su25/turtlebot4_ws/install/parking_demo:/home/mac/Desktop/su25/turtlebot4_ws/install/object_detection:/home/mac/Desktop/su25/turtlebot4_ws/install/leader_follower_demo:/opt/ros/humble LD_LIBRARY_PATH=/home/mac/Desktop/conti_ws/install/conti_ars430_ros2_msgs/lib:/home/mac/Desktop/conti_ws/install/radar_msgs/lib:/opt/ros/humble/opt/rviz_ogre_vendor/lib:/opt/ros/humble/lib/x86_64-linux-gnu:/opt/ros/humble/lib /home/mac/.local/bin/cmake /home/mac/Desktop/conti_ws/src/conti_ars430_ros2 -DCMAKE_INSTALL_PREFIX=/home/mac/Desktop/conti_ws/install/conti_ars430_ros2
[1.370s] Invoking command in '/home/mac/Desktop/conti_ws/build/conti_ars430_ros2': CMAKE_PREFIX_PATH=/home/mac/Desktop/conti_ws/install/conti_ars430_ros2_msgs:/home/mac/Desktop/conti_ws/install/radar_msgs:/home/mac/Desktop/conti_ws/install/conti_ars430_ros2:/home/mac/Desktop/su25/turtlebot4_ws/install/turtlebot4_simulator:/home/mac/Desktop/su25/turtlebot4_ws/install/turtlebot4_ignition_bringup:/home/mac/Desktop/su25/turtlebot4_ws/install/turtlebot4_ignition_toolbox:/home/mac/Desktop/su25/turtlebot4_ws/install/turtlebot4_ignition_gui_plugins:/home/mac/Desktop/su25/turtlebot4_ws/install/ros_vrpn_client:/home/mac/Desktop/su25/turtlebot4_ws/install/parking_demo:/home/mac/Desktop/su25/turtlebot4_ws/install/object_detection:/home/mac/Desktop/su25/turtlebot4_ws/install/leader_follower_demo:/opt/ros/humble LD_LIBRARY_PATH=/home/mac/Desktop/conti_ws/install/conti_ars430_ros2_msgs/lib:/home/mac/Desktop/conti_ws/install/radar_msgs/lib:/opt/ros/humble/opt/rviz_ogre_vendor/lib:/opt/ros/humble/lib/x86_64-linux-gnu:/opt/ros/humble/lib /home/mac/.local/bin/cmake --build /home/mac/Desktop/conti_ws/build/conti_ars430_ros2 -- -j8 -l8
[1.474s] [ 50%] [32mBuilding CXX object CMakeFiles/conti_ars430_ros2_node.dir/src/node.cpp.o[0m
[6.230s] [100%] [32m[1mLinking CXX executable conti_ars430_ros2_node[0m
[6.449s] [100%] Built target conti_ars430_ros2_node
[6.455s] Invoked command in '/home/mac/Desktop/conti_ws/build/conti_ars430_ros2' returned '0': CMAKE_PREFIX_PATH=/home/mac/Desktop/conti_ws/install/conti_ars430_ros2_msgs:/home/mac/Desktop/conti_ws/install/radar_msgs:/home/mac/Desktop/conti_ws/install/conti_ars430_ros2:/home/mac/Desktop/su25/turtlebot4_ws/install/turtlebot4_simulator:/home/mac/Desktop/su25/turtlebot4_ws/install/turtlebot4_ignition_bringup:/home/mac/Desktop/su25/turtlebot4_ws/install/turtlebot4_ignition_toolbox:/home/mac/Desktop/su25/turtlebot4_ws/install/turtlebot4_ignition_gui_plugins:/home/mac/Desktop/su25/turtlebot4_ws/install/ros_vrpn_client:/home/mac/Desktop/su25/turtlebot4_ws/install/parking_demo:/home/mac/Desktop/su25/turtlebot4_ws/install/object_detection:/home/mac/Desktop/su25/turtlebot4_ws/install/leader_follower_demo:/opt/ros/humble LD_LIBRARY_PATH=/home/mac/Desktop/conti_ws/install/conti_ars430_ros2_msgs/lib:/home/mac/Desktop/conti_ws/install/radar_msgs/lib:/opt/ros/humble/opt/rviz_ogre_vendor/lib:/opt/ros/humble/lib/x86_64-linux-gnu:/opt/ros/humble/lib /home/mac/.local/bin/cmake --build /home/mac/Desktop/conti_ws/build/conti_ars430_ros2 -- -j8 -l8
[6.458s] Invoking command in '/home/mac/Desktop/conti_ws/build/conti_ars430_ros2': CMAKE_PREFIX_PATH=/home/mac/Desktop/conti_ws/install/conti_ars430_ros2_msgs:/home/mac/Desktop/conti_ws/install/radar_msgs:/home/mac/Desktop/conti_ws/install/conti_ars430_ros2:/home/mac/Desktop/su25/turtlebot4_ws/install/turtlebot4_simulator:/home/mac/Desktop/su25/turtlebot4_ws/install/turtlebot4_ignition_bringup:/home/mac/Desktop/su25/turtlebot4_ws/install/turtlebot4_ignition_toolbox:/home/mac/Desktop/su25/turtlebot4_ws/install/turtlebot4_ignition_gui_plugins:/home/mac/Desktop/su25/turtlebot4_ws/install/ros_vrpn_client:/home/mac/Desktop/su25/turtlebot4_ws/install/parking_demo:/home/mac/Desktop/su25/turtlebot4_ws/install/object_detection:/home/mac/Desktop/su25/turtlebot4_ws/install/leader_follower_demo:/opt/ros/humble LD_LIBRARY_PATH=/home/mac/Desktop/conti_ws/install/conti_ars430_ros2_msgs/lib:/home/mac/Desktop/conti_ws/install/radar_msgs/lib:/opt/ros/humble/opt/rviz_ogre_vendor/lib:/opt/ros/humble/lib/x86_64-linux-gnu:/opt/ros/humble/lib /home/mac/.local/bin/cmake --install /home/mac/Desktop/conti_ws/build/conti_ars430_ros2
[6.522s] -- Install configuration: ""
[6.522s] -- Installing: /home/mac/Desktop/conti_ws/install/conti_ars430_ros2/lib/conti_ars430_ros2/conti_ars430_ros2_node
[6.523s] -- Set non-toolchain portion of runtime path of "/home/mac/Desktop/conti_ws/install/conti_ars430_ros2/lib/conti_ars430_ros2/conti_ars430_ros2_node" to ""
[6.523s] -- Installing: /home/mac/Desktop/conti_ws/install/conti_ars430_ros2/share/conti_ars430_ros2//launch
[6.523s] -- Installing: /home/mac/Desktop/conti_ws/install/conti_ars430_ros2/share/conti_ars430_ros2//launch/test.launch
[6.523s] -- Installing: /home/mac/Desktop/conti_ws/install/conti_ars430_ros2/share/ament_index/resource_index/package_run_dependencies/conti_ars430_ros2
[6.524s] -- Installing: /home/mac/Desktop/conti_ws/install/conti_ars430_ros2/share/ament_index/resource_index/parent_prefix_path/conti_ars430_ros2
[6.524s] -- Installing: /home/mac/Desktop/conti_ws/install/conti_ars430_ros2/share/conti_ars430_ros2/environment/ament_prefix_path.sh
[6.524s] -- Installing: /home/mac/Desktop/conti_ws/install/conti_ars430_ros2/share/conti_ars430_ros2/environment/ament_prefix_path.dsv
[6.524s] -- Installing: /home/mac/Desktop/conti_ws/install/conti_ars430_ros2/share/conti_ars430_ros2/environment/path.sh
[6.524s] -- Installing: /home/mac/Desktop/conti_ws/install/conti_ars430_ros2/share/conti_ars430_ros2/environment/path.dsv
[6.524s] -- Installing: /home/mac/Desktop/conti_ws/install/conti_ars430_ros2/share/conti_ars430_ros2/local_setup.bash
[6.524s] -- Installing: /home/mac/Desktop/conti_ws/install/conti_ars430_ros2/share/conti_ars430_ros2/local_setup.sh
[6.524s] -- Installing: /home/mac/Desktop/conti_ws/install/conti_ars430_ros2/share/conti_ars430_ros2/local_setup.zsh
[6.525s] -- Installing: /home/mac/Desktop/conti_ws/install/conti_ars430_ros2/share/conti_ars430_ros2/local_setup.dsv
[6.525s] -- Installing: /home/mac/Desktop/conti_ws/install/conti_ars430_ros2/share/conti_ars430_ros2/package.dsv
[6.525s] -- Installing: /home/mac/Desktop/conti_ws/install/conti_ars430_ros2/share/ament_index/resource_index/packages/conti_ars430_ros2
[6.525s] -- Installing: /home/mac/Desktop/conti_ws/install/conti_ars430_ros2/share/conti_ars430_ros2/cmake/conti_ars430_ros2Config.cmake
[6.525s] -- Installing: /home/mac/Desktop/conti_ws/install/conti_ars430_ros2/share/conti_ars430_ros2/cmake/conti_ars430_ros2Config-version.cmake
[6.525s] -- Installing: /home/mac/Desktop/conti_ws/install/conti_ars430_ros2/share/conti_ars430_ros2/package.xml
[6.527s] Invoked command in '/home/mac/Desktop/conti_ws/build/conti_ars430_ros2' returned '0': CMAKE_PREFIX_PATH=/home/mac/Desktop/conti_ws/install/conti_ars430_ros2_msgs:/home/mac/Desktop/conti_ws/install/radar_msgs:/home/mac/Desktop/conti_ws/install/conti_ars430_ros2:/home/mac/Desktop/su25/turtlebot4_ws/install/turtlebot4_simulator:/home/mac/Desktop/su25/turtlebot4_ws/install/turtlebot4_ignition_bringup:/home/mac/Desktop/su25/turtlebot4_ws/install/turtlebot4_ignition_toolbox:/home/mac/Desktop/su25/turtlebot4_ws/install/turtlebot4_ignition_gui_plugins:/home/mac/Desktop/su25/turtlebot4_ws/install/ros_vrpn_client:/home/mac/Desktop/su25/turtlebot4_ws/install/parking_demo:/home/mac/Desktop/su25/turtlebot4_ws/install/object_detection:/home/mac/Desktop/su25/turtlebot4_ws/install/leader_follower_demo:/opt/ros/humble LD_LIBRARY_PATH=/home/mac/Desktop/conti_ws/install/conti_ars430_ros2_msgs/lib:/home/mac/Desktop/conti_ws/install/radar_msgs/lib:/opt/ros/humble/opt/rviz_ogre_vendor/lib:/opt/ros/humble/lib/x86_64-linux-gnu:/opt/ros/humble/lib /home/mac/.local/bin/cmake --install /home/mac/Desktop/conti_ws/build/conti_ars430_ros2
