[0.014s] Invoking command in '/home/mac/Desktop/conti_ws/build/conti_ars430_viz': CMAKE_PREFIX_PATH=/home/mac/Desktop/conti_ws/install/conti_ars430_ros2_msgs:/home/mac/Desktop/su25/turtlebot4_ws/install/ros_vrpn_client:/home/mac/Desktop/su25/turtlebot4_ws/install/parking_demo:/home/mac/Desktop/su25/turtlebot4_ws/install/object_detection:/home/mac/Desktop/conti_ws/install/radar_msgs:/home/mac/Desktop/conti_ws/install/conti_ars430_viz:/home/mac/Desktop/conti_ws/install/conti_ars430_ros2:/home/mac/Desktop/su25/turtlebot4_ws/install/leader_follower_demo:/opt/ros/humble LD_LIBRARY_PATH=/home/mac/Desktop/conti_ws/install/conti_ars430_ros2_msgs/lib:/home/mac/Desktop/conti_ws/install/radar_msgs/lib:/opt/ros/humble/opt/rviz_ogre_vendor/lib:/opt/ros/humble/lib/x86_64-linux-gnu:/opt/ros/humble/lib /home/mac/.local/bin/cmake --build /home/mac/Desktop/conti_ws/build/conti_ars430_viz -- -j8 -l8
[0.110s] [ 50%] [32mBuilding CXX object CMakeFiles/visualizer.dir/src/conti_ars430_visualizer.cpp.o[0m
[6.479s] [100%] [32m[1mLinking CXX executable visualizer[0m
[6.810s] [100%] Built target visualizer
[6.818s] Invoked command in '/home/mac/Desktop/conti_ws/build/conti_ars430_viz' returned '0': CMAKE_PREFIX_PATH=/home/mac/Desktop/conti_ws/install/conti_ars430_ros2_msgs:/home/mac/Desktop/su25/turtlebot4_ws/install/ros_vrpn_client:/home/mac/Desktop/su25/turtlebot4_ws/install/parking_demo:/home/mac/Desktop/su25/turtlebot4_ws/install/object_detection:/home/mac/Desktop/conti_ws/install/radar_msgs:/home/mac/Desktop/conti_ws/install/conti_ars430_viz:/home/mac/Desktop/conti_ws/install/conti_ars430_ros2:/home/mac/Desktop/su25/turtlebot4_ws/install/leader_follower_demo:/opt/ros/humble LD_LIBRARY_PATH=/home/mac/Desktop/conti_ws/install/conti_ars430_ros2_msgs/lib:/home/mac/Desktop/conti_ws/install/radar_msgs/lib:/opt/ros/humble/opt/rviz_ogre_vendor/lib:/opt/ros/humble/lib/x86_64-linux-gnu:/opt/ros/humble/lib /home/mac/.local/bin/cmake --build /home/mac/Desktop/conti_ws/build/conti_ars430_viz -- -j8 -l8
[6.820s] Invoking command in '/home/mac/Desktop/conti_ws/build/conti_ars430_viz': CMAKE_PREFIX_PATH=/home/mac/Desktop/conti_ws/install/conti_ars430_ros2_msgs:/home/mac/Desktop/su25/turtlebot4_ws/install/ros_vrpn_client:/home/mac/Desktop/su25/turtlebot4_ws/install/parking_demo:/home/mac/Desktop/su25/turtlebot4_ws/install/object_detection:/home/mac/Desktop/conti_ws/install/radar_msgs:/home/mac/Desktop/conti_ws/install/conti_ars430_viz:/home/mac/Desktop/conti_ws/install/conti_ars430_ros2:/home/mac/Desktop/su25/turtlebot4_ws/install/leader_follower_demo:/opt/ros/humble LD_LIBRARY_PATH=/home/mac/Desktop/conti_ws/install/conti_ars430_ros2_msgs/lib:/home/mac/Desktop/conti_ws/install/radar_msgs/lib:/opt/ros/humble/opt/rviz_ogre_vendor/lib:/opt/ros/humble/lib/x86_64-linux-gnu:/opt/ros/humble/lib /home/mac/.local/bin/cmake --install /home/mac/Desktop/conti_ws/build/conti_ars430_viz
[6.885s] -- Install configuration: ""
[6.885s] -- Installing: /home/mac/Desktop/conti_ws/install/conti_ars430_viz/lib/conti_ars430_viz/visualizer
[6.889s] -- Set non-toolchain portion of runtime path of "/home/mac/Desktop/conti_ws/install/conti_ars430_viz/lib/conti_ars430_viz/visualizer" to ""
[6.889s] -- Up-to-date: /home/mac/Desktop/conti_ws/install/conti_ars430_viz/include
[6.889s] -- Up-to-date: /home/mac/Desktop/conti_ws/install/conti_ars430_viz/include/conti_ars430_viz
[6.889s] -- Up-to-date: /home/mac/Desktop/conti_ws/install/conti_ars430_viz/include/tinycolormap.hpp
[6.889s] -- Up-to-date: /home/mac/Desktop/conti_ws/install/conti_ars430_viz/share/ament_index/resource_index/package_run_dependencies/conti_ars430_viz
[6.889s] -- Up-to-date: /home/mac/Desktop/conti_ws/install/conti_ars430_viz/share/ament_index/resource_index/parent_prefix_path/conti_ars430_viz
[6.890s] -- Up-to-date: /home/mac/Desktop/conti_ws/install/conti_ars430_viz/share/conti_ars430_viz/environment/ament_prefix_path.sh
[6.890s] -- Up-to-date: /home/mac/Desktop/conti_ws/install/conti_ars430_viz/share/conti_ars430_viz/environment/ament_prefix_path.dsv
[6.891s] -- Up-to-date: /home/mac/Desktop/conti_ws/install/conti_ars430_viz/share/conti_ars430_viz/environment/path.sh
[6.892s] -- Up-to-date: /home/mac/Desktop/conti_ws/install/conti_ars430_viz/share/conti_ars430_viz/environment/path.dsv
[6.892s] -- Up-to-date: /home/mac/Desktop/conti_ws/install/conti_ars430_viz/share/conti_ars430_viz/local_setup.bash
[6.892s] -- Up-to-date: /home/mac/Desktop/conti_ws/install/conti_ars430_viz/share/conti_ars430_viz/local_setup.sh
[6.893s] -- Up-to-date: /home/mac/Desktop/conti_ws/install/conti_ars430_viz/share/conti_ars430_viz/local_setup.zsh
[6.893s] -- Up-to-date: /home/mac/Desktop/conti_ws/install/conti_ars430_viz/share/conti_ars430_viz/local_setup.dsv
[6.893s] -- Installing: /home/mac/Desktop/conti_ws/install/conti_ars430_viz/share/conti_ars430_viz/package.dsv
[6.893s] -- Up-to-date: /home/mac/Desktop/conti_ws/install/conti_ars430_viz/share/ament_index/resource_index/packages/conti_ars430_viz
[6.894s] -- Up-to-date: /home/mac/Desktop/conti_ws/install/conti_ars430_viz/share/conti_ars430_viz/cmake/conti_ars430_vizConfig.cmake
[6.894s] -- Up-to-date: /home/mac/Desktop/conti_ws/install/conti_ars430_viz/share/conti_ars430_viz/cmake/conti_ars430_vizConfig-version.cmake
[6.894s] -- Up-to-date: /home/mac/Desktop/conti_ws/install/conti_ars430_viz/share/conti_ars430_viz/package.xml
[6.895s] Invoked command in '/home/mac/Desktop/conti_ws/build/conti_ars430_viz' returned '0': CMAKE_PREFIX_PATH=/home/mac/Desktop/conti_ws/install/conti_ars430_ros2_msgs:/home/mac/Desktop/su25/turtlebot4_ws/install/ros_vrpn_client:/home/mac/Desktop/su25/turtlebot4_ws/install/parking_demo:/home/mac/Desktop/su25/turtlebot4_ws/install/object_detection:/home/mac/Desktop/conti_ws/install/radar_msgs:/home/mac/Desktop/conti_ws/install/conti_ars430_viz:/home/mac/Desktop/conti_ws/install/conti_ars430_ros2:/home/mac/Desktop/su25/turtlebot4_ws/install/leader_follower_demo:/opt/ros/humble LD_LIBRARY_PATH=/home/mac/Desktop/conti_ws/install/conti_ars430_ros2_msgs/lib:/home/mac/Desktop/conti_ws/install/radar_msgs/lib:/opt/ros/humble/opt/rviz_ogre_vendor/lib:/opt/ros/humble/lib/x86_64-linux-gnu:/opt/ros/humble/lib /home/mac/.local/bin/cmake --install /home/mac/Desktop/conti_ws/build/conti_ars430_viz
