[  2%] Built target conti_ars430_ros2_msgs__cpp
[ 12%] Built target conti_ars430_ros2_msgs__rosidl_generator_c
[ 12%] Built target ament_cmake_python_copy_conti_ars430_ros2_msgs
[ 23%] Built target conti_ars430_ros2_msgs__rosidl_typesupport_fastrtps_cpp
[ 34%] Built target conti_ars430_ros2_msgs__rosidl_typesupport_introspection_cpp
[ 44%] Built target conti_ars430_ros2_msgs__rosidl_typesupport_cpp
[ 55%] Built target conti_ars430_ros2_msgs__rosidl_typesupport_c
[ 65%] Built target conti_ars430_ros2_msgs__rosidl_typesupport_fastrtps_c
[ 76%] Built target conti_ars430_ros2_msgs__rosidl_typesupport_introspection_c
[ 76%] Built target conti_ars430_ros2_msgs
[ 78%] Built target conti_ars430_ros2_msgs__py
[ 87%] Built target conti_ars430_ros2_msgs__rosidl_generator_py
[ 91%] Built target conti_ars430_ros2_msgs__rosidl_typesupport_introspection_c__pyext
[ 95%] Built target conti_ars430_ros2_msgs__rosidl_typesupport_fastrtps_c__pyext
[100%] Built target conti_ars430_ros2_msgs__rosidl_typesupport_c__pyext
running egg_info
writing conti_ars430_ros2_msgs.egg-info/PKG-INFO
writing dependency_links to conti_ars430_ros2_msgs.egg-info/dependency_links.txt
writing top-level names to conti_ars430_ros2_msgs.egg-info/top_level.txt
reading manifest file 'conti_ars430_ros2_msgs.egg-info/SOURCES.txt'
writing manifest file 'conti_ars430_ros2_msgs.egg-info/SOURCES.txt'
[100%] Built target ament_cmake_python_build_conti_ars430_ros2_msgs_egg
-- Install configuration: ""
-- Up-to-date: /home/mac/Desktop/conti_ws/install/conti_ars430_ros2_msgs/share/ament_index/resource_index/rosidl_interfaces/conti_ars430_ros2_msgs
-- Up-to-date: /home/mac/Desktop/conti_ws/install/conti_ars430_ros2_msgs/include/conti_ars430_ros2_msgs/conti_ars430_ros2_msgs
-- Up-to-date: /home/mac/Desktop/conti_ws/install/conti_ars430_ros2_msgs/include/conti_ars430_ros2_msgs/conti_ars430_ros2_msgs/msg
-- Up-to-date: /home/mac/Desktop/conti_ws/install/conti_ars430_ros2_msgs/include/conti_ars430_ros2_msgs/conti_ars430_ros2_msgs/msg/detail
-- Up-to-date: /home/mac/Desktop/conti_ws/install/conti_ars430_ros2_msgs/include/conti_ars430_ros2_msgs/conti_ars430_ros2_msgs/msg/detail/sensor_status__type_support.h
-- Up-to-date: /home/mac/Desktop/conti_ws/install/conti_ars430_ros2_msgs/include/conti_ars430_ros2_msgs/conti_ars430_ros2_msgs/msg/detail/radar_detection__type_support.h
-- Up-to-date: /home/mac/Desktop/conti_ws/install/conti_ars430_ros2_msgs/include/conti_ars430_ros2_msgs/conti_ars430_ros2_msgs/msg/detail/radar_detection_image__type_support.h
-- Up-to-date: /home/mac/Desktop/conti_ws/install/conti_ars430_ros2_msgs/include/conti_ars430_ros2_msgs/conti_ars430_ros2_msgs/msg/detail/radar_detection__struct.h
-- Up-to-date: /home/mac/Desktop/conti_ws/install/conti_ars430_ros2_msgs/include/conti_ars430_ros2_msgs/conti_ars430_ros2_msgs/msg/detail/radar_detection__functions.c
-- Up-to-date: /home/mac/Desktop/conti_ws/install/conti_ars430_ros2_msgs/include/conti_ars430_ros2_msgs/conti_ars430_ros2_msgs/msg/detail/radar_detection_image__functions.c
-- Up-to-date: /home/mac/Desktop/conti_ws/install/conti_ars430_ros2_msgs/include/conti_ars430_ros2_msgs/conti_ars430_ros2_msgs/msg/detail/radar_detection_image__struct.h
-- Up-to-date: /home/mac/Desktop/conti_ws/install/conti_ars430_ros2_msgs/include/conti_ars430_ros2_msgs/conti_ars430_ros2_msgs/msg/detail/radar_detection__functions.h
-- Up-to-date: /home/mac/Desktop/conti_ws/install/conti_ars430_ros2_msgs/include/conti_ars430_ros2_msgs/conti_ars430_ros2_msgs/msg/detail/sensor_status__functions.c
-- Up-to-date: /home/mac/Desktop/conti_ws/install/conti_ars430_ros2_msgs/include/conti_ars430_ros2_msgs/conti_ars430_ros2_msgs/msg/detail/sensor_status__functions.h
-- Up-to-date: /home/mac/Desktop/conti_ws/install/conti_ars430_ros2_msgs/include/conti_ars430_ros2_msgs/conti_ars430_ros2_msgs/msg/detail/radar_detection_image__functions.h
-- Up-to-date: /home/mac/Desktop/conti_ws/install/conti_ars430_ros2_msgs/include/conti_ars430_ros2_msgs/conti_ars430_ros2_msgs/msg/detail/sensor_status__struct.h
-- Up-to-date: /home/mac/Desktop/conti_ws/install/conti_ars430_ros2_msgs/include/conti_ars430_ros2_msgs/conti_ars430_ros2_msgs/msg/sensor_status.h
-- Up-to-date: /home/mac/Desktop/conti_ws/install/conti_ars430_ros2_msgs/include/conti_ars430_ros2_msgs/conti_ars430_ros2_msgs/msg/radar_detection.h
-- Up-to-date: /home/mac/Desktop/conti_ws/install/conti_ars430_ros2_msgs/include/conti_ars430_ros2_msgs/conti_ars430_ros2_msgs/msg/radar_detection_image.h
-- Up-to-date: /home/mac/Desktop/conti_ws/install/conti_ars430_ros2_msgs/include/conti_ars430_ros2_msgs/conti_ars430_ros2_msgs/msg/rosidl_generator_c__visibility_control.h
-- Up-to-date: /home/mac/Desktop/conti_ws/install/conti_ars430_ros2_msgs/share/conti_ars430_ros2_msgs/environment/library_path.sh
-- Up-to-date: /home/mac/Desktop/conti_ws/install/conti_ars430_ros2_msgs/share/conti_ars430_ros2_msgs/environment/library_path.dsv
-- Up-to-date: /home/mac/Desktop/conti_ws/install/conti_ars430_ros2_msgs/lib/libconti_ars430_ros2_msgs__rosidl_generator_c.so
-- Up-to-date: /home/mac/Desktop/conti_ws/install/conti_ars430_ros2_msgs/include/conti_ars430_ros2_msgs/conti_ars430_ros2_msgs
-- Up-to-date: /home/mac/Desktop/conti_ws/install/conti_ars430_ros2_msgs/include/conti_ars430_ros2_msgs/conti_ars430_ros2_msgs/msg
-- Up-to-date: /home/mac/Desktop/conti_ws/install/conti_ars430_ros2_msgs/include/conti_ars430_ros2_msgs/conti_ars430_ros2_msgs/msg/rosidl_typesupport_fastrtps_c__visibility_control.h
-- Up-to-date: /home/mac/Desktop/conti_ws/install/conti_ars430_ros2_msgs/include/conti_ars430_ros2_msgs/conti_ars430_ros2_msgs/msg/detail
-- Up-to-date: /home/mac/Desktop/conti_ws/install/conti_ars430_ros2_msgs/include/conti_ars430_ros2_msgs/conti_ars430_ros2_msgs/msg/detail/radar_detection_image__rosidl_typesupport_fastrtps_c.h
-- Up-to-date: /home/mac/Desktop/conti_ws/install/conti_ars430_ros2_msgs/include/conti_ars430_ros2_msgs/conti_ars430_ros2_msgs/msg/detail/radar_detection__rosidl_typesupport_fastrtps_c.h
-- Up-to-date: /home/mac/Desktop/conti_ws/install/conti_ars430_ros2_msgs/include/conti_ars430_ros2_msgs/conti_ars430_ros2_msgs/msg/detail/sensor_status__rosidl_typesupport_fastrtps_c.h
-- Up-to-date: /home/mac/Desktop/conti_ws/install/conti_ars430_ros2_msgs/lib/libconti_ars430_ros2_msgs__rosidl_typesupport_fastrtps_c.so
-- Up-to-date: /home/mac/Desktop/conti_ws/install/conti_ars430_ros2_msgs/include/conti_ars430_ros2_msgs/conti_ars430_ros2_msgs
-- Up-to-date: /home/mac/Desktop/conti_ws/install/conti_ars430_ros2_msgs/include/conti_ars430_ros2_msgs/conti_ars430_ros2_msgs/msg
-- Up-to-date: /home/mac/Desktop/conti_ws/install/conti_ars430_ros2_msgs/include/conti_ars430_ros2_msgs/conti_ars430_ros2_msgs/msg/detail
-- Up-to-date: /home/mac/Desktop/conti_ws/install/conti_ars430_ros2_msgs/include/conti_ars430_ros2_msgs/conti_ars430_ros2_msgs/msg/detail/radar_detection__type_support.c
-- Up-to-date: /home/mac/Desktop/conti_ws/install/conti_ars430_ros2_msgs/include/conti_ars430_ros2_msgs/conti_ars430_ros2_msgs/msg/detail/sensor_status__rosidl_typesupport_introspection_c.h
-- Up-to-date: /home/mac/Desktop/conti_ws/install/conti_ars430_ros2_msgs/include/conti_ars430_ros2_msgs/conti_ars430_ros2_msgs/msg/detail/radar_detection__rosidl_typesupport_introspection_c.h
-- Up-to-date: /home/mac/Desktop/conti_ws/install/conti_ars430_ros2_msgs/include/conti_ars430_ros2_msgs/conti_ars430_ros2_msgs/msg/detail/sensor_status__type_support.c
-- Up-to-date: /home/mac/Desktop/conti_ws/install/conti_ars430_ros2_msgs/include/conti_ars430_ros2_msgs/conti_ars430_ros2_msgs/msg/detail/radar_detection_image__rosidl_typesupport_introspection_c.h
-- Up-to-date: /home/mac/Desktop/conti_ws/install/conti_ars430_ros2_msgs/include/conti_ars430_ros2_msgs/conti_ars430_ros2_msgs/msg/detail/radar_detection_image__type_support.c
-- Up-to-date: /home/mac/Desktop/conti_ws/install/conti_ars430_ros2_msgs/include/conti_ars430_ros2_msgs/conti_ars430_ros2_msgs/msg/rosidl_typesupport_introspection_c__visibility_control.h
-- Up-to-date: /home/mac/Desktop/conti_ws/install/conti_ars430_ros2_msgs/lib/libconti_ars430_ros2_msgs__rosidl_typesupport_introspection_c.so
-- Up-to-date: /home/mac/Desktop/conti_ws/install/conti_ars430_ros2_msgs/lib/libconti_ars430_ros2_msgs__rosidl_typesupport_c.so
-- Up-to-date: /home/mac/Desktop/conti_ws/install/conti_ars430_ros2_msgs/include/conti_ars430_ros2_msgs/conti_ars430_ros2_msgs
-- Up-to-date: /home/mac/Desktop/conti_ws/install/conti_ars430_ros2_msgs/include/conti_ars430_ros2_msgs/conti_ars430_ros2_msgs/msg
-- Up-to-date: /home/mac/Desktop/conti_ws/install/conti_ars430_ros2_msgs/include/conti_ars430_ros2_msgs/conti_ars430_ros2_msgs/msg/radar_detection_image.hpp
-- Up-to-date: /home/mac/Desktop/conti_ws/install/conti_ars430_ros2_msgs/include/conti_ars430_ros2_msgs/conti_ars430_ros2_msgs/msg/detail
-- Up-to-date: /home/mac/Desktop/conti_ws/install/conti_ars430_ros2_msgs/include/conti_ars430_ros2_msgs/conti_ars430_ros2_msgs/msg/detail/sensor_status__struct.hpp
-- Up-to-date: /home/mac/Desktop/conti_ws/install/conti_ars430_ros2_msgs/include/conti_ars430_ros2_msgs/conti_ars430_ros2_msgs/msg/detail/radar_detection_image__struct.hpp
-- Up-to-date: /home/mac/Desktop/conti_ws/install/conti_ars430_ros2_msgs/include/conti_ars430_ros2_msgs/conti_ars430_ros2_msgs/msg/detail/radar_detection_image__type_support.hpp
-- Up-to-date: /home/mac/Desktop/conti_ws/install/conti_ars430_ros2_msgs/include/conti_ars430_ros2_msgs/conti_ars430_ros2_msgs/msg/detail/sensor_status__type_support.hpp
-- Up-to-date: /home/mac/Desktop/conti_ws/install/conti_ars430_ros2_msgs/include/conti_ars430_ros2_msgs/conti_ars430_ros2_msgs/msg/detail/radar_detection_image__traits.hpp
-- Up-to-date: /home/mac/Desktop/conti_ws/install/conti_ars430_ros2_msgs/include/conti_ars430_ros2_msgs/conti_ars430_ros2_msgs/msg/detail/sensor_status__traits.hpp
-- Up-to-date: /home/mac/Desktop/conti_ws/install/conti_ars430_ros2_msgs/include/conti_ars430_ros2_msgs/conti_ars430_ros2_msgs/msg/detail/radar_detection__builder.hpp
-- Up-to-date: /home/mac/Desktop/conti_ws/install/conti_ars430_ros2_msgs/include/conti_ars430_ros2_msgs/conti_ars430_ros2_msgs/msg/detail/radar_detection__struct.hpp
-- Up-to-date: /home/mac/Desktop/conti_ws/install/conti_ars430_ros2_msgs/include/conti_ars430_ros2_msgs/conti_ars430_ros2_msgs/msg/detail/radar_detection__type_support.hpp
-- Up-to-date: /home/mac/Desktop/conti_ws/install/conti_ars430_ros2_msgs/include/conti_ars430_ros2_msgs/conti_ars430_ros2_msgs/msg/detail/sensor_status__builder.hpp
-- Up-to-date: /home/mac/Desktop/conti_ws/install/conti_ars430_ros2_msgs/include/conti_ars430_ros2_msgs/conti_ars430_ros2_msgs/msg/detail/radar_detection__traits.hpp
-- Up-to-date: /home/mac/Desktop/conti_ws/install/conti_ars430_ros2_msgs/include/conti_ars430_ros2_msgs/conti_ars430_ros2_msgs/msg/detail/radar_detection_image__builder.hpp
-- Up-to-date: /home/mac/Desktop/conti_ws/install/conti_ars430_ros2_msgs/include/conti_ars430_ros2_msgs/conti_ars430_ros2_msgs/msg/sensor_status.hpp
-- Up-to-date: /home/mac/Desktop/conti_ws/install/conti_ars430_ros2_msgs/include/conti_ars430_ros2_msgs/conti_ars430_ros2_msgs/msg/radar_detection.hpp
-- Up-to-date: /home/mac/Desktop/conti_ws/install/conti_ars430_ros2_msgs/include/conti_ars430_ros2_msgs/conti_ars430_ros2_msgs/msg/rosidl_generator_cpp__visibility_control.hpp
-- Up-to-date: /home/mac/Desktop/conti_ws/install/conti_ars430_ros2_msgs/include/conti_ars430_ros2_msgs/conti_ars430_ros2_msgs
-- Up-to-date: /home/mac/Desktop/conti_ws/install/conti_ars430_ros2_msgs/include/conti_ars430_ros2_msgs/conti_ars430_ros2_msgs/msg
-- Up-to-date: /home/mac/Desktop/conti_ws/install/conti_ars430_ros2_msgs/include/conti_ars430_ros2_msgs/conti_ars430_ros2_msgs/msg/detail
-- Up-to-date: /home/mac/Desktop/conti_ws/install/conti_ars430_ros2_msgs/include/conti_ars430_ros2_msgs/conti_ars430_ros2_msgs/msg/detail/radar_detection__rosidl_typesupport_fastrtps_cpp.hpp
-- Up-to-date: /home/mac/Desktop/conti_ws/install/conti_ars430_ros2_msgs/include/conti_ars430_ros2_msgs/conti_ars430_ros2_msgs/msg/detail/dds_fastrtps
-- Up-to-date: /home/mac/Desktop/conti_ws/install/conti_ars430_ros2_msgs/include/conti_ars430_ros2_msgs/conti_ars430_ros2_msgs/msg/detail/sensor_status__rosidl_typesupport_fastrtps_cpp.hpp
-- Up-to-date: /home/mac/Desktop/conti_ws/install/conti_ars430_ros2_msgs/include/conti_ars430_ros2_msgs/conti_ars430_ros2_msgs/msg/detail/radar_detection_image__rosidl_typesupport_fastrtps_cpp.hpp
-- Up-to-date: /home/mac/Desktop/conti_ws/install/conti_ars430_ros2_msgs/include/conti_ars430_ros2_msgs/conti_ars430_ros2_msgs/msg/rosidl_typesupport_fastrtps_cpp__visibility_control.h
-- Up-to-date: /home/mac/Desktop/conti_ws/install/conti_ars430_ros2_msgs/lib/libconti_ars430_ros2_msgs__rosidl_typesupport_fastrtps_cpp.so
-- Up-to-date: /home/mac/Desktop/conti_ws/install/conti_ars430_ros2_msgs/include/conti_ars430_ros2_msgs/conti_ars430_ros2_msgs
-- Up-to-date: /home/mac/Desktop/conti_ws/install/conti_ars430_ros2_msgs/include/conti_ars430_ros2_msgs/conti_ars430_ros2_msgs/msg
-- Up-to-date: /home/mac/Desktop/conti_ws/install/conti_ars430_ros2_msgs/include/conti_ars430_ros2_msgs/conti_ars430_ros2_msgs/msg/detail
-- Up-to-date: /home/mac/Desktop/conti_ws/install/conti_ars430_ros2_msgs/include/conti_ars430_ros2_msgs/conti_ars430_ros2_msgs/msg/detail/sensor_status__type_support.cpp
-- Up-to-date: /home/mac/Desktop/conti_ws/install/conti_ars430_ros2_msgs/include/conti_ars430_ros2_msgs/conti_ars430_ros2_msgs/msg/detail/radar_detection_image__rosidl_typesupport_introspection_cpp.hpp
-- Up-to-date: /home/mac/Desktop/conti_ws/install/conti_ars430_ros2_msgs/include/conti_ars430_ros2_msgs/conti_ars430_ros2_msgs/msg/detail/radar_detection__rosidl_typesupport_introspection_cpp.hpp
-- Up-to-date: /home/mac/Desktop/conti_ws/install/conti_ars430_ros2_msgs/include/conti_ars430_ros2_msgs/conti_ars430_ros2_msgs/msg/detail/radar_detection_image__type_support.cpp
-- Up-to-date: /home/mac/Desktop/conti_ws/install/conti_ars430_ros2_msgs/include/conti_ars430_ros2_msgs/conti_ars430_ros2_msgs/msg/detail/radar_detection__type_support.cpp
-- Up-to-date: /home/mac/Desktop/conti_ws/install/conti_ars430_ros2_msgs/include/conti_ars430_ros2_msgs/conti_ars430_ros2_msgs/msg/detail/sensor_status__rosidl_typesupport_introspection_cpp.hpp
-- Up-to-date: /home/mac/Desktop/conti_ws/install/conti_ars430_ros2_msgs/lib/libconti_ars430_ros2_msgs__rosidl_typesupport_introspection_cpp.so
-- Up-to-date: /home/mac/Desktop/conti_ws/install/conti_ars430_ros2_msgs/lib/libconti_ars430_ros2_msgs__rosidl_typesupport_cpp.so
-- Up-to-date: /home/mac/Desktop/conti_ws/install/conti_ars430_ros2_msgs/share/conti_ars430_ros2_msgs/environment/pythonpath.sh
-- Up-to-date: /home/mac/Desktop/conti_ws/install/conti_ars430_ros2_msgs/share/conti_ars430_ros2_msgs/environment/pythonpath.dsv
-- Up-to-date: /home/mac/Desktop/conti_ws/install/conti_ars430_ros2_msgs/local/lib/python3.10/dist-packages/conti_ars430_ros2_msgs-0.0.0-py3.10.egg-info
-- Installing: /home/mac/Desktop/conti_ws/install/conti_ars430_ros2_msgs/local/lib/python3.10/dist-packages/conti_ars430_ros2_msgs-0.0.0-py3.10.egg-info/dependency_links.txt
-- Installing: /home/mac/Desktop/conti_ws/install/conti_ars430_ros2_msgs/local/lib/python3.10/dist-packages/conti_ars430_ros2_msgs-0.0.0-py3.10.egg-info/PKG-INFO
-- Installing: /home/mac/Desktop/conti_ws/install/conti_ars430_ros2_msgs/local/lib/python3.10/dist-packages/conti_ars430_ros2_msgs-0.0.0-py3.10.egg-info/SOURCES.txt
-- Installing: /home/mac/Desktop/conti_ws/install/conti_ars430_ros2_msgs/local/lib/python3.10/dist-packages/conti_ars430_ros2_msgs-0.0.0-py3.10.egg-info/top_level.txt
-- Up-to-date: /home/mac/Desktop/conti_ws/install/conti_ars430_ros2_msgs/local/lib/python3.10/dist-packages/conti_ars430_ros2_msgs
-- Up-to-date: /home/mac/Desktop/conti_ws/install/conti_ars430_ros2_msgs/local/lib/python3.10/dist-packages/conti_ars430_ros2_msgs/_conti_ars430_ros2_msgs_s.ep.rosidl_typesupport_fastrtps_c.c
-- Up-to-date: /home/mac/Desktop/conti_ws/install/conti_ars430_ros2_msgs/local/lib/python3.10/dist-packages/conti_ars430_ros2_msgs/_conti_ars430_ros2_msgs_s.ep.rosidl_typesupport_c.c
-- Up-to-date: /home/mac/Desktop/conti_ws/install/conti_ars430_ros2_msgs/local/lib/python3.10/dist-packages/conti_ars430_ros2_msgs/conti_ars430_ros2_msgs_s__rosidl_typesupport_c.cpython-310-x86_64-linux-gnu.so
-- Up-to-date: /home/mac/Desktop/conti_ws/install/conti_ars430_ros2_msgs/local/lib/python3.10/dist-packages/conti_ars430_ros2_msgs/_conti_ars430_ros2_msgs_s.ep.rosidl_typesupport_introspection_c.c
-- Up-to-date: /home/mac/Desktop/conti_ws/install/conti_ars430_ros2_msgs/local/lib/python3.10/dist-packages/conti_ars430_ros2_msgs/conti_ars430_ros2_msgs_s__rosidl_typesupport_introspection_c.cpython-310-x86_64-linux-gnu.so
-- Up-to-date: /home/mac/Desktop/conti_ws/install/conti_ars430_ros2_msgs/local/lib/python3.10/dist-packages/conti_ars430_ros2_msgs/conti_ars430_ros2_msgs_s__rosidl_typesupport_fastrtps_c.cpython-310-x86_64-linux-gnu.so
-- Up-to-date: /home/mac/Desktop/conti_ws/install/conti_ars430_ros2_msgs/local/lib/python3.10/dist-packages/conti_ars430_ros2_msgs/libconti_ars430_ros2_msgs__rosidl_generator_py.so
-- Up-to-date: /home/mac/Desktop/conti_ws/install/conti_ars430_ros2_msgs/local/lib/python3.10/dist-packages/conti_ars430_ros2_msgs/__init__.py
-- Up-to-date: /home/mac/Desktop/conti_ws/install/conti_ars430_ros2_msgs/local/lib/python3.10/dist-packages/conti_ars430_ros2_msgs/msg
-- Up-to-date: /home/mac/Desktop/conti_ws/install/conti_ars430_ros2_msgs/local/lib/python3.10/dist-packages/conti_ars430_ros2_msgs/msg/_radar_detection_s.c
-- Up-to-date: /home/mac/Desktop/conti_ws/install/conti_ars430_ros2_msgs/local/lib/python3.10/dist-packages/conti_ars430_ros2_msgs/msg/_sensor_status_s.c
-- Up-to-date: /home/mac/Desktop/conti_ws/install/conti_ars430_ros2_msgs/local/lib/python3.10/dist-packages/conti_ars430_ros2_msgs/msg/_radar_detection_image_s.c
-- Up-to-date: /home/mac/Desktop/conti_ws/install/conti_ars430_ros2_msgs/local/lib/python3.10/dist-packages/conti_ars430_ros2_msgs/msg/_radar_detection_image.py
-- Up-to-date: /home/mac/Desktop/conti_ws/install/conti_ars430_ros2_msgs/local/lib/python3.10/dist-packages/conti_ars430_ros2_msgs/msg/_sensor_status.py
-- Up-to-date: /home/mac/Desktop/conti_ws/install/conti_ars430_ros2_msgs/local/lib/python3.10/dist-packages/conti_ars430_ros2_msgs/msg/_radar_detection.py
-- Up-to-date: /home/mac/Desktop/conti_ws/install/conti_ars430_ros2_msgs/local/lib/python3.10/dist-packages/conti_ars430_ros2_msgs/msg/__init__.py
Listing '/home/mac/Desktop/conti_ws/install/conti_ars430_ros2_msgs/local/lib/python3.10/dist-packages/conti_ars430_ros2_msgs'...
Listing '/home/mac/Desktop/conti_ws/install/conti_ars430_ros2_msgs/local/lib/python3.10/dist-packages/conti_ars430_ros2_msgs/msg'...
-- Up-to-date: /home/mac/Desktop/conti_ws/install/conti_ars430_ros2_msgs/local/lib/python3.10/dist-packages/conti_ars430_ros2_msgs/conti_ars430_ros2_msgs_s__rosidl_typesupport_fastrtps_c.cpython-310-x86_64-linux-gnu.so
-- Up-to-date: /home/mac/Desktop/conti_ws/install/conti_ars430_ros2_msgs/local/lib/python3.10/dist-packages/conti_ars430_ros2_msgs/conti_ars430_ros2_msgs_s__rosidl_typesupport_introspection_c.cpython-310-x86_64-linux-gnu.so
-- Up-to-date: /home/mac/Desktop/conti_ws/install/conti_ars430_ros2_msgs/local/lib/python3.10/dist-packages/conti_ars430_ros2_msgs/conti_ars430_ros2_msgs_s__rosidl_typesupport_c.cpython-310-x86_64-linux-gnu.so
-- Up-to-date: /home/mac/Desktop/conti_ws/install/conti_ars430_ros2_msgs/lib/libconti_ars430_ros2_msgs__rosidl_generator_py.so
-- Up-to-date: /home/mac/Desktop/conti_ws/install/conti_ars430_ros2_msgs/share/conti_ars430_ros2_msgs/msg/SensorStatus.idl
-- Up-to-date: /home/mac/Desktop/conti_ws/install/conti_ars430_ros2_msgs/share/conti_ars430_ros2_msgs/msg/RadarDetection.idl
-- Up-to-date: /home/mac/Desktop/conti_ws/install/conti_ars430_ros2_msgs/share/conti_ars430_ros2_msgs/msg/RadarDetectionImage.idl
-- Up-to-date: /home/mac/Desktop/conti_ws/install/conti_ars430_ros2_msgs/share/conti_ars430_ros2_msgs/msg/SensorStatus.msg
-- Up-to-date: /home/mac/Desktop/conti_ws/install/conti_ars430_ros2_msgs/share/conti_ars430_ros2_msgs/msg/RadarDetection.msg
-- Up-to-date: /home/mac/Desktop/conti_ws/install/conti_ars430_ros2_msgs/share/conti_ars430_ros2_msgs/msg/RadarDetectionImage.msg
-- Up-to-date: /home/mac/Desktop/conti_ws/install/conti_ars430_ros2_msgs/share/ament_index/resource_index/package_run_dependencies/conti_ars430_ros2_msgs
-- Up-to-date: /home/mac/Desktop/conti_ws/install/conti_ars430_ros2_msgs/share/ament_index/resource_index/parent_prefix_path/conti_ars430_ros2_msgs
-- Up-to-date: /home/mac/Desktop/conti_ws/install/conti_ars430_ros2_msgs/share/conti_ars430_ros2_msgs/environment/ament_prefix_path.sh
-- Up-to-date: /home/mac/Desktop/conti_ws/install/conti_ars430_ros2_msgs/share/conti_ars430_ros2_msgs/environment/ament_prefix_path.dsv
-- Up-to-date: /home/mac/Desktop/conti_ws/install/conti_ars430_ros2_msgs/share/conti_ars430_ros2_msgs/environment/path.sh
-- Up-to-date: /home/mac/Desktop/conti_ws/install/conti_ars430_ros2_msgs/share/conti_ars430_ros2_msgs/environment/path.dsv
-- Up-to-date: /home/mac/Desktop/conti_ws/install/conti_ars430_ros2_msgs/share/conti_ars430_ros2_msgs/local_setup.bash
-- Up-to-date: /home/mac/Desktop/conti_ws/install/conti_ars430_ros2_msgs/share/conti_ars430_ros2_msgs/local_setup.sh
-- Up-to-date: /home/mac/Desktop/conti_ws/install/conti_ars430_ros2_msgs/share/conti_ars430_ros2_msgs/local_setup.zsh
-- Up-to-date: /home/mac/Desktop/conti_ws/install/conti_ars430_ros2_msgs/share/conti_ars430_ros2_msgs/local_setup.dsv
-- Installing: /home/mac/Desktop/conti_ws/install/conti_ars430_ros2_msgs/share/conti_ars430_ros2_msgs/package.dsv
-- Up-to-date: /home/mac/Desktop/conti_ws/install/conti_ars430_ros2_msgs/share/ament_index/resource_index/packages/conti_ars430_ros2_msgs
-- Up-to-date: /home/mac/Desktop/conti_ws/install/conti_ars430_ros2_msgs/share/conti_ars430_ros2_msgs/cmake/export_conti_ars430_ros2_msgs__rosidl_generator_cExport.cmake
-- Up-to-date: /home/mac/Desktop/conti_ws/install/conti_ars430_ros2_msgs/share/conti_ars430_ros2_msgs/cmake/export_conti_ars430_ros2_msgs__rosidl_generator_cExport-noconfig.cmake
-- Up-to-date: /home/mac/Desktop/conti_ws/install/conti_ars430_ros2_msgs/share/conti_ars430_ros2_msgs/cmake/export_conti_ars430_ros2_msgs__rosidl_typesupport_fastrtps_cExport.cmake
-- Up-to-date: /home/mac/Desktop/conti_ws/install/conti_ars430_ros2_msgs/share/conti_ars430_ros2_msgs/cmake/export_conti_ars430_ros2_msgs__rosidl_typesupport_fastrtps_cExport-noconfig.cmake
-- Up-to-date: /home/mac/Desktop/conti_ws/install/conti_ars430_ros2_msgs/share/conti_ars430_ros2_msgs/cmake/conti_ars430_ros2_msgs__rosidl_typesupport_introspection_cExport.cmake
-- Up-to-date: /home/mac/Desktop/conti_ws/install/conti_ars430_ros2_msgs/share/conti_ars430_ros2_msgs/cmake/conti_ars430_ros2_msgs__rosidl_typesupport_introspection_cExport-noconfig.cmake
-- Up-to-date: /home/mac/Desktop/conti_ws/install/conti_ars430_ros2_msgs/share/conti_ars430_ros2_msgs/cmake/conti_ars430_ros2_msgs__rosidl_typesupport_cExport.cmake
-- Up-to-date: /home/mac/Desktop/conti_ws/install/conti_ars430_ros2_msgs/share/conti_ars430_ros2_msgs/cmake/conti_ars430_ros2_msgs__rosidl_typesupport_cExport-noconfig.cmake
-- Up-to-date: /home/mac/Desktop/conti_ws/install/conti_ars430_ros2_msgs/share/conti_ars430_ros2_msgs/cmake/export_conti_ars430_ros2_msgs__rosidl_generator_cppExport.cmake
-- Up-to-date: /home/mac/Desktop/conti_ws/install/conti_ars430_ros2_msgs/share/conti_ars430_ros2_msgs/cmake/export_conti_ars430_ros2_msgs__rosidl_typesupport_fastrtps_cppExport.cmake
-- Up-to-date: /home/mac/Desktop/conti_ws/install/conti_ars430_ros2_msgs/share/conti_ars430_ros2_msgs/cmake/export_conti_ars430_ros2_msgs__rosidl_typesupport_fastrtps_cppExport-noconfig.cmake
-- Up-to-date: /home/mac/Desktop/conti_ws/install/conti_ars430_ros2_msgs/share/conti_ars430_ros2_msgs/cmake/conti_ars430_ros2_msgs__rosidl_typesupport_introspection_cppExport.cmake
-- Up-to-date: /home/mac/Desktop/conti_ws/install/conti_ars430_ros2_msgs/share/conti_ars430_ros2_msgs/cmake/conti_ars430_ros2_msgs__rosidl_typesupport_introspection_cppExport-noconfig.cmake
-- Up-to-date: /home/mac/Desktop/conti_ws/install/conti_ars430_ros2_msgs/share/conti_ars430_ros2_msgs/cmake/conti_ars430_ros2_msgs__rosidl_typesupport_cppExport.cmake
-- Up-to-date: /home/mac/Desktop/conti_ws/install/conti_ars430_ros2_msgs/share/conti_ars430_ros2_msgs/cmake/conti_ars430_ros2_msgs__rosidl_typesupport_cppExport-noconfig.cmake
-- Up-to-date: /home/mac/Desktop/conti_ws/install/conti_ars430_ros2_msgs/share/conti_ars430_ros2_msgs/cmake/export_conti_ars430_ros2_msgs__rosidl_generator_pyExport.cmake
-- Up-to-date: /home/mac/Desktop/conti_ws/install/conti_ars430_ros2_msgs/share/conti_ars430_ros2_msgs/cmake/export_conti_ars430_ros2_msgs__rosidl_generator_pyExport-noconfig.cmake
-- Up-to-date: /home/mac/Desktop/conti_ws/install/conti_ars430_ros2_msgs/share/conti_ars430_ros2_msgs/cmake/rosidl_cmake-extras.cmake
-- Up-to-date: /home/mac/Desktop/conti_ws/install/conti_ars430_ros2_msgs/share/conti_ars430_ros2_msgs/cmake/ament_cmake_export_dependencies-extras.cmake
-- Up-to-date: /home/mac/Desktop/conti_ws/install/conti_ars430_ros2_msgs/share/conti_ars430_ros2_msgs/cmake/ament_cmake_export_include_directories-extras.cmake
-- Up-to-date: /home/mac/Desktop/conti_ws/install/conti_ars430_ros2_msgs/share/conti_ars430_ros2_msgs/cmake/ament_cmake_export_libraries-extras.cmake
-- Up-to-date: /home/mac/Desktop/conti_ws/install/conti_ars430_ros2_msgs/share/conti_ars430_ros2_msgs/cmake/ament_cmake_export_targets-extras.cmake
-- Up-to-date: /home/mac/Desktop/conti_ws/install/conti_ars430_ros2_msgs/share/conti_ars430_ros2_msgs/cmake/rosidl_cmake_export_typesupport_targets-extras.cmake
-- Up-to-date: /home/mac/Desktop/conti_ws/install/conti_ars430_ros2_msgs/share/conti_ars430_ros2_msgs/cmake/rosidl_cmake_export_typesupport_libraries-extras.cmake
-- Up-to-date: /home/mac/Desktop/conti_ws/install/conti_ars430_ros2_msgs/share/conti_ars430_ros2_msgs/cmake/conti_ars430_ros2_msgsConfig.cmake
-- Up-to-date: /home/mac/Desktop/conti_ws/install/conti_ars430_ros2_msgs/share/conti_ars430_ros2_msgs/cmake/conti_ars430_ros2_msgsConfig-version.cmake
-- Up-to-date: /home/mac/Desktop/conti_ws/install/conti_ars430_ros2_msgs/share/conti_ars430_ros2_msgs/package.xml
