[0.026s] Invoking command in '/home/mac/Desktop/conti_ws/build/conti_ars430_viz': AMENT_PREFIX_PATH=/home/mac/Desktop/conti_ws/install/conti_ars430_ros2_msgs:${AMENT_PREFIX_PATH} CMAKE_PREFIX_PATH=/home/mac/Desktop/conti_ws/install/conti_ars430_ros2_msgs:/home/mac/Desktop/su25/turtlebot4_ws/install/ros_vrpn_client:/home/mac/Desktop/su25/turtlebot4_ws/install/parking_demo:/home/mac/Desktop/su25/turtlebot4_ws/install/object_detection:/home/mac/Desktop/su25/turtlebot4_ws/install/leader_follower_demo:/opt/ros/humble LD_LIBRARY_PATH=/home/mac/Desktop/conti_ws/install/conti_ars430_ros2_msgs/lib:${LD_LIBRARY_PATH} PYTHONPATH=/home/mac/Desktop/conti_ws/install/conti_ars430_ros2_msgs/local/lib/python3.10/dist-packages:${PYTHONPATH} /home/mac/.local/bin/cmake --build /home/mac/Desktop/conti_ws/build/conti_ars430_viz -- -j8 -l8
[0.113s] [100%] Built target visualizer
[0.118s] Invoked command in '/home/mac/Desktop/conti_ws/build/conti_ars430_viz' returned '0': AMENT_PREFIX_PATH=/home/mac/Desktop/conti_ws/install/conti_ars430_ros2_msgs:${AMENT_PREFIX_PATH} CMAKE_PREFIX_PATH=/home/mac/Desktop/conti_ws/install/conti_ars430_ros2_msgs:/home/mac/Desktop/su25/turtlebot4_ws/install/ros_vrpn_client:/home/mac/Desktop/su25/turtlebot4_ws/install/parking_demo:/home/mac/Desktop/su25/turtlebot4_ws/install/object_detection:/home/mac/Desktop/su25/turtlebot4_ws/install/leader_follower_demo:/opt/ros/humble LD_LIBRARY_PATH=/home/mac/Desktop/conti_ws/install/conti_ars430_ros2_msgs/lib:${LD_LIBRARY_PATH} PYTHONPATH=/home/mac/Desktop/conti_ws/install/conti_ars430_ros2_msgs/local/lib/python3.10/dist-packages:${PYTHONPATH} /home/mac/.local/bin/cmake --build /home/mac/Desktop/conti_ws/build/conti_ars430_viz -- -j8 -l8
[0.119s] Invoking command in '/home/mac/Desktop/conti_ws/build/conti_ars430_viz': AMENT_PREFIX_PATH=/home/mac/Desktop/conti_ws/install/conti_ars430_ros2_msgs:${AMENT_PREFIX_PATH} CMAKE_PREFIX_PATH=/home/mac/Desktop/conti_ws/install/conti_ars430_ros2_msgs:/home/mac/Desktop/su25/turtlebot4_ws/install/ros_vrpn_client:/home/mac/Desktop/su25/turtlebot4_ws/install/parking_demo:/home/mac/Desktop/su25/turtlebot4_ws/install/object_detection:/home/mac/Desktop/su25/turtlebot4_ws/install/leader_follower_demo:/opt/ros/humble LD_LIBRARY_PATH=/home/mac/Desktop/conti_ws/install/conti_ars430_ros2_msgs/lib:${LD_LIBRARY_PATH} PYTHONPATH=/home/mac/Desktop/conti_ws/install/conti_ars430_ros2_msgs/local/lib/python3.10/dist-packages:${PYTHONPATH} /home/mac/.local/bin/cmake --install /home/mac/Desktop/conti_ws/build/conti_ars430_viz
[0.180s] -- Install configuration: ""
[0.180s] -- Up-to-date: /home/mac/Desktop/conti_ws/install/conti_ars430_viz/lib/conti_ars430_viz/visualizer
[0.180s] -- Up-to-date: /home/mac/Desktop/conti_ws/install/conti_ars430_viz/include
[0.180s] -- Up-to-date: /home/mac/Desktop/conti_ws/install/conti_ars430_viz/include/conti_ars430_viz
[0.180s] -- Up-to-date: /home/mac/Desktop/conti_ws/install/conti_ars430_viz/include/tinycolormap.hpp
[0.180s] -- Up-to-date: /home/mac/Desktop/conti_ws/install/conti_ars430_viz/share/ament_index/resource_index/package_run_dependencies/conti_ars430_viz
[0.181s] -- Up-to-date: /home/mac/Desktop/conti_ws/install/conti_ars430_viz/share/ament_index/resource_index/parent_prefix_path/conti_ars430_viz
[0.181s] -- Up-to-date: /home/mac/Desktop/conti_ws/install/conti_ars430_viz/share/conti_ars430_viz/environment/ament_prefix_path.sh
[0.181s] -- Up-to-date: /home/mac/Desktop/conti_ws/install/conti_ars430_viz/share/conti_ars430_viz/environment/ament_prefix_path.dsv
[0.181s] -- Up-to-date: /home/mac/Desktop/conti_ws/install/conti_ars430_viz/share/conti_ars430_viz/environment/path.sh
[0.181s] -- Up-to-date: /home/mac/Desktop/conti_ws/install/conti_ars430_viz/share/conti_ars430_viz/environment/path.dsv
[0.181s] -- Up-to-date: /home/mac/Desktop/conti_ws/install/conti_ars430_viz/share/conti_ars430_viz/local_setup.bash
[0.181s] -- Up-to-date: /home/mac/Desktop/conti_ws/install/conti_ars430_viz/share/conti_ars430_viz/local_setup.sh
[0.182s] -- Up-to-date: /home/mac/Desktop/conti_ws/install/conti_ars430_viz/share/conti_ars430_viz/local_setup.zsh
[0.182s] -- Up-to-date: /home/mac/Desktop/conti_ws/install/conti_ars430_viz/share/conti_ars430_viz/local_setup.dsv
[0.182s] -- Installing: /home/mac/Desktop/conti_ws/install/conti_ars430_viz/share/conti_ars430_viz/package.dsv
[0.182s] -- Up-to-date: /home/mac/Desktop/conti_ws/install/conti_ars430_viz/share/ament_index/resource_index/packages/conti_ars430_viz
[0.182s] -- Up-to-date: /home/mac/Desktop/conti_ws/install/conti_ars430_viz/share/conti_ars430_viz/cmake/conti_ars430_vizConfig.cmake
[0.182s] -- Up-to-date: /home/mac/Desktop/conti_ws/install/conti_ars430_viz/share/conti_ars430_viz/cmake/conti_ars430_vizConfig-version.cmake
[0.182s] -- Up-to-date: /home/mac/Desktop/conti_ws/install/conti_ars430_viz/share/conti_ars430_viz/package.xml
[0.183s] Invoked command in '/home/mac/Desktop/conti_ws/build/conti_ars430_viz' returned '0': AMENT_PREFIX_PATH=/home/mac/Desktop/conti_ws/install/conti_ars430_ros2_msgs:${AMENT_PREFIX_PATH} CMAKE_PREFIX_PATH=/home/mac/Desktop/conti_ws/install/conti_ars430_ros2_msgs:/home/mac/Desktop/su25/turtlebot4_ws/install/ros_vrpn_client:/home/mac/Desktop/su25/turtlebot4_ws/install/parking_demo:/home/mac/Desktop/su25/turtlebot4_ws/install/object_detection:/home/mac/Desktop/su25/turtlebot4_ws/install/leader_follower_demo:/opt/ros/humble LD_LIBRARY_PATH=/home/mac/Desktop/conti_ws/install/conti_ars430_ros2_msgs/lib:${LD_LIBRARY_PATH} PYTHONPATH=/home/mac/Desktop/conti_ws/install/conti_ars430_ros2_msgs/local/lib/python3.10/dist-packages:${PYTHONPATH} /home/mac/.local/bin/cmake --install /home/mac/Desktop/conti_ws/build/conti_ars430_viz
