[0.010s] Invoking command in '/home/mac/Desktop/conti_ws/build/radar_msgs': CMAKE_PREFIX_PATH=/opt/ros/humble /home/mac/.local/bin/cmake --build /home/mac/Desktop/conti_ws/build/radar_msgs -- -j8 -l8
[0.101s] [  1%] Built target radar_msgs__cpp
[0.107s] [  1%] Built target ament_cmake_python_copy_radar_msgs
[0.110s] [ 12%] Built target radar_msgs__rosidl_generator_c
[0.123s] [ 23%] Built target radar_msgs__rosidl_typesupport_cpp
[0.123s] [ 34%] Built target radar_msgs__rosidl_typesupport_fastrtps_cpp
[0.128s] [ 45%] Built target radar_msgs__rosidl_typesupport_introspection_cpp
[0.131s] [ 56%] Built target radar_msgs__rosidl_typesupport_introspection_c
[0.132s] [ 67%] Built target radar_msgs__rosidl_typesupport_fastrtps_c
[0.133s] [ 78%] Built target radar_msgs__rosidl_typesupport_c
[0.140s] [ 78%] Built target radar_msgs
[0.148s] [ 80%] Built target radar_msgs__py
[0.157s] [ 89%] Built target radar_msgs__rosidl_generator_py
[0.167s] [ 94%] Built target radar_msgs__rosidl_typesupport_fastrtps_c__pyext
[0.167s] [ 96%] Built target radar_msgs__rosidl_typesupport_introspection_c__pyext
[0.168s] [100%] Built target radar_msgs__rosidl_typesupport_c__pyext
[0.325s] running egg_info
[0.325s] writing radar_msgs.egg-info/PKG-INFO
[0.325s] writing dependency_links to radar_msgs.egg-info/dependency_links.txt
[0.325s] writing top-level names to radar_msgs.egg-info/top_level.txt
[0.329s] reading manifest file 'radar_msgs.egg-info/SOURCES.txt'
[0.331s] writing manifest file 'radar_msgs.egg-info/SOURCES.txt'
[0.360s] [100%] Built target ament_cmake_python_build_radar_msgs_egg
[0.429s] Invoked command in '/home/mac/Desktop/conti_ws/build/radar_msgs' returned '0': CMAKE_PREFIX_PATH=/opt/ros/humble /home/mac/.local/bin/cmake --build /home/mac/Desktop/conti_ws/build/radar_msgs -- -j8 -l8
[0.431s] Invoking command in '/home/mac/Desktop/conti_ws/build/radar_msgs': CMAKE_PREFIX_PATH=/opt/ros/humble /home/mac/.local/bin/cmake --install /home/mac/Desktop/conti_ws/build/radar_msgs
[0.487s] -- Install configuration: ""
[0.487s] -- Up-to-date: /home/mac/Desktop/conti_ws/install/radar_msgs/share/ament_index/resource_index/rosidl_interfaces/radar_msgs
[0.487s] -- Up-to-date: /home/mac/Desktop/conti_ws/install/radar_msgs/include/radar_msgs/radar_msgs
[0.488s] -- Up-to-date: /home/mac/Desktop/conti_ws/install/radar_msgs/include/radar_msgs/radar_msgs/msg
[0.488s] -- Up-to-date: /home/mac/Desktop/conti_ws/install/radar_msgs/include/radar_msgs/radar_msgs/msg/radar_track.h
[0.488s] -- Up-to-date: /home/mac/Desktop/conti_ws/install/radar_msgs/include/radar_msgs/radar_msgs/msg/detail
[0.488s] -- Up-to-date: /home/mac/Desktop/conti_ws/install/radar_msgs/include/radar_msgs/radar_msgs/msg/detail/radar_tracks__functions.c
[0.488s] -- Up-to-date: /home/mac/Desktop/conti_ws/install/radar_msgs/include/radar_msgs/radar_msgs/msg/detail/radar_return__type_support.h
[0.488s] -- Up-to-date: /home/mac/Desktop/conti_ws/install/radar_msgs/include/radar_msgs/radar_msgs/msg/detail/radar_track__struct.h
[0.488s] -- Up-to-date: /home/mac/Desktop/conti_ws/install/radar_msgs/include/radar_msgs/radar_msgs/msg/detail/radar_return__functions.c
[0.488s] -- Up-to-date: /home/mac/Desktop/conti_ws/install/radar_msgs/include/radar_msgs/radar_msgs/msg/detail/radar_scan__type_support.h
[0.488s] -- Up-to-date: /home/mac/Desktop/conti_ws/install/radar_msgs/include/radar_msgs/radar_msgs/msg/detail/radar_scan__functions.h
[0.488s] -- Up-to-date: /home/mac/Desktop/conti_ws/install/radar_msgs/include/radar_msgs/radar_msgs/msg/detail/radar_track__functions.h
[0.488s] -- Up-to-date: /home/mac/Desktop/conti_ws/install/radar_msgs/include/radar_msgs/radar_msgs/msg/detail/radar_track__type_support.h
[0.488s] -- Up-to-date: /home/mac/Desktop/conti_ws/install/radar_msgs/include/radar_msgs/radar_msgs/msg/detail/radar_tracks__type_support.h
[0.488s] -- Up-to-date: /home/mac/Desktop/conti_ws/install/radar_msgs/include/radar_msgs/radar_msgs/msg/detail/radar_tracks__struct.h
[0.489s] -- Up-to-date: /home/mac/Desktop/conti_ws/install/radar_msgs/include/radar_msgs/radar_msgs/msg/detail/radar_track__functions.c
[0.489s] -- Up-to-date: /home/mac/Desktop/conti_ws/install/radar_msgs/include/radar_msgs/radar_msgs/msg/detail/radar_return__struct.h
[0.489s] -- Up-to-date: /home/mac/Desktop/conti_ws/install/radar_msgs/include/radar_msgs/radar_msgs/msg/detail/radar_tracks__functions.h
[0.489s] -- Up-to-date: /home/mac/Desktop/conti_ws/install/radar_msgs/include/radar_msgs/radar_msgs/msg/detail/radar_return__functions.h
[0.489s] -- Up-to-date: /home/mac/Desktop/conti_ws/install/radar_msgs/include/radar_msgs/radar_msgs/msg/detail/radar_scan__struct.h
[0.489s] -- Up-to-date: /home/mac/Desktop/conti_ws/install/radar_msgs/include/radar_msgs/radar_msgs/msg/detail/radar_scan__functions.c
[0.489s] -- Up-to-date: /home/mac/Desktop/conti_ws/install/radar_msgs/include/radar_msgs/radar_msgs/msg/radar_tracks.h
[0.489s] -- Up-to-date: /home/mac/Desktop/conti_ws/install/radar_msgs/include/radar_msgs/radar_msgs/msg/radar_return.h
[0.490s] -- Up-to-date: /home/mac/Desktop/conti_ws/install/radar_msgs/include/radar_msgs/radar_msgs/msg/radar_scan.h
[0.490s] -- Up-to-date: /home/mac/Desktop/conti_ws/install/radar_msgs/include/radar_msgs/radar_msgs/msg/rosidl_generator_c__visibility_control.h
[0.490s] -- Up-to-date: /home/mac/Desktop/conti_ws/install/radar_msgs/share/radar_msgs/environment/library_path.sh
[0.490s] -- Up-to-date: /home/mac/Desktop/conti_ws/install/radar_msgs/share/radar_msgs/environment/library_path.dsv
[0.491s] -- Up-to-date: /home/mac/Desktop/conti_ws/install/radar_msgs/lib/libradar_msgs__rosidl_generator_c.so
[0.491s] -- Up-to-date: /home/mac/Desktop/conti_ws/install/radar_msgs/include/radar_msgs/radar_msgs
[0.493s] -- Up-to-date: /home/mac/Desktop/conti_ws/install/radar_msgs/include/radar_msgs/radar_msgs/msg
[0.493s] -- Up-to-date: /home/mac/Desktop/conti_ws/install/radar_msgs/include/radar_msgs/radar_msgs/msg/rosidl_typesupport_fastrtps_c__visibility_control.h
[0.493s] -- Up-to-date: /home/mac/Desktop/conti_ws/install/radar_msgs/include/radar_msgs/radar_msgs/msg/detail
[0.493s] -- Up-to-date: /home/mac/Desktop/conti_ws/install/radar_msgs/include/radar_msgs/radar_msgs/msg/detail/radar_tracks__rosidl_typesupport_fastrtps_c.h
[0.493s] -- Up-to-date: /home/mac/Desktop/conti_ws/install/radar_msgs/include/radar_msgs/radar_msgs/msg/detail/radar_track__rosidl_typesupport_fastrtps_c.h
[0.493s] -- Up-to-date: /home/mac/Desktop/conti_ws/install/radar_msgs/include/radar_msgs/radar_msgs/msg/detail/radar_return__rosidl_typesupport_fastrtps_c.h
[0.493s] -- Up-to-date: /home/mac/Desktop/conti_ws/install/radar_msgs/include/radar_msgs/radar_msgs/msg/detail/radar_scan__rosidl_typesupport_fastrtps_c.h
[0.494s] -- Up-to-date: /home/mac/Desktop/conti_ws/install/radar_msgs/lib/libradar_msgs__rosidl_typesupport_fastrtps_c.so
[0.494s] -- Up-to-date: /home/mac/Desktop/conti_ws/install/radar_msgs/include/radar_msgs/radar_msgs
[0.494s] -- Up-to-date: /home/mac/Desktop/conti_ws/install/radar_msgs/include/radar_msgs/radar_msgs/msg
[0.494s] -- Up-to-date: /home/mac/Desktop/conti_ws/install/radar_msgs/include/radar_msgs/radar_msgs/msg/detail
[0.494s] -- Up-to-date: /home/mac/Desktop/conti_ws/install/radar_msgs/include/radar_msgs/radar_msgs/msg/detail/radar_return__builder.hpp
[0.494s] -- Up-to-date: /home/mac/Desktop/conti_ws/install/radar_msgs/include/radar_msgs/radar_msgs/msg/detail/radar_track__struct.hpp
[0.494s] -- Up-to-date: /home/mac/Desktop/conti_ws/install/radar_msgs/include/radar_msgs/radar_msgs/msg/detail/radar_tracks__builder.hpp
[0.494s] -- Up-to-date: /home/mac/Desktop/conti_ws/install/radar_msgs/include/radar_msgs/radar_msgs/msg/detail/radar_return__type_support.hpp
[0.494s] -- Up-to-date: /home/mac/Desktop/conti_ws/install/radar_msgs/include/radar_msgs/radar_msgs/msg/detail/radar_track__traits.hpp
[0.494s] -- Up-to-date: /home/mac/Desktop/conti_ws/install/radar_msgs/include/radar_msgs/radar_msgs/msg/detail/radar_tracks__struct.hpp
[0.494s] -- Up-to-date: /home/mac/Desktop/conti_ws/install/radar_msgs/include/radar_msgs/radar_msgs/msg/detail/radar_return__traits.hpp
[0.494s] -- Up-to-date: /home/mac/Desktop/conti_ws/install/radar_msgs/include/radar_msgs/radar_msgs/msg/detail/radar_tracks__traits.hpp
[0.495s] -- Up-to-date: /home/mac/Desktop/conti_ws/install/radar_msgs/include/radar_msgs/radar_msgs/msg/detail/radar_scan__builder.hpp
[0.495s] -- Up-to-date: /home/mac/Desktop/conti_ws/install/radar_msgs/include/radar_msgs/radar_msgs/msg/detail/radar_scan__struct.hpp
[0.495s] -- Up-to-date: /home/mac/Desktop/conti_ws/install/radar_msgs/include/radar_msgs/radar_msgs/msg/detail/radar_tracks__type_support.hpp
[0.495s] -- Up-to-date: /home/mac/Desktop/conti_ws/install/radar_msgs/include/radar_msgs/radar_msgs/msg/detail/radar_return__struct.hpp
[0.495s] -- Up-to-date: /home/mac/Desktop/conti_ws/install/radar_msgs/include/radar_msgs/radar_msgs/msg/detail/radar_scan__type_support.hpp
[0.495s] -- Up-to-date: /home/mac/Desktop/conti_ws/install/radar_msgs/include/radar_msgs/radar_msgs/msg/detail/radar_scan__traits.hpp
[0.495s] -- Up-to-date: /home/mac/Desktop/conti_ws/install/radar_msgs/include/radar_msgs/radar_msgs/msg/detail/radar_track__builder.hpp
[0.495s] -- Up-to-date: /home/mac/Desktop/conti_ws/install/radar_msgs/include/radar_msgs/radar_msgs/msg/detail/radar_track__type_support.hpp
[0.496s] -- Up-to-date: /home/mac/Desktop/conti_ws/install/radar_msgs/include/radar_msgs/radar_msgs/msg/radar_track.hpp
[0.496s] -- Up-to-date: /home/mac/Desktop/conti_ws/install/radar_msgs/include/radar_msgs/radar_msgs/msg/radar_tracks.hpp
[0.496s] -- Up-to-date: /home/mac/Desktop/conti_ws/install/radar_msgs/include/radar_msgs/radar_msgs/msg/rosidl_generator_cpp__visibility_control.hpp
[0.496s] -- Up-to-date: /home/mac/Desktop/conti_ws/install/radar_msgs/include/radar_msgs/radar_msgs/msg/radar_return.hpp
[0.496s] -- Up-to-date: /home/mac/Desktop/conti_ws/install/radar_msgs/include/radar_msgs/radar_msgs/msg/radar_scan.hpp
[0.497s] -- Up-to-date: /home/mac/Desktop/conti_ws/install/radar_msgs/include/radar_msgs/radar_msgs
[0.497s] -- Up-to-date: /home/mac/Desktop/conti_ws/install/radar_msgs/include/radar_msgs/radar_msgs/msg
[0.497s] -- Up-to-date: /home/mac/Desktop/conti_ws/install/radar_msgs/include/radar_msgs/radar_msgs/msg/detail
[0.497s] -- Up-to-date: /home/mac/Desktop/conti_ws/install/radar_msgs/include/radar_msgs/radar_msgs/msg/detail/radar_track__rosidl_typesupport_fastrtps_cpp.hpp
[0.497s] -- Up-to-date: /home/mac/Desktop/conti_ws/install/radar_msgs/include/radar_msgs/radar_msgs/msg/detail/dds_fastrtps
[0.497s] -- Up-to-date: /home/mac/Desktop/conti_ws/install/radar_msgs/include/radar_msgs/radar_msgs/msg/detail/radar_return__rosidl_typesupport_fastrtps_cpp.hpp
[0.497s] -- Up-to-date: /home/mac/Desktop/conti_ws/install/radar_msgs/include/radar_msgs/radar_msgs/msg/detail/radar_tracks__rosidl_typesupport_fastrtps_cpp.hpp
[0.497s] -- Up-to-date: /home/mac/Desktop/conti_ws/install/radar_msgs/include/radar_msgs/radar_msgs/msg/detail/radar_scan__rosidl_typesupport_fastrtps_cpp.hpp
[0.497s] -- Up-to-date: /home/mac/Desktop/conti_ws/install/radar_msgs/include/radar_msgs/radar_msgs/msg/rosidl_typesupport_fastrtps_cpp__visibility_control.h
[0.497s] -- Up-to-date: /home/mac/Desktop/conti_ws/install/radar_msgs/lib/libradar_msgs__rosidl_typesupport_fastrtps_cpp.so
[0.497s] -- Up-to-date: /home/mac/Desktop/conti_ws/install/radar_msgs/include/radar_msgs/radar_msgs
[0.497s] -- Up-to-date: /home/mac/Desktop/conti_ws/install/radar_msgs/include/radar_msgs/radar_msgs/msg
[0.497s] -- Up-to-date: /home/mac/Desktop/conti_ws/install/radar_msgs/include/radar_msgs/radar_msgs/msg/detail
[0.497s] -- Up-to-date: /home/mac/Desktop/conti_ws/install/radar_msgs/include/radar_msgs/radar_msgs/msg/detail/radar_scan__type_support.c
[0.497s] -- Up-to-date: /home/mac/Desktop/conti_ws/install/radar_msgs/include/radar_msgs/radar_msgs/msg/detail/radar_tracks__rosidl_typesupport_introspection_c.h
[0.499s] -- Up-to-date: /home/mac/Desktop/conti_ws/install/radar_msgs/include/radar_msgs/radar_msgs/msg/detail/radar_track__type_support.c
[0.499s] -- Up-to-date: /home/mac/Desktop/conti_ws/install/radar_msgs/include/radar_msgs/radar_msgs/msg/detail/radar_return__rosidl_typesupport_introspection_c.h
[0.499s] -- Up-to-date: /home/mac/Desktop/conti_ws/install/radar_msgs/include/radar_msgs/radar_msgs/msg/detail/radar_scan__rosidl_typesupport_introspection_c.h
[0.499s] -- Up-to-date: /home/mac/Desktop/conti_ws/install/radar_msgs/include/radar_msgs/radar_msgs/msg/detail/radar_return__type_support.c
[0.499s] -- Up-to-date: /home/mac/Desktop/conti_ws/install/radar_msgs/include/radar_msgs/radar_msgs/msg/detail/radar_tracks__type_support.c
[0.499s] -- Up-to-date: /home/mac/Desktop/conti_ws/install/radar_msgs/include/radar_msgs/radar_msgs/msg/detail/radar_track__rosidl_typesupport_introspection_c.h
[0.500s] -- Up-to-date: /home/mac/Desktop/conti_ws/install/radar_msgs/include/radar_msgs/radar_msgs/msg/rosidl_typesupport_introspection_c__visibility_control.h
[0.500s] -- Up-to-date: /home/mac/Desktop/conti_ws/install/radar_msgs/lib/libradar_msgs__rosidl_typesupport_introspection_c.so
[0.500s] -- Up-to-date: /home/mac/Desktop/conti_ws/install/radar_msgs/lib/libradar_msgs__rosidl_typesupport_c.so
[0.500s] -- Up-to-date: /home/mac/Desktop/conti_ws/install/radar_msgs/include/radar_msgs/radar_msgs
[0.500s] -- Up-to-date: /home/mac/Desktop/conti_ws/install/radar_msgs/include/radar_msgs/radar_msgs/msg
[0.500s] -- Up-to-date: /home/mac/Desktop/conti_ws/install/radar_msgs/include/radar_msgs/radar_msgs/msg/detail
[0.500s] -- Up-to-date: /home/mac/Desktop/conti_ws/install/radar_msgs/include/radar_msgs/radar_msgs/msg/detail/radar_track__type_support.cpp
[0.500s] -- Up-to-date: /home/mac/Desktop/conti_ws/install/radar_msgs/include/radar_msgs/radar_msgs/msg/detail/radar_track__rosidl_typesupport_introspection_cpp.hpp
[0.501s] -- Up-to-date: /home/mac/Desktop/conti_ws/install/radar_msgs/include/radar_msgs/radar_msgs/msg/detail/radar_tracks__type_support.cpp
[0.501s] -- Up-to-date: /home/mac/Desktop/conti_ws/install/radar_msgs/include/radar_msgs/radar_msgs/msg/detail/radar_scan__rosidl_typesupport_introspection_cpp.hpp
[0.501s] -- Up-to-date: /home/mac/Desktop/conti_ws/install/radar_msgs/include/radar_msgs/radar_msgs/msg/detail/radar_tracks__rosidl_typesupport_introspection_cpp.hpp
[0.501s] -- Up-to-date: /home/mac/Desktop/conti_ws/install/radar_msgs/include/radar_msgs/radar_msgs/msg/detail/radar_return__rosidl_typesupport_introspection_cpp.hpp
[0.501s] -- Up-to-date: /home/mac/Desktop/conti_ws/install/radar_msgs/include/radar_msgs/radar_msgs/msg/detail/radar_return__type_support.cpp
[0.501s] -- Up-to-date: /home/mac/Desktop/conti_ws/install/radar_msgs/include/radar_msgs/radar_msgs/msg/detail/radar_scan__type_support.cpp
[0.502s] -- Up-to-date: /home/mac/Desktop/conti_ws/install/radar_msgs/lib/libradar_msgs__rosidl_typesupport_introspection_cpp.so
[0.504s] -- Up-to-date: /home/mac/Desktop/conti_ws/install/radar_msgs/lib/libradar_msgs__rosidl_typesupport_cpp.so
[0.504s] -- Up-to-date: /home/mac/Desktop/conti_ws/install/radar_msgs/share/radar_msgs/environment/pythonpath.sh
[0.504s] -- Up-to-date: /home/mac/Desktop/conti_ws/install/radar_msgs/share/radar_msgs/environment/pythonpath.dsv
[0.504s] -- Up-to-date: /home/mac/Desktop/conti_ws/install/radar_msgs/local/lib/python3.10/dist-packages/radar_msgs-0.2.2-py3.10.egg-info
[0.504s] -- Installing: /home/mac/Desktop/conti_ws/install/radar_msgs/local/lib/python3.10/dist-packages/radar_msgs-0.2.2-py3.10.egg-info/dependency_links.txt
[0.504s] -- Installing: /home/mac/Desktop/conti_ws/install/radar_msgs/local/lib/python3.10/dist-packages/radar_msgs-0.2.2-py3.10.egg-info/PKG-INFO
[0.504s] -- Installing: /home/mac/Desktop/conti_ws/install/radar_msgs/local/lib/python3.10/dist-packages/radar_msgs-0.2.2-py3.10.egg-info/SOURCES.txt
[0.504s] -- Installing: /home/mac/Desktop/conti_ws/install/radar_msgs/local/lib/python3.10/dist-packages/radar_msgs-0.2.2-py3.10.egg-info/top_level.txt
[0.504s] -- Up-to-date: /home/mac/Desktop/conti_ws/install/radar_msgs/local/lib/python3.10/dist-packages/radar_msgs
[0.504s] -- Up-to-date: /home/mac/Desktop/conti_ws/install/radar_msgs/local/lib/python3.10/dist-packages/radar_msgs/_radar_msgs_s.ep.rosidl_typesupport_c.c
[0.504s] -- Up-to-date: /home/mac/Desktop/conti_ws/install/radar_msgs/local/lib/python3.10/dist-packages/radar_msgs/radar_msgs_s__rosidl_typesupport_fastrtps_c.cpython-310-x86_64-linux-gnu.so
[0.504s] -- Up-to-date: /home/mac/Desktop/conti_ws/install/radar_msgs/local/lib/python3.10/dist-packages/radar_msgs/radar_msgs_s__rosidl_typesupport_c.cpython-310-x86_64-linux-gnu.so
[0.504s] -- Up-to-date: /home/mac/Desktop/conti_ws/install/radar_msgs/local/lib/python3.10/dist-packages/radar_msgs/_radar_msgs_s.ep.rosidl_typesupport_fastrtps_c.c
[0.505s] -- Up-to-date: /home/mac/Desktop/conti_ws/install/radar_msgs/local/lib/python3.10/dist-packages/radar_msgs/radar_msgs_s__rosidl_typesupport_introspection_c.cpython-310-x86_64-linux-gnu.so
[0.505s] -- Up-to-date: /home/mac/Desktop/conti_ws/install/radar_msgs/local/lib/python3.10/dist-packages/radar_msgs/_radar_msgs_s.ep.rosidl_typesupport_introspection_c.c
[0.505s] -- Up-to-date: /home/mac/Desktop/conti_ws/install/radar_msgs/local/lib/python3.10/dist-packages/radar_msgs/libradar_msgs__rosidl_generator_py.so
[0.505s] -- Up-to-date: /home/mac/Desktop/conti_ws/install/radar_msgs/local/lib/python3.10/dist-packages/radar_msgs/__init__.py
[0.505s] -- Up-to-date: /home/mac/Desktop/conti_ws/install/radar_msgs/local/lib/python3.10/dist-packages/radar_msgs/msg
[0.505s] -- Up-to-date: /home/mac/Desktop/conti_ws/install/radar_msgs/local/lib/python3.10/dist-packages/radar_msgs/msg/_radar_track_s.c
[0.505s] -- Up-to-date: /home/mac/Desktop/conti_ws/install/radar_msgs/local/lib/python3.10/dist-packages/radar_msgs/msg/_radar_scan_s.c
[0.505s] -- Up-to-date: /home/mac/Desktop/conti_ws/install/radar_msgs/local/lib/python3.10/dist-packages/radar_msgs/msg/_radar_track.py
[0.505s] -- Up-to-date: /home/mac/Desktop/conti_ws/install/radar_msgs/local/lib/python3.10/dist-packages/radar_msgs/msg/_radar_tracks_s.c
[0.505s] -- Up-to-date: /home/mac/Desktop/conti_ws/install/radar_msgs/local/lib/python3.10/dist-packages/radar_msgs/msg/_radar_tracks.py
[0.505s] -- Up-to-date: /home/mac/Desktop/conti_ws/install/radar_msgs/local/lib/python3.10/dist-packages/radar_msgs/msg/_radar_scan.py
[0.505s] -- Up-to-date: /home/mac/Desktop/conti_ws/install/radar_msgs/local/lib/python3.10/dist-packages/radar_msgs/msg/__init__.py
[0.505s] -- Up-to-date: /home/mac/Desktop/conti_ws/install/radar_msgs/local/lib/python3.10/dist-packages/radar_msgs/msg/_radar_return_s.c
[0.505s] -- Up-to-date: /home/mac/Desktop/conti_ws/install/radar_msgs/local/lib/python3.10/dist-packages/radar_msgs/msg/_radar_return.py
[0.522s] Listing '/home/mac/Desktop/conti_ws/install/radar_msgs/local/lib/python3.10/dist-packages/radar_msgs'...
[0.523s] Listing '/home/mac/Desktop/conti_ws/install/radar_msgs/local/lib/python3.10/dist-packages/radar_msgs/msg'...
[0.527s] -- Up-to-date: /home/mac/Desktop/conti_ws/install/radar_msgs/local/lib/python3.10/dist-packages/radar_msgs/radar_msgs_s__rosidl_typesupport_fastrtps_c.cpython-310-x86_64-linux-gnu.so
[0.527s] -- Up-to-date: /home/mac/Desktop/conti_ws/install/radar_msgs/local/lib/python3.10/dist-packages/radar_msgs/radar_msgs_s__rosidl_typesupport_introspection_c.cpython-310-x86_64-linux-gnu.so
[0.528s] -- Up-to-date: /home/mac/Desktop/conti_ws/install/radar_msgs/local/lib/python3.10/dist-packages/radar_msgs/radar_msgs_s__rosidl_typesupport_c.cpython-310-x86_64-linux-gnu.so
[0.528s] -- Up-to-date: /home/mac/Desktop/conti_ws/install/radar_msgs/lib/libradar_msgs__rosidl_generator_py.so
[0.529s] -- Up-to-date: /home/mac/Desktop/conti_ws/install/radar_msgs/share/radar_msgs/msg/RadarReturn.idl
[0.529s] -- Up-to-date: /home/mac/Desktop/conti_ws/install/radar_msgs/share/radar_msgs/msg/RadarScan.idl
[0.529s] -- Up-to-date: /home/mac/Desktop/conti_ws/install/radar_msgs/share/radar_msgs/msg/RadarTrack.idl
[0.529s] -- Up-to-date: /home/mac/Desktop/conti_ws/install/radar_msgs/share/radar_msgs/msg/RadarTracks.idl
[0.529s] -- Up-to-date: /home/mac/Desktop/conti_ws/install/radar_msgs/share/radar_msgs/msg/RadarReturn.msg
[0.530s] -- Up-to-date: /home/mac/Desktop/conti_ws/install/radar_msgs/share/radar_msgs/msg/RadarScan.msg
[0.530s] -- Up-to-date: /home/mac/Desktop/conti_ws/install/radar_msgs/share/radar_msgs/msg/RadarTrack.msg
[0.530s] -- Up-to-date: /home/mac/Desktop/conti_ws/install/radar_msgs/share/radar_msgs/msg/RadarTracks.msg
[0.530s] -- Up-to-date: /home/mac/Desktop/conti_ws/install/radar_msgs/share/ament_index/resource_index/package_run_dependencies/radar_msgs
[0.530s] -- Up-to-date: /home/mac/Desktop/conti_ws/install/radar_msgs/share/ament_index/resource_index/parent_prefix_path/radar_msgs
[0.530s] -- Up-to-date: /home/mac/Desktop/conti_ws/install/radar_msgs/share/radar_msgs/environment/ament_prefix_path.sh
[0.530s] -- Up-to-date: /home/mac/Desktop/conti_ws/install/radar_msgs/share/radar_msgs/environment/ament_prefix_path.dsv
[0.530s] -- Up-to-date: /home/mac/Desktop/conti_ws/install/radar_msgs/share/radar_msgs/environment/path.sh
[0.530s] -- Up-to-date: /home/mac/Desktop/conti_ws/install/radar_msgs/share/radar_msgs/environment/path.dsv
[0.530s] -- Up-to-date: /home/mac/Desktop/conti_ws/install/radar_msgs/share/radar_msgs/local_setup.bash
[0.530s] -- Up-to-date: /home/mac/Desktop/conti_ws/install/radar_msgs/share/radar_msgs/local_setup.sh
[0.530s] -- Up-to-date: /home/mac/Desktop/conti_ws/install/radar_msgs/share/radar_msgs/local_setup.zsh
[0.530s] -- Up-to-date: /home/mac/Desktop/conti_ws/install/radar_msgs/share/radar_msgs/local_setup.dsv
[0.530s] -- Installing: /home/mac/Desktop/conti_ws/install/radar_msgs/share/radar_msgs/package.dsv
[0.530s] -- Up-to-date: /home/mac/Desktop/conti_ws/install/radar_msgs/share/ament_index/resource_index/packages/radar_msgs
[0.531s] -- Up-to-date: /home/mac/Desktop/conti_ws/install/radar_msgs/share/radar_msgs/cmake/export_radar_msgs__rosidl_generator_cExport.cmake
[0.531s] -- Up-to-date: /home/mac/Desktop/conti_ws/install/radar_msgs/share/radar_msgs/cmake/export_radar_msgs__rosidl_generator_cExport-noconfig.cmake
[0.531s] -- Up-to-date: /home/mac/Desktop/conti_ws/install/radar_msgs/share/radar_msgs/cmake/export_radar_msgs__rosidl_typesupport_fastrtps_cExport.cmake
[0.532s] -- Up-to-date: /home/mac/Desktop/conti_ws/install/radar_msgs/share/radar_msgs/cmake/export_radar_msgs__rosidl_typesupport_fastrtps_cExport-noconfig.cmake
[0.532s] -- Up-to-date: /home/mac/Desktop/conti_ws/install/radar_msgs/share/radar_msgs/cmake/export_radar_msgs__rosidl_generator_cppExport.cmake
[0.532s] -- Up-to-date: /home/mac/Desktop/conti_ws/install/radar_msgs/share/radar_msgs/cmake/export_radar_msgs__rosidl_typesupport_fastrtps_cppExport.cmake
[0.532s] -- Up-to-date: /home/mac/Desktop/conti_ws/install/radar_msgs/share/radar_msgs/cmake/export_radar_msgs__rosidl_typesupport_fastrtps_cppExport-noconfig.cmake
[0.532s] -- Up-to-date: /home/mac/Desktop/conti_ws/install/radar_msgs/share/radar_msgs/cmake/radar_msgs__rosidl_typesupport_introspection_cExport.cmake
[0.533s] -- Up-to-date: /home/mac/Desktop/conti_ws/install/radar_msgs/share/radar_msgs/cmake/radar_msgs__rosidl_typesupport_introspection_cExport-noconfig.cmake
[0.533s] -- Up-to-date: /home/mac/Desktop/conti_ws/install/radar_msgs/share/radar_msgs/cmake/radar_msgs__rosidl_typesupport_cExport.cmake
[0.533s] -- Up-to-date: /home/mac/Desktop/conti_ws/install/radar_msgs/share/radar_msgs/cmake/radar_msgs__rosidl_typesupport_cExport-noconfig.cmake
[0.533s] -- Up-to-date: /home/mac/Desktop/conti_ws/install/radar_msgs/share/radar_msgs/cmake/radar_msgs__rosidl_typesupport_introspection_cppExport.cmake
[0.534s] -- Up-to-date: /home/mac/Desktop/conti_ws/install/radar_msgs/share/radar_msgs/cmake/radar_msgs__rosidl_typesupport_introspection_cppExport-noconfig.cmake
[0.534s] -- Up-to-date: /home/mac/Desktop/conti_ws/install/radar_msgs/share/radar_msgs/cmake/radar_msgs__rosidl_typesupport_cppExport.cmake
[0.534s] -- Up-to-date: /home/mac/Desktop/conti_ws/install/radar_msgs/share/radar_msgs/cmake/radar_msgs__rosidl_typesupport_cppExport-noconfig.cmake
[0.535s] -- Up-to-date: /home/mac/Desktop/conti_ws/install/radar_msgs/share/radar_msgs/cmake/export_radar_msgs__rosidl_generator_pyExport.cmake
[0.535s] -- Up-to-date: /home/mac/Desktop/conti_ws/install/radar_msgs/share/radar_msgs/cmake/export_radar_msgs__rosidl_generator_pyExport-noconfig.cmake
[0.535s] -- Up-to-date: /home/mac/Desktop/conti_ws/install/radar_msgs/share/radar_msgs/cmake/rosidl_cmake-extras.cmake
[0.538s] -- Up-to-date: /home/mac/Desktop/conti_ws/install/radar_msgs/share/radar_msgs/cmake/ament_cmake_export_dependencies-extras.cmake
[0.538s] -- Up-to-date: /home/mac/Desktop/conti_ws/install/radar_msgs/share/radar_msgs/cmake/ament_cmake_export_include_directories-extras.cmake
[0.538s] -- Up-to-date: /home/mac/Desktop/conti_ws/install/radar_msgs/share/radar_msgs/cmake/ament_cmake_export_libraries-extras.cmake
[0.539s] -- Up-to-date: /home/mac/Desktop/conti_ws/install/radar_msgs/share/radar_msgs/cmake/ament_cmake_export_targets-extras.cmake
[0.539s] -- Up-to-date: /home/mac/Desktop/conti_ws/install/radar_msgs/share/radar_msgs/cmake/rosidl_cmake_export_typesupport_targets-extras.cmake
[0.539s] -- Up-to-date: /home/mac/Desktop/conti_ws/install/radar_msgs/share/radar_msgs/cmake/rosidl_cmake_export_typesupport_libraries-extras.cmake
[0.540s] -- Up-to-date: /home/mac/Desktop/conti_ws/install/radar_msgs/share/radar_msgs/cmake/radar_msgsConfig.cmake
[0.540s] -- Up-to-date: /home/mac/Desktop/conti_ws/install/radar_msgs/share/radar_msgs/cmake/radar_msgsConfig-version.cmake
[0.540s] -- Up-to-date: /home/mac/Desktop/conti_ws/install/radar_msgs/share/radar_msgs/package.xml
[0.546s] Invoked command in '/home/mac/Desktop/conti_ws/build/radar_msgs' returned '0': CMAKE_PREFIX_PATH=/opt/ros/humble /home/mac/.local/bin/cmake --install /home/mac/Desktop/conti_ws/build/radar_msgs
