[0.098s] DEBUG:colcon:Command line arguments: ['/usr/bin/colcon', 'build']
[0.098s] DEBUG:colcon:Parsed command line arguments: Namespace(log_base=None, log_level=None, verb_name='build', build_base='build', install_base='install', merge_install=False, symlink_install=False, test_result_base=None, continue_on_error=False, executor='parallel', parallel_workers=8, event_handlers=None, ignore_user_meta=False, metas=['./colcon.meta'], base_paths=['.'], packages_ignore=None, packages_ignore_regex=None, paths=None, packages_up_to=None, packages_up_to_regex=None, packages_above=None, packages_above_and_dependencies=None, packages_above_depth=None, packages_select_by_dep=None, packages_skip_by_dep=None, packages_skip_up_to=None, packages_select_build_failed=False, packages_skip_build_finished=False, packages_select_test_failures=False, packages_skip_test_passed=False, packages_select=None, packages_skip=None, packages_select_regex=None, packages_skip_regex=None, packages_start=None, packages_end=None, allow_overriding=[], cmake_args=None, cmake_target=None, cmake_target_skip_unavailable=False, cmake_clean_cache=False, cmake_clean_first=False, cmake_force_configure=False, ament_cmake_args=None, catkin_cmake_args=None, catkin_skip_building_tests=False, verb_parser=<colcon_defaults.argument_parser.defaults.DefaultArgumentsDecorator object at 0x738af8342950>, verb_extension=<colcon_core.verb.build.BuildVerb object at 0x738af857dc00>, main=<bound method BuildVerb.main of <colcon_core.verb.build.BuildVerb object at 0x738af857dc00>>)
[0.224s] Level 1:colcon.colcon_core.package_discovery:discover_packages(colcon_meta) check parameters
[0.224s] Level 1:colcon.colcon_core.package_discovery:discover_packages(recursive) check parameters
[0.224s] Level 1:colcon.colcon_core.package_discovery:discover_packages(ignore) check parameters
[0.224s] Level 1:colcon.colcon_core.package_discovery:discover_packages(path) check parameters
[0.224s] Level 1:colcon.colcon_core.package_discovery:discover_packages(colcon_meta) discover
[0.224s] Level 1:colcon.colcon_core.package_discovery:discover_packages(recursive) discover
[0.224s] INFO:colcon.colcon_core.package_discovery:Crawling recursively for packages in '/home/mac/Desktop/conti_ws'
[0.224s] Level 1:colcon.colcon_core.package_identification:_identify(.) by extensions ['ignore', 'ignore_ament_install']
[0.224s] Level 1:colcon.colcon_core.package_identification:_identify(.) by extension 'ignore'
[0.225s] Level 1:colcon.colcon_core.package_identification:_identify(.) by extension 'ignore_ament_install'
[0.225s] Level 1:colcon.colcon_core.package_identification:_identify(.) by extensions ['colcon_pkg']
[0.225s] Level 1:colcon.colcon_core.package_identification:_identify(.) by extension 'colcon_pkg'
[0.225s] Level 1:colcon.colcon_core.package_identification:_identify(.) by extensions ['colcon_meta']
[0.225s] Level 1:colcon.colcon_core.package_identification:_identify(.) by extension 'colcon_meta'
[0.225s] Level 1:colcon.colcon_core.package_identification:_identify(.) by extensions ['ros']
[0.225s] Level 1:colcon.colcon_core.package_identification:_identify(.) by extension 'ros'
[0.232s] Level 1:colcon.colcon_core.package_identification:_identify(.) by extensions ['cmake', 'python']
[0.232s] Level 1:colcon.colcon_core.package_identification:_identify(.) by extension 'cmake'
[0.232s] Level 1:colcon.colcon_core.package_identification:_identify(.) by extension 'python'
[0.232s] Level 1:colcon.colcon_core.package_identification:_identify(.) by extensions ['python_setup_py']
[0.232s] Level 1:colcon.colcon_core.package_identification:_identify(.) by extension 'python_setup_py'
[0.232s] Level 1:colcon.colcon_core.package_identification:_identify(build) by extensions ['ignore', 'ignore_ament_install']
[0.232s] Level 1:colcon.colcon_core.package_identification:_identify(build) by extension 'ignore'
[0.232s] Level 1:colcon.colcon_core.package_identification:_identify(build) ignored
[0.232s] Level 1:colcon.colcon_core.package_identification:_identify(install) by extensions ['ignore', 'ignore_ament_install']
[0.232s] Level 1:colcon.colcon_core.package_identification:_identify(install) by extension 'ignore'
[0.232s] Level 1:colcon.colcon_core.package_identification:_identify(install) ignored
[0.232s] Level 1:colcon.colcon_core.package_identification:_identify(log) by extensions ['ignore', 'ignore_ament_install']
[0.232s] Level 1:colcon.colcon_core.package_identification:_identify(log) by extension 'ignore'
[0.232s] Level 1:colcon.colcon_core.package_identification:_identify(log) ignored
[0.232s] Level 1:colcon.colcon_core.package_identification:_identify(src) by extensions ['ignore', 'ignore_ament_install']
[0.232s] Level 1:colcon.colcon_core.package_identification:_identify(src) by extension 'ignore'
[0.232s] Level 1:colcon.colcon_core.package_identification:_identify(src) by extension 'ignore_ament_install'
[0.232s] Level 1:colcon.colcon_core.package_identification:_identify(src) by extensions ['colcon_pkg']
[0.232s] Level 1:colcon.colcon_core.package_identification:_identify(src) by extension 'colcon_pkg'
[0.233s] Level 1:colcon.colcon_core.package_identification:_identify(src) by extensions ['colcon_meta']
[0.233s] Level 1:colcon.colcon_core.package_identification:_identify(src) by extension 'colcon_meta'
[0.233s] Level 1:colcon.colcon_core.package_identification:_identify(src) by extensions ['ros']
[0.233s] Level 1:colcon.colcon_core.package_identification:_identify(src) by extension 'ros'
[0.233s] Level 1:colcon.colcon_core.package_identification:_identify(src) by extensions ['cmake', 'python']
[0.233s] Level 1:colcon.colcon_core.package_identification:_identify(src) by extension 'cmake'
[0.233s] Level 1:colcon.colcon_core.package_identification:_identify(src) by extension 'python'
[0.233s] Level 1:colcon.colcon_core.package_identification:_identify(src) by extensions ['python_setup_py']
[0.233s] Level 1:colcon.colcon_core.package_identification:_identify(src) by extension 'python_setup_py'
[0.233s] Level 1:colcon.colcon_core.package_identification:_identify(src/conti_ars430_ros2) by extensions ['ignore', 'ignore_ament_install']
[0.233s] Level 1:colcon.colcon_core.package_identification:_identify(src/conti_ars430_ros2) by extension 'ignore'
[0.233s] Level 1:colcon.colcon_core.package_identification:_identify(src/conti_ars430_ros2) by extension 'ignore_ament_install'
[0.233s] Level 1:colcon.colcon_core.package_identification:_identify(src/conti_ars430_ros2) by extensions ['colcon_pkg']
[0.233s] Level 1:colcon.colcon_core.package_identification:_identify(src/conti_ars430_ros2) by extension 'colcon_pkg'
[0.233s] Level 1:colcon.colcon_core.package_identification:_identify(src/conti_ars430_ros2) by extensions ['colcon_meta']
[0.233s] Level 1:colcon.colcon_core.package_identification:_identify(src/conti_ars430_ros2) by extension 'colcon_meta'
[0.233s] Level 1:colcon.colcon_core.package_identification:_identify(src/conti_ars430_ros2) by extensions ['ros']
[0.233s] Level 1:colcon.colcon_core.package_identification:_identify(src/conti_ars430_ros2) by extension 'ros'
[0.235s] DEBUG:colcon.colcon_core.package_identification:Package 'src/conti_ars430_ros2' with type 'ros.ament_cmake' and name 'conti_ars430_ros2'
[0.235s] Level 1:colcon.colcon_core.package_identification:_identify(src/conti_ars430_ros2_msgs) by extensions ['ignore', 'ignore_ament_install']
[0.235s] Level 1:colcon.colcon_core.package_identification:_identify(src/conti_ars430_ros2_msgs) by extension 'ignore'
[0.235s] Level 1:colcon.colcon_core.package_identification:_identify(src/conti_ars430_ros2_msgs) by extension 'ignore_ament_install'
[0.235s] Level 1:colcon.colcon_core.package_identification:_identify(src/conti_ars430_ros2_msgs) by extensions ['colcon_pkg']
[0.235s] Level 1:colcon.colcon_core.package_identification:_identify(src/conti_ars430_ros2_msgs) by extension 'colcon_pkg'
[0.235s] Level 1:colcon.colcon_core.package_identification:_identify(src/conti_ars430_ros2_msgs) by extensions ['colcon_meta']
[0.235s] Level 1:colcon.colcon_core.package_identification:_identify(src/conti_ars430_ros2_msgs) by extension 'colcon_meta'
[0.235s] Level 1:colcon.colcon_core.package_identification:_identify(src/conti_ars430_ros2_msgs) by extensions ['ros']
[0.236s] Level 1:colcon.colcon_core.package_identification:_identify(src/conti_ars430_ros2_msgs) by extension 'ros'
[0.237s] DEBUG:colcon.colcon_core.package_identification:Package 'src/conti_ars430_ros2_msgs' with type 'ros.ament_cmake' and name 'conti_ars430_ros2_msgs'
[0.237s] Level 1:colcon.colcon_core.package_identification:_identify(src/conti_ars430_viz) by extensions ['ignore', 'ignore_ament_install']
[0.237s] Level 1:colcon.colcon_core.package_identification:_identify(src/conti_ars430_viz) by extension 'ignore'
[0.237s] Level 1:colcon.colcon_core.package_identification:_identify(src/conti_ars430_viz) by extension 'ignore_ament_install'
[0.237s] Level 1:colcon.colcon_core.package_identification:_identify(src/conti_ars430_viz) by extensions ['colcon_pkg']
[0.237s] Level 1:colcon.colcon_core.package_identification:_identify(src/conti_ars430_viz) by extension 'colcon_pkg'
[0.237s] Level 1:colcon.colcon_core.package_identification:_identify(src/conti_ars430_viz) by extensions ['colcon_meta']
[0.237s] Level 1:colcon.colcon_core.package_identification:_identify(src/conti_ars430_viz) by extension 'colcon_meta'
[0.237s] Level 1:colcon.colcon_core.package_identification:_identify(src/conti_ars430_viz) by extensions ['ros']
[0.237s] Level 1:colcon.colcon_core.package_identification:_identify(src/conti_ars430_viz) by extension 'ros'
[0.238s] DEBUG:colcon.colcon_core.package_identification:Package 'src/conti_ars430_viz' with type 'ros.ament_cmake' and name 'conti_ars430_viz'
[0.238s] Level 1:colcon.colcon_core.package_identification:_identify(src/data) by extensions ['ignore', 'ignore_ament_install']
[0.238s] Level 1:colcon.colcon_core.package_identification:_identify(src/data) by extension 'ignore'
[0.238s] Level 1:colcon.colcon_core.package_identification:_identify(src/data) by extension 'ignore_ament_install'
[0.238s] Level 1:colcon.colcon_core.package_identification:_identify(src/data) by extensions ['colcon_pkg']
[0.238s] Level 1:colcon.colcon_core.package_identification:_identify(src/data) by extension 'colcon_pkg'
[0.238s] Level 1:colcon.colcon_core.package_identification:_identify(src/data) by extensions ['colcon_meta']
[0.238s] Level 1:colcon.colcon_core.package_identification:_identify(src/data) by extension 'colcon_meta'
[0.238s] Level 1:colcon.colcon_core.package_identification:_identify(src/data) by extensions ['ros']
[0.238s] Level 1:colcon.colcon_core.package_identification:_identify(src/data) by extension 'ros'
[0.238s] Level 1:colcon.colcon_core.package_identification:_identify(src/data) by extensions ['cmake', 'python']
[0.238s] Level 1:colcon.colcon_core.package_identification:_identify(src/data) by extension 'cmake'
[0.238s] Level 1:colcon.colcon_core.package_identification:_identify(src/data) by extension 'python'
[0.238s] Level 1:colcon.colcon_core.package_identification:_identify(src/data) by extensions ['python_setup_py']
[0.238s] Level 1:colcon.colcon_core.package_identification:_identify(src/data) by extension 'python_setup_py'
[0.238s] Level 1:colcon.colcon_core.package_identification:_identify(src/data/rosbag2_2025_06_24-11_27_33) by extensions ['ignore', 'ignore_ament_install']
[0.238s] Level 1:colcon.colcon_core.package_identification:_identify(src/data/rosbag2_2025_06_24-11_27_33) by extension 'ignore'
[0.238s] Level 1:colcon.colcon_core.package_identification:_identify(src/data/rosbag2_2025_06_24-11_27_33) by extension 'ignore_ament_install'
[0.238s] Level 1:colcon.colcon_core.package_identification:_identify(src/data/rosbag2_2025_06_24-11_27_33) by extensions ['colcon_pkg']
[0.238s] Level 1:colcon.colcon_core.package_identification:_identify(src/data/rosbag2_2025_06_24-11_27_33) by extension 'colcon_pkg'
[0.238s] Level 1:colcon.colcon_core.package_identification:_identify(src/data/rosbag2_2025_06_24-11_27_33) by extensions ['colcon_meta']
[0.238s] Level 1:colcon.colcon_core.package_identification:_identify(src/data/rosbag2_2025_06_24-11_27_33) by extension 'colcon_meta'
[0.238s] Level 1:colcon.colcon_core.package_identification:_identify(src/data/rosbag2_2025_06_24-11_27_33) by extensions ['ros']
[0.238s] Level 1:colcon.colcon_core.package_identification:_identify(src/data/rosbag2_2025_06_24-11_27_33) by extension 'ros'
[0.238s] Level 1:colcon.colcon_core.package_identification:_identify(src/data/rosbag2_2025_06_24-11_27_33) by extensions ['cmake', 'python']
[0.238s] Level 1:colcon.colcon_core.package_identification:_identify(src/data/rosbag2_2025_06_24-11_27_33) by extension 'cmake'
[0.238s] Level 1:colcon.colcon_core.package_identification:_identify(src/data/rosbag2_2025_06_24-11_27_33) by extension 'python'
[0.238s] Level 1:colcon.colcon_core.package_identification:_identify(src/data/rosbag2_2025_06_24-11_27_33) by extensions ['python_setup_py']
[0.238s] Level 1:colcon.colcon_core.package_identification:_identify(src/data/rosbag2_2025_06_24-11_27_33) by extension 'python_setup_py'
[0.238s] Level 1:colcon.colcon_core.package_identification:_identify(src/radar_msgs) by extensions ['ignore', 'ignore_ament_install']
[0.239s] Level 1:colcon.colcon_core.package_identification:_identify(src/radar_msgs) by extension 'ignore'
[0.239s] Level 1:colcon.colcon_core.package_identification:_identify(src/radar_msgs) by extension 'ignore_ament_install'
[0.239s] Level 1:colcon.colcon_core.package_identification:_identify(src/radar_msgs) by extensions ['colcon_pkg']
[0.239s] Level 1:colcon.colcon_core.package_identification:_identify(src/radar_msgs) by extension 'colcon_pkg'
[0.239s] Level 1:colcon.colcon_core.package_identification:_identify(src/radar_msgs) by extensions ['colcon_meta']
[0.239s] Level 1:colcon.colcon_core.package_identification:_identify(src/radar_msgs) by extension 'colcon_meta'
[0.239s] Level 1:colcon.colcon_core.package_identification:_identify(src/radar_msgs) by extensions ['ros']
[0.239s] Level 1:colcon.colcon_core.package_identification:_identify(src/radar_msgs) by extension 'ros'
[0.239s] DEBUG:colcon.colcon_core.package_identification:Package 'src/radar_msgs' with type 'ros.ament_cmake' and name 'radar_msgs'
[0.239s] Level 1:colcon.colcon_core.package_discovery:discover_packages(recursive) using defaults
[0.239s] Level 1:colcon.colcon_core.package_discovery:discover_packages(ignore) discover
[0.239s] Level 1:colcon.colcon_core.package_discovery:discover_packages(ignore) using defaults
[0.239s] Level 1:colcon.colcon_core.package_discovery:discover_packages(path) discover
[0.239s] Level 1:colcon.colcon_core.package_discovery:discover_packages(path) using defaults
[0.261s] Level 1:colcon.colcon_core.package_discovery:discover_packages(prefix_path) check parameters
[0.261s] Level 1:colcon.colcon_core.package_discovery:discover_packages(prefix_path) discover
[0.263s] DEBUG:colcon.colcon_installed_package_information.package_discovery:Found 4 installed packages in /home/mac/Desktop/conti_ws/install
[0.264s] DEBUG:colcon.colcon_installed_package_information.package_discovery:Found 8 installed packages in /home/mac/Desktop/su25/turtlebot4_ws/install
[0.265s] DEBUG:colcon.colcon_installed_package_information.package_discovery:Found 398 installed packages in /opt/ros/humble
[0.266s] Level 1:colcon.colcon_core.package_discovery:discover_packages(prefix_path) using defaults
[0.296s] Level 5:colcon.colcon_core.verb:set package 'conti_ars430_ros2_msgs' build argument 'cmake_args' from command line to 'None'
[0.296s] Level 5:colcon.colcon_core.verb:set package 'conti_ars430_ros2_msgs' build argument 'cmake_target' from command line to 'None'
[0.296s] Level 5:colcon.colcon_core.verb:set package 'conti_ars430_ros2_msgs' build argument 'cmake_target_skip_unavailable' from command line to 'False'
[0.296s] Level 5:colcon.colcon_core.verb:set package 'conti_ars430_ros2_msgs' build argument 'cmake_clean_cache' from command line to 'False'
[0.296s] Level 5:colcon.colcon_core.verb:set package 'conti_ars430_ros2_msgs' build argument 'cmake_clean_first' from command line to 'False'
[0.296s] Level 5:colcon.colcon_core.verb:set package 'conti_ars430_ros2_msgs' build argument 'cmake_force_configure' from command line to 'False'
[0.296s] Level 5:colcon.colcon_core.verb:set package 'conti_ars430_ros2_msgs' build argument 'ament_cmake_args' from command line to 'None'
[0.296s] Level 5:colcon.colcon_core.verb:set package 'conti_ars430_ros2_msgs' build argument 'catkin_cmake_args' from command line to 'None'
[0.296s] Level 5:colcon.colcon_core.verb:set package 'conti_ars430_ros2_msgs' build argument 'catkin_skip_building_tests' from command line to 'False'
[0.296s] DEBUG:colcon.colcon_core.verb:Building package 'conti_ars430_ros2_msgs' with the following arguments: {'ament_cmake_args': None, 'build_base': '/home/mac/Desktop/conti_ws/build/conti_ars430_ros2_msgs', 'catkin_cmake_args': None, 'catkin_skip_building_tests': False, 'cmake_args': None, 'cmake_clean_cache': False, 'cmake_clean_first': False, 'cmake_force_configure': False, 'cmake_target': None, 'cmake_target_skip_unavailable': False, 'install_base': '/home/mac/Desktop/conti_ws/install/conti_ars430_ros2_msgs', 'merge_install': False, 'path': '/home/mac/Desktop/conti_ws/src/conti_ars430_ros2_msgs', 'symlink_install': False, 'test_result_base': None}
[0.297s] Level 5:colcon.colcon_core.verb:set package 'radar_msgs' build argument 'cmake_args' from command line to 'None'
[0.297s] Level 5:colcon.colcon_core.verb:set package 'radar_msgs' build argument 'cmake_target' from command line to 'None'
[0.297s] Level 5:colcon.colcon_core.verb:set package 'radar_msgs' build argument 'cmake_target_skip_unavailable' from command line to 'False'
[0.297s] Level 5:colcon.colcon_core.verb:set package 'radar_msgs' build argument 'cmake_clean_cache' from command line to 'False'
[0.297s] Level 5:colcon.colcon_core.verb:set package 'radar_msgs' build argument 'cmake_clean_first' from command line to 'False'
[0.297s] Level 5:colcon.colcon_core.verb:set package 'radar_msgs' build argument 'cmake_force_configure' from command line to 'False'
[0.297s] Level 5:colcon.colcon_core.verb:set package 'radar_msgs' build argument 'ament_cmake_args' from command line to 'None'
[0.297s] Level 5:colcon.colcon_core.verb:set package 'radar_msgs' build argument 'catkin_cmake_args' from command line to 'None'
[0.297s] Level 5:colcon.colcon_core.verb:set package 'radar_msgs' build argument 'catkin_skip_building_tests' from command line to 'False'
[0.297s] DEBUG:colcon.colcon_core.verb:Building package 'radar_msgs' with the following arguments: {'ament_cmake_args': None, 'build_base': '/home/mac/Desktop/conti_ws/build/radar_msgs', 'catkin_cmake_args': None, 'catkin_skip_building_tests': False, 'cmake_args': None, 'cmake_clean_cache': False, 'cmake_clean_first': False, 'cmake_force_configure': False, 'cmake_target': None, 'cmake_target_skip_unavailable': False, 'install_base': '/home/mac/Desktop/conti_ws/install/radar_msgs', 'merge_install': False, 'path': '/home/mac/Desktop/conti_ws/src/radar_msgs', 'symlink_install': False, 'test_result_base': None}
[0.297s] Level 5:colcon.colcon_core.verb:set package 'conti_ars430_ros2' build argument 'cmake_args' from command line to 'None'
[0.297s] Level 5:colcon.colcon_core.verb:set package 'conti_ars430_ros2' build argument 'cmake_target' from command line to 'None'
[0.297s] Level 5:colcon.colcon_core.verb:set package 'conti_ars430_ros2' build argument 'cmake_target_skip_unavailable' from command line to 'False'
[0.297s] Level 5:colcon.colcon_core.verb:set package 'conti_ars430_ros2' build argument 'cmake_clean_cache' from command line to 'False'
[0.297s] Level 5:colcon.colcon_core.verb:set package 'conti_ars430_ros2' build argument 'cmake_clean_first' from command line to 'False'
[0.297s] Level 5:colcon.colcon_core.verb:set package 'conti_ars430_ros2' build argument 'cmake_force_configure' from command line to 'False'
[0.297s] Level 5:colcon.colcon_core.verb:set package 'conti_ars430_ros2' build argument 'ament_cmake_args' from command line to 'None'
[0.297s] Level 5:colcon.colcon_core.verb:set package 'conti_ars430_ros2' build argument 'catkin_cmake_args' from command line to 'None'
[0.297s] Level 5:colcon.colcon_core.verb:set package 'conti_ars430_ros2' build argument 'catkin_skip_building_tests' from command line to 'False'
[0.297s] DEBUG:colcon.colcon_core.verb:Building package 'conti_ars430_ros2' with the following arguments: {'ament_cmake_args': None, 'build_base': '/home/mac/Desktop/conti_ws/build/conti_ars430_ros2', 'catkin_cmake_args': None, 'catkin_skip_building_tests': False, 'cmake_args': None, 'cmake_clean_cache': False, 'cmake_clean_first': False, 'cmake_force_configure': False, 'cmake_target': None, 'cmake_target_skip_unavailable': False, 'install_base': '/home/mac/Desktop/conti_ws/install/conti_ars430_ros2', 'merge_install': False, 'path': '/home/mac/Desktop/conti_ws/src/conti_ars430_ros2', 'symlink_install': False, 'test_result_base': None}
[0.297s] Level 5:colcon.colcon_core.verb:set package 'conti_ars430_viz' build argument 'cmake_args' from command line to 'None'
[0.297s] Level 5:colcon.colcon_core.verb:set package 'conti_ars430_viz' build argument 'cmake_target' from command line to 'None'
[0.297s] Level 5:colcon.colcon_core.verb:set package 'conti_ars430_viz' build argument 'cmake_target_skip_unavailable' from command line to 'False'
[0.297s] Level 5:colcon.colcon_core.verb:set package 'conti_ars430_viz' build argument 'cmake_clean_cache' from command line to 'False'
[0.297s] Level 5:colcon.colcon_core.verb:set package 'conti_ars430_viz' build argument 'cmake_clean_first' from command line to 'False'
[0.297s] Level 5:colcon.colcon_core.verb:set package 'conti_ars430_viz' build argument 'cmake_force_configure' from command line to 'False'
[0.297s] Level 5:colcon.colcon_core.verb:set package 'conti_ars430_viz' build argument 'ament_cmake_args' from command line to 'None'
[0.297s] Level 5:colcon.colcon_core.verb:set package 'conti_ars430_viz' build argument 'catkin_cmake_args' from command line to 'None'
[0.297s] Level 5:colcon.colcon_core.verb:set package 'conti_ars430_viz' build argument 'catkin_skip_building_tests' from command line to 'False'
[0.298s] DEBUG:colcon.colcon_core.verb:Building package 'conti_ars430_viz' with the following arguments: {'ament_cmake_args': None, 'build_base': '/home/mac/Desktop/conti_ws/build/conti_ars430_viz', 'catkin_cmake_args': None, 'catkin_skip_building_tests': False, 'cmake_args': None, 'cmake_clean_cache': False, 'cmake_clean_first': False, 'cmake_force_configure': False, 'cmake_target': None, 'cmake_target_skip_unavailable': False, 'install_base': '/home/mac/Desktop/conti_ws/install/conti_ars430_viz', 'merge_install': False, 'path': '/home/mac/Desktop/conti_ws/src/conti_ars430_viz', 'symlink_install': False, 'test_result_base': None}
[0.298s] INFO:colcon.colcon_core.executor:Executing jobs using 'parallel' executor
[0.299s] DEBUG:colcon.colcon_parallel_executor.executor.parallel:run_until_complete
[0.299s] INFO:colcon.colcon_ros.task.ament_cmake.build:Building ROS package in '/home/mac/Desktop/conti_ws/src/conti_ars430_ros2_msgs' with build type 'ament_cmake'
[0.299s] INFO:colcon.colcon_cmake.task.cmake.build:Building CMake package in '/home/mac/Desktop/conti_ws/src/conti_ars430_ros2_msgs'
[0.302s] INFO:colcon.colcon_core.plugin_system:Skipping extension 'colcon_core.shell.bat': Not used on non-Windows systems
[0.302s] INFO:colcon.colcon_core.shell:Skip shell extension 'powershell' for command environment: Not usable outside of PowerShell
[0.303s] DEBUG:colcon.colcon_core.shell:Skip shell extension 'dsv' for command environment
[0.305s] INFO:colcon.colcon_ros.task.ament_cmake.build:Building ROS package in '/home/mac/Desktop/conti_ws/src/radar_msgs' with build type 'ament_cmake'
[0.306s] INFO:colcon.colcon_cmake.task.cmake.build:Building CMake package in '/home/mac/Desktop/conti_ws/src/radar_msgs'
[0.306s] INFO:colcon.colcon_core.shell:Skip shell extension 'powershell' for command environment: Not usable outside of PowerShell
[0.306s] DEBUG:colcon.colcon_core.shell:Skip shell extension 'dsv' for command environment
[0.312s] DEBUG:colcon.colcon_core.event_handler.log_command:Invoking command in '/home/mac/Desktop/conti_ws/build/conti_ars430_ros2_msgs': CMAKE_PREFIX_PATH=${CMAKE_PREFIX_PATH}:/home/mac/Desktop/su25/turtlebot4_ws/install/leader_follower_demo:/opt/ros/humble /home/mac/.local/bin/cmake --build /home/mac/Desktop/conti_ws/build/conti_ars430_ros2_msgs -- -j8 -l8
[0.318s] DEBUG:colcon.colcon_core.event_handler.log_command:Invoking command in '/home/mac/Desktop/conti_ws/build/radar_msgs': CMAKE_PREFIX_PATH=${CMAKE_PREFIX_PATH}:/home/mac/Desktop/su25/turtlebot4_ws/install/leader_follower_demo:/opt/ros/humble /home/mac/.local/bin/cmake --build /home/mac/Desktop/conti_ws/build/radar_msgs -- -j8 -l8
[0.679s] DEBUG:colcon.colcon_core.event_handler.log_command:Invoked command in '/home/mac/Desktop/conti_ws/build/radar_msgs' returned '0': CMAKE_PREFIX_PATH=${CMAKE_PREFIX_PATH}:/home/mac/Desktop/su25/turtlebot4_ws/install/leader_follower_demo:/opt/ros/humble /home/mac/.local/bin/cmake --build /home/mac/Desktop/conti_ws/build/radar_msgs -- -j8 -l8
[0.760s] DEBUG:colcon.colcon_core.event_handler.log_command:Invoking command in '/home/mac/Desktop/conti_ws/build/radar_msgs': CMAKE_PREFIX_PATH=${CMAKE_PREFIX_PATH}:/home/mac/Desktop/su25/turtlebot4_ws/install/leader_follower_demo:/opt/ros/humble /home/mac/.local/bin/cmake --install /home/mac/Desktop/conti_ws/build/radar_msgs
[0.761s] DEBUG:colcon.colcon_core.event_handler.log_command:Invoked command in '/home/mac/Desktop/conti_ws/build/conti_ars430_ros2_msgs' returned '0': CMAKE_PREFIX_PATH=${CMAKE_PREFIX_PATH}:/home/mac/Desktop/su25/turtlebot4_ws/install/leader_follower_demo:/opt/ros/humble /home/mac/.local/bin/cmake --build /home/mac/Desktop/conti_ws/build/conti_ars430_ros2_msgs -- -j8 -l8
[0.763s] DEBUG:colcon.colcon_core.event_handler.log_command:Invoking command in '/home/mac/Desktop/conti_ws/build/conti_ars430_ros2_msgs': CMAKE_PREFIX_PATH=${CMAKE_PREFIX_PATH}:/home/mac/Desktop/su25/turtlebot4_ws/install/leader_follower_demo:/opt/ros/humble /home/mac/.local/bin/cmake --install /home/mac/Desktop/conti_ws/build/conti_ars430_ros2_msgs
[0.863s] Level 1:colcon.colcon_core.environment:create_environment_scripts_only(radar_msgs)
[0.867s] DEBUG:colcon.colcon_core.event_handler.log_command:Invoked command in '/home/mac/Desktop/conti_ws/build/radar_msgs' returned '0': CMAKE_PREFIX_PATH=${CMAKE_PREFIX_PATH}:/home/mac/Desktop/su25/turtlebot4_ws/install/leader_follower_demo:/opt/ros/humble /home/mac/.local/bin/cmake --install /home/mac/Desktop/conti_ws/build/radar_msgs
[0.870s] Level 1:colcon.colcon_core.environment:checking '/home/mac/Desktop/conti_ws/install/radar_msgs' for CMake module files
[0.870s] Level 1:colcon.colcon_core.environment:checking '/home/mac/Desktop/conti_ws/install/radar_msgs' for CMake config files
[0.870s] Level 1:colcon.colcon_core.shell:create_environment_hook('radar_msgs', 'cmake_prefix_path')
[0.870s] INFO:colcon.colcon_core.shell:Creating environment hook '/home/mac/Desktop/conti_ws/install/radar_msgs/share/radar_msgs/hook/cmake_prefix_path.ps1'
[0.871s] INFO:colcon.colcon_core.shell:Creating environment descriptor '/home/mac/Desktop/conti_ws/install/radar_msgs/share/radar_msgs/hook/cmake_prefix_path.dsv'
[0.871s] INFO:colcon.colcon_core.shell:Creating environment hook '/home/mac/Desktop/conti_ws/install/radar_msgs/share/radar_msgs/hook/cmake_prefix_path.sh'
[0.872s] Level 1:colcon.colcon_core.environment:checking '/home/mac/Desktop/conti_ws/install/radar_msgs/lib'
[0.872s] Level 1:colcon.colcon_core.shell:create_environment_hook('radar_msgs', 'ld_library_path_lib')
[0.872s] INFO:colcon.colcon_core.shell:Creating environment hook '/home/mac/Desktop/conti_ws/install/radar_msgs/share/radar_msgs/hook/ld_library_path_lib.ps1'
[0.872s] INFO:colcon.colcon_core.shell:Creating environment descriptor '/home/mac/Desktop/conti_ws/install/radar_msgs/share/radar_msgs/hook/ld_library_path_lib.dsv'
[0.873s] INFO:colcon.colcon_core.shell:Creating environment hook '/home/mac/Desktop/conti_ws/install/radar_msgs/share/radar_msgs/hook/ld_library_path_lib.sh'
[0.873s] Level 1:colcon.colcon_core.environment:checking '/home/mac/Desktop/conti_ws/install/radar_msgs/bin'
[0.873s] Level 1:colcon.colcon_core.environment:checking '/home/mac/Desktop/conti_ws/install/radar_msgs/lib/pkgconfig/radar_msgs.pc'
[0.873s] Level 1:colcon.colcon_core.environment:checking '/home/mac/Desktop/conti_ws/install/radar_msgs/lib/python3.10/site-packages'
[0.873s] Level 1:colcon.colcon_core.environment:checking '/home/mac/Desktop/conti_ws/install/radar_msgs/bin'
[0.873s] INFO:colcon.colcon_core.shell:Creating package script '/home/mac/Desktop/conti_ws/install/radar_msgs/share/radar_msgs/package.ps1'
[0.874s] INFO:colcon.colcon_core.shell:Creating package descriptor '/home/mac/Desktop/conti_ws/install/radar_msgs/share/radar_msgs/package.dsv'
[0.874s] INFO:colcon.colcon_core.shell:Creating package script '/home/mac/Desktop/conti_ws/install/radar_msgs/share/radar_msgs/package.sh'
[0.876s] INFO:colcon.colcon_core.shell:Creating package script '/home/mac/Desktop/conti_ws/install/radar_msgs/share/radar_msgs/package.bash'
[0.877s] INFO:colcon.colcon_core.shell:Creating package script '/home/mac/Desktop/conti_ws/install/radar_msgs/share/radar_msgs/package.zsh'
[0.878s] Level 1:colcon.colcon_core.environment:create_file_with_runtime_dependencies(/home/mac/Desktop/conti_ws/install/radar_msgs/share/colcon-core/packages/radar_msgs)
[0.879s] Level 1:colcon.colcon_core.environment:create_environment_scripts_only(radar_msgs)
[0.880s] Level 1:colcon.colcon_core.environment:checking '/home/mac/Desktop/conti_ws/install/radar_msgs' for CMake module files
[0.880s] Level 1:colcon.colcon_core.environment:checking '/home/mac/Desktop/conti_ws/install/radar_msgs' for CMake config files
[0.881s] Level 1:colcon.colcon_core.shell:create_environment_hook('radar_msgs', 'cmake_prefix_path')
[0.882s] INFO:colcon.colcon_core.shell:Creating environment hook '/home/mac/Desktop/conti_ws/install/radar_msgs/share/radar_msgs/hook/cmake_prefix_path.ps1'
[0.883s] INFO:colcon.colcon_core.shell:Creating environment descriptor '/home/mac/Desktop/conti_ws/install/radar_msgs/share/radar_msgs/hook/cmake_prefix_path.dsv'
[0.884s] INFO:colcon.colcon_core.shell:Creating environment hook '/home/mac/Desktop/conti_ws/install/radar_msgs/share/radar_msgs/hook/cmake_prefix_path.sh'
[0.886s] Level 1:colcon.colcon_core.environment:checking '/home/mac/Desktop/conti_ws/install/radar_msgs/lib'
[0.886s] Level 1:colcon.colcon_core.shell:create_environment_hook('radar_msgs', 'ld_library_path_lib')
[0.886s] INFO:colcon.colcon_core.shell:Creating environment hook '/home/mac/Desktop/conti_ws/install/radar_msgs/share/radar_msgs/hook/ld_library_path_lib.ps1'
[0.887s] INFO:colcon.colcon_core.shell:Creating environment descriptor '/home/mac/Desktop/conti_ws/install/radar_msgs/share/radar_msgs/hook/ld_library_path_lib.dsv'
[0.887s] INFO:colcon.colcon_core.shell:Creating environment hook '/home/mac/Desktop/conti_ws/install/radar_msgs/share/radar_msgs/hook/ld_library_path_lib.sh'
[0.888s] Level 1:colcon.colcon_core.environment:checking '/home/mac/Desktop/conti_ws/install/radar_msgs/bin'
[0.888s] Level 1:colcon.colcon_core.environment:checking '/home/mac/Desktop/conti_ws/install/radar_msgs/lib/pkgconfig/radar_msgs.pc'
[0.888s] Level 1:colcon.colcon_core.environment:checking '/home/mac/Desktop/conti_ws/install/radar_msgs/lib/python3.10/site-packages'
[0.888s] Level 1:colcon.colcon_core.environment:checking '/home/mac/Desktop/conti_ws/install/radar_msgs/bin'
[0.888s] INFO:colcon.colcon_core.shell:Creating package script '/home/mac/Desktop/conti_ws/install/radar_msgs/share/radar_msgs/package.ps1'
[0.889s] INFO:colcon.colcon_core.shell:Creating package descriptor '/home/mac/Desktop/conti_ws/install/radar_msgs/share/radar_msgs/package.dsv'
[0.889s] INFO:colcon.colcon_core.shell:Creating package script '/home/mac/Desktop/conti_ws/install/radar_msgs/share/radar_msgs/package.sh'
[0.890s] INFO:colcon.colcon_core.shell:Creating package script '/home/mac/Desktop/conti_ws/install/radar_msgs/share/radar_msgs/package.bash'
[0.890s] INFO:colcon.colcon_core.shell:Creating package script '/home/mac/Desktop/conti_ws/install/radar_msgs/share/radar_msgs/package.zsh'
[0.890s] Level 1:colcon.colcon_core.environment:create_file_with_runtime_dependencies(/home/mac/Desktop/conti_ws/install/radar_msgs/share/colcon-core/packages/radar_msgs)
[0.891s] Level 1:colcon.colcon_core.environment:create_environment_scripts_only(conti_ars430_ros2_msgs)
[0.892s] Level 1:colcon.colcon_core.environment:checking '/home/mac/Desktop/conti_ws/install/conti_ars430_ros2_msgs' for CMake module files
[0.893s] Level 1:colcon.colcon_core.environment:checking '/home/mac/Desktop/conti_ws/install/conti_ars430_ros2_msgs' for CMake config files
[0.896s] DEBUG:colcon.colcon_core.event_handler.log_command:Invoked command in '/home/mac/Desktop/conti_ws/build/conti_ars430_ros2_msgs' returned '0': CMAKE_PREFIX_PATH=${CMAKE_PREFIX_PATH}:/home/mac/Desktop/su25/turtlebot4_ws/install/leader_follower_demo:/opt/ros/humble /home/mac/.local/bin/cmake --install /home/mac/Desktop/conti_ws/build/conti_ars430_ros2_msgs
[0.896s] Level 1:colcon.colcon_core.shell:create_environment_hook('conti_ars430_ros2_msgs', 'cmake_prefix_path')
[0.896s] INFO:colcon.colcon_core.shell:Creating environment hook '/home/mac/Desktop/conti_ws/install/conti_ars430_ros2_msgs/share/conti_ars430_ros2_msgs/hook/cmake_prefix_path.ps1'
[0.896s] INFO:colcon.colcon_core.shell:Creating environment descriptor '/home/mac/Desktop/conti_ws/install/conti_ars430_ros2_msgs/share/conti_ars430_ros2_msgs/hook/cmake_prefix_path.dsv'
[0.897s] INFO:colcon.colcon_core.shell:Creating environment hook '/home/mac/Desktop/conti_ws/install/conti_ars430_ros2_msgs/share/conti_ars430_ros2_msgs/hook/cmake_prefix_path.sh'
[0.897s] Level 1:colcon.colcon_core.environment:checking '/home/mac/Desktop/conti_ws/install/conti_ars430_ros2_msgs/lib'
[0.897s] Level 1:colcon.colcon_core.shell:create_environment_hook('conti_ars430_ros2_msgs', 'ld_library_path_lib')
[0.897s] INFO:colcon.colcon_core.shell:Creating environment hook '/home/mac/Desktop/conti_ws/install/conti_ars430_ros2_msgs/share/conti_ars430_ros2_msgs/hook/ld_library_path_lib.ps1'
[0.898s] INFO:colcon.colcon_core.shell:Creating environment descriptor '/home/mac/Desktop/conti_ws/install/conti_ars430_ros2_msgs/share/conti_ars430_ros2_msgs/hook/ld_library_path_lib.dsv'
[0.898s] INFO:colcon.colcon_core.shell:Creating environment hook '/home/mac/Desktop/conti_ws/install/conti_ars430_ros2_msgs/share/conti_ars430_ros2_msgs/hook/ld_library_path_lib.sh'
[0.898s] Level 1:colcon.colcon_core.environment:checking '/home/mac/Desktop/conti_ws/install/conti_ars430_ros2_msgs/bin'
[0.898s] Level 1:colcon.colcon_core.environment:checking '/home/mac/Desktop/conti_ws/install/conti_ars430_ros2_msgs/lib/pkgconfig/conti_ars430_ros2_msgs.pc'
[0.898s] Level 1:colcon.colcon_core.environment:checking '/home/mac/Desktop/conti_ws/install/conti_ars430_ros2_msgs/lib/python3.10/site-packages'
[0.898s] Level 1:colcon.colcon_core.environment:checking '/home/mac/Desktop/conti_ws/install/conti_ars430_ros2_msgs/bin'
[0.899s] INFO:colcon.colcon_core.shell:Creating package script '/home/mac/Desktop/conti_ws/install/conti_ars430_ros2_msgs/share/conti_ars430_ros2_msgs/package.ps1'
[0.899s] INFO:colcon.colcon_core.shell:Creating package descriptor '/home/mac/Desktop/conti_ws/install/conti_ars430_ros2_msgs/share/conti_ars430_ros2_msgs/package.dsv'
[0.899s] INFO:colcon.colcon_core.shell:Creating package script '/home/mac/Desktop/conti_ws/install/conti_ars430_ros2_msgs/share/conti_ars430_ros2_msgs/package.sh'
[0.899s] INFO:colcon.colcon_core.shell:Creating package script '/home/mac/Desktop/conti_ws/install/conti_ars430_ros2_msgs/share/conti_ars430_ros2_msgs/package.bash'
[0.900s] INFO:colcon.colcon_core.shell:Creating package script '/home/mac/Desktop/conti_ws/install/conti_ars430_ros2_msgs/share/conti_ars430_ros2_msgs/package.zsh'
[0.900s] Level 1:colcon.colcon_core.environment:create_file_with_runtime_dependencies(/home/mac/Desktop/conti_ws/install/conti_ars430_ros2_msgs/share/colcon-core/packages/conti_ars430_ros2_msgs)
[0.900s] Level 1:colcon.colcon_core.environment:create_environment_scripts_only(conti_ars430_ros2_msgs)
[0.900s] Level 1:colcon.colcon_core.environment:checking '/home/mac/Desktop/conti_ws/install/conti_ars430_ros2_msgs' for CMake module files
[0.901s] Level 1:colcon.colcon_core.environment:checking '/home/mac/Desktop/conti_ws/install/conti_ars430_ros2_msgs' for CMake config files
[0.901s] Level 1:colcon.colcon_core.shell:create_environment_hook('conti_ars430_ros2_msgs', 'cmake_prefix_path')
[0.901s] INFO:colcon.colcon_core.shell:Creating environment hook '/home/mac/Desktop/conti_ws/install/conti_ars430_ros2_msgs/share/conti_ars430_ros2_msgs/hook/cmake_prefix_path.ps1'
[0.902s] INFO:colcon.colcon_core.shell:Creating environment descriptor '/home/mac/Desktop/conti_ws/install/conti_ars430_ros2_msgs/share/conti_ars430_ros2_msgs/hook/cmake_prefix_path.dsv'
[0.902s] INFO:colcon.colcon_core.shell:Creating environment hook '/home/mac/Desktop/conti_ws/install/conti_ars430_ros2_msgs/share/conti_ars430_ros2_msgs/hook/cmake_prefix_path.sh'
[0.902s] Level 1:colcon.colcon_core.environment:checking '/home/mac/Desktop/conti_ws/install/conti_ars430_ros2_msgs/lib'
[0.902s] Level 1:colcon.colcon_core.shell:create_environment_hook('conti_ars430_ros2_msgs', 'ld_library_path_lib')
[0.902s] INFO:colcon.colcon_core.shell:Creating environment hook '/home/mac/Desktop/conti_ws/install/conti_ars430_ros2_msgs/share/conti_ars430_ros2_msgs/hook/ld_library_path_lib.ps1'
[0.903s] INFO:colcon.colcon_core.shell:Creating environment descriptor '/home/mac/Desktop/conti_ws/install/conti_ars430_ros2_msgs/share/conti_ars430_ros2_msgs/hook/ld_library_path_lib.dsv'
[0.903s] INFO:colcon.colcon_core.shell:Creating environment hook '/home/mac/Desktop/conti_ws/install/conti_ars430_ros2_msgs/share/conti_ars430_ros2_msgs/hook/ld_library_path_lib.sh'
[0.903s] Level 1:colcon.colcon_core.environment:checking '/home/mac/Desktop/conti_ws/install/conti_ars430_ros2_msgs/bin'
[0.903s] Level 1:colcon.colcon_core.environment:checking '/home/mac/Desktop/conti_ws/install/conti_ars430_ros2_msgs/lib/pkgconfig/conti_ars430_ros2_msgs.pc'
[0.903s] Level 1:colcon.colcon_core.environment:checking '/home/mac/Desktop/conti_ws/install/conti_ars430_ros2_msgs/lib/python3.10/site-packages'
[0.903s] Level 1:colcon.colcon_core.environment:checking '/home/mac/Desktop/conti_ws/install/conti_ars430_ros2_msgs/bin'
[0.903s] INFO:colcon.colcon_core.shell:Creating package script '/home/mac/Desktop/conti_ws/install/conti_ars430_ros2_msgs/share/conti_ars430_ros2_msgs/package.ps1'
[0.904s] INFO:colcon.colcon_core.shell:Creating package descriptor '/home/mac/Desktop/conti_ws/install/conti_ars430_ros2_msgs/share/conti_ars430_ros2_msgs/package.dsv'
[0.904s] INFO:colcon.colcon_core.shell:Creating package script '/home/mac/Desktop/conti_ws/install/conti_ars430_ros2_msgs/share/conti_ars430_ros2_msgs/package.sh'
[0.904s] INFO:colcon.colcon_core.shell:Creating package script '/home/mac/Desktop/conti_ws/install/conti_ars430_ros2_msgs/share/conti_ars430_ros2_msgs/package.bash'
[0.905s] INFO:colcon.colcon_core.shell:Creating package script '/home/mac/Desktop/conti_ws/install/conti_ars430_ros2_msgs/share/conti_ars430_ros2_msgs/package.zsh'
[0.905s] Level 1:colcon.colcon_core.environment:create_file_with_runtime_dependencies(/home/mac/Desktop/conti_ws/install/conti_ars430_ros2_msgs/share/colcon-core/packages/conti_ars430_ros2_msgs)
[0.905s] INFO:colcon.colcon_ros.task.ament_cmake.build:Building ROS package in '/home/mac/Desktop/conti_ws/src/conti_ars430_ros2' with build type 'ament_cmake'
[0.905s] INFO:colcon.colcon_cmake.task.cmake.build:Building CMake package in '/home/mac/Desktop/conti_ws/src/conti_ars430_ros2'
[0.905s] INFO:colcon.colcon_core.shell:Skip shell extension 'powershell' for command environment: Not usable outside of PowerShell
[0.905s] DEBUG:colcon.colcon_core.shell:Skip shell extension 'dsv' for command environment
[0.909s] INFO:colcon.colcon_ros.task.ament_cmake.build:Building ROS package in '/home/mac/Desktop/conti_ws/src/conti_ars430_viz' with build type 'ament_cmake'
[0.909s] INFO:colcon.colcon_cmake.task.cmake.build:Building CMake package in '/home/mac/Desktop/conti_ws/src/conti_ars430_viz'
[0.909s] INFO:colcon.colcon_core.shell:Skip shell extension 'powershell' for command environment: Not usable outside of PowerShell
[0.909s] DEBUG:colcon.colcon_core.shell:Skip shell extension 'dsv' for command environment
[0.916s] DEBUG:colcon.colcon_core.event_handler.log_command:Invoking command in '/home/mac/Desktop/conti_ws/build/conti_ars430_ros2': CMAKE_PREFIX_PATH=/home/mac/Desktop/conti_ws/install/conti_ars430_ros2_msgs:/home/mac/Desktop/conti_ws/install/conti_ars430_viz:/home/mac/Desktop/conti_ws/install/radar_msgs:/home/mac/Desktop/conti_ws/install/conti_ars430_ros2:/home/mac/Desktop/su25/turtlebot4_ws/install/turtlebot4_simulator:/home/mac/Desktop/su25/turtlebot4_ws/install/turtlebot4_ignition_bringup:/home/mac/Desktop/su25/turtlebot4_ws/install/turtlebot4_ignition_toolbox:/home/mac/Desktop/su25/turtlebot4_ws/install/turtlebot4_ignition_gui_plugins:/home/mac/Desktop/su25/turtlebot4_ws/install/ros_vrpn_client:/home/mac/Desktop/su25/turtlebot4_ws/install/parking_demo:/home/mac/Desktop/su25/turtlebot4_ws/install/object_detection:/home/mac/Desktop/su25/turtlebot4_ws/install/leader_follower_demo:/opt/ros/humble LD_LIBRARY_PATH=/home/mac/Desktop/conti_ws/install/conti_ars430_ros2_msgs/lib:/home/mac/Desktop/conti_ws/install/radar_msgs/lib:/opt/ros/humble/opt/rviz_ogre_vendor/lib:/opt/ros/humble/lib/x86_64-linux-gnu:/opt/ros/humble/lib /home/mac/.local/bin/cmake --build /home/mac/Desktop/conti_ws/build/conti_ars430_ros2 -- -j8 -l8
[0.918s] DEBUG:colcon.colcon_core.event_handler.log_command:Invoking command in '/home/mac/Desktop/conti_ws/build/conti_ars430_viz': CMAKE_PREFIX_PATH=/home/mac/Desktop/conti_ws/install/conti_ars430_ros2_msgs:/home/mac/Desktop/conti_ws/install/conti_ars430_viz:/home/mac/Desktop/conti_ws/install/radar_msgs:/home/mac/Desktop/conti_ws/install/conti_ars430_ros2:/home/mac/Desktop/su25/turtlebot4_ws/install/turtlebot4_simulator:/home/mac/Desktop/su25/turtlebot4_ws/install/turtlebot4_ignition_bringup:/home/mac/Desktop/su25/turtlebot4_ws/install/turtlebot4_ignition_toolbox:/home/mac/Desktop/su25/turtlebot4_ws/install/turtlebot4_ignition_gui_plugins:/home/mac/Desktop/su25/turtlebot4_ws/install/ros_vrpn_client:/home/mac/Desktop/su25/turtlebot4_ws/install/parking_demo:/home/mac/Desktop/su25/turtlebot4_ws/install/object_detection:/home/mac/Desktop/su25/turtlebot4_ws/install/leader_follower_demo:/opt/ros/humble LD_LIBRARY_PATH=/home/mac/Desktop/conti_ws/install/conti_ars430_ros2_msgs/lib:/home/mac/Desktop/conti_ws/install/radar_msgs/lib:/opt/ros/humble/opt/rviz_ogre_vendor/lib:/opt/ros/humble/lib/x86_64-linux-gnu:/opt/ros/humble/lib /home/mac/.local/bin/cmake --build /home/mac/Desktop/conti_ws/build/conti_ars430_viz -- -j8 -l8
[1.008s] DEBUG:colcon.colcon_core.event_handler.log_command:Invoked command in '/home/mac/Desktop/conti_ws/build/conti_ars430_ros2' returned '0': CMAKE_PREFIX_PATH=/home/mac/Desktop/conti_ws/install/conti_ars430_ros2_msgs:/home/mac/Desktop/conti_ws/install/conti_ars430_viz:/home/mac/Desktop/conti_ws/install/radar_msgs:/home/mac/Desktop/conti_ws/install/conti_ars430_ros2:/home/mac/Desktop/su25/turtlebot4_ws/install/turtlebot4_simulator:/home/mac/Desktop/su25/turtlebot4_ws/install/turtlebot4_ignition_bringup:/home/mac/Desktop/su25/turtlebot4_ws/install/turtlebot4_ignition_toolbox:/home/mac/Desktop/su25/turtlebot4_ws/install/turtlebot4_ignition_gui_plugins:/home/mac/Desktop/su25/turtlebot4_ws/install/ros_vrpn_client:/home/mac/Desktop/su25/turtlebot4_ws/install/parking_demo:/home/mac/Desktop/su25/turtlebot4_ws/install/object_detection:/home/mac/Desktop/su25/turtlebot4_ws/install/leader_follower_demo:/opt/ros/humble LD_LIBRARY_PATH=/home/mac/Desktop/conti_ws/install/conti_ars430_ros2_msgs/lib:/home/mac/Desktop/conti_ws/install/radar_msgs/lib:/opt/ros/humble/opt/rviz_ogre_vendor/lib:/opt/ros/humble/lib/x86_64-linux-gnu:/opt/ros/humble/lib /home/mac/.local/bin/cmake --build /home/mac/Desktop/conti_ws/build/conti_ars430_ros2 -- -j8 -l8
[1.010s] DEBUG:colcon.colcon_core.event_handler.log_command:Invoking command in '/home/mac/Desktop/conti_ws/build/conti_ars430_ros2': CMAKE_PREFIX_PATH=/home/mac/Desktop/conti_ws/install/conti_ars430_ros2_msgs:/home/mac/Desktop/conti_ws/install/conti_ars430_viz:/home/mac/Desktop/conti_ws/install/radar_msgs:/home/mac/Desktop/conti_ws/install/conti_ars430_ros2:/home/mac/Desktop/su25/turtlebot4_ws/install/turtlebot4_simulator:/home/mac/Desktop/su25/turtlebot4_ws/install/turtlebot4_ignition_bringup:/home/mac/Desktop/su25/turtlebot4_ws/install/turtlebot4_ignition_toolbox:/home/mac/Desktop/su25/turtlebot4_ws/install/turtlebot4_ignition_gui_plugins:/home/mac/Desktop/su25/turtlebot4_ws/install/ros_vrpn_client:/home/mac/Desktop/su25/turtlebot4_ws/install/parking_demo:/home/mac/Desktop/su25/turtlebot4_ws/install/object_detection:/home/mac/Desktop/su25/turtlebot4_ws/install/leader_follower_demo:/opt/ros/humble LD_LIBRARY_PATH=/home/mac/Desktop/conti_ws/install/conti_ars430_ros2_msgs/lib:/home/mac/Desktop/conti_ws/install/radar_msgs/lib:/opt/ros/humble/opt/rviz_ogre_vendor/lib:/opt/ros/humble/lib/x86_64-linux-gnu:/opt/ros/humble/lib /home/mac/.local/bin/cmake --install /home/mac/Desktop/conti_ws/build/conti_ars430_ros2
[1.076s] Level 1:colcon.colcon_core.environment:create_environment_scripts_only(conti_ars430_ros2)
[1.077s] Level 1:colcon.colcon_core.environment:checking '/home/mac/Desktop/conti_ws/install/conti_ars430_ros2' for CMake module files
[1.077s] Level 1:colcon.colcon_core.environment:checking '/home/mac/Desktop/conti_ws/install/conti_ars430_ros2' for CMake config files
[1.078s] DEBUG:colcon.colcon_core.event_handler.log_command:Invoked command in '/home/mac/Desktop/conti_ws/build/conti_ars430_ros2' returned '0': CMAKE_PREFIX_PATH=/home/mac/Desktop/conti_ws/install/conti_ars430_ros2_msgs:/home/mac/Desktop/conti_ws/install/conti_ars430_viz:/home/mac/Desktop/conti_ws/install/radar_msgs:/home/mac/Desktop/conti_ws/install/conti_ars430_ros2:/home/mac/Desktop/su25/turtlebot4_ws/install/turtlebot4_simulator:/home/mac/Desktop/su25/turtlebot4_ws/install/turtlebot4_ignition_bringup:/home/mac/Desktop/su25/turtlebot4_ws/install/turtlebot4_ignition_toolbox:/home/mac/Desktop/su25/turtlebot4_ws/install/turtlebot4_ignition_gui_plugins:/home/mac/Desktop/su25/turtlebot4_ws/install/ros_vrpn_client:/home/mac/Desktop/su25/turtlebot4_ws/install/parking_demo:/home/mac/Desktop/su25/turtlebot4_ws/install/object_detection:/home/mac/Desktop/su25/turtlebot4_ws/install/leader_follower_demo:/opt/ros/humble LD_LIBRARY_PATH=/home/mac/Desktop/conti_ws/install/conti_ars430_ros2_msgs/lib:/home/mac/Desktop/conti_ws/install/radar_msgs/lib:/opt/ros/humble/opt/rviz_ogre_vendor/lib:/opt/ros/humble/lib/x86_64-linux-gnu:/opt/ros/humble/lib /home/mac/.local/bin/cmake --install /home/mac/Desktop/conti_ws/build/conti_ars430_ros2
[1.079s] Level 1:colcon.colcon_core.shell:create_environment_hook('conti_ars430_ros2', 'cmake_prefix_path')
[1.079s] INFO:colcon.colcon_core.shell:Creating environment hook '/home/mac/Desktop/conti_ws/install/conti_ars430_ros2/share/conti_ars430_ros2/hook/cmake_prefix_path.ps1'
[1.079s] INFO:colcon.colcon_core.shell:Creating environment descriptor '/home/mac/Desktop/conti_ws/install/conti_ars430_ros2/share/conti_ars430_ros2/hook/cmake_prefix_path.dsv'
[1.079s] INFO:colcon.colcon_core.shell:Creating environment hook '/home/mac/Desktop/conti_ws/install/conti_ars430_ros2/share/conti_ars430_ros2/hook/cmake_prefix_path.sh'
[1.080s] Level 1:colcon.colcon_core.environment:checking '/home/mac/Desktop/conti_ws/install/conti_ars430_ros2/lib'
[1.080s] Level 1:colcon.colcon_core.environment:checking '/home/mac/Desktop/conti_ws/install/conti_ars430_ros2/bin'
[1.080s] Level 1:colcon.colcon_core.environment:checking '/home/mac/Desktop/conti_ws/install/conti_ars430_ros2/lib/pkgconfig/conti_ars430_ros2.pc'
[1.080s] Level 1:colcon.colcon_core.environment:checking '/home/mac/Desktop/conti_ws/install/conti_ars430_ros2/lib/python3.10/site-packages'
[1.080s] Level 1:colcon.colcon_core.environment:checking '/home/mac/Desktop/conti_ws/install/conti_ars430_ros2/bin'
[1.080s] INFO:colcon.colcon_core.shell:Creating package script '/home/mac/Desktop/conti_ws/install/conti_ars430_ros2/share/conti_ars430_ros2/package.ps1'
[1.081s] INFO:colcon.colcon_core.shell:Creating package descriptor '/home/mac/Desktop/conti_ws/install/conti_ars430_ros2/share/conti_ars430_ros2/package.dsv'
[1.081s] INFO:colcon.colcon_core.shell:Creating package script '/home/mac/Desktop/conti_ws/install/conti_ars430_ros2/share/conti_ars430_ros2/package.sh'
[1.081s] INFO:colcon.colcon_core.shell:Creating package script '/home/mac/Desktop/conti_ws/install/conti_ars430_ros2/share/conti_ars430_ros2/package.bash'
[1.081s] INFO:colcon.colcon_core.shell:Creating package script '/home/mac/Desktop/conti_ws/install/conti_ars430_ros2/share/conti_ars430_ros2/package.zsh'
[1.082s] Level 1:colcon.colcon_core.environment:create_file_with_runtime_dependencies(/home/mac/Desktop/conti_ws/install/conti_ars430_ros2/share/colcon-core/packages/conti_ars430_ros2)
[1.082s] Level 1:colcon.colcon_core.environment:create_environment_scripts_only(conti_ars430_ros2)
[1.082s] Level 1:colcon.colcon_core.environment:checking '/home/mac/Desktop/conti_ws/install/conti_ars430_ros2' for CMake module files
[1.083s] Level 1:colcon.colcon_core.environment:checking '/home/mac/Desktop/conti_ws/install/conti_ars430_ros2' for CMake config files
[1.083s] Level 1:colcon.colcon_core.shell:create_environment_hook('conti_ars430_ros2', 'cmake_prefix_path')
[1.083s] INFO:colcon.colcon_core.shell:Creating environment hook '/home/mac/Desktop/conti_ws/install/conti_ars430_ros2/share/conti_ars430_ros2/hook/cmake_prefix_path.ps1'
[1.083s] INFO:colcon.colcon_core.shell:Creating environment descriptor '/home/mac/Desktop/conti_ws/install/conti_ars430_ros2/share/conti_ars430_ros2/hook/cmake_prefix_path.dsv'
[1.083s] INFO:colcon.colcon_core.shell:Creating environment hook '/home/mac/Desktop/conti_ws/install/conti_ars430_ros2/share/conti_ars430_ros2/hook/cmake_prefix_path.sh'
[1.084s] Level 1:colcon.colcon_core.environment:checking '/home/mac/Desktop/conti_ws/install/conti_ars430_ros2/lib'
[1.084s] Level 1:colcon.colcon_core.environment:checking '/home/mac/Desktop/conti_ws/install/conti_ars430_ros2/bin'
[1.084s] Level 1:colcon.colcon_core.environment:checking '/home/mac/Desktop/conti_ws/install/conti_ars430_ros2/lib/pkgconfig/conti_ars430_ros2.pc'
[1.084s] Level 1:colcon.colcon_core.environment:checking '/home/mac/Desktop/conti_ws/install/conti_ars430_ros2/lib/python3.10/site-packages'
[1.084s] Level 1:colcon.colcon_core.environment:checking '/home/mac/Desktop/conti_ws/install/conti_ars430_ros2/bin'
[1.085s] INFO:colcon.colcon_core.shell:Creating package script '/home/mac/Desktop/conti_ws/install/conti_ars430_ros2/share/conti_ars430_ros2/package.ps1'
[1.085s] INFO:colcon.colcon_core.shell:Creating package descriptor '/home/mac/Desktop/conti_ws/install/conti_ars430_ros2/share/conti_ars430_ros2/package.dsv'
[1.085s] INFO:colcon.colcon_core.shell:Creating package script '/home/mac/Desktop/conti_ws/install/conti_ars430_ros2/share/conti_ars430_ros2/package.sh'
[1.086s] INFO:colcon.colcon_core.shell:Creating package script '/home/mac/Desktop/conti_ws/install/conti_ars430_ros2/share/conti_ars430_ros2/package.bash'
[1.086s] INFO:colcon.colcon_core.shell:Creating package script '/home/mac/Desktop/conti_ws/install/conti_ars430_ros2/share/conti_ars430_ros2/package.zsh'
[1.086s] Level 1:colcon.colcon_core.environment:create_file_with_runtime_dependencies(/home/mac/Desktop/conti_ws/install/conti_ars430_ros2/share/colcon-core/packages/conti_ars430_ros2)
[4.407s] DEBUG:colcon.colcon_core.event_handler.log_command:Invoked command in '/home/mac/Desktop/conti_ws/build/conti_ars430_viz' returned '2': CMAKE_PREFIX_PATH=/home/mac/Desktop/conti_ws/install/conti_ars430_ros2_msgs:/home/mac/Desktop/conti_ws/install/conti_ars430_viz:/home/mac/Desktop/conti_ws/install/radar_msgs:/home/mac/Desktop/conti_ws/install/conti_ars430_ros2:/home/mac/Desktop/su25/turtlebot4_ws/install/turtlebot4_simulator:/home/mac/Desktop/su25/turtlebot4_ws/install/turtlebot4_ignition_bringup:/home/mac/Desktop/su25/turtlebot4_ws/install/turtlebot4_ignition_toolbox:/home/mac/Desktop/su25/turtlebot4_ws/install/turtlebot4_ignition_gui_plugins:/home/mac/Desktop/su25/turtlebot4_ws/install/ros_vrpn_client:/home/mac/Desktop/su25/turtlebot4_ws/install/parking_demo:/home/mac/Desktop/su25/turtlebot4_ws/install/object_detection:/home/mac/Desktop/su25/turtlebot4_ws/install/leader_follower_demo:/opt/ros/humble LD_LIBRARY_PATH=/home/mac/Desktop/conti_ws/install/conti_ars430_ros2_msgs/lib:/home/mac/Desktop/conti_ws/install/radar_msgs/lib:/opt/ros/humble/opt/rviz_ogre_vendor/lib:/opt/ros/humble/lib/x86_64-linux-gnu:/opt/ros/humble/lib /home/mac/.local/bin/cmake --build /home/mac/Desktop/conti_ws/build/conti_ars430_viz -- -j8 -l8
[4.408s] Level 1:colcon.colcon_core.environment:create_environment_scripts_only(conti_ars430_viz)
[4.409s] Level 1:colcon.colcon_core.environment:checking '/home/mac/Desktop/conti_ws/install/conti_ars430_viz' for CMake module files
[4.410s] Level 1:colcon.colcon_core.environment:checking '/home/mac/Desktop/conti_ws/install/conti_ars430_viz' for CMake config files
[4.410s] Level 1:colcon.colcon_core.shell:create_environment_hook('conti_ars430_viz', 'cmake_prefix_path')
[4.411s] INFO:colcon.colcon_core.shell:Creating environment hook '/home/mac/Desktop/conti_ws/install/conti_ars430_viz/share/conti_ars430_viz/hook/cmake_prefix_path.ps1'
[4.412s] INFO:colcon.colcon_core.shell:Creating environment descriptor '/home/mac/Desktop/conti_ws/install/conti_ars430_viz/share/conti_ars430_viz/hook/cmake_prefix_path.dsv'
[4.412s] INFO:colcon.colcon_core.shell:Creating environment hook '/home/mac/Desktop/conti_ws/install/conti_ars430_viz/share/conti_ars430_viz/hook/cmake_prefix_path.sh'
[4.413s] Level 1:colcon.colcon_core.environment:checking '/home/mac/Desktop/conti_ws/install/conti_ars430_viz/lib'
[4.414s] Level 1:colcon.colcon_core.environment:checking '/home/mac/Desktop/conti_ws/install/conti_ars430_viz/bin'
[4.414s] Level 1:colcon.colcon_core.environment:checking '/home/mac/Desktop/conti_ws/install/conti_ars430_viz/lib/pkgconfig/conti_ars430_viz.pc'
[4.414s] Level 1:colcon.colcon_core.environment:checking '/home/mac/Desktop/conti_ws/install/conti_ars430_viz/lib/python3.10/site-packages'
[4.415s] Level 1:colcon.colcon_core.environment:checking '/home/mac/Desktop/conti_ws/install/conti_ars430_viz/bin'
[4.415s] INFO:colcon.colcon_core.shell:Creating package script '/home/mac/Desktop/conti_ws/install/conti_ars430_viz/share/conti_ars430_viz/package.ps1'
[4.417s] INFO:colcon.colcon_core.shell:Creating package descriptor '/home/mac/Desktop/conti_ws/install/conti_ars430_viz/share/conti_ars430_viz/package.dsv'
[4.418s] INFO:colcon.colcon_core.shell:Creating package script '/home/mac/Desktop/conti_ws/install/conti_ars430_viz/share/conti_ars430_viz/package.sh'
[4.418s] INFO:colcon.colcon_core.shell:Creating package script '/home/mac/Desktop/conti_ws/install/conti_ars430_viz/share/conti_ars430_viz/package.bash'
[4.419s] INFO:colcon.colcon_core.shell:Creating package script '/home/mac/Desktop/conti_ws/install/conti_ars430_viz/share/conti_ars430_viz/package.zsh'
[4.420s] Level 1:colcon.colcon_core.environment:create_file_with_runtime_dependencies(/home/mac/Desktop/conti_ws/install/conti_ars430_viz/share/colcon-core/packages/conti_ars430_viz)
[4.431s] DEBUG:colcon.colcon_parallel_executor.executor.parallel:closing loop
[4.431s] DEBUG:colcon.colcon_parallel_executor.executor.parallel:loop closed
[4.431s] DEBUG:colcon.colcon_parallel_executor.executor.parallel:run_until_complete finished with '2'
[4.431s] DEBUG:colcon.colcon_core.event_reactor:joining thread
[4.444s] INFO:colcon.colcon_core.plugin_system:Skipping extension 'colcon_notification.desktop_notification.terminal_notifier': Not used on non-Darwin systems
[4.445s] INFO:colcon.colcon_core.plugin_system:Skipping extension 'colcon_notification.desktop_notification.win32': Not used on non-Windows systems
[4.445s] INFO:colcon.colcon_notification.desktop_notification:Sending desktop notification using 'notify2'
[4.460s] DEBUG:colcon.colcon_core.event_reactor:joined thread
[4.461s] INFO:colcon.colcon_core.shell:Creating prefix script '/home/mac/Desktop/conti_ws/install/local_setup.ps1'
[4.463s] INFO:colcon.colcon_core.shell:Creating prefix util module '/home/mac/Desktop/conti_ws/install/_local_setup_util_ps1.py'
[4.466s] INFO:colcon.colcon_core.shell:Creating prefix chain script '/home/mac/Desktop/conti_ws/install/setup.ps1'
[4.468s] INFO:colcon.colcon_core.shell:Creating prefix script '/home/mac/Desktop/conti_ws/install/local_setup.sh'
[4.469s] INFO:colcon.colcon_core.shell:Creating prefix util module '/home/mac/Desktop/conti_ws/install/_local_setup_util_sh.py'
[4.471s] INFO:colcon.colcon_core.shell:Creating prefix chain script '/home/mac/Desktop/conti_ws/install/setup.sh'
[4.473s] INFO:colcon.colcon_core.shell:Creating prefix script '/home/mac/Desktop/conti_ws/install/local_setup.bash'
[4.474s] INFO:colcon.colcon_core.shell:Creating prefix chain script '/home/mac/Desktop/conti_ws/install/setup.bash'
[4.476s] INFO:colcon.colcon_core.shell:Creating prefix script '/home/mac/Desktop/conti_ws/install/local_setup.zsh'
[4.477s] INFO:colcon.colcon_core.shell:Creating prefix chain script '/home/mac/Desktop/conti_ws/install/setup.zsh'
