[ 50%] [32mBuilding CXX object CMakeFiles/visualizer.dir/src/conti_ars430_visualizer.cpp.o[0m
[100%] [32m[1mLinking CXX executable visualizer[0m
[100%] Built target visualizer
-- Install configuration: ""
-- Installing: /home/mac/Desktop/conti_ws/install/conti_ars430_viz/lib/conti_ars430_viz/visualizer
-- Set non-toolchain portion of runtime path of "/home/mac/Desktop/conti_ws/install/conti_ars430_viz/lib/conti_ars430_viz/visualizer" to ""
-- Up-to-date: /home/mac/Desktop/conti_ws/install/conti_ars430_viz/include
-- Up-to-date: /home/mac/Desktop/conti_ws/install/conti_ars430_viz/include/conti_ars430_viz
-- Up-to-date: /home/mac/Desktop/conti_ws/install/conti_ars430_viz/include/tinycolormap.hpp
-- Up-to-date: /home/mac/Desktop/conti_ws/install/conti_ars430_viz/share/ament_index/resource_index/package_run_dependencies/conti_ars430_viz
-- Up-to-date: /home/mac/Desktop/conti_ws/install/conti_ars430_viz/share/ament_index/resource_index/parent_prefix_path/conti_ars430_viz
-- Up-to-date: /home/mac/Desktop/conti_ws/install/conti_ars430_viz/share/conti_ars430_viz/environment/ament_prefix_path.sh
-- Up-to-date: /home/mac/Desktop/conti_ws/install/conti_ars430_viz/share/conti_ars430_viz/environment/ament_prefix_path.dsv
-- Up-to-date: /home/mac/Desktop/conti_ws/install/conti_ars430_viz/share/conti_ars430_viz/environment/path.sh
-- Up-to-date: /home/mac/Desktop/conti_ws/install/conti_ars430_viz/share/conti_ars430_viz/environment/path.dsv
-- Up-to-date: /home/mac/Desktop/conti_ws/install/conti_ars430_viz/share/conti_ars430_viz/local_setup.bash
-- Up-to-date: /home/mac/Desktop/conti_ws/install/conti_ars430_viz/share/conti_ars430_viz/local_setup.sh
-- Up-to-date: /home/mac/Desktop/conti_ws/install/conti_ars430_viz/share/conti_ars430_viz/local_setup.zsh
-- Up-to-date: /home/mac/Desktop/conti_ws/install/conti_ars430_viz/share/conti_ars430_viz/local_setup.dsv
-- Installing: /home/mac/Desktop/conti_ws/install/conti_ars430_viz/share/conti_ars430_viz/package.dsv
-- Up-to-date: /home/mac/Desktop/conti_ws/install/conti_ars430_viz/share/ament_index/resource_index/packages/conti_ars430_viz
-- Up-to-date: /home/mac/Desktop/conti_ws/install/conti_ars430_viz/share/conti_ars430_viz/cmake/conti_ars430_vizConfig.cmake
-- Up-to-date: /home/mac/Desktop/conti_ws/install/conti_ars430_viz/share/conti_ars430_viz/cmake/conti_ars430_vizConfig-version.cmake
-- Up-to-date: /home/mac/Desktop/conti_ws/install/conti_ars430_viz/share/conti_ars430_viz/package.xml
