[0.106s] DEBUG:colcon:Command line arguments: ['/usr/bin/colcon', 'build']
[0.106s] DEBUG:colcon:Parsed command line arguments: Namespace(log_base=None, log_level=None, verb_name='build', build_base='build', install_base='install', merge_install=False, symlink_install=False, test_result_base=None, continue_on_error=False, executor='parallel', parallel_workers=8, event_handlers=None, ignore_user_meta=False, metas=['./colcon.meta'], base_paths=['.'], packages_ignore=None, packages_ignore_regex=None, paths=None, packages_up_to=None, packages_up_to_regex=None, packages_above=None, packages_above_and_dependencies=None, packages_above_depth=None, packages_select_by_dep=None, packages_skip_by_dep=None, packages_skip_up_to=None, packages_select_build_failed=False, packages_skip_build_finished=False, packages_select_test_failures=False, packages_skip_test_passed=False, packages_select=None, packages_skip=None, packages_select_regex=None, packages_skip_regex=None, packages_start=None, packages_end=None, allow_overriding=[], cmake_args=None, cmake_target=None, cmake_target_skip_unavailable=False, cmake_clean_cache=False, cmake_clean_first=False, cmake_force_configure=False, ament_cmake_args=None, catkin_cmake_args=None, catkin_skip_building_tests=False, verb_parser=<colcon_defaults.argument_parser.defaults.DefaultArgumentsDecorator object at 0x79af8a6256c0>, verb_extension=<colcon_core.verb.build.BuildVerb object at 0x79af8a788190>, main=<bound method BuildVerb.main of <colcon_core.verb.build.BuildVerb object at 0x79af8a788190>>)
[0.223s] Level 1:colcon.colcon_core.package_discovery:discover_packages(colcon_meta) check parameters
[0.223s] Level 1:colcon.colcon_core.package_discovery:discover_packages(recursive) check parameters
[0.224s] Level 1:colcon.colcon_core.package_discovery:discover_packages(ignore) check parameters
[0.224s] Level 1:colcon.colcon_core.package_discovery:discover_packages(path) check parameters
[0.224s] Level 1:colcon.colcon_core.package_discovery:discover_packages(colcon_meta) discover
[0.224s] Level 1:colcon.colcon_core.package_discovery:discover_packages(recursive) discover
[0.224s] INFO:colcon.colcon_core.package_discovery:Crawling recursively for packages in '/home/mac/Desktop/conti_ws'
[0.224s] Level 1:colcon.colcon_core.package_identification:_identify(.) by extensions ['ignore', 'ignore_ament_install']
[0.224s] Level 1:colcon.colcon_core.package_identification:_identify(.) by extension 'ignore'
[0.224s] Level 1:colcon.colcon_core.package_identification:_identify(.) by extension 'ignore_ament_install'
[0.224s] Level 1:colcon.colcon_core.package_identification:_identify(.) by extensions ['colcon_pkg']
[0.224s] Level 1:colcon.colcon_core.package_identification:_identify(.) by extension 'colcon_pkg'
[0.224s] Level 1:colcon.colcon_core.package_identification:_identify(.) by extensions ['colcon_meta']
[0.224s] Level 1:colcon.colcon_core.package_identification:_identify(.) by extension 'colcon_meta'
[0.224s] Level 1:colcon.colcon_core.package_identification:_identify(.) by extensions ['ros']
[0.224s] Level 1:colcon.colcon_core.package_identification:_identify(.) by extension 'ros'
[0.231s] Level 1:colcon.colcon_core.package_identification:_identify(.) by extensions ['cmake', 'python']
[0.231s] Level 1:colcon.colcon_core.package_identification:_identify(.) by extension 'cmake'
[0.231s] Level 1:colcon.colcon_core.package_identification:_identify(.) by extension 'python'
[0.231s] Level 1:colcon.colcon_core.package_identification:_identify(.) by extensions ['python_setup_py']
[0.231s] Level 1:colcon.colcon_core.package_identification:_identify(.) by extension 'python_setup_py'
[0.231s] Level 1:colcon.colcon_core.package_identification:_identify(build) by extensions ['ignore', 'ignore_ament_install']
[0.231s] Level 1:colcon.colcon_core.package_identification:_identify(build) by extension 'ignore'
[0.231s] Level 1:colcon.colcon_core.package_identification:_identify(build) ignored
[0.232s] Level 1:colcon.colcon_core.package_identification:_identify(data) by extensions ['ignore', 'ignore_ament_install']
[0.232s] Level 1:colcon.colcon_core.package_identification:_identify(data) by extension 'ignore'
[0.232s] Level 1:colcon.colcon_core.package_identification:_identify(data) by extension 'ignore_ament_install'
[0.232s] Level 1:colcon.colcon_core.package_identification:_identify(data) by extensions ['colcon_pkg']
[0.232s] Level 1:colcon.colcon_core.package_identification:_identify(data) by extension 'colcon_pkg'
[0.232s] Level 1:colcon.colcon_core.package_identification:_identify(data) by extensions ['colcon_meta']
[0.232s] Level 1:colcon.colcon_core.package_identification:_identify(data) by extension 'colcon_meta'
[0.232s] Level 1:colcon.colcon_core.package_identification:_identify(data) by extensions ['ros']
[0.232s] Level 1:colcon.colcon_core.package_identification:_identify(data) by extension 'ros'
[0.232s] Level 1:colcon.colcon_core.package_identification:_identify(data) by extensions ['cmake', 'python']
[0.232s] Level 1:colcon.colcon_core.package_identification:_identify(data) by extension 'cmake'
[0.232s] Level 1:colcon.colcon_core.package_identification:_identify(data) by extension 'python'
[0.232s] Level 1:colcon.colcon_core.package_identification:_identify(data) by extensions ['python_setup_py']
[0.232s] Level 1:colcon.colcon_core.package_identification:_identify(data) by extension 'python_setup_py'
[0.232s] Level 1:colcon.colcon_core.package_identification:_identify(data/2025_07_23) by extensions ['ignore', 'ignore_ament_install']
[0.232s] Level 1:colcon.colcon_core.package_identification:_identify(data/2025_07_23) by extension 'ignore'
[0.232s] Level 1:colcon.colcon_core.package_identification:_identify(data/2025_07_23) by extension 'ignore_ament_install'
[0.232s] Level 1:colcon.colcon_core.package_identification:_identify(data/2025_07_23) by extensions ['colcon_pkg']
[0.232s] Level 1:colcon.colcon_core.package_identification:_identify(data/2025_07_23) by extension 'colcon_pkg'
[0.232s] Level 1:colcon.colcon_core.package_identification:_identify(data/2025_07_23) by extensions ['colcon_meta']
[0.232s] Level 1:colcon.colcon_core.package_identification:_identify(data/2025_07_23) by extension 'colcon_meta'
[0.232s] Level 1:colcon.colcon_core.package_identification:_identify(data/2025_07_23) by extensions ['ros']
[0.232s] Level 1:colcon.colcon_core.package_identification:_identify(data/2025_07_23) by extension 'ros'
[0.232s] Level 1:colcon.colcon_core.package_identification:_identify(data/2025_07_23) by extensions ['cmake', 'python']
[0.232s] Level 1:colcon.colcon_core.package_identification:_identify(data/2025_07_23) by extension 'cmake'
[0.232s] Level 1:colcon.colcon_core.package_identification:_identify(data/2025_07_23) by extension 'python'
[0.232s] Level 1:colcon.colcon_core.package_identification:_identify(data/2025_07_23) by extensions ['python_setup_py']
[0.232s] Level 1:colcon.colcon_core.package_identification:_identify(data/2025_07_23) by extension 'python_setup_py'
[0.232s] Level 1:colcon.colcon_core.package_identification:_identify(data/2025_07_23/boxes) by extensions ['ignore', 'ignore_ament_install']
[0.232s] Level 1:colcon.colcon_core.package_identification:_identify(data/2025_07_23/boxes) by extension 'ignore'
[0.232s] Level 1:colcon.colcon_core.package_identification:_identify(data/2025_07_23/boxes) by extension 'ignore_ament_install'
[0.232s] Level 1:colcon.colcon_core.package_identification:_identify(data/2025_07_23/boxes) by extensions ['colcon_pkg']
[0.232s] Level 1:colcon.colcon_core.package_identification:_identify(data/2025_07_23/boxes) by extension 'colcon_pkg'
[0.232s] Level 1:colcon.colcon_core.package_identification:_identify(data/2025_07_23/boxes) by extensions ['colcon_meta']
[0.232s] Level 1:colcon.colcon_core.package_identification:_identify(data/2025_07_23/boxes) by extension 'colcon_meta'
[0.232s] Level 1:colcon.colcon_core.package_identification:_identify(data/2025_07_23/boxes) by extensions ['ros']
[0.232s] Level 1:colcon.colcon_core.package_identification:_identify(data/2025_07_23/boxes) by extension 'ros'
[0.232s] Level 1:colcon.colcon_core.package_identification:_identify(data/2025_07_23/boxes) by extensions ['cmake', 'python']
[0.233s] Level 1:colcon.colcon_core.package_identification:_identify(data/2025_07_23/boxes) by extension 'cmake'
[0.233s] Level 1:colcon.colcon_core.package_identification:_identify(data/2025_07_23/boxes) by extension 'python'
[0.233s] Level 1:colcon.colcon_core.package_identification:_identify(data/2025_07_23/boxes) by extensions ['python_setup_py']
[0.233s] Level 1:colcon.colcon_core.package_identification:_identify(data/2025_07_23/boxes) by extension 'python_setup_py'
[0.233s] Level 1:colcon.colcon_core.package_identification:_identify(data/2025_07_23/rosbag2_2025_07_23-15_34_16) by extensions ['ignore', 'ignore_ament_install']
[0.233s] Level 1:colcon.colcon_core.package_identification:_identify(data/2025_07_23/rosbag2_2025_07_23-15_34_16) by extension 'ignore'
[0.233s] Level 1:colcon.colcon_core.package_identification:_identify(data/2025_07_23/rosbag2_2025_07_23-15_34_16) by extension 'ignore_ament_install'
[0.233s] Level 1:colcon.colcon_core.package_identification:_identify(data/2025_07_23/rosbag2_2025_07_23-15_34_16) by extensions ['colcon_pkg']
[0.233s] Level 1:colcon.colcon_core.package_identification:_identify(data/2025_07_23/rosbag2_2025_07_23-15_34_16) by extension 'colcon_pkg'
[0.233s] Level 1:colcon.colcon_core.package_identification:_identify(data/2025_07_23/rosbag2_2025_07_23-15_34_16) by extensions ['colcon_meta']
[0.233s] Level 1:colcon.colcon_core.package_identification:_identify(data/2025_07_23/rosbag2_2025_07_23-15_34_16) by extension 'colcon_meta'
[0.233s] Level 1:colcon.colcon_core.package_identification:_identify(data/2025_07_23/rosbag2_2025_07_23-15_34_16) by extensions ['ros']
[0.233s] Level 1:colcon.colcon_core.package_identification:_identify(data/2025_07_23/rosbag2_2025_07_23-15_34_16) by extension 'ros'
[0.233s] Level 1:colcon.colcon_core.package_identification:_identify(data/2025_07_23/rosbag2_2025_07_23-15_34_16) by extensions ['cmake', 'python']
[0.233s] Level 1:colcon.colcon_core.package_identification:_identify(data/2025_07_23/rosbag2_2025_07_23-15_34_16) by extension 'cmake'
[0.233s] Level 1:colcon.colcon_core.package_identification:_identify(data/2025_07_23/rosbag2_2025_07_23-15_34_16) by extension 'python'
[0.233s] Level 1:colcon.colcon_core.package_identification:_identify(data/2025_07_23/rosbag2_2025_07_23-15_34_16) by extensions ['python_setup_py']
[0.233s] Level 1:colcon.colcon_core.package_identification:_identify(data/2025_07_23/rosbag2_2025_07_23-15_34_16) by extension 'python_setup_py'
[0.233s] Level 1:colcon.colcon_core.package_identification:_identify(data/2025_07_24) by extensions ['ignore', 'ignore_ament_install']
[0.233s] Level 1:colcon.colcon_core.package_identification:_identify(data/2025_07_24) by extension 'ignore'
[0.233s] Level 1:colcon.colcon_core.package_identification:_identify(data/2025_07_24) by extension 'ignore_ament_install'
[0.233s] Level 1:colcon.colcon_core.package_identification:_identify(data/2025_07_24) by extensions ['colcon_pkg']
[0.233s] Level 1:colcon.colcon_core.package_identification:_identify(data/2025_07_24) by extension 'colcon_pkg'
[0.233s] Level 1:colcon.colcon_core.package_identification:_identify(data/2025_07_24) by extensions ['colcon_meta']
[0.233s] Level 1:colcon.colcon_core.package_identification:_identify(data/2025_07_24) by extension 'colcon_meta'
[0.233s] Level 1:colcon.colcon_core.package_identification:_identify(data/2025_07_24) by extensions ['ros']
[0.233s] Level 1:colcon.colcon_core.package_identification:_identify(data/2025_07_24) by extension 'ros'
[0.233s] Level 1:colcon.colcon_core.package_identification:_identify(data/2025_07_24) by extensions ['cmake', 'python']
[0.233s] Level 1:colcon.colcon_core.package_identification:_identify(data/2025_07_24) by extension 'cmake'
[0.233s] Level 1:colcon.colcon_core.package_identification:_identify(data/2025_07_24) by extension 'python'
[0.233s] Level 1:colcon.colcon_core.package_identification:_identify(data/2025_07_24) by extensions ['python_setup_py']
[0.233s] Level 1:colcon.colcon_core.package_identification:_identify(data/2025_07_24) by extension 'python_setup_py'
[0.233s] Level 1:colcon.colcon_core.package_identification:_identify(data/2025_07_24/rosbag2_2025_07_24-11_39_39) by extensions ['ignore', 'ignore_ament_install']
[0.233s] Level 1:colcon.colcon_core.package_identification:_identify(data/2025_07_24/rosbag2_2025_07_24-11_39_39) by extension 'ignore'
[0.233s] Level 1:colcon.colcon_core.package_identification:_identify(data/2025_07_24/rosbag2_2025_07_24-11_39_39) by extension 'ignore_ament_install'
[0.233s] Level 1:colcon.colcon_core.package_identification:_identify(data/2025_07_24/rosbag2_2025_07_24-11_39_39) by extensions ['colcon_pkg']
[0.233s] Level 1:colcon.colcon_core.package_identification:_identify(data/2025_07_24/rosbag2_2025_07_24-11_39_39) by extension 'colcon_pkg'
[0.233s] Level 1:colcon.colcon_core.package_identification:_identify(data/2025_07_24/rosbag2_2025_07_24-11_39_39) by extensions ['colcon_meta']
[0.233s] Level 1:colcon.colcon_core.package_identification:_identify(data/2025_07_24/rosbag2_2025_07_24-11_39_39) by extension 'colcon_meta'
[0.233s] Level 1:colcon.colcon_core.package_identification:_identify(data/2025_07_24/rosbag2_2025_07_24-11_39_39) by extensions ['ros']
[0.234s] Level 1:colcon.colcon_core.package_identification:_identify(data/2025_07_24/rosbag2_2025_07_24-11_39_39) by extension 'ros'
[0.234s] Level 1:colcon.colcon_core.package_identification:_identify(data/2025_07_24/rosbag2_2025_07_24-11_39_39) by extensions ['cmake', 'python']
[0.234s] Level 1:colcon.colcon_core.package_identification:_identify(data/2025_07_24/rosbag2_2025_07_24-11_39_39) by extension 'cmake'
[0.234s] Level 1:colcon.colcon_core.package_identification:_identify(data/2025_07_24/rosbag2_2025_07_24-11_39_39) by extension 'python'
[0.234s] Level 1:colcon.colcon_core.package_identification:_identify(data/2025_07_24/rosbag2_2025_07_24-11_39_39) by extensions ['python_setup_py']
[0.234s] Level 1:colcon.colcon_core.package_identification:_identify(data/2025_07_24/rosbag2_2025_07_24-11_39_39) by extension 'python_setup_py'
[0.234s] Level 1:colcon.colcon_core.package_identification:_identify(data/2025_07_24/rosbag2_2025_07_24-11_47_43) by extensions ['ignore', 'ignore_ament_install']
[0.234s] Level 1:colcon.colcon_core.package_identification:_identify(data/2025_07_24/rosbag2_2025_07_24-11_47_43) by extension 'ignore'
[0.234s] Level 1:colcon.colcon_core.package_identification:_identify(data/2025_07_24/rosbag2_2025_07_24-11_47_43) by extension 'ignore_ament_install'
[0.234s] Level 1:colcon.colcon_core.package_identification:_identify(data/2025_07_24/rosbag2_2025_07_24-11_47_43) by extensions ['colcon_pkg']
[0.234s] Level 1:colcon.colcon_core.package_identification:_identify(data/2025_07_24/rosbag2_2025_07_24-11_47_43) by extension 'colcon_pkg'
[0.234s] Level 1:colcon.colcon_core.package_identification:_identify(data/2025_07_24/rosbag2_2025_07_24-11_47_43) by extensions ['colcon_meta']
[0.234s] Level 1:colcon.colcon_core.package_identification:_identify(data/2025_07_24/rosbag2_2025_07_24-11_47_43) by extension 'colcon_meta'
[0.234s] Level 1:colcon.colcon_core.package_identification:_identify(data/2025_07_24/rosbag2_2025_07_24-11_47_43) by extensions ['ros']
[0.234s] Level 1:colcon.colcon_core.package_identification:_identify(data/2025_07_24/rosbag2_2025_07_24-11_47_43) by extension 'ros'
[0.234s] Level 1:colcon.colcon_core.package_identification:_identify(data/2025_07_24/rosbag2_2025_07_24-11_47_43) by extensions ['cmake', 'python']
[0.234s] Level 1:colcon.colcon_core.package_identification:_identify(data/2025_07_24/rosbag2_2025_07_24-11_47_43) by extension 'cmake'
[0.234s] Level 1:colcon.colcon_core.package_identification:_identify(data/2025_07_24/rosbag2_2025_07_24-11_47_43) by extension 'python'
[0.234s] Level 1:colcon.colcon_core.package_identification:_identify(data/2025_07_24/rosbag2_2025_07_24-11_47_43) by extensions ['python_setup_py']
[0.234s] Level 1:colcon.colcon_core.package_identification:_identify(data/2025_07_24/rosbag2_2025_07_24-11_47_43) by extension 'python_setup_py'
[0.234s] Level 1:colcon.colcon_core.package_identification:_identify(data/2025_07_24/rosbag2_2025_07_24-11_53_07) by extensions ['ignore', 'ignore_ament_install']
[0.234s] Level 1:colcon.colcon_core.package_identification:_identify(data/2025_07_24/rosbag2_2025_07_24-11_53_07) by extension 'ignore'
[0.234s] Level 1:colcon.colcon_core.package_identification:_identify(data/2025_07_24/rosbag2_2025_07_24-11_53_07) by extension 'ignore_ament_install'
[0.234s] Level 1:colcon.colcon_core.package_identification:_identify(data/2025_07_24/rosbag2_2025_07_24-11_53_07) by extensions ['colcon_pkg']
[0.234s] Level 1:colcon.colcon_core.package_identification:_identify(data/2025_07_24/rosbag2_2025_07_24-11_53_07) by extension 'colcon_pkg'
[0.234s] Level 1:colcon.colcon_core.package_identification:_identify(data/2025_07_24/rosbag2_2025_07_24-11_53_07) by extensions ['colcon_meta']
[0.234s] Level 1:colcon.colcon_core.package_identification:_identify(data/2025_07_24/rosbag2_2025_07_24-11_53_07) by extension 'colcon_meta'
[0.234s] Level 1:colcon.colcon_core.package_identification:_identify(data/2025_07_24/rosbag2_2025_07_24-11_53_07) by extensions ['ros']
[0.234s] Level 1:colcon.colcon_core.package_identification:_identify(data/2025_07_24/rosbag2_2025_07_24-11_53_07) by extension 'ros'
[0.234s] Level 1:colcon.colcon_core.package_identification:_identify(data/2025_07_24/rosbag2_2025_07_24-11_53_07) by extensions ['cmake', 'python']
[0.234s] Level 1:colcon.colcon_core.package_identification:_identify(data/2025_07_24/rosbag2_2025_07_24-11_53_07) by extension 'cmake'
[0.234s] Level 1:colcon.colcon_core.package_identification:_identify(data/2025_07_24/rosbag2_2025_07_24-11_53_07) by extension 'python'
[0.234s] Level 1:colcon.colcon_core.package_identification:_identify(data/2025_07_24/rosbag2_2025_07_24-11_53_07) by extensions ['python_setup_py']
[0.234s] Level 1:colcon.colcon_core.package_identification:_identify(data/2025_07_24/rosbag2_2025_07_24-11_53_07) by extension 'python_setup_py'
[0.234s] Level 1:colcon.colcon_core.package_identification:_identify(data/2025_07_24/rosbag2_2025_07_24-12_10_00) by extensions ['ignore', 'ignore_ament_install']
[0.234s] Level 1:colcon.colcon_core.package_identification:_identify(data/2025_07_24/rosbag2_2025_07_24-12_10_00) by extension 'ignore'
[0.234s] Level 1:colcon.colcon_core.package_identification:_identify(data/2025_07_24/rosbag2_2025_07_24-12_10_00) by extension 'ignore_ament_install'
[0.234s] Level 1:colcon.colcon_core.package_identification:_identify(data/2025_07_24/rosbag2_2025_07_24-12_10_00) by extensions ['colcon_pkg']
[0.234s] Level 1:colcon.colcon_core.package_identification:_identify(data/2025_07_24/rosbag2_2025_07_24-12_10_00) by extension 'colcon_pkg'
[0.235s] Level 1:colcon.colcon_core.package_identification:_identify(data/2025_07_24/rosbag2_2025_07_24-12_10_00) by extensions ['colcon_meta']
[0.235s] Level 1:colcon.colcon_core.package_identification:_identify(data/2025_07_24/rosbag2_2025_07_24-12_10_00) by extension 'colcon_meta'
[0.235s] Level 1:colcon.colcon_core.package_identification:_identify(data/2025_07_24/rosbag2_2025_07_24-12_10_00) by extensions ['ros']
[0.235s] Level 1:colcon.colcon_core.package_identification:_identify(data/2025_07_24/rosbag2_2025_07_24-12_10_00) by extension 'ros'
[0.235s] Level 1:colcon.colcon_core.package_identification:_identify(data/2025_07_24/rosbag2_2025_07_24-12_10_00) by extensions ['cmake', 'python']
[0.235s] Level 1:colcon.colcon_core.package_identification:_identify(data/2025_07_24/rosbag2_2025_07_24-12_10_00) by extension 'cmake'
[0.235s] Level 1:colcon.colcon_core.package_identification:_identify(data/2025_07_24/rosbag2_2025_07_24-12_10_00) by extension 'python'
[0.235s] Level 1:colcon.colcon_core.package_identification:_identify(data/2025_07_24/rosbag2_2025_07_24-12_10_00) by extensions ['python_setup_py']
[0.235s] Level 1:colcon.colcon_core.package_identification:_identify(data/2025_07_24/rosbag2_2025_07_24-12_10_00) by extension 'python_setup_py'
[0.235s] Level 1:colcon.colcon_core.package_identification:_identify(data/2025_07_25) by extensions ['ignore', 'ignore_ament_install']
[0.235s] Level 1:colcon.colcon_core.package_identification:_identify(data/2025_07_25) by extension 'ignore'
[0.235s] Level 1:colcon.colcon_core.package_identification:_identify(data/2025_07_25) by extension 'ignore_ament_install'
[0.235s] Level 1:colcon.colcon_core.package_identification:_identify(data/2025_07_25) by extensions ['colcon_pkg']
[0.235s] Level 1:colcon.colcon_core.package_identification:_identify(data/2025_07_25) by extension 'colcon_pkg'
[0.235s] Level 1:colcon.colcon_core.package_identification:_identify(data/2025_07_25) by extensions ['colcon_meta']
[0.235s] Level 1:colcon.colcon_core.package_identification:_identify(data/2025_07_25) by extension 'colcon_meta'
[0.235s] Level 1:colcon.colcon_core.package_identification:_identify(data/2025_07_25) by extensions ['ros']
[0.235s] Level 1:colcon.colcon_core.package_identification:_identify(data/2025_07_25) by extension 'ros'
[0.235s] Level 1:colcon.colcon_core.package_identification:_identify(data/2025_07_25) by extensions ['cmake', 'python']
[0.235s] Level 1:colcon.colcon_core.package_identification:_identify(data/2025_07_25) by extension 'cmake'
[0.235s] Level 1:colcon.colcon_core.package_identification:_identify(data/2025_07_25) by extension 'python'
[0.235s] Level 1:colcon.colcon_core.package_identification:_identify(data/2025_07_25) by extensions ['python_setup_py']
[0.235s] Level 1:colcon.colcon_core.package_identification:_identify(data/2025_07_25) by extension 'python_setup_py'
[0.235s] Level 1:colcon.colcon_core.package_identification:_identify(data/2025_07_25/rosbag2_2025_07_25-14_05_36) by extensions ['ignore', 'ignore_ament_install']
[0.235s] Level 1:colcon.colcon_core.package_identification:_identify(data/2025_07_25/rosbag2_2025_07_25-14_05_36) by extension 'ignore'
[0.235s] Level 1:colcon.colcon_core.package_identification:_identify(data/2025_07_25/rosbag2_2025_07_25-14_05_36) by extension 'ignore_ament_install'
[0.235s] Level 1:colcon.colcon_core.package_identification:_identify(data/2025_07_25/rosbag2_2025_07_25-14_05_36) by extensions ['colcon_pkg']
[0.235s] Level 1:colcon.colcon_core.package_identification:_identify(data/2025_07_25/rosbag2_2025_07_25-14_05_36) by extension 'colcon_pkg'
[0.235s] Level 1:colcon.colcon_core.package_identification:_identify(data/2025_07_25/rosbag2_2025_07_25-14_05_36) by extensions ['colcon_meta']
[0.235s] Level 1:colcon.colcon_core.package_identification:_identify(data/2025_07_25/rosbag2_2025_07_25-14_05_36) by extension 'colcon_meta'
[0.235s] Level 1:colcon.colcon_core.package_identification:_identify(data/2025_07_25/rosbag2_2025_07_25-14_05_36) by extensions ['ros']
[0.235s] Level 1:colcon.colcon_core.package_identification:_identify(data/2025_07_25/rosbag2_2025_07_25-14_05_36) by extension 'ros'
[0.235s] Level 1:colcon.colcon_core.package_identification:_identify(data/2025_07_25/rosbag2_2025_07_25-14_05_36) by extensions ['cmake', 'python']
[0.235s] Level 1:colcon.colcon_core.package_identification:_identify(data/2025_07_25/rosbag2_2025_07_25-14_05_36) by extension 'cmake'
[0.235s] Level 1:colcon.colcon_core.package_identification:_identify(data/2025_07_25/rosbag2_2025_07_25-14_05_36) by extension 'python'
[0.235s] Level 1:colcon.colcon_core.package_identification:_identify(data/2025_07_25/rosbag2_2025_07_25-14_05_36) by extensions ['python_setup_py']
[0.235s] Level 1:colcon.colcon_core.package_identification:_identify(data/2025_07_25/rosbag2_2025_07_25-14_05_36) by extension 'python_setup_py'
[0.235s] Level 1:colcon.colcon_core.package_identification:_identify(data/2025_07_25/rosbag2_2025_07_25-14_11_01) by extensions ['ignore', 'ignore_ament_install']
[0.235s] Level 1:colcon.colcon_core.package_identification:_identify(data/2025_07_25/rosbag2_2025_07_25-14_11_01) by extension 'ignore'
[0.235s] Level 1:colcon.colcon_core.package_identification:_identify(data/2025_07_25/rosbag2_2025_07_25-14_11_01) by extension 'ignore_ament_install'
[0.236s] Level 1:colcon.colcon_core.package_identification:_identify(data/2025_07_25/rosbag2_2025_07_25-14_11_01) by extensions ['colcon_pkg']
[0.236s] Level 1:colcon.colcon_core.package_identification:_identify(data/2025_07_25/rosbag2_2025_07_25-14_11_01) by extension 'colcon_pkg'
[0.236s] Level 1:colcon.colcon_core.package_identification:_identify(data/2025_07_25/rosbag2_2025_07_25-14_11_01) by extensions ['colcon_meta']
[0.236s] Level 1:colcon.colcon_core.package_identification:_identify(data/2025_07_25/rosbag2_2025_07_25-14_11_01) by extension 'colcon_meta'
[0.236s] Level 1:colcon.colcon_core.package_identification:_identify(data/2025_07_25/rosbag2_2025_07_25-14_11_01) by extensions ['ros']
[0.236s] Level 1:colcon.colcon_core.package_identification:_identify(data/2025_07_25/rosbag2_2025_07_25-14_11_01) by extension 'ros'
[0.236s] Level 1:colcon.colcon_core.package_identification:_identify(data/2025_07_25/rosbag2_2025_07_25-14_11_01) by extensions ['cmake', 'python']
[0.236s] Level 1:colcon.colcon_core.package_identification:_identify(data/2025_07_25/rosbag2_2025_07_25-14_11_01) by extension 'cmake'
[0.236s] Level 1:colcon.colcon_core.package_identification:_identify(data/2025_07_25/rosbag2_2025_07_25-14_11_01) by extension 'python'
[0.236s] Level 1:colcon.colcon_core.package_identification:_identify(data/2025_07_25/rosbag2_2025_07_25-14_11_01) by extensions ['python_setup_py']
[0.236s] Level 1:colcon.colcon_core.package_identification:_identify(data/2025_07_25/rosbag2_2025_07_25-14_11_01) by extension 'python_setup_py'
[0.236s] Level 1:colcon.colcon_core.package_identification:_identify(data/2025_07_25/rosbag2_2025_07_25-14_15_40) by extensions ['ignore', 'ignore_ament_install']
[0.236s] Level 1:colcon.colcon_core.package_identification:_identify(data/2025_07_25/rosbag2_2025_07_25-14_15_40) by extension 'ignore'
[0.236s] Level 1:colcon.colcon_core.package_identification:_identify(data/2025_07_25/rosbag2_2025_07_25-14_15_40) by extension 'ignore_ament_install'
[0.236s] Level 1:colcon.colcon_core.package_identification:_identify(data/2025_07_25/rosbag2_2025_07_25-14_15_40) by extensions ['colcon_pkg']
[0.236s] Level 1:colcon.colcon_core.package_identification:_identify(data/2025_07_25/rosbag2_2025_07_25-14_15_40) by extension 'colcon_pkg'
[0.236s] Level 1:colcon.colcon_core.package_identification:_identify(data/2025_07_25/rosbag2_2025_07_25-14_15_40) by extensions ['colcon_meta']
[0.236s] Level 1:colcon.colcon_core.package_identification:_identify(data/2025_07_25/rosbag2_2025_07_25-14_15_40) by extension 'colcon_meta'
[0.236s] Level 1:colcon.colcon_core.package_identification:_identify(data/2025_07_25/rosbag2_2025_07_25-14_15_40) by extensions ['ros']
[0.236s] Level 1:colcon.colcon_core.package_identification:_identify(data/2025_07_25/rosbag2_2025_07_25-14_15_40) by extension 'ros'
[0.236s] Level 1:colcon.colcon_core.package_identification:_identify(data/2025_07_25/rosbag2_2025_07_25-14_15_40) by extensions ['cmake', 'python']
[0.236s] Level 1:colcon.colcon_core.package_identification:_identify(data/2025_07_25/rosbag2_2025_07_25-14_15_40) by extension 'cmake'
[0.236s] Level 1:colcon.colcon_core.package_identification:_identify(data/2025_07_25/rosbag2_2025_07_25-14_15_40) by extension 'python'
[0.236s] Level 1:colcon.colcon_core.package_identification:_identify(data/2025_07_25/rosbag2_2025_07_25-14_15_40) by extensions ['python_setup_py']
[0.236s] Level 1:colcon.colcon_core.package_identification:_identify(data/2025_07_25/rosbag2_2025_07_25-14_15_40) by extension 'python_setup_py'
[0.236s] Level 1:colcon.colcon_core.package_identification:_identify(data/2025_07_25/rosbag2_2025_07_25-14_21_24) by extensions ['ignore', 'ignore_ament_install']
[0.236s] Level 1:colcon.colcon_core.package_identification:_identify(data/2025_07_25/rosbag2_2025_07_25-14_21_24) by extension 'ignore'
[0.236s] Level 1:colcon.colcon_core.package_identification:_identify(data/2025_07_25/rosbag2_2025_07_25-14_21_24) by extension 'ignore_ament_install'
[0.236s] Level 1:colcon.colcon_core.package_identification:_identify(data/2025_07_25/rosbag2_2025_07_25-14_21_24) by extensions ['colcon_pkg']
[0.236s] Level 1:colcon.colcon_core.package_identification:_identify(data/2025_07_25/rosbag2_2025_07_25-14_21_24) by extension 'colcon_pkg'
[0.236s] Level 1:colcon.colcon_core.package_identification:_identify(data/2025_07_25/rosbag2_2025_07_25-14_21_24) by extensions ['colcon_meta']
[0.236s] Level 1:colcon.colcon_core.package_identification:_identify(data/2025_07_25/rosbag2_2025_07_25-14_21_24) by extension 'colcon_meta'
[0.236s] Level 1:colcon.colcon_core.package_identification:_identify(data/2025_07_25/rosbag2_2025_07_25-14_21_24) by extensions ['ros']
[0.236s] Level 1:colcon.colcon_core.package_identification:_identify(data/2025_07_25/rosbag2_2025_07_25-14_21_24) by extension 'ros'
[0.236s] Level 1:colcon.colcon_core.package_identification:_identify(data/2025_07_25/rosbag2_2025_07_25-14_21_24) by extensions ['cmake', 'python']
[0.236s] Level 1:colcon.colcon_core.package_identification:_identify(data/2025_07_25/rosbag2_2025_07_25-14_21_24) by extension 'cmake'
[0.236s] Level 1:colcon.colcon_core.package_identification:_identify(data/2025_07_25/rosbag2_2025_07_25-14_21_24) by extension 'python'
[0.236s] Level 1:colcon.colcon_core.package_identification:_identify(data/2025_07_25/rosbag2_2025_07_25-14_21_24) by extensions ['python_setup_py']
[0.236s] Level 1:colcon.colcon_core.package_identification:_identify(data/2025_07_25/rosbag2_2025_07_25-14_21_24) by extension 'python_setup_py'
[0.236s] Level 1:colcon.colcon_core.package_identification:_identify(install) by extensions ['ignore', 'ignore_ament_install']
[0.237s] Level 1:colcon.colcon_core.package_identification:_identify(install) by extension 'ignore'
[0.237s] Level 1:colcon.colcon_core.package_identification:_identify(install) ignored
[0.237s] Level 1:colcon.colcon_core.package_identification:_identify(log) by extensions ['ignore', 'ignore_ament_install']
[0.237s] Level 1:colcon.colcon_core.package_identification:_identify(log) by extension 'ignore'
[0.237s] Level 1:colcon.colcon_core.package_identification:_identify(log) ignored
[0.237s] Level 1:colcon.colcon_core.package_identification:_identify(src) by extensions ['ignore', 'ignore_ament_install']
[0.237s] Level 1:colcon.colcon_core.package_identification:_identify(src) by extension 'ignore'
[0.237s] Level 1:colcon.colcon_core.package_identification:_identify(src) by extension 'ignore_ament_install'
[0.237s] Level 1:colcon.colcon_core.package_identification:_identify(src) by extensions ['colcon_pkg']
[0.237s] Level 1:colcon.colcon_core.package_identification:_identify(src) by extension 'colcon_pkg'
[0.237s] Level 1:colcon.colcon_core.package_identification:_identify(src) by extensions ['colcon_meta']
[0.237s] Level 1:colcon.colcon_core.package_identification:_identify(src) by extension 'colcon_meta'
[0.237s] Level 1:colcon.colcon_core.package_identification:_identify(src) by extensions ['ros']
[0.237s] Level 1:colcon.colcon_core.package_identification:_identify(src) by extension 'ros'
[0.237s] Level 1:colcon.colcon_core.package_identification:_identify(src) by extensions ['cmake', 'python']
[0.237s] Level 1:colcon.colcon_core.package_identification:_identify(src) by extension 'cmake'
[0.237s] Level 1:colcon.colcon_core.package_identification:_identify(src) by extension 'python'
[0.237s] Level 1:colcon.colcon_core.package_identification:_identify(src) by extensions ['python_setup_py']
[0.237s] Level 1:colcon.colcon_core.package_identification:_identify(src) by extension 'python_setup_py'
[0.237s] Level 1:colcon.colcon_core.package_identification:_identify(src/conti_ars430_ros2) by extensions ['ignore', 'ignore_ament_install']
[0.237s] Level 1:colcon.colcon_core.package_identification:_identify(src/conti_ars430_ros2) by extension 'ignore'
[0.237s] Level 1:colcon.colcon_core.package_identification:_identify(src/conti_ars430_ros2) by extension 'ignore_ament_install'
[0.237s] Level 1:colcon.colcon_core.package_identification:_identify(src/conti_ars430_ros2) by extensions ['colcon_pkg']
[0.237s] Level 1:colcon.colcon_core.package_identification:_identify(src/conti_ars430_ros2) by extension 'colcon_pkg'
[0.237s] Level 1:colcon.colcon_core.package_identification:_identify(src/conti_ars430_ros2) by extensions ['colcon_meta']
[0.237s] Level 1:colcon.colcon_core.package_identification:_identify(src/conti_ars430_ros2) by extension 'colcon_meta'
[0.237s] Level 1:colcon.colcon_core.package_identification:_identify(src/conti_ars430_ros2) by extensions ['ros']
[0.237s] Level 1:colcon.colcon_core.package_identification:_identify(src/conti_ars430_ros2) by extension 'ros'
[0.239s] DEBUG:colcon.colcon_core.package_identification:Package 'src/conti_ars430_ros2' with type 'ros.ament_cmake' and name 'conti_ars430_ros2'
[0.239s] Level 1:colcon.colcon_core.package_identification:_identify(src/conti_ars430_ros2_msgs) by extensions ['ignore', 'ignore_ament_install']
[0.239s] Level 1:colcon.colcon_core.package_identification:_identify(src/conti_ars430_ros2_msgs) by extension 'ignore'
[0.239s] Level 1:colcon.colcon_core.package_identification:_identify(src/conti_ars430_ros2_msgs) by extension 'ignore_ament_install'
[0.239s] Level 1:colcon.colcon_core.package_identification:_identify(src/conti_ars430_ros2_msgs) by extensions ['colcon_pkg']
[0.239s] Level 1:colcon.colcon_core.package_identification:_identify(src/conti_ars430_ros2_msgs) by extension 'colcon_pkg'
[0.239s] Level 1:colcon.colcon_core.package_identification:_identify(src/conti_ars430_ros2_msgs) by extensions ['colcon_meta']
[0.239s] Level 1:colcon.colcon_core.package_identification:_identify(src/conti_ars430_ros2_msgs) by extension 'colcon_meta'
[0.239s] Level 1:colcon.colcon_core.package_identification:_identify(src/conti_ars430_ros2_msgs) by extensions ['ros']
[0.239s] Level 1:colcon.colcon_core.package_identification:_identify(src/conti_ars430_ros2_msgs) by extension 'ros'
[0.240s] DEBUG:colcon.colcon_core.package_identification:Package 'src/conti_ars430_ros2_msgs' with type 'ros.ament_cmake' and name 'conti_ars430_ros2_msgs'
[0.240s] Level 1:colcon.colcon_core.package_identification:_identify(src/conti_ars430_viz) by extensions ['ignore', 'ignore_ament_install']
[0.240s] Level 1:colcon.colcon_core.package_identification:_identify(src/conti_ars430_viz) by extension 'ignore'
[0.240s] Level 1:colcon.colcon_core.package_identification:_identify(src/conti_ars430_viz) by extension 'ignore_ament_install'
[0.240s] Level 1:colcon.colcon_core.package_identification:_identify(src/conti_ars430_viz) by extensions ['colcon_pkg']
[0.240s] Level 1:colcon.colcon_core.package_identification:_identify(src/conti_ars430_viz) by extension 'colcon_pkg'
[0.240s] Level 1:colcon.colcon_core.package_identification:_identify(src/conti_ars430_viz) by extensions ['colcon_meta']
[0.240s] Level 1:colcon.colcon_core.package_identification:_identify(src/conti_ars430_viz) by extension 'colcon_meta'
[0.240s] Level 1:colcon.colcon_core.package_identification:_identify(src/conti_ars430_viz) by extensions ['ros']
[0.240s] Level 1:colcon.colcon_core.package_identification:_identify(src/conti_ars430_viz) by extension 'ros'
[0.240s] DEBUG:colcon.colcon_core.package_identification:Package 'src/conti_ars430_viz' with type 'ros.ament_cmake' and name 'conti_ars430_viz'
[0.241s] Level 1:colcon.colcon_core.package_identification:_identify(src/data) by extensions ['ignore', 'ignore_ament_install']
[0.241s] Level 1:colcon.colcon_core.package_identification:_identify(src/data) by extension 'ignore'
[0.241s] Level 1:colcon.colcon_core.package_identification:_identify(src/data) by extension 'ignore_ament_install'
[0.241s] Level 1:colcon.colcon_core.package_identification:_identify(src/data) by extensions ['colcon_pkg']
[0.241s] Level 1:colcon.colcon_core.package_identification:_identify(src/data) by extension 'colcon_pkg'
[0.241s] Level 1:colcon.colcon_core.package_identification:_identify(src/data) by extensions ['colcon_meta']
[0.241s] Level 1:colcon.colcon_core.package_identification:_identify(src/data) by extension 'colcon_meta'
[0.241s] Level 1:colcon.colcon_core.package_identification:_identify(src/data) by extensions ['ros']
[0.241s] Level 1:colcon.colcon_core.package_identification:_identify(src/data) by extension 'ros'
[0.241s] Level 1:colcon.colcon_core.package_identification:_identify(src/data) by extensions ['cmake', 'python']
[0.241s] Level 1:colcon.colcon_core.package_identification:_identify(src/data) by extension 'cmake'
[0.241s] Level 1:colcon.colcon_core.package_identification:_identify(src/data) by extension 'python'
[0.241s] Level 1:colcon.colcon_core.package_identification:_identify(src/data) by extensions ['python_setup_py']
[0.241s] Level 1:colcon.colcon_core.package_identification:_identify(src/data) by extension 'python_setup_py'
[0.241s] Level 1:colcon.colcon_core.package_identification:_identify(src/data/rosbag2_2025_06_24-11_27_33) by extensions ['ignore', 'ignore_ament_install']
[0.241s] Level 1:colcon.colcon_core.package_identification:_identify(src/data/rosbag2_2025_06_24-11_27_33) by extension 'ignore'
[0.241s] Level 1:colcon.colcon_core.package_identification:_identify(src/data/rosbag2_2025_06_24-11_27_33) by extension 'ignore_ament_install'
[0.241s] Level 1:colcon.colcon_core.package_identification:_identify(src/data/rosbag2_2025_06_24-11_27_33) by extensions ['colcon_pkg']
[0.241s] Level 1:colcon.colcon_core.package_identification:_identify(src/data/rosbag2_2025_06_24-11_27_33) by extension 'colcon_pkg'
[0.241s] Level 1:colcon.colcon_core.package_identification:_identify(src/data/rosbag2_2025_06_24-11_27_33) by extensions ['colcon_meta']
[0.241s] Level 1:colcon.colcon_core.package_identification:_identify(src/data/rosbag2_2025_06_24-11_27_33) by extension 'colcon_meta'
[0.241s] Level 1:colcon.colcon_core.package_identification:_identify(src/data/rosbag2_2025_06_24-11_27_33) by extensions ['ros']
[0.241s] Level 1:colcon.colcon_core.package_identification:_identify(src/data/rosbag2_2025_06_24-11_27_33) by extension 'ros'
[0.241s] Level 1:colcon.colcon_core.package_identification:_identify(src/data/rosbag2_2025_06_24-11_27_33) by extensions ['cmake', 'python']
[0.241s] Level 1:colcon.colcon_core.package_identification:_identify(src/data/rosbag2_2025_06_24-11_27_33) by extension 'cmake'
[0.241s] Level 1:colcon.colcon_core.package_identification:_identify(src/data/rosbag2_2025_06_24-11_27_33) by extension 'python'
[0.241s] Level 1:colcon.colcon_core.package_identification:_identify(src/data/rosbag2_2025_06_24-11_27_33) by extensions ['python_setup_py']
[0.241s] Level 1:colcon.colcon_core.package_identification:_identify(src/data/rosbag2_2025_06_24-11_27_33) by extension 'python_setup_py'
[0.241s] Level 1:colcon.colcon_core.package_identification:_identify(src/radar_msgs) by extensions ['ignore', 'ignore_ament_install']
[0.241s] Level 1:colcon.colcon_core.package_identification:_identify(src/radar_msgs) by extension 'ignore'
[0.241s] Level 1:colcon.colcon_core.package_identification:_identify(src/radar_msgs) by extension 'ignore_ament_install'
[0.241s] Level 1:colcon.colcon_core.package_identification:_identify(src/radar_msgs) by extensions ['colcon_pkg']
[0.241s] Level 1:colcon.colcon_core.package_identification:_identify(src/radar_msgs) by extension 'colcon_pkg'
[0.241s] Level 1:colcon.colcon_core.package_identification:_identify(src/radar_msgs) by extensions ['colcon_meta']
[0.241s] Level 1:colcon.colcon_core.package_identification:_identify(src/radar_msgs) by extension 'colcon_meta'
[0.242s] Level 1:colcon.colcon_core.package_identification:_identify(src/radar_msgs) by extensions ['ros']
[0.242s] Level 1:colcon.colcon_core.package_identification:_identify(src/radar_msgs) by extension 'ros'
[0.242s] DEBUG:colcon.colcon_core.package_identification:Package 'src/radar_msgs' with type 'ros.ament_cmake' and name 'radar_msgs'
[0.242s] Level 1:colcon.colcon_core.package_discovery:discover_packages(recursive) using defaults
[0.242s] Level 1:colcon.colcon_core.package_discovery:discover_packages(ignore) discover
[0.242s] Level 1:colcon.colcon_core.package_discovery:discover_packages(ignore) using defaults
[0.242s] Level 1:colcon.colcon_core.package_discovery:discover_packages(path) discover
[0.242s] Level 1:colcon.colcon_core.package_discovery:discover_packages(path) using defaults
[0.263s] Level 1:colcon.colcon_core.package_discovery:discover_packages(prefix_path) check parameters
[0.264s] Level 1:colcon.colcon_core.package_discovery:discover_packages(prefix_path) discover
[0.265s] DEBUG:colcon.colcon_installed_package_information.package_discovery:Found 4 installed packages in /home/mac/Desktop/conti_ws/install
[0.266s] DEBUG:colcon.colcon_installed_package_information.package_discovery:Found 387 installed packages in /opt/ros/humble
[0.268s] Level 1:colcon.colcon_core.package_discovery:discover_packages(prefix_path) using defaults
[0.296s] Level 5:colcon.colcon_core.verb:set package 'conti_ars430_ros2_msgs' build argument 'cmake_args' from command line to 'None'
[0.296s] Level 5:colcon.colcon_core.verb:set package 'conti_ars430_ros2_msgs' build argument 'cmake_target' from command line to 'None'
[0.296s] Level 5:colcon.colcon_core.verb:set package 'conti_ars430_ros2_msgs' build argument 'cmake_target_skip_unavailable' from command line to 'False'
[0.296s] Level 5:colcon.colcon_core.verb:set package 'conti_ars430_ros2_msgs' build argument 'cmake_clean_cache' from command line to 'False'
[0.296s] Level 5:colcon.colcon_core.verb:set package 'conti_ars430_ros2_msgs' build argument 'cmake_clean_first' from command line to 'False'
[0.296s] Level 5:colcon.colcon_core.verb:set package 'conti_ars430_ros2_msgs' build argument 'cmake_force_configure' from command line to 'False'
[0.296s] Level 5:colcon.colcon_core.verb:set package 'conti_ars430_ros2_msgs' build argument 'ament_cmake_args' from command line to 'None'
[0.296s] Level 5:colcon.colcon_core.verb:set package 'conti_ars430_ros2_msgs' build argument 'catkin_cmake_args' from command line to 'None'
[0.296s] Level 5:colcon.colcon_core.verb:set package 'conti_ars430_ros2_msgs' build argument 'catkin_skip_building_tests' from command line to 'False'
[0.296s] DEBUG:colcon.colcon_core.verb:Building package 'conti_ars430_ros2_msgs' with the following arguments: {'ament_cmake_args': None, 'build_base': '/home/mac/Desktop/conti_ws/build/conti_ars430_ros2_msgs', 'catkin_cmake_args': None, 'catkin_skip_building_tests': False, 'cmake_args': None, 'cmake_clean_cache': False, 'cmake_clean_first': False, 'cmake_force_configure': False, 'cmake_target': None, 'cmake_target_skip_unavailable': False, 'install_base': '/home/mac/Desktop/conti_ws/install/conti_ars430_ros2_msgs', 'merge_install': False, 'path': '/home/mac/Desktop/conti_ws/src/conti_ars430_ros2_msgs', 'symlink_install': False, 'test_result_base': None}
[0.296s] Level 5:colcon.colcon_core.verb:set package 'radar_msgs' build argument 'cmake_args' from command line to 'None'
[0.297s] Level 5:colcon.colcon_core.verb:set package 'radar_msgs' build argument 'cmake_target' from command line to 'None'
[0.297s] Level 5:colcon.colcon_core.verb:set package 'radar_msgs' build argument 'cmake_target_skip_unavailable' from command line to 'False'
[0.297s] Level 5:colcon.colcon_core.verb:set package 'radar_msgs' build argument 'cmake_clean_cache' from command line to 'False'
[0.297s] Level 5:colcon.colcon_core.verb:set package 'radar_msgs' build argument 'cmake_clean_first' from command line to 'False'
[0.297s] Level 5:colcon.colcon_core.verb:set package 'radar_msgs' build argument 'cmake_force_configure' from command line to 'False'
[0.297s] Level 5:colcon.colcon_core.verb:set package 'radar_msgs' build argument 'ament_cmake_args' from command line to 'None'
[0.297s] Level 5:colcon.colcon_core.verb:set package 'radar_msgs' build argument 'catkin_cmake_args' from command line to 'None'
[0.297s] Level 5:colcon.colcon_core.verb:set package 'radar_msgs' build argument 'catkin_skip_building_tests' from command line to 'False'
[0.297s] DEBUG:colcon.colcon_core.verb:Building package 'radar_msgs' with the following arguments: {'ament_cmake_args': None, 'build_base': '/home/mac/Desktop/conti_ws/build/radar_msgs', 'catkin_cmake_args': None, 'catkin_skip_building_tests': False, 'cmake_args': None, 'cmake_clean_cache': False, 'cmake_clean_first': False, 'cmake_force_configure': False, 'cmake_target': None, 'cmake_target_skip_unavailable': False, 'install_base': '/home/mac/Desktop/conti_ws/install/radar_msgs', 'merge_install': False, 'path': '/home/mac/Desktop/conti_ws/src/radar_msgs', 'symlink_install': False, 'test_result_base': None}
[0.297s] Level 5:colcon.colcon_core.verb:set package 'conti_ars430_ros2' build argument 'cmake_args' from command line to 'None'
[0.297s] Level 5:colcon.colcon_core.verb:set package 'conti_ars430_ros2' build argument 'cmake_target' from command line to 'None'
[0.297s] Level 5:colcon.colcon_core.verb:set package 'conti_ars430_ros2' build argument 'cmake_target_skip_unavailable' from command line to 'False'
[0.297s] Level 5:colcon.colcon_core.verb:set package 'conti_ars430_ros2' build argument 'cmake_clean_cache' from command line to 'False'
[0.297s] Level 5:colcon.colcon_core.verb:set package 'conti_ars430_ros2' build argument 'cmake_clean_first' from command line to 'False'
[0.297s] Level 5:colcon.colcon_core.verb:set package 'conti_ars430_ros2' build argument 'cmake_force_configure' from command line to 'False'
[0.297s] Level 5:colcon.colcon_core.verb:set package 'conti_ars430_ros2' build argument 'ament_cmake_args' from command line to 'None'
[0.297s] Level 5:colcon.colcon_core.verb:set package 'conti_ars430_ros2' build argument 'catkin_cmake_args' from command line to 'None'
[0.297s] Level 5:colcon.colcon_core.verb:set package 'conti_ars430_ros2' build argument 'catkin_skip_building_tests' from command line to 'False'
[0.297s] DEBUG:colcon.colcon_core.verb:Building package 'conti_ars430_ros2' with the following arguments: {'ament_cmake_args': None, 'build_base': '/home/mac/Desktop/conti_ws/build/conti_ars430_ros2', 'catkin_cmake_args': None, 'catkin_skip_building_tests': False, 'cmake_args': None, 'cmake_clean_cache': False, 'cmake_clean_first': False, 'cmake_force_configure': False, 'cmake_target': None, 'cmake_target_skip_unavailable': False, 'install_base': '/home/mac/Desktop/conti_ws/install/conti_ars430_ros2', 'merge_install': False, 'path': '/home/mac/Desktop/conti_ws/src/conti_ars430_ros2', 'symlink_install': False, 'test_result_base': None}
[0.297s] Level 5:colcon.colcon_core.verb:set package 'conti_ars430_viz' build argument 'cmake_args' from command line to 'None'
[0.297s] Level 5:colcon.colcon_core.verb:set package 'conti_ars430_viz' build argument 'cmake_target' from command line to 'None'
[0.297s] Level 5:colcon.colcon_core.verb:set package 'conti_ars430_viz' build argument 'cmake_target_skip_unavailable' from command line to 'False'
[0.297s] Level 5:colcon.colcon_core.verb:set package 'conti_ars430_viz' build argument 'cmake_clean_cache' from command line to 'False'
[0.297s] Level 5:colcon.colcon_core.verb:set package 'conti_ars430_viz' build argument 'cmake_clean_first' from command line to 'False'
[0.297s] Level 5:colcon.colcon_core.verb:set package 'conti_ars430_viz' build argument 'cmake_force_configure' from command line to 'False'
[0.297s] Level 5:colcon.colcon_core.verb:set package 'conti_ars430_viz' build argument 'ament_cmake_args' from command line to 'None'
[0.297s] Level 5:colcon.colcon_core.verb:set package 'conti_ars430_viz' build argument 'catkin_cmake_args' from command line to 'None'
[0.297s] Level 5:colcon.colcon_core.verb:set package 'conti_ars430_viz' build argument 'catkin_skip_building_tests' from command line to 'False'
[0.297s] DEBUG:colcon.colcon_core.verb:Building package 'conti_ars430_viz' with the following arguments: {'ament_cmake_args': None, 'build_base': '/home/mac/Desktop/conti_ws/build/conti_ars430_viz', 'catkin_cmake_args': None, 'catkin_skip_building_tests': False, 'cmake_args': None, 'cmake_clean_cache': False, 'cmake_clean_first': False, 'cmake_force_configure': False, 'cmake_target': None, 'cmake_target_skip_unavailable': False, 'install_base': '/home/mac/Desktop/conti_ws/install/conti_ars430_viz', 'merge_install': False, 'path': '/home/mac/Desktop/conti_ws/src/conti_ars430_viz', 'symlink_install': False, 'test_result_base': None}
[0.297s] INFO:colcon.colcon_core.executor:Executing jobs using 'parallel' executor
[0.298s] DEBUG:colcon.colcon_parallel_executor.executor.parallel:run_until_complete
[0.298s] INFO:colcon.colcon_ros.task.ament_cmake.build:Building ROS package in '/home/mac/Desktop/conti_ws/src/conti_ars430_ros2_msgs' with build type 'ament_cmake'
[0.298s] INFO:colcon.colcon_cmake.task.cmake.build:Building CMake package in '/home/mac/Desktop/conti_ws/src/conti_ars430_ros2_msgs'
[0.302s] INFO:colcon.colcon_core.plugin_system:Skipping extension 'colcon_core.shell.bat': Not used on non-Windows systems
[0.302s] INFO:colcon.colcon_core.shell:Skip shell extension 'powershell' for command environment: Not usable outside of PowerShell
[0.302s] DEBUG:colcon.colcon_core.shell:Skip shell extension 'dsv' for command environment
[0.304s] INFO:colcon.colcon_ros.task.ament_cmake.build:Building ROS package in '/home/mac/Desktop/conti_ws/src/radar_msgs' with build type 'ament_cmake'
[0.305s] INFO:colcon.colcon_cmake.task.cmake.build:Building CMake package in '/home/mac/Desktop/conti_ws/src/radar_msgs'
[0.305s] INFO:colcon.colcon_core.shell:Skip shell extension 'powershell' for command environment: Not usable outside of PowerShell
[0.305s] DEBUG:colcon.colcon_core.shell:Skip shell extension 'dsv' for command environment
[0.313s] DEBUG:colcon.colcon_core.event_handler.log_command:Invoking command in '/home/mac/Desktop/conti_ws/build/conti_ars430_ros2_msgs': CMAKE_PREFIX_PATH=${CMAKE_PREFIX_PATH}:/opt/ros/humble /home/mac/.local/bin/cmake --build /home/mac/Desktop/conti_ws/build/conti_ars430_ros2_msgs -- -j8 -l8
[0.316s] DEBUG:colcon.colcon_core.event_handler.log_command:Invoking command in '/home/mac/Desktop/conti_ws/build/radar_msgs': CMAKE_PREFIX_PATH=${CMAKE_PREFIX_PATH}:/opt/ros/humble /home/mac/.local/bin/cmake --build /home/mac/Desktop/conti_ws/build/radar_msgs -- -j8 -l8
[0.626s] DEBUG:colcon.colcon_core.event_handler.log_command:Invoked command in '/home/mac/Desktop/conti_ws/build/conti_ars430_ros2_msgs' returned '0': CMAKE_PREFIX_PATH=${CMAKE_PREFIX_PATH}:/opt/ros/humble /home/mac/.local/bin/cmake --build /home/mac/Desktop/conti_ws/build/conti_ars430_ros2_msgs -- -j8 -l8
[0.689s] DEBUG:colcon.colcon_core.event_handler.log_command:Invoking command in '/home/mac/Desktop/conti_ws/build/conti_ars430_ros2_msgs': CMAKE_PREFIX_PATH=${CMAKE_PREFIX_PATH}:/opt/ros/humble /home/mac/.local/bin/cmake --install /home/mac/Desktop/conti_ws/build/conti_ars430_ros2_msgs
[0.691s] DEBUG:colcon.colcon_core.event_handler.log_command:Invoked command in '/home/mac/Desktop/conti_ws/build/radar_msgs' returned '0': CMAKE_PREFIX_PATH=${CMAKE_PREFIX_PATH}:/opt/ros/humble /home/mac/.local/bin/cmake --build /home/mac/Desktop/conti_ws/build/radar_msgs -- -j8 -l8
[0.692s] DEBUG:colcon.colcon_core.event_handler.log_command:Invoking command in '/home/mac/Desktop/conti_ws/build/radar_msgs': CMAKE_PREFIX_PATH=${CMAKE_PREFIX_PATH}:/opt/ros/humble /home/mac/.local/bin/cmake --install /home/mac/Desktop/conti_ws/build/radar_msgs
[0.805s] Level 1:colcon.colcon_core.environment:create_environment_scripts_only(radar_msgs)
[0.805s] DEBUG:colcon.colcon_core.event_handler.log_command:Invoked command in '/home/mac/Desktop/conti_ws/build/radar_msgs' returned '0': CMAKE_PREFIX_PATH=${CMAKE_PREFIX_PATH}:/opt/ros/humble /home/mac/.local/bin/cmake --install /home/mac/Desktop/conti_ws/build/radar_msgs
[0.809s] Level 1:colcon.colcon_core.environment:checking '/home/mac/Desktop/conti_ws/install/radar_msgs' for CMake module files
[0.810s] Level 1:colcon.colcon_core.environment:checking '/home/mac/Desktop/conti_ws/install/radar_msgs' for CMake config files
[0.811s] Level 1:colcon.colcon_core.shell:create_environment_hook('radar_msgs', 'cmake_prefix_path')
[0.811s] INFO:colcon.colcon_core.shell:Creating environment hook '/home/mac/Desktop/conti_ws/install/radar_msgs/share/radar_msgs/hook/cmake_prefix_path.ps1'
[0.811s] INFO:colcon.colcon_core.shell:Creating environment descriptor '/home/mac/Desktop/conti_ws/install/radar_msgs/share/radar_msgs/hook/cmake_prefix_path.dsv'
[0.812s] INFO:colcon.colcon_core.shell:Creating environment hook '/home/mac/Desktop/conti_ws/install/radar_msgs/share/radar_msgs/hook/cmake_prefix_path.sh'
[0.813s] Level 1:colcon.colcon_core.environment:checking '/home/mac/Desktop/conti_ws/install/radar_msgs/lib'
[0.813s] Level 1:colcon.colcon_core.shell:create_environment_hook('radar_msgs', 'ld_library_path_lib')
[0.813s] INFO:colcon.colcon_core.shell:Creating environment hook '/home/mac/Desktop/conti_ws/install/radar_msgs/share/radar_msgs/hook/ld_library_path_lib.ps1'
[0.814s] INFO:colcon.colcon_core.shell:Creating environment descriptor '/home/mac/Desktop/conti_ws/install/radar_msgs/share/radar_msgs/hook/ld_library_path_lib.dsv'
[0.814s] INFO:colcon.colcon_core.shell:Creating environment hook '/home/mac/Desktop/conti_ws/install/radar_msgs/share/radar_msgs/hook/ld_library_path_lib.sh'
[0.814s] Level 1:colcon.colcon_core.environment:checking '/home/mac/Desktop/conti_ws/install/radar_msgs/bin'
[0.814s] Level 1:colcon.colcon_core.environment:checking '/home/mac/Desktop/conti_ws/install/radar_msgs/lib/pkgconfig/radar_msgs.pc'
[0.814s] Level 1:colcon.colcon_core.environment:checking '/home/mac/Desktop/conti_ws/install/radar_msgs/lib/python3.10/site-packages'
[0.815s] Level 1:colcon.colcon_core.environment:checking '/home/mac/Desktop/conti_ws/install/radar_msgs/bin'
[0.815s] INFO:colcon.colcon_core.shell:Creating package script '/home/mac/Desktop/conti_ws/install/radar_msgs/share/radar_msgs/package.ps1'
[0.816s] INFO:colcon.colcon_core.shell:Creating package descriptor '/home/mac/Desktop/conti_ws/install/radar_msgs/share/radar_msgs/package.dsv'
[0.816s] INFO:colcon.colcon_core.shell:Creating package script '/home/mac/Desktop/conti_ws/install/radar_msgs/share/radar_msgs/package.sh'
[0.817s] INFO:colcon.colcon_core.shell:Creating package script '/home/mac/Desktop/conti_ws/install/radar_msgs/share/radar_msgs/package.bash'
[0.818s] INFO:colcon.colcon_core.shell:Creating package script '/home/mac/Desktop/conti_ws/install/radar_msgs/share/radar_msgs/package.zsh'
[0.819s] Level 1:colcon.colcon_core.environment:create_file_with_runtime_dependencies(/home/mac/Desktop/conti_ws/install/radar_msgs/share/colcon-core/packages/radar_msgs)
[0.819s] Level 1:colcon.colcon_core.environment:create_environment_scripts_only(radar_msgs)
[0.819s] Level 1:colcon.colcon_core.environment:checking '/home/mac/Desktop/conti_ws/install/radar_msgs' for CMake module files
[0.820s] Level 1:colcon.colcon_core.environment:checking '/home/mac/Desktop/conti_ws/install/radar_msgs' for CMake config files
[0.821s] Level 1:colcon.colcon_core.shell:create_environment_hook('radar_msgs', 'cmake_prefix_path')
[0.821s] INFO:colcon.colcon_core.shell:Creating environment hook '/home/mac/Desktop/conti_ws/install/radar_msgs/share/radar_msgs/hook/cmake_prefix_path.ps1'
[0.821s] INFO:colcon.colcon_core.shell:Creating environment descriptor '/home/mac/Desktop/conti_ws/install/radar_msgs/share/radar_msgs/hook/cmake_prefix_path.dsv'
[0.821s] INFO:colcon.colcon_core.shell:Creating environment hook '/home/mac/Desktop/conti_ws/install/radar_msgs/share/radar_msgs/hook/cmake_prefix_path.sh'
[0.822s] Level 1:colcon.colcon_core.environment:checking '/home/mac/Desktop/conti_ws/install/radar_msgs/lib'
[0.822s] Level 1:colcon.colcon_core.shell:create_environment_hook('radar_msgs', 'ld_library_path_lib')
[0.822s] INFO:colcon.colcon_core.shell:Creating environment hook '/home/mac/Desktop/conti_ws/install/radar_msgs/share/radar_msgs/hook/ld_library_path_lib.ps1'
[0.822s] INFO:colcon.colcon_core.shell:Creating environment descriptor '/home/mac/Desktop/conti_ws/install/radar_msgs/share/radar_msgs/hook/ld_library_path_lib.dsv'
[0.823s] INFO:colcon.colcon_core.shell:Creating environment hook '/home/mac/Desktop/conti_ws/install/radar_msgs/share/radar_msgs/hook/ld_library_path_lib.sh'
[0.823s] Level 1:colcon.colcon_core.environment:checking '/home/mac/Desktop/conti_ws/install/radar_msgs/bin'
[0.823s] Level 1:colcon.colcon_core.environment:checking '/home/mac/Desktop/conti_ws/install/radar_msgs/lib/pkgconfig/radar_msgs.pc'
[0.823s] Level 1:colcon.colcon_core.environment:checking '/home/mac/Desktop/conti_ws/install/radar_msgs/lib/python3.10/site-packages'
[0.823s] Level 1:colcon.colcon_core.environment:checking '/home/mac/Desktop/conti_ws/install/radar_msgs/bin'
[0.824s] INFO:colcon.colcon_core.shell:Creating package script '/home/mac/Desktop/conti_ws/install/radar_msgs/share/radar_msgs/package.ps1'
[0.824s] INFO:colcon.colcon_core.shell:Creating package descriptor '/home/mac/Desktop/conti_ws/install/radar_msgs/share/radar_msgs/package.dsv'
[0.825s] INFO:colcon.colcon_core.shell:Creating package script '/home/mac/Desktop/conti_ws/install/radar_msgs/share/radar_msgs/package.sh'
[0.825s] INFO:colcon.colcon_core.shell:Creating package script '/home/mac/Desktop/conti_ws/install/radar_msgs/share/radar_msgs/package.bash'
[0.825s] INFO:colcon.colcon_core.shell:Creating package script '/home/mac/Desktop/conti_ws/install/radar_msgs/share/radar_msgs/package.zsh'
[0.826s] Level 1:colcon.colcon_core.environment:create_file_with_runtime_dependencies(/home/mac/Desktop/conti_ws/install/radar_msgs/share/colcon-core/packages/radar_msgs)
[0.826s] Level 1:colcon.colcon_core.environment:create_environment_scripts_only(conti_ars430_ros2_msgs)
[0.826s] Level 1:colcon.colcon_core.environment:checking '/home/mac/Desktop/conti_ws/install/conti_ars430_ros2_msgs' for CMake module files
[0.827s] Level 1:colcon.colcon_core.environment:checking '/home/mac/Desktop/conti_ws/install/conti_ars430_ros2_msgs' for CMake config files
[0.828s] DEBUG:colcon.colcon_core.event_handler.log_command:Invoked command in '/home/mac/Desktop/conti_ws/build/conti_ars430_ros2_msgs' returned '0': CMAKE_PREFIX_PATH=${CMAKE_PREFIX_PATH}:/opt/ros/humble /home/mac/.local/bin/cmake --install /home/mac/Desktop/conti_ws/build/conti_ars430_ros2_msgs
[0.829s] Level 1:colcon.colcon_core.shell:create_environment_hook('conti_ars430_ros2_msgs', 'cmake_prefix_path')
[0.829s] INFO:colcon.colcon_core.shell:Creating environment hook '/home/mac/Desktop/conti_ws/install/conti_ars430_ros2_msgs/share/conti_ars430_ros2_msgs/hook/cmake_prefix_path.ps1'
[0.829s] INFO:colcon.colcon_core.shell:Creating environment descriptor '/home/mac/Desktop/conti_ws/install/conti_ars430_ros2_msgs/share/conti_ars430_ros2_msgs/hook/cmake_prefix_path.dsv'
[0.829s] INFO:colcon.colcon_core.shell:Creating environment hook '/home/mac/Desktop/conti_ws/install/conti_ars430_ros2_msgs/share/conti_ars430_ros2_msgs/hook/cmake_prefix_path.sh'
[0.830s] Level 1:colcon.colcon_core.environment:checking '/home/mac/Desktop/conti_ws/install/conti_ars430_ros2_msgs/lib'
[0.830s] Level 1:colcon.colcon_core.shell:create_environment_hook('conti_ars430_ros2_msgs', 'ld_library_path_lib')
[0.830s] INFO:colcon.colcon_core.shell:Creating environment hook '/home/mac/Desktop/conti_ws/install/conti_ars430_ros2_msgs/share/conti_ars430_ros2_msgs/hook/ld_library_path_lib.ps1'
[0.831s] INFO:colcon.colcon_core.shell:Creating environment descriptor '/home/mac/Desktop/conti_ws/install/conti_ars430_ros2_msgs/share/conti_ars430_ros2_msgs/hook/ld_library_path_lib.dsv'
[0.831s] INFO:colcon.colcon_core.shell:Creating environment hook '/home/mac/Desktop/conti_ws/install/conti_ars430_ros2_msgs/share/conti_ars430_ros2_msgs/hook/ld_library_path_lib.sh'
[0.831s] Level 1:colcon.colcon_core.environment:checking '/home/mac/Desktop/conti_ws/install/conti_ars430_ros2_msgs/bin'
[0.831s] Level 1:colcon.colcon_core.environment:checking '/home/mac/Desktop/conti_ws/install/conti_ars430_ros2_msgs/lib/pkgconfig/conti_ars430_ros2_msgs.pc'
[0.831s] Level 1:colcon.colcon_core.environment:checking '/home/mac/Desktop/conti_ws/install/conti_ars430_ros2_msgs/lib/python3.10/site-packages'
[0.832s] Level 1:colcon.colcon_core.environment:checking '/home/mac/Desktop/conti_ws/install/conti_ars430_ros2_msgs/bin'
[0.832s] INFO:colcon.colcon_core.shell:Creating package script '/home/mac/Desktop/conti_ws/install/conti_ars430_ros2_msgs/share/conti_ars430_ros2_msgs/package.ps1'
[0.832s] INFO:colcon.colcon_core.shell:Creating package descriptor '/home/mac/Desktop/conti_ws/install/conti_ars430_ros2_msgs/share/conti_ars430_ros2_msgs/package.dsv'
[0.833s] INFO:colcon.colcon_core.shell:Creating package script '/home/mac/Desktop/conti_ws/install/conti_ars430_ros2_msgs/share/conti_ars430_ros2_msgs/package.sh'
[0.833s] INFO:colcon.colcon_core.shell:Creating package script '/home/mac/Desktop/conti_ws/install/conti_ars430_ros2_msgs/share/conti_ars430_ros2_msgs/package.bash'
[0.833s] INFO:colcon.colcon_core.shell:Creating package script '/home/mac/Desktop/conti_ws/install/conti_ars430_ros2_msgs/share/conti_ars430_ros2_msgs/package.zsh'
[0.833s] Level 1:colcon.colcon_core.environment:create_file_with_runtime_dependencies(/home/mac/Desktop/conti_ws/install/conti_ars430_ros2_msgs/share/colcon-core/packages/conti_ars430_ros2_msgs)
[0.833s] Level 1:colcon.colcon_core.environment:create_environment_scripts_only(conti_ars430_ros2_msgs)
[0.834s] Level 1:colcon.colcon_core.environment:checking '/home/mac/Desktop/conti_ws/install/conti_ars430_ros2_msgs' for CMake module files
[0.834s] Level 1:colcon.colcon_core.environment:checking '/home/mac/Desktop/conti_ws/install/conti_ars430_ros2_msgs' for CMake config files
[0.834s] Level 1:colcon.colcon_core.shell:create_environment_hook('conti_ars430_ros2_msgs', 'cmake_prefix_path')
[0.834s] INFO:colcon.colcon_core.shell:Creating environment hook '/home/mac/Desktop/conti_ws/install/conti_ars430_ros2_msgs/share/conti_ars430_ros2_msgs/hook/cmake_prefix_path.ps1'
[0.835s] INFO:colcon.colcon_core.shell:Creating environment descriptor '/home/mac/Desktop/conti_ws/install/conti_ars430_ros2_msgs/share/conti_ars430_ros2_msgs/hook/cmake_prefix_path.dsv'
[0.835s] INFO:colcon.colcon_core.shell:Creating environment hook '/home/mac/Desktop/conti_ws/install/conti_ars430_ros2_msgs/share/conti_ars430_ros2_msgs/hook/cmake_prefix_path.sh'
[0.835s] Level 1:colcon.colcon_core.environment:checking '/home/mac/Desktop/conti_ws/install/conti_ars430_ros2_msgs/lib'
[0.835s] Level 1:colcon.colcon_core.shell:create_environment_hook('conti_ars430_ros2_msgs', 'ld_library_path_lib')
[0.835s] INFO:colcon.colcon_core.shell:Creating environment hook '/home/mac/Desktop/conti_ws/install/conti_ars430_ros2_msgs/share/conti_ars430_ros2_msgs/hook/ld_library_path_lib.ps1'
[0.836s] INFO:colcon.colcon_core.shell:Creating environment descriptor '/home/mac/Desktop/conti_ws/install/conti_ars430_ros2_msgs/share/conti_ars430_ros2_msgs/hook/ld_library_path_lib.dsv'
[0.836s] INFO:colcon.colcon_core.shell:Creating environment hook '/home/mac/Desktop/conti_ws/install/conti_ars430_ros2_msgs/share/conti_ars430_ros2_msgs/hook/ld_library_path_lib.sh'
[0.836s] Level 1:colcon.colcon_core.environment:checking '/home/mac/Desktop/conti_ws/install/conti_ars430_ros2_msgs/bin'
[0.836s] Level 1:colcon.colcon_core.environment:checking '/home/mac/Desktop/conti_ws/install/conti_ars430_ros2_msgs/lib/pkgconfig/conti_ars430_ros2_msgs.pc'
[0.836s] Level 1:colcon.colcon_core.environment:checking '/home/mac/Desktop/conti_ws/install/conti_ars430_ros2_msgs/lib/python3.10/site-packages'
[0.836s] Level 1:colcon.colcon_core.environment:checking '/home/mac/Desktop/conti_ws/install/conti_ars430_ros2_msgs/bin'
[0.837s] INFO:colcon.colcon_core.shell:Creating package script '/home/mac/Desktop/conti_ws/install/conti_ars430_ros2_msgs/share/conti_ars430_ros2_msgs/package.ps1'
[0.837s] INFO:colcon.colcon_core.shell:Creating package descriptor '/home/mac/Desktop/conti_ws/install/conti_ars430_ros2_msgs/share/conti_ars430_ros2_msgs/package.dsv'
[0.837s] INFO:colcon.colcon_core.shell:Creating package script '/home/mac/Desktop/conti_ws/install/conti_ars430_ros2_msgs/share/conti_ars430_ros2_msgs/package.sh'
[0.838s] INFO:colcon.colcon_core.shell:Creating package script '/home/mac/Desktop/conti_ws/install/conti_ars430_ros2_msgs/share/conti_ars430_ros2_msgs/package.bash'
[0.838s] INFO:colcon.colcon_core.shell:Creating package script '/home/mac/Desktop/conti_ws/install/conti_ars430_ros2_msgs/share/conti_ars430_ros2_msgs/package.zsh'
[0.838s] Level 1:colcon.colcon_core.environment:create_file_with_runtime_dependencies(/home/mac/Desktop/conti_ws/install/conti_ars430_ros2_msgs/share/colcon-core/packages/conti_ars430_ros2_msgs)
[0.838s] INFO:colcon.colcon_ros.task.ament_cmake.build:Building ROS package in '/home/mac/Desktop/conti_ws/src/conti_ars430_ros2' with build type 'ament_cmake'
[0.838s] INFO:colcon.colcon_cmake.task.cmake.build:Building CMake package in '/home/mac/Desktop/conti_ws/src/conti_ars430_ros2'
[0.839s] INFO:colcon.colcon_core.shell:Skip shell extension 'powershell' for command environment: Not usable outside of PowerShell
[0.839s] DEBUG:colcon.colcon_core.shell:Skip shell extension 'dsv' for command environment
[0.841s] INFO:colcon.colcon_ros.task.ament_cmake.build:Building ROS package in '/home/mac/Desktop/conti_ws/src/conti_ars430_viz' with build type 'ament_cmake'
[0.842s] INFO:colcon.colcon_cmake.task.cmake.build:Building CMake package in '/home/mac/Desktop/conti_ws/src/conti_ars430_viz'
[0.842s] INFO:colcon.colcon_core.shell:Skip shell extension 'powershell' for command environment: Not usable outside of PowerShell
[0.842s] DEBUG:colcon.colcon_core.shell:Skip shell extension 'dsv' for command environment
[0.851s] DEBUG:colcon.colcon_core.event_handler.log_command:Invoking command in '/home/mac/Desktop/conti_ws/build/conti_ars430_ros2': CMAKE_PREFIX_PATH=/home/mac/Desktop/conti_ws/install/conti_ars430_ros2_msgs:/home/mac/Desktop/conti_ws/install/radar_msgs:/home/mac/Desktop/conti_ws/install/conti_ars430_viz:/home/mac/Desktop/conti_ws/install/conti_ars430_ros2:/opt/ros/humble LD_LIBRARY_PATH=/home/mac/Desktop/conti_ws/install/conti_ars430_ros2_msgs/lib:/home/mac/Desktop/conti_ws/install/radar_msgs/lib:/opt/ros/humble/opt/rviz_ogre_vendor/lib:/opt/ros/humble/lib/x86_64-linux-gnu:/opt/ros/humble/lib /home/mac/.local/bin/cmake --build /home/mac/Desktop/conti_ws/build/conti_ars430_ros2 -- -j8 -l8
[0.853s] DEBUG:colcon.colcon_core.event_handler.log_command:Invoking command in '/home/mac/Desktop/conti_ws/build/conti_ars430_viz': CMAKE_PREFIX_PATH=/home/mac/Desktop/conti_ws/install/conti_ars430_ros2_msgs:/home/mac/Desktop/conti_ws/install/radar_msgs:/home/mac/Desktop/conti_ws/install/conti_ars430_viz:/home/mac/Desktop/conti_ws/install/conti_ars430_ros2:/opt/ros/humble LD_LIBRARY_PATH=/home/mac/Desktop/conti_ws/install/conti_ars430_ros2_msgs/lib:/home/mac/Desktop/conti_ws/install/radar_msgs/lib:/opt/ros/humble/opt/rviz_ogre_vendor/lib:/opt/ros/humble/lib/x86_64-linux-gnu:/opt/ros/humble/lib /home/mac/.local/bin/cmake --build /home/mac/Desktop/conti_ws/build/conti_ars430_viz -- -j8 -l8
[0.964s] DEBUG:colcon.colcon_core.event_handler.log_command:Invoked command in '/home/mac/Desktop/conti_ws/build/conti_ars430_ros2' returned '0': CMAKE_PREFIX_PATH=/home/mac/Desktop/conti_ws/install/conti_ars430_ros2_msgs:/home/mac/Desktop/conti_ws/install/radar_msgs:/home/mac/Desktop/conti_ws/install/conti_ars430_viz:/home/mac/Desktop/conti_ws/install/conti_ars430_ros2:/opt/ros/humble LD_LIBRARY_PATH=/home/mac/Desktop/conti_ws/install/conti_ars430_ros2_msgs/lib:/home/mac/Desktop/conti_ws/install/radar_msgs/lib:/opt/ros/humble/opt/rviz_ogre_vendor/lib:/opt/ros/humble/lib/x86_64-linux-gnu:/opt/ros/humble/lib /home/mac/.local/bin/cmake --build /home/mac/Desktop/conti_ws/build/conti_ars430_ros2 -- -j8 -l8
[0.965s] DEBUG:colcon.colcon_core.event_handler.log_command:Invoking command in '/home/mac/Desktop/conti_ws/build/conti_ars430_ros2': CMAKE_PREFIX_PATH=/home/mac/Desktop/conti_ws/install/conti_ars430_ros2_msgs:/home/mac/Desktop/conti_ws/install/radar_msgs:/home/mac/Desktop/conti_ws/install/conti_ars430_viz:/home/mac/Desktop/conti_ws/install/conti_ars430_ros2:/opt/ros/humble LD_LIBRARY_PATH=/home/mac/Desktop/conti_ws/install/conti_ars430_ros2_msgs/lib:/home/mac/Desktop/conti_ws/install/radar_msgs/lib:/opt/ros/humble/opt/rviz_ogre_vendor/lib:/opt/ros/humble/lib/x86_64-linux-gnu:/opt/ros/humble/lib /home/mac/.local/bin/cmake --install /home/mac/Desktop/conti_ws/build/conti_ars430_ros2
[1.023s] Level 1:colcon.colcon_core.environment:create_environment_scripts_only(conti_ars430_ros2)
[1.023s] Level 1:colcon.colcon_core.environment:checking '/home/mac/Desktop/conti_ws/install/conti_ars430_ros2' for CMake module files
[1.024s] DEBUG:colcon.colcon_core.event_handler.log_command:Invoked command in '/home/mac/Desktop/conti_ws/build/conti_ars430_ros2' returned '0': CMAKE_PREFIX_PATH=/home/mac/Desktop/conti_ws/install/conti_ars430_ros2_msgs:/home/mac/Desktop/conti_ws/install/radar_msgs:/home/mac/Desktop/conti_ws/install/conti_ars430_viz:/home/mac/Desktop/conti_ws/install/conti_ars430_ros2:/opt/ros/humble LD_LIBRARY_PATH=/home/mac/Desktop/conti_ws/install/conti_ars430_ros2_msgs/lib:/home/mac/Desktop/conti_ws/install/radar_msgs/lib:/opt/ros/humble/opt/rviz_ogre_vendor/lib:/opt/ros/humble/lib/x86_64-linux-gnu:/opt/ros/humble/lib /home/mac/.local/bin/cmake --install /home/mac/Desktop/conti_ws/build/conti_ars430_ros2
[1.024s] Level 1:colcon.colcon_core.environment:checking '/home/mac/Desktop/conti_ws/install/conti_ars430_ros2' for CMake config files
[1.024s] Level 1:colcon.colcon_core.shell:create_environment_hook('conti_ars430_ros2', 'cmake_prefix_path')
[1.024s] INFO:colcon.colcon_core.shell:Creating environment hook '/home/mac/Desktop/conti_ws/install/conti_ars430_ros2/share/conti_ars430_ros2/hook/cmake_prefix_path.ps1'
[1.025s] INFO:colcon.colcon_core.shell:Creating environment descriptor '/home/mac/Desktop/conti_ws/install/conti_ars430_ros2/share/conti_ars430_ros2/hook/cmake_prefix_path.dsv'
[1.025s] INFO:colcon.colcon_core.shell:Creating environment hook '/home/mac/Desktop/conti_ws/install/conti_ars430_ros2/share/conti_ars430_ros2/hook/cmake_prefix_path.sh'
[1.025s] Level 1:colcon.colcon_core.environment:checking '/home/mac/Desktop/conti_ws/install/conti_ars430_ros2/lib'
[1.025s] Level 1:colcon.colcon_core.environment:checking '/home/mac/Desktop/conti_ws/install/conti_ars430_ros2/bin'
[1.026s] Level 1:colcon.colcon_core.environment:checking '/home/mac/Desktop/conti_ws/install/conti_ars430_ros2/lib/pkgconfig/conti_ars430_ros2.pc'
[1.026s] Level 1:colcon.colcon_core.environment:checking '/home/mac/Desktop/conti_ws/install/conti_ars430_ros2/lib/python3.10/site-packages'
[1.026s] Level 1:colcon.colcon_core.environment:checking '/home/mac/Desktop/conti_ws/install/conti_ars430_ros2/bin'
[1.026s] INFO:colcon.colcon_core.shell:Creating package script '/home/mac/Desktop/conti_ws/install/conti_ars430_ros2/share/conti_ars430_ros2/package.ps1'
[1.026s] INFO:colcon.colcon_core.shell:Creating package descriptor '/home/mac/Desktop/conti_ws/install/conti_ars430_ros2/share/conti_ars430_ros2/package.dsv'
[1.027s] INFO:colcon.colcon_core.shell:Creating package script '/home/mac/Desktop/conti_ws/install/conti_ars430_ros2/share/conti_ars430_ros2/package.sh'
[1.027s] INFO:colcon.colcon_core.shell:Creating package script '/home/mac/Desktop/conti_ws/install/conti_ars430_ros2/share/conti_ars430_ros2/package.bash'
[1.027s] INFO:colcon.colcon_core.shell:Creating package script '/home/mac/Desktop/conti_ws/install/conti_ars430_ros2/share/conti_ars430_ros2/package.zsh'
[1.027s] Level 1:colcon.colcon_core.environment:create_file_with_runtime_dependencies(/home/mac/Desktop/conti_ws/install/conti_ars430_ros2/share/colcon-core/packages/conti_ars430_ros2)
[1.028s] Level 1:colcon.colcon_core.environment:create_environment_scripts_only(conti_ars430_ros2)
[1.028s] Level 1:colcon.colcon_core.environment:checking '/home/mac/Desktop/conti_ws/install/conti_ars430_ros2' for CMake module files
[1.028s] Level 1:colcon.colcon_core.environment:checking '/home/mac/Desktop/conti_ws/install/conti_ars430_ros2' for CMake config files
[1.028s] Level 1:colcon.colcon_core.shell:create_environment_hook('conti_ars430_ros2', 'cmake_prefix_path')
[1.029s] INFO:colcon.colcon_core.shell:Creating environment hook '/home/mac/Desktop/conti_ws/install/conti_ars430_ros2/share/conti_ars430_ros2/hook/cmake_prefix_path.ps1'
[1.029s] INFO:colcon.colcon_core.shell:Creating environment descriptor '/home/mac/Desktop/conti_ws/install/conti_ars430_ros2/share/conti_ars430_ros2/hook/cmake_prefix_path.dsv'
[1.029s] INFO:colcon.colcon_core.shell:Creating environment hook '/home/mac/Desktop/conti_ws/install/conti_ars430_ros2/share/conti_ars430_ros2/hook/cmake_prefix_path.sh'
[1.029s] Level 1:colcon.colcon_core.environment:checking '/home/mac/Desktop/conti_ws/install/conti_ars430_ros2/lib'
[1.030s] Level 1:colcon.colcon_core.environment:checking '/home/mac/Desktop/conti_ws/install/conti_ars430_ros2/bin'
[1.030s] Level 1:colcon.colcon_core.environment:checking '/home/mac/Desktop/conti_ws/install/conti_ars430_ros2/lib/pkgconfig/conti_ars430_ros2.pc'
[1.030s] Level 1:colcon.colcon_core.environment:checking '/home/mac/Desktop/conti_ws/install/conti_ars430_ros2/lib/python3.10/site-packages'
[1.030s] Level 1:colcon.colcon_core.environment:checking '/home/mac/Desktop/conti_ws/install/conti_ars430_ros2/bin'
[1.030s] INFO:colcon.colcon_core.shell:Creating package script '/home/mac/Desktop/conti_ws/install/conti_ars430_ros2/share/conti_ars430_ros2/package.ps1'
[1.031s] INFO:colcon.colcon_core.shell:Creating package descriptor '/home/mac/Desktop/conti_ws/install/conti_ars430_ros2/share/conti_ars430_ros2/package.dsv'
[1.031s] INFO:colcon.colcon_core.shell:Creating package script '/home/mac/Desktop/conti_ws/install/conti_ars430_ros2/share/conti_ars430_ros2/package.sh'
[1.031s] INFO:colcon.colcon_core.shell:Creating package script '/home/mac/Desktop/conti_ws/install/conti_ars430_ros2/share/conti_ars430_ros2/package.bash'
[1.031s] INFO:colcon.colcon_core.shell:Creating package script '/home/mac/Desktop/conti_ws/install/conti_ars430_ros2/share/conti_ars430_ros2/package.zsh'
[1.032s] Level 1:colcon.colcon_core.environment:create_file_with_runtime_dependencies(/home/mac/Desktop/conti_ws/install/conti_ars430_ros2/share/colcon-core/packages/conti_ars430_ros2)
[6.793s] DEBUG:colcon.colcon_core.event_handler.log_command:Invoked command in '/home/mac/Desktop/conti_ws/build/conti_ars430_viz' returned '0': CMAKE_PREFIX_PATH=/home/mac/Desktop/conti_ws/install/conti_ars430_ros2_msgs:/home/mac/Desktop/conti_ws/install/radar_msgs:/home/mac/Desktop/conti_ws/install/conti_ars430_viz:/home/mac/Desktop/conti_ws/install/conti_ars430_ros2:/opt/ros/humble LD_LIBRARY_PATH=/home/mac/Desktop/conti_ws/install/conti_ars430_ros2_msgs/lib:/home/mac/Desktop/conti_ws/install/radar_msgs/lib:/opt/ros/humble/opt/rviz_ogre_vendor/lib:/opt/ros/humble/lib/x86_64-linux-gnu:/opt/ros/humble/lib /home/mac/.local/bin/cmake --build /home/mac/Desktop/conti_ws/build/conti_ars430_viz -- -j8 -l8
[6.794s] DEBUG:colcon.colcon_core.event_handler.log_command:Invoking command in '/home/mac/Desktop/conti_ws/build/conti_ars430_viz': CMAKE_PREFIX_PATH=/home/mac/Desktop/conti_ws/install/conti_ars430_ros2_msgs:/home/mac/Desktop/conti_ws/install/radar_msgs:/home/mac/Desktop/conti_ws/install/conti_ars430_viz:/home/mac/Desktop/conti_ws/install/conti_ars430_ros2:/opt/ros/humble LD_LIBRARY_PATH=/home/mac/Desktop/conti_ws/install/conti_ars430_ros2_msgs/lib:/home/mac/Desktop/conti_ws/install/radar_msgs/lib:/opt/ros/humble/opt/rviz_ogre_vendor/lib:/opt/ros/humble/lib/x86_64-linux-gnu:/opt/ros/humble/lib /home/mac/.local/bin/cmake --install /home/mac/Desktop/conti_ws/build/conti_ars430_viz
[6.849s] Level 1:colcon.colcon_core.environment:create_environment_scripts_only(conti_ars430_viz)
[6.850s] Level 1:colcon.colcon_core.environment:checking '/home/mac/Desktop/conti_ws/install/conti_ars430_viz' for CMake module files
[6.851s] DEBUG:colcon.colcon_core.event_handler.log_command:Invoked command in '/home/mac/Desktop/conti_ws/build/conti_ars430_viz' returned '0': CMAKE_PREFIX_PATH=/home/mac/Desktop/conti_ws/install/conti_ars430_ros2_msgs:/home/mac/Desktop/conti_ws/install/radar_msgs:/home/mac/Desktop/conti_ws/install/conti_ars430_viz:/home/mac/Desktop/conti_ws/install/conti_ars430_ros2:/opt/ros/humble LD_LIBRARY_PATH=/home/mac/Desktop/conti_ws/install/conti_ars430_ros2_msgs/lib:/home/mac/Desktop/conti_ws/install/radar_msgs/lib:/opt/ros/humble/opt/rviz_ogre_vendor/lib:/opt/ros/humble/lib/x86_64-linux-gnu:/opt/ros/humble/lib /home/mac/.local/bin/cmake --install /home/mac/Desktop/conti_ws/build/conti_ars430_viz
[6.852s] Level 1:colcon.colcon_core.environment:checking '/home/mac/Desktop/conti_ws/install/conti_ars430_viz' for CMake config files
[6.852s] Level 1:colcon.colcon_core.shell:create_environment_hook('conti_ars430_viz', 'cmake_prefix_path')
[6.853s] INFO:colcon.colcon_core.shell:Creating environment hook '/home/mac/Desktop/conti_ws/install/conti_ars430_viz/share/conti_ars430_viz/hook/cmake_prefix_path.ps1'
[6.853s] INFO:colcon.colcon_core.shell:Creating environment descriptor '/home/mac/Desktop/conti_ws/install/conti_ars430_viz/share/conti_ars430_viz/hook/cmake_prefix_path.dsv'
[6.854s] INFO:colcon.colcon_core.shell:Creating environment hook '/home/mac/Desktop/conti_ws/install/conti_ars430_viz/share/conti_ars430_viz/hook/cmake_prefix_path.sh'
[6.855s] Level 1:colcon.colcon_core.environment:checking '/home/mac/Desktop/conti_ws/install/conti_ars430_viz/lib'
[6.855s] Level 1:colcon.colcon_core.environment:checking '/home/mac/Desktop/conti_ws/install/conti_ars430_viz/bin'
[6.855s] Level 1:colcon.colcon_core.environment:checking '/home/mac/Desktop/conti_ws/install/conti_ars430_viz/lib/pkgconfig/conti_ars430_viz.pc'
[6.856s] Level 1:colcon.colcon_core.environment:checking '/home/mac/Desktop/conti_ws/install/conti_ars430_viz/lib/python3.10/site-packages'
[6.856s] Level 1:colcon.colcon_core.environment:checking '/home/mac/Desktop/conti_ws/install/conti_ars430_viz/bin'
[6.857s] INFO:colcon.colcon_core.shell:Creating package script '/home/mac/Desktop/conti_ws/install/conti_ars430_viz/share/conti_ars430_viz/package.ps1'
[6.858s] INFO:colcon.colcon_core.shell:Creating package descriptor '/home/mac/Desktop/conti_ws/install/conti_ars430_viz/share/conti_ars430_viz/package.dsv'
[6.858s] INFO:colcon.colcon_core.shell:Creating package script '/home/mac/Desktop/conti_ws/install/conti_ars430_viz/share/conti_ars430_viz/package.sh'
[6.859s] INFO:colcon.colcon_core.shell:Creating package script '/home/mac/Desktop/conti_ws/install/conti_ars430_viz/share/conti_ars430_viz/package.bash'
[6.860s] INFO:colcon.colcon_core.shell:Creating package script '/home/mac/Desktop/conti_ws/install/conti_ars430_viz/share/conti_ars430_viz/package.zsh'
[6.860s] Level 1:colcon.colcon_core.environment:create_file_with_runtime_dependencies(/home/mac/Desktop/conti_ws/install/conti_ars430_viz/share/colcon-core/packages/conti_ars430_viz)
[6.861s] Level 1:colcon.colcon_core.environment:create_environment_scripts_only(conti_ars430_viz)
[6.862s] Level 1:colcon.colcon_core.environment:checking '/home/mac/Desktop/conti_ws/install/conti_ars430_viz' for CMake module files
[6.863s] Level 1:colcon.colcon_core.environment:checking '/home/mac/Desktop/conti_ws/install/conti_ars430_viz' for CMake config files
[6.863s] Level 1:colcon.colcon_core.shell:create_environment_hook('conti_ars430_viz', 'cmake_prefix_path')
[6.863s] INFO:colcon.colcon_core.shell:Creating environment hook '/home/mac/Desktop/conti_ws/install/conti_ars430_viz/share/conti_ars430_viz/hook/cmake_prefix_path.ps1'
[6.864s] INFO:colcon.colcon_core.shell:Creating environment descriptor '/home/mac/Desktop/conti_ws/install/conti_ars430_viz/share/conti_ars430_viz/hook/cmake_prefix_path.dsv'
[6.865s] INFO:colcon.colcon_core.shell:Creating environment hook '/home/mac/Desktop/conti_ws/install/conti_ars430_viz/share/conti_ars430_viz/hook/cmake_prefix_path.sh'
[6.866s] Level 1:colcon.colcon_core.environment:checking '/home/mac/Desktop/conti_ws/install/conti_ars430_viz/lib'
[6.866s] Level 1:colcon.colcon_core.environment:checking '/home/mac/Desktop/conti_ws/install/conti_ars430_viz/bin'
[6.866s] Level 1:colcon.colcon_core.environment:checking '/home/mac/Desktop/conti_ws/install/conti_ars430_viz/lib/pkgconfig/conti_ars430_viz.pc'
[6.866s] Level 1:colcon.colcon_core.environment:checking '/home/mac/Desktop/conti_ws/install/conti_ars430_viz/lib/python3.10/site-packages'
[6.867s] Level 1:colcon.colcon_core.environment:checking '/home/mac/Desktop/conti_ws/install/conti_ars430_viz/bin'
[6.867s] INFO:colcon.colcon_core.shell:Creating package script '/home/mac/Desktop/conti_ws/install/conti_ars430_viz/share/conti_ars430_viz/package.ps1'
[6.868s] INFO:colcon.colcon_core.shell:Creating package descriptor '/home/mac/Desktop/conti_ws/install/conti_ars430_viz/share/conti_ars430_viz/package.dsv'
[6.869s] INFO:colcon.colcon_core.shell:Creating package script '/home/mac/Desktop/conti_ws/install/conti_ars430_viz/share/conti_ars430_viz/package.sh'
[6.870s] INFO:colcon.colcon_core.shell:Creating package script '/home/mac/Desktop/conti_ws/install/conti_ars430_viz/share/conti_ars430_viz/package.bash'
[6.871s] INFO:colcon.colcon_core.shell:Creating package script '/home/mac/Desktop/conti_ws/install/conti_ars430_viz/share/conti_ars430_viz/package.zsh'
[6.872s] Level 1:colcon.colcon_core.environment:create_file_with_runtime_dependencies(/home/mac/Desktop/conti_ws/install/conti_ars430_viz/share/colcon-core/packages/conti_ars430_viz)
[6.872s] DEBUG:colcon.colcon_parallel_executor.executor.parallel:closing loop
[6.873s] DEBUG:colcon.colcon_parallel_executor.executor.parallel:loop closed
[6.874s] DEBUG:colcon.colcon_parallel_executor.executor.parallel:run_until_complete finished with '0'
[6.874s] DEBUG:colcon.colcon_core.event_reactor:joining thread
[6.889s] INFO:colcon.colcon_core.plugin_system:Skipping extension 'colcon_notification.desktop_notification.terminal_notifier': Not used on non-Darwin systems
[6.889s] INFO:colcon.colcon_core.plugin_system:Skipping extension 'colcon_notification.desktop_notification.win32': Not used on non-Windows systems
[6.889s] INFO:colcon.colcon_notification.desktop_notification:Sending desktop notification using 'notify2'
[6.912s] DEBUG:colcon.colcon_core.event_reactor:joined thread
[6.912s] INFO:colcon.colcon_core.shell:Creating prefix script '/home/mac/Desktop/conti_ws/install/local_setup.ps1'
[6.914s] INFO:colcon.colcon_core.shell:Creating prefix util module '/home/mac/Desktop/conti_ws/install/_local_setup_util_ps1.py'
[6.917s] INFO:colcon.colcon_core.shell:Creating prefix chain script '/home/mac/Desktop/conti_ws/install/setup.ps1'
[6.919s] INFO:colcon.colcon_core.shell:Creating prefix script '/home/mac/Desktop/conti_ws/install/local_setup.sh'
[6.920s] INFO:colcon.colcon_core.shell:Creating prefix util module '/home/mac/Desktop/conti_ws/install/_local_setup_util_sh.py'
[6.921s] INFO:colcon.colcon_core.shell:Creating prefix chain script '/home/mac/Desktop/conti_ws/install/setup.sh'
[6.923s] INFO:colcon.colcon_core.shell:Creating prefix script '/home/mac/Desktop/conti_ws/install/local_setup.bash'
[6.924s] INFO:colcon.colcon_core.shell:Creating prefix chain script '/home/mac/Desktop/conti_ws/install/setup.bash'
[6.926s] INFO:colcon.colcon_core.shell:Creating prefix script '/home/mac/Desktop/conti_ws/install/local_setup.zsh'
[6.927s] INFO:colcon.colcon_core.shell:Creating prefix chain script '/home/mac/Desktop/conti_ws/install/setup.zsh'
