[0mCMake Deprecation Warning at CMakeLists.txt:1 (cmake_minimum_required):
  Compatibility with CMake < 3.10 will be removed from a future version of
  CMake.

  Update the VERSION argument <min> value.  Or, use the <min>...<max> syntax
  to tell CMake that the project requires at least <min> but has been updated
  to work with policies introduced by <max> or earlier.

[0m
-- The C compiler identification is GNU 11.4.0
-- The CXX compiler identification is GNU 11.4.0
-- Detecting C compiler ABI info
-- Detecting C compiler ABI info - done
-- Check for working C compiler: /usr/bin/cc - skipped
-- Detecting C compile features
-- Detecting C compile features - done
-- Detecting CXX compiler ABI info
-- Detecting CXX compiler ABI info - done
-- Check for working CXX compiler: /usr/bin/c++ - skipped
-- Detecting CXX compile features
-- Detecting CXX compile features - done
-- Found ament_cmake: 1.3.11 (/opt/ros/humble/share/ament_cmake/cmake)
-- Found Python3: /usr/bin/python3 (found version "3.10.12") found components: Interpreter
-- Found builtin_interfaces: 1.2.1 (/opt/ros/humble/share/builtin_interfaces/cmake)
-- Found rosidl_generator_c: 3.1.6 (/opt/ros/humble/share/rosidl_generator_c/cmake)
-- Found rosidl_adapter: 3.1.6 (/opt/ros/humble/share/rosidl_adapter/cmake)
-- Found rosidl_generator_cpp: 3.1.6 (/opt/ros/humble/share/rosidl_generator_cpp/cmake)
-- Using all available rosidl_typesupport_c: rosidl_typesupport_fastrtps_c;rosidl_typesupport_introspection_c
-- Using all available rosidl_typesupport_cpp: rosidl_typesupport_fastrtps_cpp;rosidl_typesupport_introspection_cpp
-- Found rosidl_default_generators: 1.2.0 (/opt/ros/humble/share/rosidl_default_generators/cmake)
-- Found std_msgs: 4.8.0 (/opt/ros/humble/share/std_msgs/cmake)
-- Found geometry_msgs: 4.8.0 (/opt/ros/humble/share/geometry_msgs/cmake)
-- Found unique_identifier_msgs: 2.2.1 (/opt/ros/humble/share/unique_identifier_msgs/cmake)
-- Found ament_cmake_ros: 0.10.0 (/opt/ros/humble/share/ament_cmake_ros/cmake)
-- Using all available rosidl_typesupport_c: rosidl_typesupport_fastrtps_c;rosidl_typesupport_introspection_c
-- Using all available rosidl_typesupport_cpp: rosidl_typesupport_fastrtps_cpp;rosidl_typesupport_introspection_cpp
[33mCMake Warning (dev) at /opt/ros/humble/share/rosidl_generator_py/cmake/rosidl_generator_py_generate_interfaces.cmake:20 (find_package):
  Policy CMP0148 is not set: The FindPythonInterp and FindPythonLibs modules
  are removed.  Run "cmake --help-policy CMP0148" for policy details.  Use
  the cmake_policy command to set the policy and suppress this warning.

Call Stack (most recent call first):
  /opt/ros/humble/share/ament_cmake_core/cmake/core/ament_execute_extensions.cmake:48 (include)
  /opt/ros/humble/share/rosidl_cmake/cmake/rosidl_generate_interfaces.cmake:286 (ament_execute_extensions)
  CMakeLists.txt:11 (rosidl_generate_interfaces)
This warning is for project developers.  Use -Wno-dev to suppress it.
[0m
-- Found PythonInterp: /usr/bin/python3 (found suitable version "3.10.12", minimum required is "3.6")
-- Found python_cmake_module: 0.10.0 (/opt/ros/humble/share/python_cmake_module/cmake)
[33mCMake Warning (dev) at /opt/ros/humble/share/python_cmake_module/cmake/Modules/FindPythonExtra.cmake:52 (find_package):
  Policy CMP0148 is not set: The FindPythonInterp and FindPythonLibs modules
  are removed.  Run "cmake --help-policy CMP0148" for policy details.  Use
  the cmake_policy command to set the policy and suppress this warning.

Call Stack (most recent call first):
  /opt/ros/humble/share/rosidl_generator_py/cmake/rosidl_generator_py_generate_interfaces.cmake:23 (find_package)
  /opt/ros/humble/share/ament_cmake_core/cmake/core/ament_execute_extensions.cmake:48 (include)
  /opt/ros/humble/share/rosidl_cmake/cmake/rosidl_generate_interfaces.cmake:286 (ament_execute_extensions)
  CMakeLists.txt:11 (rosidl_generate_interfaces)
This warning is for project developers.  Use -Wno-dev to suppress it.
[0m
[33mCMake Warning (dev) at /opt/ros/humble/share/python_cmake_module/cmake/Modules/FindPythonExtra.cmake:140 (find_package):
  Policy CMP0148 is not set: The FindPythonInterp and FindPythonLibs modules
  are removed.  Run "cmake --help-policy CMP0148" for policy details.  Use
  the cmake_policy command to set the policy and suppress this warning.

Call Stack (most recent call first):
  /opt/ros/humble/share/rosidl_generator_py/cmake/rosidl_generator_py_generate_interfaces.cmake:23 (find_package)
  /opt/ros/humble/share/ament_cmake_core/cmake/core/ament_execute_extensions.cmake:48 (include)
  /opt/ros/humble/share/rosidl_cmake/cmake/rosidl_generate_interfaces.cmake:286 (ament_execute_extensions)
  CMakeLists.txt:11 (rosidl_generate_interfaces)
This warning is for project developers.  Use -Wno-dev to suppress it.
[0m
-- Found PythonLibs: /usr/lib/x86_64-linux-gnu/libpython3.10.so (found suitable version "3.10.12", minimum required is "3.5")
-- Using PYTHON_EXECUTABLE: /usr/bin/python3
-- Using PYTHON_INCLUDE_DIRS: /usr/include/python3.10
-- Using PYTHON_LIBRARIES: /usr/lib/x86_64-linux-gnu/libpython3.10.so
-- Found PythonExtra: .so
-- Configuring done (3.0s)
-- Generating done (0.0s)
-- Build files have been written to: /home/mac/Desktop/conti_ws/build/radar_msgs
[  1%] [34m[1mGenerating C code for ROS interfaces[0m
[  3%] [34m[1mGenerating C++ code for ROS interfaces[0m
[  3%] Built target ament_cmake_python_copy_radar_msgs
running egg_info
creating radar_msgs.egg-info
writing radar_msgs.egg-info/PKG-INFO
writing dependency_links to radar_msgs.egg-info/dependency_links.txt
writing top-level names to radar_msgs.egg-info/top_level.txt
writing manifest file 'radar_msgs.egg-info/SOURCES.txt'
reading manifest file 'radar_msgs.egg-info/SOURCES.txt'
writing manifest file 'radar_msgs.egg-info/SOURCES.txt'
[  3%] Built target ament_cmake_python_build_radar_msgs_egg
[  3%] Built target radar_msgs__cpp
[  5%] [34m[1mGenerating C++ type support dispatch for ROS interfaces[0m
[  7%] [34m[1mGenerating C++ introspection for ROS interfaces[0m
[  9%] [34m[1mGenerating C++ type support for eProsima Fast-RTPS[0m
[ 10%] [32mBuilding C object CMakeFiles/radar_msgs__rosidl_generator_c.dir/rosidl_generator_c/radar_msgs/msg/detail/radar_return__functions.c.o[0m
[ 12%] [32mBuilding C object CMakeFiles/radar_msgs__rosidl_generator_c.dir/rosidl_generator_c/radar_msgs/msg/detail/radar_tracks__functions.c.o[0m
[ 14%] [32mBuilding C object CMakeFiles/radar_msgs__rosidl_generator_c.dir/rosidl_generator_c/radar_msgs/msg/detail/radar_track__functions.c.o[0m
[ 16%] [32mBuilding C object CMakeFiles/radar_msgs__rosidl_generator_c.dir/rosidl_generator_c/radar_msgs/msg/detail/radar_scan__functions.c.o[0m
[ 18%] [32m[1mLinking C shared library libradar_msgs__rosidl_generator_c.so[0m
[ 18%] Built target radar_msgs__rosidl_generator_c
[ 20%] [34m[1mGenerating C type support for eProsima Fast-RTPS[0m
[ 23%] [34m[1mGenerating C introspection for ROS interfaces[0m
[ 23%] [34m[1mGenerating C type support dispatch for ROS interfaces[0m
[ 25%] [32mBuilding CXX object CMakeFiles/radar_msgs__rosidl_typesupport_introspection_cpp.dir/rosidl_typesupport_introspection_cpp/radar_msgs/msg/detail/radar_return__type_support.cpp.o[0m
[ 27%] [32mBuilding CXX object CMakeFiles/radar_msgs__rosidl_typesupport_introspection_cpp.dir/rosidl_typesupport_introspection_cpp/radar_msgs/msg/detail/radar_scan__type_support.cpp.o[0m
[ 29%] [32mBuilding CXX object CMakeFiles/radar_msgs__rosidl_typesupport_introspection_cpp.dir/rosidl_typesupport_introspection_cpp/radar_msgs/msg/detail/radar_track__type_support.cpp.o[0m
[ 30%] [32mBuilding CXX object CMakeFiles/radar_msgs__rosidl_typesupport_fastrtps_cpp.dir/rosidl_typesupport_fastrtps_cpp/radar_msgs/msg/detail/dds_fastrtps/radar_return__type_support.cpp.o[0m
[ 32%] [32mBuilding CXX object CMakeFiles/radar_msgs__rosidl_typesupport_cpp.dir/rosidl_typesupport_cpp/radar_msgs/msg/radar_return__type_support.cpp.o[0m
[ 34%] [32mBuilding CXX object CMakeFiles/radar_msgs__rosidl_typesupport_fastrtps_c.dir/rosidl_typesupport_fastrtps_c/radar_msgs/msg/detail/radar_return__type_support_c.cpp.o[0m
[ 36%] [32mBuilding CXX object CMakeFiles/radar_msgs__rosidl_typesupport_introspection_cpp.dir/rosidl_typesupport_introspection_cpp/radar_msgs/msg/detail/radar_tracks__type_support.cpp.o[0m
[ 38%] [32mBuilding CXX object CMakeFiles/radar_msgs__rosidl_typesupport_cpp.dir/rosidl_typesupport_cpp/radar_msgs/msg/radar_scan__type_support.cpp.o[0m
[ 40%] [32mBuilding CXX object CMakeFiles/radar_msgs__rosidl_typesupport_fastrtps_cpp.dir/rosidl_typesupport_fastrtps_cpp/radar_msgs/msg/detail/dds_fastrtps/radar_scan__type_support.cpp.o[0m
[ 41%] [32mBuilding C object CMakeFiles/radar_msgs__rosidl_typesupport_introspection_c.dir/rosidl_typesupport_introspection_c/radar_msgs/msg/detail/radar_return__type_support.c.o[0m
[ 43%] [32mBuilding CXX object CMakeFiles/radar_msgs__rosidl_typesupport_cpp.dir/rosidl_typesupport_cpp/radar_msgs/msg/radar_track__type_support.cpp.o[0m
[ 45%] [32mBuilding C object CMakeFiles/radar_msgs__rosidl_typesupport_introspection_c.dir/rosidl_typesupport_introspection_c/radar_msgs/msg/detail/radar_scan__type_support.c.o[0m
[ 47%] [32mBuilding CXX object CMakeFiles/radar_msgs__rosidl_typesupport_c.dir/rosidl_typesupport_c/radar_msgs/msg/radar_return__type_support.cpp.o[0m
[ 49%] [32mBuilding C object CMakeFiles/radar_msgs__rosidl_typesupport_introspection_c.dir/rosidl_typesupport_introspection_c/radar_msgs/msg/detail/radar_track__type_support.c.o[0m
[ 50%] [32mBuilding CXX object CMakeFiles/radar_msgs__rosidl_typesupport_fastrtps_c.dir/rosidl_typesupport_fastrtps_c/radar_msgs/msg/detail/radar_scan__type_support_c.cpp.o[0m
[ 52%] [32mBuilding CXX object CMakeFiles/radar_msgs__rosidl_typesupport_c.dir/rosidl_typesupport_c/radar_msgs/msg/radar_scan__type_support.cpp.o[0m
[ 54%] [32mBuilding CXX object CMakeFiles/radar_msgs__rosidl_typesupport_fastrtps_c.dir/rosidl_typesupport_fastrtps_c/radar_msgs/msg/detail/radar_track__type_support_c.cpp.o[0m
[ 56%] [32mBuilding C object CMakeFiles/radar_msgs__rosidl_typesupport_introspection_c.dir/rosidl_typesupport_introspection_c/radar_msgs/msg/detail/radar_tracks__type_support.c.o[0m
[ 58%] [32mBuilding CXX object CMakeFiles/radar_msgs__rosidl_typesupport_cpp.dir/rosidl_typesupport_cpp/radar_msgs/msg/radar_tracks__type_support.cpp.o[0m
[ 60%] [32mBuilding CXX object CMakeFiles/radar_msgs__rosidl_typesupport_c.dir/rosidl_typesupport_c/radar_msgs/msg/radar_track__type_support.cpp.o[0m
[ 61%] [32m[1mLinking C shared library libradar_msgs__rosidl_typesupport_introspection_c.so[0m
[ 61%] Built target radar_msgs__rosidl_typesupport_introspection_c
[ 63%] [32mBuilding CXX object CMakeFiles/radar_msgs__rosidl_typesupport_c.dir/rosidl_typesupport_c/radar_msgs/msg/radar_tracks__type_support.cpp.o[0m
[ 65%] [32mBuilding CXX object CMakeFiles/radar_msgs__rosidl_typesupport_fastrtps_cpp.dir/rosidl_typesupport_fastrtps_cpp/radar_msgs/msg/detail/dds_fastrtps/radar_track__type_support.cpp.o[0m
[ 67%] [32mBuilding CXX object CMakeFiles/radar_msgs__rosidl_typesupport_fastrtps_cpp.dir/rosidl_typesupport_fastrtps_cpp/radar_msgs/msg/detail/dds_fastrtps/radar_tracks__type_support.cpp.o[0m
[ 69%] [32m[1mLinking CXX shared library libradar_msgs__rosidl_typesupport_c.so[0m
[ 69%] Built target radar_msgs__rosidl_typesupport_c
[ 70%] [32mBuilding CXX object CMakeFiles/radar_msgs__rosidl_typesupport_fastrtps_c.dir/rosidl_typesupport_fastrtps_c/radar_msgs/msg/detail/radar_tracks__type_support_c.cpp.o[0m
[ 72%] [32m[1mLinking CXX shared library libradar_msgs__rosidl_typesupport_cpp.so[0m
[ 72%] Built target radar_msgs__rosidl_typesupport_cpp
[ 74%] [32m[1mLinking CXX shared library libradar_msgs__rosidl_typesupport_introspection_cpp.so[0m
[ 76%] [32m[1mLinking CXX shared library libradar_msgs__rosidl_typesupport_fastrtps_c.so[0m
[ 76%] Built target radar_msgs__rosidl_typesupport_fastrtps_c
[ 76%] Built target radar_msgs__rosidl_typesupport_introspection_cpp
[ 78%] [32m[1mLinking CXX shared library libradar_msgs__rosidl_typesupport_fastrtps_cpp.so[0m
[ 78%] Built target radar_msgs__rosidl_typesupport_fastrtps_cpp
[ 78%] Built target radar_msgs
[ 80%] [34m[1mGenerating Python code for ROS interfaces[0m
[ 80%] Built target radar_msgs__py
[ 81%] [32mBuilding C object CMakeFiles/radar_msgs__rosidl_generator_py.dir/rosidl_generator_py/radar_msgs/msg/_radar_return_s.c.o[0m
[ 83%] [32mBuilding C object CMakeFiles/radar_msgs__rosidl_generator_py.dir/rosidl_generator_py/radar_msgs/msg/_radar_scan_s.c.o[0m
[ 85%] [32mBuilding C object CMakeFiles/radar_msgs__rosidl_generator_py.dir/rosidl_generator_py/radar_msgs/msg/_radar_tracks_s.c.o[0m
[ 87%] [32mBuilding C object CMakeFiles/radar_msgs__rosidl_generator_py.dir/rosidl_generator_py/radar_msgs/msg/_radar_track_s.c.o[0m
[ 89%] [32m[1mLinking C shared library rosidl_generator_py/radar_msgs/libradar_msgs__rosidl_generator_py.so[0m
[ 89%] Built target radar_msgs__rosidl_generator_py
[ 90%] [32mBuilding C object CMakeFiles/radar_msgs__rosidl_typesupport_c__pyext.dir/rosidl_generator_py/radar_msgs/_radar_msgs_s.ep.rosidl_typesupport_c.c.o[0m
[ 92%] [32mBuilding C object CMakeFiles/radar_msgs__rosidl_typesupport_introspection_c__pyext.dir/rosidl_generator_py/radar_msgs/_radar_msgs_s.ep.rosidl_typesupport_introspection_c.c.o[0m
[ 94%] [32mBuilding C object CMakeFiles/radar_msgs__rosidl_typesupport_fastrtps_c__pyext.dir/rosidl_generator_py/radar_msgs/_radar_msgs_s.ep.rosidl_typesupport_fastrtps_c.c.o[0m
[ 96%] [32m[1mLinking C shared library rosidl_generator_py/radar_msgs/radar_msgs_s__rosidl_typesupport_introspection_c.cpython-310-x86_64-linux-gnu.so[0m
[ 98%] [32m[1mLinking C shared library rosidl_generator_py/radar_msgs/radar_msgs_s__rosidl_typesupport_fastrtps_c.cpython-310-x86_64-linux-gnu.so[0m
[100%] [32m[1mLinking C shared library rosidl_generator_py/radar_msgs/radar_msgs_s__rosidl_typesupport_c.cpython-310-x86_64-linux-gnu.so[0m
[100%] Built target radar_msgs__rosidl_typesupport_introspection_c__pyext
[100%] Built target radar_msgs__rosidl_typesupport_fastrtps_c__pyext
[100%] Built target radar_msgs__rosidl_typesupport_c__pyext
-- Install configuration: ""
-- Installing: /home/mac/Desktop/conti_ws/install/radar_msgs/share/ament_index/resource_index/rosidl_interfaces/radar_msgs
-- Installing: /home/mac/Desktop/conti_ws/install/radar_msgs/include/radar_msgs/radar_msgs
-- Installing: /home/mac/Desktop/conti_ws/install/radar_msgs/include/radar_msgs/radar_msgs/msg
-- Installing: /home/mac/Desktop/conti_ws/install/radar_msgs/include/radar_msgs/radar_msgs/msg/radar_track.h
-- Installing: /home/mac/Desktop/conti_ws/install/radar_msgs/include/radar_msgs/radar_msgs/msg/detail
-- Installing: /home/mac/Desktop/conti_ws/install/radar_msgs/include/radar_msgs/radar_msgs/msg/detail/radar_tracks__functions.c
-- Installing: /home/mac/Desktop/conti_ws/install/radar_msgs/include/radar_msgs/radar_msgs/msg/detail/radar_return__type_support.h
-- Installing: /home/mac/Desktop/conti_ws/install/radar_msgs/include/radar_msgs/radar_msgs/msg/detail/radar_track__struct.h
-- Installing: /home/mac/Desktop/conti_ws/install/radar_msgs/include/radar_msgs/radar_msgs/msg/detail/radar_return__functions.c
-- Installing: /home/mac/Desktop/conti_ws/install/radar_msgs/include/radar_msgs/radar_msgs/msg/detail/radar_scan__type_support.h
-- Installing: /home/mac/Desktop/conti_ws/install/radar_msgs/include/radar_msgs/radar_msgs/msg/detail/radar_scan__functions.h
-- Installing: /home/mac/Desktop/conti_ws/install/radar_msgs/include/radar_msgs/radar_msgs/msg/detail/radar_track__functions.h
-- Installing: /home/mac/Desktop/conti_ws/install/radar_msgs/include/radar_msgs/radar_msgs/msg/detail/radar_track__type_support.h
-- Installing: /home/mac/Desktop/conti_ws/install/radar_msgs/include/radar_msgs/radar_msgs/msg/detail/radar_tracks__type_support.h
-- Installing: /home/mac/Desktop/conti_ws/install/radar_msgs/include/radar_msgs/radar_msgs/msg/detail/radar_tracks__struct.h
-- Installing: /home/mac/Desktop/conti_ws/install/radar_msgs/include/radar_msgs/radar_msgs/msg/detail/radar_track__functions.c
-- Installing: /home/mac/Desktop/conti_ws/install/radar_msgs/include/radar_msgs/radar_msgs/msg/detail/radar_return__struct.h
-- Installing: /home/mac/Desktop/conti_ws/install/radar_msgs/include/radar_msgs/radar_msgs/msg/detail/radar_tracks__functions.h
-- Installing: /home/mac/Desktop/conti_ws/install/radar_msgs/include/radar_msgs/radar_msgs/msg/detail/radar_return__functions.h
-- Installing: /home/mac/Desktop/conti_ws/install/radar_msgs/include/radar_msgs/radar_msgs/msg/detail/radar_scan__struct.h
-- Installing: /home/mac/Desktop/conti_ws/install/radar_msgs/include/radar_msgs/radar_msgs/msg/detail/radar_scan__functions.c
-- Installing: /home/mac/Desktop/conti_ws/install/radar_msgs/include/radar_msgs/radar_msgs/msg/radar_tracks.h
-- Installing: /home/mac/Desktop/conti_ws/install/radar_msgs/include/radar_msgs/radar_msgs/msg/radar_return.h
-- Installing: /home/mac/Desktop/conti_ws/install/radar_msgs/include/radar_msgs/radar_msgs/msg/radar_scan.h
-- Installing: /home/mac/Desktop/conti_ws/install/radar_msgs/include/radar_msgs/radar_msgs/msg/rosidl_generator_c__visibility_control.h
-- Installing: /home/mac/Desktop/conti_ws/install/radar_msgs/share/radar_msgs/environment/library_path.sh
-- Installing: /home/mac/Desktop/conti_ws/install/radar_msgs/share/radar_msgs/environment/library_path.dsv
-- Installing: /home/mac/Desktop/conti_ws/install/radar_msgs/lib/libradar_msgs__rosidl_generator_c.so
-- Set non-toolchain portion of runtime path of "/home/mac/Desktop/conti_ws/install/radar_msgs/lib/libradar_msgs__rosidl_generator_c.so" to ""
-- Up-to-date: /home/mac/Desktop/conti_ws/install/radar_msgs/include/radar_msgs/radar_msgs
-- Up-to-date: /home/mac/Desktop/conti_ws/install/radar_msgs/include/radar_msgs/radar_msgs/msg
-- Installing: /home/mac/Desktop/conti_ws/install/radar_msgs/include/radar_msgs/radar_msgs/msg/rosidl_typesupport_fastrtps_c__visibility_control.h
-- Up-to-date: /home/mac/Desktop/conti_ws/install/radar_msgs/include/radar_msgs/radar_msgs/msg/detail
-- Installing: /home/mac/Desktop/conti_ws/install/radar_msgs/include/radar_msgs/radar_msgs/msg/detail/radar_tracks__rosidl_typesupport_fastrtps_c.h
-- Installing: /home/mac/Desktop/conti_ws/install/radar_msgs/include/radar_msgs/radar_msgs/msg/detail/radar_track__rosidl_typesupport_fastrtps_c.h
-- Installing: /home/mac/Desktop/conti_ws/install/radar_msgs/include/radar_msgs/radar_msgs/msg/detail/radar_return__rosidl_typesupport_fastrtps_c.h
-- Installing: /home/mac/Desktop/conti_ws/install/radar_msgs/include/radar_msgs/radar_msgs/msg/detail/radar_scan__rosidl_typesupport_fastrtps_c.h
-- Installing: /home/mac/Desktop/conti_ws/install/radar_msgs/lib/libradar_msgs__rosidl_typesupport_fastrtps_c.so
-- Set non-toolchain portion of runtime path of "/home/mac/Desktop/conti_ws/install/radar_msgs/lib/libradar_msgs__rosidl_typesupport_fastrtps_c.so" to ""
-- Up-to-date: /home/mac/Desktop/conti_ws/install/radar_msgs/include/radar_msgs/radar_msgs
-- Up-to-date: /home/mac/Desktop/conti_ws/install/radar_msgs/include/radar_msgs/radar_msgs/msg
-- Up-to-date: /home/mac/Desktop/conti_ws/install/radar_msgs/include/radar_msgs/radar_msgs/msg/detail
-- Installing: /home/mac/Desktop/conti_ws/install/radar_msgs/include/radar_msgs/radar_msgs/msg/detail/radar_return__builder.hpp
-- Installing: /home/mac/Desktop/conti_ws/install/radar_msgs/include/radar_msgs/radar_msgs/msg/detail/radar_track__struct.hpp
-- Installing: /home/mac/Desktop/conti_ws/install/radar_msgs/include/radar_msgs/radar_msgs/msg/detail/radar_tracks__builder.hpp
-- Installing: /home/mac/Desktop/conti_ws/install/radar_msgs/include/radar_msgs/radar_msgs/msg/detail/radar_return__type_support.hpp
-- Installing: /home/mac/Desktop/conti_ws/install/radar_msgs/include/radar_msgs/radar_msgs/msg/detail/radar_track__traits.hpp
-- Installing: /home/mac/Desktop/conti_ws/install/radar_msgs/include/radar_msgs/radar_msgs/msg/detail/radar_tracks__struct.hpp
-- Installing: /home/mac/Desktop/conti_ws/install/radar_msgs/include/radar_msgs/radar_msgs/msg/detail/radar_return__traits.hpp
-- Installing: /home/mac/Desktop/conti_ws/install/radar_msgs/include/radar_msgs/radar_msgs/msg/detail/radar_tracks__traits.hpp
-- Installing: /home/mac/Desktop/conti_ws/install/radar_msgs/include/radar_msgs/radar_msgs/msg/detail/radar_scan__builder.hpp
-- Installing: /home/mac/Desktop/conti_ws/install/radar_msgs/include/radar_msgs/radar_msgs/msg/detail/radar_scan__struct.hpp
-- Installing: /home/mac/Desktop/conti_ws/install/radar_msgs/include/radar_msgs/radar_msgs/msg/detail/radar_tracks__type_support.hpp
-- Installing: /home/mac/Desktop/conti_ws/install/radar_msgs/include/radar_msgs/radar_msgs/msg/detail/radar_return__struct.hpp
-- Installing: /home/mac/Desktop/conti_ws/install/radar_msgs/include/radar_msgs/radar_msgs/msg/detail/radar_scan__type_support.hpp
-- Installing: /home/mac/Desktop/conti_ws/install/radar_msgs/include/radar_msgs/radar_msgs/msg/detail/radar_scan__traits.hpp
-- Installing: /home/mac/Desktop/conti_ws/install/radar_msgs/include/radar_msgs/radar_msgs/msg/detail/radar_track__builder.hpp
-- Installing: /home/mac/Desktop/conti_ws/install/radar_msgs/include/radar_msgs/radar_msgs/msg/detail/radar_track__type_support.hpp
-- Installing: /home/mac/Desktop/conti_ws/install/radar_msgs/include/radar_msgs/radar_msgs/msg/radar_track.hpp
-- Installing: /home/mac/Desktop/conti_ws/install/radar_msgs/include/radar_msgs/radar_msgs/msg/radar_tracks.hpp
-- Installing: /home/mac/Desktop/conti_ws/install/radar_msgs/include/radar_msgs/radar_msgs/msg/rosidl_generator_cpp__visibility_control.hpp
-- Installing: /home/mac/Desktop/conti_ws/install/radar_msgs/include/radar_msgs/radar_msgs/msg/radar_return.hpp
-- Installing: /home/mac/Desktop/conti_ws/install/radar_msgs/include/radar_msgs/radar_msgs/msg/radar_scan.hpp
-- Up-to-date: /home/mac/Desktop/conti_ws/install/radar_msgs/include/radar_msgs/radar_msgs
-- Up-to-date: /home/mac/Desktop/conti_ws/install/radar_msgs/include/radar_msgs/radar_msgs/msg
-- Up-to-date: /home/mac/Desktop/conti_ws/install/radar_msgs/include/radar_msgs/radar_msgs/msg/detail
-- Installing: /home/mac/Desktop/conti_ws/install/radar_msgs/include/radar_msgs/radar_msgs/msg/detail/radar_track__rosidl_typesupport_fastrtps_cpp.hpp
-- Installing: /home/mac/Desktop/conti_ws/install/radar_msgs/include/radar_msgs/radar_msgs/msg/detail/dds_fastrtps
-- Installing: /home/mac/Desktop/conti_ws/install/radar_msgs/include/radar_msgs/radar_msgs/msg/detail/radar_return__rosidl_typesupport_fastrtps_cpp.hpp
-- Installing: /home/mac/Desktop/conti_ws/install/radar_msgs/include/radar_msgs/radar_msgs/msg/detail/radar_tracks__rosidl_typesupport_fastrtps_cpp.hpp
-- Installing: /home/mac/Desktop/conti_ws/install/radar_msgs/include/radar_msgs/radar_msgs/msg/detail/radar_scan__rosidl_typesupport_fastrtps_cpp.hpp
-- Installing: /home/mac/Desktop/conti_ws/install/radar_msgs/include/radar_msgs/radar_msgs/msg/rosidl_typesupport_fastrtps_cpp__visibility_control.h
-- Installing: /home/mac/Desktop/conti_ws/install/radar_msgs/lib/libradar_msgs__rosidl_typesupport_fastrtps_cpp.so
-- Set non-toolchain portion of runtime path of "/home/mac/Desktop/conti_ws/install/radar_msgs/lib/libradar_msgs__rosidl_typesupport_fastrtps_cpp.so" to ""
-- Up-to-date: /home/mac/Desktop/conti_ws/install/radar_msgs/include/radar_msgs/radar_msgs
-- Up-to-date: /home/mac/Desktop/conti_ws/install/radar_msgs/include/radar_msgs/radar_msgs/msg
-- Up-to-date: /home/mac/Desktop/conti_ws/install/radar_msgs/include/radar_msgs/radar_msgs/msg/detail
-- Installing: /home/mac/Desktop/conti_ws/install/radar_msgs/include/radar_msgs/radar_msgs/msg/detail/radar_scan__type_support.c
-- Installing: /home/mac/Desktop/conti_ws/install/radar_msgs/include/radar_msgs/radar_msgs/msg/detail/radar_tracks__rosidl_typesupport_introspection_c.h
-- Installing: /home/mac/Desktop/conti_ws/install/radar_msgs/include/radar_msgs/radar_msgs/msg/detail/radar_track__type_support.c
-- Installing: /home/mac/Desktop/conti_ws/install/radar_msgs/include/radar_msgs/radar_msgs/msg/detail/radar_return__rosidl_typesupport_introspection_c.h
-- Installing: /home/mac/Desktop/conti_ws/install/radar_msgs/include/radar_msgs/radar_msgs/msg/detail/radar_scan__rosidl_typesupport_introspection_c.h
-- Installing: /home/mac/Desktop/conti_ws/install/radar_msgs/include/radar_msgs/radar_msgs/msg/detail/radar_return__type_support.c
-- Installing: /home/mac/Desktop/conti_ws/install/radar_msgs/include/radar_msgs/radar_msgs/msg/detail/radar_tracks__type_support.c
-- Installing: /home/mac/Desktop/conti_ws/install/radar_msgs/include/radar_msgs/radar_msgs/msg/detail/radar_track__rosidl_typesupport_introspection_c.h
-- Installing: /home/mac/Desktop/conti_ws/install/radar_msgs/include/radar_msgs/radar_msgs/msg/rosidl_typesupport_introspection_c__visibility_control.h
-- Installing: /home/mac/Desktop/conti_ws/install/radar_msgs/lib/libradar_msgs__rosidl_typesupport_introspection_c.so
-- Set non-toolchain portion of runtime path of "/home/mac/Desktop/conti_ws/install/radar_msgs/lib/libradar_msgs__rosidl_typesupport_introspection_c.so" to ""
-- Installing: /home/mac/Desktop/conti_ws/install/radar_msgs/lib/libradar_msgs__rosidl_typesupport_c.so
-- Set non-toolchain portion of runtime path of "/home/mac/Desktop/conti_ws/install/radar_msgs/lib/libradar_msgs__rosidl_typesupport_c.so" to ""
-- Up-to-date: /home/mac/Desktop/conti_ws/install/radar_msgs/include/radar_msgs/radar_msgs
-- Up-to-date: /home/mac/Desktop/conti_ws/install/radar_msgs/include/radar_msgs/radar_msgs/msg
-- Up-to-date: /home/mac/Desktop/conti_ws/install/radar_msgs/include/radar_msgs/radar_msgs/msg/detail
-- Installing: /home/mac/Desktop/conti_ws/install/radar_msgs/include/radar_msgs/radar_msgs/msg/detail/radar_track__type_support.cpp
-- Installing: /home/mac/Desktop/conti_ws/install/radar_msgs/include/radar_msgs/radar_msgs/msg/detail/radar_track__rosidl_typesupport_introspection_cpp.hpp
-- Installing: /home/mac/Desktop/conti_ws/install/radar_msgs/include/radar_msgs/radar_msgs/msg/detail/radar_tracks__type_support.cpp
-- Installing: /home/mac/Desktop/conti_ws/install/radar_msgs/include/radar_msgs/radar_msgs/msg/detail/radar_scan__rosidl_typesupport_introspection_cpp.hpp
-- Installing: /home/mac/Desktop/conti_ws/install/radar_msgs/include/radar_msgs/radar_msgs/msg/detail/radar_tracks__rosidl_typesupport_introspection_cpp.hpp
-- Installing: /home/mac/Desktop/conti_ws/install/radar_msgs/include/radar_msgs/radar_msgs/msg/detail/radar_return__rosidl_typesupport_introspection_cpp.hpp
-- Installing: /home/mac/Desktop/conti_ws/install/radar_msgs/include/radar_msgs/radar_msgs/msg/detail/radar_return__type_support.cpp
-- Installing: /home/mac/Desktop/conti_ws/install/radar_msgs/include/radar_msgs/radar_msgs/msg/detail/radar_scan__type_support.cpp
-- Installing: /home/mac/Desktop/conti_ws/install/radar_msgs/lib/libradar_msgs__rosidl_typesupport_introspection_cpp.so
-- Set non-toolchain portion of runtime path of "/home/mac/Desktop/conti_ws/install/radar_msgs/lib/libradar_msgs__rosidl_typesupport_introspection_cpp.so" to ""
-- Installing: /home/mac/Desktop/conti_ws/install/radar_msgs/lib/libradar_msgs__rosidl_typesupport_cpp.so
-- Set non-toolchain portion of runtime path of "/home/mac/Desktop/conti_ws/install/radar_msgs/lib/libradar_msgs__rosidl_typesupport_cpp.so" to ""
-- Installing: /home/mac/Desktop/conti_ws/install/radar_msgs/share/radar_msgs/environment/pythonpath.sh
-- Installing: /home/mac/Desktop/conti_ws/install/radar_msgs/share/radar_msgs/environment/pythonpath.dsv
-- Installing: /home/mac/Desktop/conti_ws/install/radar_msgs/local/lib/python3.10/dist-packages/radar_msgs-0.2.2-py3.10.egg-info
-- Installing: /home/mac/Desktop/conti_ws/install/radar_msgs/local/lib/python3.10/dist-packages/radar_msgs-0.2.2-py3.10.egg-info/dependency_links.txt
-- Installing: /home/mac/Desktop/conti_ws/install/radar_msgs/local/lib/python3.10/dist-packages/radar_msgs-0.2.2-py3.10.egg-info/PKG-INFO
-- Installing: /home/mac/Desktop/conti_ws/install/radar_msgs/local/lib/python3.10/dist-packages/radar_msgs-0.2.2-py3.10.egg-info/SOURCES.txt
-- Installing: /home/mac/Desktop/conti_ws/install/radar_msgs/local/lib/python3.10/dist-packages/radar_msgs-0.2.2-py3.10.egg-info/top_level.txt
-- Installing: /home/mac/Desktop/conti_ws/install/radar_msgs/local/lib/python3.10/dist-packages/radar_msgs
-- Installing: /home/mac/Desktop/conti_ws/install/radar_msgs/local/lib/python3.10/dist-packages/radar_msgs/_radar_msgs_s.ep.rosidl_typesupport_c.c
-- Installing: /home/mac/Desktop/conti_ws/install/radar_msgs/local/lib/python3.10/dist-packages/radar_msgs/radar_msgs_s__rosidl_typesupport_fastrtps_c.cpython-310-x86_64-linux-gnu.so
-- Installing: /home/mac/Desktop/conti_ws/install/radar_msgs/local/lib/python3.10/dist-packages/radar_msgs/radar_msgs_s__rosidl_typesupport_c.cpython-310-x86_64-linux-gnu.so
-- Installing: /home/mac/Desktop/conti_ws/install/radar_msgs/local/lib/python3.10/dist-packages/radar_msgs/_radar_msgs_s.ep.rosidl_typesupport_fastrtps_c.c
-- Installing: /home/mac/Desktop/conti_ws/install/radar_msgs/local/lib/python3.10/dist-packages/radar_msgs/radar_msgs_s__rosidl_typesupport_introspection_c.cpython-310-x86_64-linux-gnu.so
-- Installing: /home/mac/Desktop/conti_ws/install/radar_msgs/local/lib/python3.10/dist-packages/radar_msgs/_radar_msgs_s.ep.rosidl_typesupport_introspection_c.c
-- Installing: /home/mac/Desktop/conti_ws/install/radar_msgs/local/lib/python3.10/dist-packages/radar_msgs/libradar_msgs__rosidl_generator_py.so
-- Installing: /home/mac/Desktop/conti_ws/install/radar_msgs/local/lib/python3.10/dist-packages/radar_msgs/__init__.py
-- Installing: /home/mac/Desktop/conti_ws/install/radar_msgs/local/lib/python3.10/dist-packages/radar_msgs/msg
-- Installing: /home/mac/Desktop/conti_ws/install/radar_msgs/local/lib/python3.10/dist-packages/radar_msgs/msg/_radar_track_s.c
-- Installing: /home/mac/Desktop/conti_ws/install/radar_msgs/local/lib/python3.10/dist-packages/radar_msgs/msg/_radar_scan_s.c
-- Installing: /home/mac/Desktop/conti_ws/install/radar_msgs/local/lib/python3.10/dist-packages/radar_msgs/msg/_radar_track.py
-- Installing: /home/mac/Desktop/conti_ws/install/radar_msgs/local/lib/python3.10/dist-packages/radar_msgs/msg/_radar_tracks_s.c
-- Installing: /home/mac/Desktop/conti_ws/install/radar_msgs/local/lib/python3.10/dist-packages/radar_msgs/msg/_radar_tracks.py
-- Installing: /home/mac/Desktop/conti_ws/install/radar_msgs/local/lib/python3.10/dist-packages/radar_msgs/msg/_radar_scan.py
-- Installing: /home/mac/Desktop/conti_ws/install/radar_msgs/local/lib/python3.10/dist-packages/radar_msgs/msg/__init__.py
-- Installing: /home/mac/Desktop/conti_ws/install/radar_msgs/local/lib/python3.10/dist-packages/radar_msgs/msg/_radar_return_s.c
-- Installing: /home/mac/Desktop/conti_ws/install/radar_msgs/local/lib/python3.10/dist-packages/radar_msgs/msg/_radar_return.py
Listing '/home/mac/Desktop/conti_ws/install/radar_msgs/local/lib/python3.10/dist-packages/radar_msgs'...
Compiling '/home/mac/Desktop/conti_ws/install/radar_msgs/local/lib/python3.10/dist-packages/radar_msgs/__init__.py'...
Listing '/home/mac/Desktop/conti_ws/install/radar_msgs/local/lib/python3.10/dist-packages/radar_msgs/msg'...
Compiling '/home/mac/Desktop/conti_ws/install/radar_msgs/local/lib/python3.10/dist-packages/radar_msgs/msg/__init__.py'...
Compiling '/home/mac/Desktop/conti_ws/install/radar_msgs/local/lib/python3.10/dist-packages/radar_msgs/msg/_radar_return.py'...
Compiling '/home/mac/Desktop/conti_ws/install/radar_msgs/local/lib/python3.10/dist-packages/radar_msgs/msg/_radar_scan.py'...
Compiling '/home/mac/Desktop/conti_ws/install/radar_msgs/local/lib/python3.10/dist-packages/radar_msgs/msg/_radar_track.py'...
Compiling '/home/mac/Desktop/conti_ws/install/radar_msgs/local/lib/python3.10/dist-packages/radar_msgs/msg/_radar_tracks.py'...
-- Installing: /home/mac/Desktop/conti_ws/install/radar_msgs/local/lib/python3.10/dist-packages/radar_msgs/radar_msgs_s__rosidl_typesupport_fastrtps_c.cpython-310-x86_64-linux-gnu.so
-- Set non-toolchain portion of runtime path of "/home/mac/Desktop/conti_ws/install/radar_msgs/local/lib/python3.10/dist-packages/radar_msgs/radar_msgs_s__rosidl_typesupport_fastrtps_c.cpython-310-x86_64-linux-gnu.so" to ""
-- Installing: /home/mac/Desktop/conti_ws/install/radar_msgs/local/lib/python3.10/dist-packages/radar_msgs/radar_msgs_s__rosidl_typesupport_introspection_c.cpython-310-x86_64-linux-gnu.so
-- Set non-toolchain portion of runtime path of "/home/mac/Desktop/conti_ws/install/radar_msgs/local/lib/python3.10/dist-packages/radar_msgs/radar_msgs_s__rosidl_typesupport_introspection_c.cpython-310-x86_64-linux-gnu.so" to ""
-- Installing: /home/mac/Desktop/conti_ws/install/radar_msgs/local/lib/python3.10/dist-packages/radar_msgs/radar_msgs_s__rosidl_typesupport_c.cpython-310-x86_64-linux-gnu.so
-- Set non-toolchain portion of runtime path of "/home/mac/Desktop/conti_ws/install/radar_msgs/local/lib/python3.10/dist-packages/radar_msgs/radar_msgs_s__rosidl_typesupport_c.cpython-310-x86_64-linux-gnu.so" to ""
-- Installing: /home/mac/Desktop/conti_ws/install/radar_msgs/lib/libradar_msgs__rosidl_generator_py.so
-- Set non-toolchain portion of runtime path of "/home/mac/Desktop/conti_ws/install/radar_msgs/lib/libradar_msgs__rosidl_generator_py.so" to ""
-- Installing: /home/mac/Desktop/conti_ws/install/radar_msgs/share/radar_msgs/msg/RadarReturn.idl
-- Installing: /home/mac/Desktop/conti_ws/install/radar_msgs/share/radar_msgs/msg/RadarScan.idl
-- Installing: /home/mac/Desktop/conti_ws/install/radar_msgs/share/radar_msgs/msg/RadarTrack.idl
-- Installing: /home/mac/Desktop/conti_ws/install/radar_msgs/share/radar_msgs/msg/RadarTracks.idl
-- Installing: /home/mac/Desktop/conti_ws/install/radar_msgs/share/radar_msgs/msg/RadarReturn.msg
-- Installing: /home/mac/Desktop/conti_ws/install/radar_msgs/share/radar_msgs/msg/RadarScan.msg
-- Installing: /home/mac/Desktop/conti_ws/install/radar_msgs/share/radar_msgs/msg/RadarTrack.msg
-- Installing: /home/mac/Desktop/conti_ws/install/radar_msgs/share/radar_msgs/msg/RadarTracks.msg
-- Installing: /home/mac/Desktop/conti_ws/install/radar_msgs/share/ament_index/resource_index/package_run_dependencies/radar_msgs
-- Installing: /home/mac/Desktop/conti_ws/install/radar_msgs/share/ament_index/resource_index/parent_prefix_path/radar_msgs
-- Installing: /home/mac/Desktop/conti_ws/install/radar_msgs/share/radar_msgs/environment/ament_prefix_path.sh
-- Installing: /home/mac/Desktop/conti_ws/install/radar_msgs/share/radar_msgs/environment/ament_prefix_path.dsv
-- Installing: /home/mac/Desktop/conti_ws/install/radar_msgs/share/radar_msgs/environment/path.sh
-- Installing: /home/mac/Desktop/conti_ws/install/radar_msgs/share/radar_msgs/environment/path.dsv
-- Installing: /home/mac/Desktop/conti_ws/install/radar_msgs/share/radar_msgs/local_setup.bash
-- Installing: /home/mac/Desktop/conti_ws/install/radar_msgs/share/radar_msgs/local_setup.sh
-- Installing: /home/mac/Desktop/conti_ws/install/radar_msgs/share/radar_msgs/local_setup.zsh
-- Installing: /home/mac/Desktop/conti_ws/install/radar_msgs/share/radar_msgs/local_setup.dsv
-- Installing: /home/mac/Desktop/conti_ws/install/radar_msgs/share/radar_msgs/package.dsv
-- Installing: /home/mac/Desktop/conti_ws/install/radar_msgs/share/ament_index/resource_index/packages/radar_msgs
-- Installing: /home/mac/Desktop/conti_ws/install/radar_msgs/share/radar_msgs/cmake/export_radar_msgs__rosidl_generator_cExport.cmake
-- Installing: /home/mac/Desktop/conti_ws/install/radar_msgs/share/radar_msgs/cmake/export_radar_msgs__rosidl_generator_cExport-noconfig.cmake
-- Installing: /home/mac/Desktop/conti_ws/install/radar_msgs/share/radar_msgs/cmake/export_radar_msgs__rosidl_typesupport_fastrtps_cExport.cmake
-- Installing: /home/mac/Desktop/conti_ws/install/radar_msgs/share/radar_msgs/cmake/export_radar_msgs__rosidl_typesupport_fastrtps_cExport-noconfig.cmake
-- Installing: /home/mac/Desktop/conti_ws/install/radar_msgs/share/radar_msgs/cmake/export_radar_msgs__rosidl_generator_cppExport.cmake
-- Installing: /home/mac/Desktop/conti_ws/install/radar_msgs/share/radar_msgs/cmake/export_radar_msgs__rosidl_typesupport_fastrtps_cppExport.cmake
-- Installing: /home/mac/Desktop/conti_ws/install/radar_msgs/share/radar_msgs/cmake/export_radar_msgs__rosidl_typesupport_fastrtps_cppExport-noconfig.cmake
-- Installing: /home/mac/Desktop/conti_ws/install/radar_msgs/share/radar_msgs/cmake/radar_msgs__rosidl_typesupport_introspection_cExport.cmake
-- Installing: /home/mac/Desktop/conti_ws/install/radar_msgs/share/radar_msgs/cmake/radar_msgs__rosidl_typesupport_introspection_cExport-noconfig.cmake
-- Installing: /home/mac/Desktop/conti_ws/install/radar_msgs/share/radar_msgs/cmake/radar_msgs__rosidl_typesupport_cExport.cmake
-- Installing: /home/mac/Desktop/conti_ws/install/radar_msgs/share/radar_msgs/cmake/radar_msgs__rosidl_typesupport_cExport-noconfig.cmake
-- Installing: /home/mac/Desktop/conti_ws/install/radar_msgs/share/radar_msgs/cmake/radar_msgs__rosidl_typesupport_introspection_cppExport.cmake
-- Installing: /home/mac/Desktop/conti_ws/install/radar_msgs/share/radar_msgs/cmake/radar_msgs__rosidl_typesupport_introspection_cppExport-noconfig.cmake
-- Installing: /home/mac/Desktop/conti_ws/install/radar_msgs/share/radar_msgs/cmake/radar_msgs__rosidl_typesupport_cppExport.cmake
-- Installing: /home/mac/Desktop/conti_ws/install/radar_msgs/share/radar_msgs/cmake/radar_msgs__rosidl_typesupport_cppExport-noconfig.cmake
-- Installing: /home/mac/Desktop/conti_ws/install/radar_msgs/share/radar_msgs/cmake/export_radar_msgs__rosidl_generator_pyExport.cmake
-- Installing: /home/mac/Desktop/conti_ws/install/radar_msgs/share/radar_msgs/cmake/export_radar_msgs__rosidl_generator_pyExport-noconfig.cmake
-- Installing: /home/mac/Desktop/conti_ws/install/radar_msgs/share/radar_msgs/cmake/rosidl_cmake-extras.cmake
-- Installing: /home/mac/Desktop/conti_ws/install/radar_msgs/share/radar_msgs/cmake/ament_cmake_export_dependencies-extras.cmake
-- Installing: /home/mac/Desktop/conti_ws/install/radar_msgs/share/radar_msgs/cmake/ament_cmake_export_include_directories-extras.cmake
-- Installing: /home/mac/Desktop/conti_ws/install/radar_msgs/share/radar_msgs/cmake/ament_cmake_export_libraries-extras.cmake
-- Installing: /home/mac/Desktop/conti_ws/install/radar_msgs/share/radar_msgs/cmake/ament_cmake_export_targets-extras.cmake
-- Installing: /home/mac/Desktop/conti_ws/install/radar_msgs/share/radar_msgs/cmake/rosidl_cmake_export_typesupport_targets-extras.cmake
-- Installing: /home/mac/Desktop/conti_ws/install/radar_msgs/share/radar_msgs/cmake/rosidl_cmake_export_typesupport_libraries-extras.cmake
-- Installing: /home/mac/Desktop/conti_ws/install/radar_msgs/share/radar_msgs/cmake/radar_msgsConfig.cmake
-- Installing: /home/mac/Desktop/conti_ws/install/radar_msgs/share/radar_msgs/cmake/radar_msgsConfig-version.cmake
-- Installing: /home/mac/Desktop/conti_ws/install/radar_msgs/share/radar_msgs/package.xml
