[0.007s] Invoking command in '/home/mac/Desktop/conti_ws/build/radar_msgs': CMAKE_PREFIX_PATH=${CMAKE_PREFIX_PATH}:/home/mac/Desktop/su25/turtlebot4_ws/install/leader_follower_demo:/opt/ros/humble /home/mac/.local/bin/cmake /home/mac/Desktop/conti_ws/src/radar_msgs -DCMAKE_INSTALL_PREFIX=/home/mac/Desktop/conti_ws/install/radar_msgs
[0.073s] [0mCMake Deprecation Warning at CMakeLists.txt:1 (cmake_minimum_required):
[0.073s]   Compatibility with CMake < 3.10 will be removed from a future version of
[0.073s]   CMake.
[0.073s] 
[0.073s]   Update the VERSION argument <min> value.  Or, use the <min>...<max> syntax
[0.073s]   to tell CMake that the project requires at least <min> but has been updated
[0.073s]   to work with policies introduced by <max> or earlier.
[0.074s] 
[0.074s] [0m
[0.112s] -- The C compiler identification is GNU 11.4.0
[0.166s] -- The CXX compiler identification is GNU 11.4.0
[0.172s] -- Detecting C compiler ABI info
[0.216s] -- Detecting C compiler ABI info - done
[0.229s] -- Check for working C compiler: /usr/bin/cc - skipped
[0.229s] -- Detecting C compile features
[0.229s] -- Detecting C compile features - done
[0.238s] -- Detecting CXX compiler ABI info
[0.286s] -- Detecting CXX compiler ABI info - done
[0.299s] -- Check for working CXX compiler: /usr/bin/c++ - skipped
[0.300s] -- Detecting CXX compile features
[0.300s] -- Detecting CXX compile features - done
[0.307s] -- Found ament_cmake: 1.3.11 (/opt/ros/humble/share/ament_cmake/cmake)
[0.458s] -- Found Python3: /usr/bin/python3 (found version "3.10.12") found components: Interpreter
[0.542s] -- Found builtin_interfaces: 1.2.1 (/opt/ros/humble/share/builtin_interfaces/cmake)
[0.584s] -- Found rosidl_generator_c: 3.1.6 (/opt/ros/humble/share/rosidl_generator_c/cmake)
[0.589s] -- Found rosidl_adapter: 3.1.6 (/opt/ros/humble/share/rosidl_adapter/cmake)
[0.597s] -- Found rosidl_generator_cpp: 3.1.6 (/opt/ros/humble/share/rosidl_generator_cpp/cmake)
[0.609s] -- Using all available rosidl_typesupport_c: rosidl_typesupport_fastrtps_c;rosidl_typesupport_introspection_c
[0.627s] -- Using all available rosidl_typesupport_cpp: rosidl_typesupport_fastrtps_cpp;rosidl_typesupport_introspection_cpp
[0.643s] -- Found rosidl_default_generators: 1.2.0 (/opt/ros/humble/share/rosidl_default_generators/cmake)
[0.654s] -- Found std_msgs: 4.8.0 (/opt/ros/humble/share/std_msgs/cmake)
[0.668s] -- Found geometry_msgs: 4.8.0 (/opt/ros/humble/share/geometry_msgs/cmake)
[0.682s] -- Found unique_identifier_msgs: 2.2.1 (/opt/ros/humble/share/unique_identifier_msgs/cmake)
[1.279s] -- Found ament_cmake_ros: 0.10.0 (/opt/ros/humble/share/ament_cmake_ros/cmake)
[2.363s] -- Using all available rosidl_typesupport_c: rosidl_typesupport_fastrtps_c;rosidl_typesupport_introspection_c
[2.782s] -- Using all available rosidl_typesupport_cpp: rosidl_typesupport_fastrtps_cpp;rosidl_typesupport_introspection_cpp
[2.787s] [33mCMake Warning (dev) at /opt/ros/humble/share/rosidl_generator_py/cmake/rosidl_generator_py_generate_interfaces.cmake:20 (find_package):
[2.787s]   Policy CMP0148 is not set: The FindPythonInterp and FindPythonLibs modules
[2.787s]   are removed.  Run "cmake --help-policy CMP0148" for policy details.  Use
[2.787s]   the cmake_policy command to set the policy and suppress this warning.
[2.787s] 
[2.788s] Call Stack (most recent call first):
[2.788s]   /opt/ros/humble/share/ament_cmake_core/cmake/core/ament_execute_extensions.cmake:48 (include)
[2.788s]   /opt/ros/humble/share/rosidl_cmake/cmake/rosidl_generate_interfaces.cmake:286 (ament_execute_extensions)
[2.788s]   CMakeLists.txt:11 (rosidl_generate_interfaces)
[2.788s] This warning is for project developers.  Use -Wno-dev to suppress it.
[2.789s] [0m
[2.815s] -- Found PythonInterp: /usr/bin/python3 (found suitable version "3.10.12", minimum required is "3.6")
[2.821s] -- Found python_cmake_module: 0.10.0 (/opt/ros/humble/share/python_cmake_module/cmake)
[2.821s] [33mCMake Warning (dev) at /opt/ros/humble/share/python_cmake_module/cmake/Modules/FindPythonExtra.cmake:52 (find_package):
[2.822s]   Policy CMP0148 is not set: The FindPythonInterp and FindPythonLibs modules
[2.822s]   are removed.  Run "cmake --help-policy CMP0148" for policy details.  Use
[2.822s]   the cmake_policy command to set the policy and suppress this warning.
[2.822s] 
[2.822s] Call Stack (most recent call first):
[2.822s]   /opt/ros/humble/share/rosidl_generator_py/cmake/rosidl_generator_py_generate_interfaces.cmake:23 (find_package)
[2.823s]   /opt/ros/humble/share/ament_cmake_core/cmake/core/ament_execute_extensions.cmake:48 (include)
[2.823s]   /opt/ros/humble/share/rosidl_cmake/cmake/rosidl_generate_interfaces.cmake:286 (ament_execute_extensions)
[2.823s]   CMakeLists.txt:11 (rosidl_generate_interfaces)
[2.823s] This warning is for project developers.  Use -Wno-dev to suppress it.
[2.823s] [0m
[2.849s] [33mCMake Warning (dev) at /opt/ros/humble/share/python_cmake_module/cmake/Modules/FindPythonExtra.cmake:140 (find_package):
[2.849s]   Policy CMP0148 is not set: The FindPythonInterp and FindPythonLibs modules
[2.849s]   are removed.  Run "cmake --help-policy CMP0148" for policy details.  Use
[2.849s]   the cmake_policy command to set the policy and suppress this warning.
[2.849s] 
[2.849s] Call Stack (most recent call first):
[2.849s]   /opt/ros/humble/share/rosidl_generator_py/cmake/rosidl_generator_py_generate_interfaces.cmake:23 (find_package)
[2.849s]   /opt/ros/humble/share/ament_cmake_core/cmake/core/ament_execute_extensions.cmake:48 (include)
[2.849s]   /opt/ros/humble/share/rosidl_cmake/cmake/rosidl_generate_interfaces.cmake:286 (ament_execute_extensions)
[2.849s]   CMakeLists.txt:11 (rosidl_generate_interfaces)
[2.849s] This warning is for project developers.  Use -Wno-dev to suppress it.
[2.849s] [0m
[2.866s] -- Found PythonLibs: /usr/lib/x86_64-linux-gnu/libpython3.10.so (found suitable version "3.10.12", minimum required is "3.5")
[2.866s] -- Using PYTHON_EXECUTABLE: /usr/bin/python3
[2.866s] -- Using PYTHON_INCLUDE_DIRS: /usr/include/python3.10
[2.866s] -- Using PYTHON_LIBRARIES: /usr/lib/x86_64-linux-gnu/libpython3.10.so
[2.897s] -- Found PythonExtra: .so
[3.035s] -- Configuring done (3.0s)
[3.071s] -- Generating done (0.0s)
[3.081s] -- Build files have been written to: /home/mac/Desktop/conti_ws/build/radar_msgs
[3.091s] Invoked command in '/home/mac/Desktop/conti_ws/build/radar_msgs' returned '0': CMAKE_PREFIX_PATH=${CMAKE_PREFIX_PATH}:/home/mac/Desktop/su25/turtlebot4_ws/install/leader_follower_demo:/opt/ros/humble /home/mac/.local/bin/cmake /home/mac/Desktop/conti_ws/src/radar_msgs -DCMAKE_INSTALL_PREFIX=/home/mac/Desktop/conti_ws/install/radar_msgs
[3.093s] Invoking command in '/home/mac/Desktop/conti_ws/build/radar_msgs': CMAKE_PREFIX_PATH=${CMAKE_PREFIX_PATH}:/home/mac/Desktop/su25/turtlebot4_ws/install/leader_follower_demo:/opt/ros/humble /home/mac/.local/bin/cmake --build /home/mac/Desktop/conti_ws/build/radar_msgs -- -j8 -l8
[3.172s] [  1%] [34m[1mGenerating C code for ROS interfaces[0m
[3.178s] [  3%] [34m[1mGenerating C++ code for ROS interfaces[0m
[3.180s] [  3%] Built target ament_cmake_python_copy_radar_msgs
[3.489s] running egg_info
[3.489s] creating radar_msgs.egg-info
[3.490s] writing radar_msgs.egg-info/PKG-INFO
[3.490s] writing dependency_links to radar_msgs.egg-info/dependency_links.txt
[3.491s] writing top-level names to radar_msgs.egg-info/top_level.txt
[3.491s] writing manifest file 'radar_msgs.egg-info/SOURCES.txt'
[3.495s] reading manifest file 'radar_msgs.egg-info/SOURCES.txt'
[3.495s] writing manifest file 'radar_msgs.egg-info/SOURCES.txt'
[3.520s] [  3%] Built target ament_cmake_python_build_radar_msgs_egg
[3.974s] [  3%] Built target radar_msgs__cpp
[3.980s] [  5%] [34m[1mGenerating C++ type support dispatch for ROS interfaces[0m
[3.981s] [  7%] [34m[1mGenerating C++ introspection for ROS interfaces[0m
[3.987s] [  9%] [34m[1mGenerating C++ type support for eProsima Fast-RTPS[0m
[3.989s] [ 10%] [32mBuilding C object CMakeFiles/radar_msgs__rosidl_generator_c.dir/rosidl_generator_c/radar_msgs/msg/detail/radar_return__functions.c.o[0m
[3.989s] [ 12%] [32mBuilding C object CMakeFiles/radar_msgs__rosidl_generator_c.dir/rosidl_generator_c/radar_msgs/msg/detail/radar_tracks__functions.c.o[0m
[3.991s] [ 14%] [32mBuilding C object CMakeFiles/radar_msgs__rosidl_generator_c.dir/rosidl_generator_c/radar_msgs/msg/detail/radar_track__functions.c.o[0m
[3.996s] [ 16%] [32mBuilding C object CMakeFiles/radar_msgs__rosidl_generator_c.dir/rosidl_generator_c/radar_msgs/msg/detail/radar_scan__functions.c.o[0m
[4.094s] [ 18%] [32m[1mLinking C shared library libradar_msgs__rosidl_generator_c.so[0m
[4.134s] [ 18%] Built target radar_msgs__rosidl_generator_c
[4.142s] [ 20%] [34m[1mGenerating C type support for eProsima Fast-RTPS[0m
[4.146s] [ 23%] [34m[1mGenerating C introspection for ROS interfaces[0m
[4.149s] [ 23%] [34m[1mGenerating C type support dispatch for ROS interfaces[0m
[4.682s] [ 25%] [32mBuilding CXX object CMakeFiles/radar_msgs__rosidl_typesupport_introspection_cpp.dir/rosidl_typesupport_introspection_cpp/radar_msgs/msg/detail/radar_return__type_support.cpp.o[0m
[4.682s] [ 27%] [32mBuilding CXX object CMakeFiles/radar_msgs__rosidl_typesupport_introspection_cpp.dir/rosidl_typesupport_introspection_cpp/radar_msgs/msg/detail/radar_scan__type_support.cpp.o[0m
[4.689s] [ 29%] [32mBuilding CXX object CMakeFiles/radar_msgs__rosidl_typesupport_introspection_cpp.dir/rosidl_typesupport_introspection_cpp/radar_msgs/msg/detail/radar_track__type_support.cpp.o[0m
[4.963s] [ 30%] [32mBuilding CXX object CMakeFiles/radar_msgs__rosidl_typesupport_fastrtps_cpp.dir/rosidl_typesupport_fastrtps_cpp/radar_msgs/msg/detail/dds_fastrtps/radar_return__type_support.cpp.o[0m
[4.990s] [ 32%] [32mBuilding CXX object CMakeFiles/radar_msgs__rosidl_typesupport_cpp.dir/rosidl_typesupport_cpp/radar_msgs/msg/radar_return__type_support.cpp.o[0m
[5.291s] [ 34%] [32mBuilding CXX object CMakeFiles/radar_msgs__rosidl_typesupport_fastrtps_c.dir/rosidl_typesupport_fastrtps_c/radar_msgs/msg/detail/radar_return__type_support_c.cpp.o[0m
[5.296s] [ 36%] [32mBuilding CXX object CMakeFiles/radar_msgs__rosidl_typesupport_introspection_cpp.dir/rosidl_typesupport_introspection_cpp/radar_msgs/msg/detail/radar_tracks__type_support.cpp.o[0m
[5.386s] [ 38%] [32mBuilding CXX object CMakeFiles/radar_msgs__rosidl_typesupport_cpp.dir/rosidl_typesupport_cpp/radar_msgs/msg/radar_scan__type_support.cpp.o[0m
[5.514s] [ 40%] [32mBuilding CXX object CMakeFiles/radar_msgs__rosidl_typesupport_fastrtps_cpp.dir/rosidl_typesupport_fastrtps_cpp/radar_msgs/msg/detail/dds_fastrtps/radar_scan__type_support.cpp.o[0m
[5.534s] [ 41%] [32mBuilding C object CMakeFiles/radar_msgs__rosidl_typesupport_introspection_c.dir/rosidl_typesupport_introspection_c/radar_msgs/msg/detail/radar_return__type_support.c.o[0m
[5.534s] [ 43%] [32mBuilding CXX object CMakeFiles/radar_msgs__rosidl_typesupport_cpp.dir/rosidl_typesupport_cpp/radar_msgs/msg/radar_track__type_support.cpp.o[0m
[5.580s] [ 45%] [32mBuilding C object CMakeFiles/radar_msgs__rosidl_typesupport_introspection_c.dir/rosidl_typesupport_introspection_c/radar_msgs/msg/detail/radar_scan__type_support.c.o[0m
[5.609s] [ 47%] [32mBuilding CXX object CMakeFiles/radar_msgs__rosidl_typesupport_c.dir/rosidl_typesupport_c/radar_msgs/msg/radar_return__type_support.cpp.o[0m
[5.651s] [ 49%] [32mBuilding C object CMakeFiles/radar_msgs__rosidl_typesupport_introspection_c.dir/rosidl_typesupport_introspection_c/radar_msgs/msg/detail/radar_track__type_support.c.o[0m
[5.653s] [ 50%] [32mBuilding CXX object CMakeFiles/radar_msgs__rosidl_typesupport_fastrtps_c.dir/rosidl_typesupport_fastrtps_c/radar_msgs/msg/detail/radar_scan__type_support_c.cpp.o[0m
[5.699s] [ 52%] [32mBuilding CXX object CMakeFiles/radar_msgs__rosidl_typesupport_c.dir/rosidl_typesupport_c/radar_msgs/msg/radar_scan__type_support.cpp.o[0m
[5.701s] [ 54%] [32mBuilding CXX object CMakeFiles/radar_msgs__rosidl_typesupport_fastrtps_c.dir/rosidl_typesupport_fastrtps_c/radar_msgs/msg/detail/radar_track__type_support_c.cpp.o[0m
[5.728s] [ 56%] [32mBuilding C object CMakeFiles/radar_msgs__rosidl_typesupport_introspection_c.dir/rosidl_typesupport_introspection_c/radar_msgs/msg/detail/radar_tracks__type_support.c.o[0m
[5.764s] [ 58%] [32mBuilding CXX object CMakeFiles/radar_msgs__rosidl_typesupport_cpp.dir/rosidl_typesupport_cpp/radar_msgs/msg/radar_tracks__type_support.cpp.o[0m
[5.773s] [ 60%] [32mBuilding CXX object CMakeFiles/radar_msgs__rosidl_typesupport_c.dir/rosidl_typesupport_c/radar_msgs/msg/radar_track__type_support.cpp.o[0m
[5.797s] [ 61%] [32m[1mLinking C shared library libradar_msgs__rosidl_typesupport_introspection_c.so[0m
[5.836s] [ 61%] Built target radar_msgs__rosidl_typesupport_introspection_c
[5.842s] [ 63%] [32mBuilding CXX object CMakeFiles/radar_msgs__rosidl_typesupport_c.dir/rosidl_typesupport_c/radar_msgs/msg/radar_tracks__type_support.cpp.o[0m
[5.844s] [ 65%] [32mBuilding CXX object CMakeFiles/radar_msgs__rosidl_typesupport_fastrtps_cpp.dir/rosidl_typesupport_fastrtps_cpp/radar_msgs/msg/detail/dds_fastrtps/radar_track__type_support.cpp.o[0m
[5.906s] [ 67%] [32mBuilding CXX object CMakeFiles/radar_msgs__rosidl_typesupport_fastrtps_cpp.dir/rosidl_typesupport_fastrtps_cpp/radar_msgs/msg/detail/dds_fastrtps/radar_tracks__type_support.cpp.o[0m
[5.911s] [ 69%] [32m[1mLinking CXX shared library libradar_msgs__rosidl_typesupport_c.so[0m
[5.988s] [ 69%] Built target radar_msgs__rosidl_typesupport_c
[5.988s] [ 70%] [32mBuilding CXX object CMakeFiles/radar_msgs__rosidl_typesupport_fastrtps_c.dir/rosidl_typesupport_fastrtps_c/radar_msgs/msg/detail/radar_tracks__type_support_c.cpp.o[0m
[6.293s] [ 72%] [32m[1mLinking CXX shared library libradar_msgs__rosidl_typesupport_cpp.so[0m
[6.364s] [ 72%] Built target radar_msgs__rosidl_typesupport_cpp
[6.677s] [ 74%] [32m[1mLinking CXX shared library libradar_msgs__rosidl_typesupport_introspection_cpp.so[0m
[6.709s] [ 76%] [32m[1mLinking CXX shared library libradar_msgs__rosidl_typesupport_fastrtps_c.so[0m
[6.873s] [ 76%] Built target radar_msgs__rosidl_typesupport_fastrtps_c
[6.899s] [ 76%] Built target radar_msgs__rosidl_typesupport_introspection_cpp
[6.989s] [ 78%] [32m[1mLinking CXX shared library libradar_msgs__rosidl_typesupport_fastrtps_cpp.so[0m
[7.071s] [ 78%] Built target radar_msgs__rosidl_typesupport_fastrtps_cpp
[7.081s] [ 78%] Built target radar_msgs
[7.090s] [ 80%] [34m[1mGenerating Python code for ROS interfaces[0m
[7.798s] [ 80%] Built target radar_msgs__py
[7.806s] [ 81%] [32mBuilding C object CMakeFiles/radar_msgs__rosidl_generator_py.dir/rosidl_generator_py/radar_msgs/msg/_radar_return_s.c.o[0m
[7.807s] [ 83%] [32mBuilding C object CMakeFiles/radar_msgs__rosidl_generator_py.dir/rosidl_generator_py/radar_msgs/msg/_radar_scan_s.c.o[0m
[7.807s] [ 85%] [32mBuilding C object CMakeFiles/radar_msgs__rosidl_generator_py.dir/rosidl_generator_py/radar_msgs/msg/_radar_tracks_s.c.o[0m
[7.807s] [ 87%] [32mBuilding C object CMakeFiles/radar_msgs__rosidl_generator_py.dir/rosidl_generator_py/radar_msgs/msg/_radar_track_s.c.o[0m
[7.921s] [ 89%] [32m[1mLinking C shared library rosidl_generator_py/radar_msgs/libradar_msgs__rosidl_generator_py.so[0m
[7.960s] [ 89%] Built target radar_msgs__rosidl_generator_py
[7.971s] [ 90%] [32mBuilding C object CMakeFiles/radar_msgs__rosidl_typesupport_c__pyext.dir/rosidl_generator_py/radar_msgs/_radar_msgs_s.ep.rosidl_typesupport_c.c.o[0m
[7.972s] [ 92%] [32mBuilding C object CMakeFiles/radar_msgs__rosidl_typesupport_introspection_c__pyext.dir/rosidl_generator_py/radar_msgs/_radar_msgs_s.ep.rosidl_typesupport_introspection_c.c.o[0m
[7.973s] [ 94%] [32mBuilding C object CMakeFiles/radar_msgs__rosidl_typesupport_fastrtps_c__pyext.dir/rosidl_generator_py/radar_msgs/_radar_msgs_s.ep.rosidl_typesupport_fastrtps_c.c.o[0m
[8.046s] [ 96%] [32m[1mLinking C shared library rosidl_generator_py/radar_msgs/radar_msgs_s__rosidl_typesupport_introspection_c.cpython-310-x86_64-linux-gnu.so[0m
[8.047s] [ 98%] [32m[1mLinking C shared library rosidl_generator_py/radar_msgs/radar_msgs_s__rosidl_typesupport_fastrtps_c.cpython-310-x86_64-linux-gnu.so[0m
[8.059s] [100%] [32m[1mLinking C shared library rosidl_generator_py/radar_msgs/radar_msgs_s__rosidl_typesupport_c.cpython-310-x86_64-linux-gnu.so[0m
[8.069s] [100%] Built target radar_msgs__rosidl_typesupport_introspection_c__pyext
[8.071s] [100%] Built target radar_msgs__rosidl_typesupport_fastrtps_c__pyext
[8.081s] [100%] Built target radar_msgs__rosidl_typesupport_c__pyext
[8.084s] Invoked command in '/home/mac/Desktop/conti_ws/build/radar_msgs' returned '0': CMAKE_PREFIX_PATH=${CMAKE_PREFIX_PATH}:/home/mac/Desktop/su25/turtlebot4_ws/install/leader_follower_demo:/opt/ros/humble /home/mac/.local/bin/cmake --build /home/mac/Desktop/conti_ws/build/radar_msgs -- -j8 -l8
[8.141s] Invoking command in '/home/mac/Desktop/conti_ws/build/radar_msgs': CMAKE_PREFIX_PATH=${CMAKE_PREFIX_PATH}:/home/mac/Desktop/su25/turtlebot4_ws/install/leader_follower_demo:/opt/ros/humble /home/mac/.local/bin/cmake --install /home/mac/Desktop/conti_ws/build/radar_msgs
[8.200s] -- Install configuration: ""
[8.200s] -- Installing: /home/mac/Desktop/conti_ws/install/radar_msgs/share/ament_index/resource_index/rosidl_interfaces/radar_msgs
[8.200s] -- Installing: /home/mac/Desktop/conti_ws/install/radar_msgs/include/radar_msgs/radar_msgs
[8.200s] -- Installing: /home/mac/Desktop/conti_ws/install/radar_msgs/include/radar_msgs/radar_msgs/msg
[8.200s] -- Installing: /home/mac/Desktop/conti_ws/install/radar_msgs/include/radar_msgs/radar_msgs/msg/radar_track.h
[8.200s] -- Installing: /home/mac/Desktop/conti_ws/install/radar_msgs/include/radar_msgs/radar_msgs/msg/detail
[8.200s] -- Installing: /home/mac/Desktop/conti_ws/install/radar_msgs/include/radar_msgs/radar_msgs/msg/detail/radar_tracks__functions.c
[8.200s] -- Installing: /home/mac/Desktop/conti_ws/install/radar_msgs/include/radar_msgs/radar_msgs/msg/detail/radar_return__type_support.h
[8.200s] -- Installing: /home/mac/Desktop/conti_ws/install/radar_msgs/include/radar_msgs/radar_msgs/msg/detail/radar_track__struct.h
[8.201s] -- Installing: /home/mac/Desktop/conti_ws/install/radar_msgs/include/radar_msgs/radar_msgs/msg/detail/radar_return__functions.c
[8.201s] -- Installing: /home/mac/Desktop/conti_ws/install/radar_msgs/include/radar_msgs/radar_msgs/msg/detail/radar_scan__type_support.h
[8.201s] -- Installing: /home/mac/Desktop/conti_ws/install/radar_msgs/include/radar_msgs/radar_msgs/msg/detail/radar_scan__functions.h
[8.201s] -- Installing: /home/mac/Desktop/conti_ws/install/radar_msgs/include/radar_msgs/radar_msgs/msg/detail/radar_track__functions.h
[8.201s] -- Installing: /home/mac/Desktop/conti_ws/install/radar_msgs/include/radar_msgs/radar_msgs/msg/detail/radar_track__type_support.h
[8.201s] -- Installing: /home/mac/Desktop/conti_ws/install/radar_msgs/include/radar_msgs/radar_msgs/msg/detail/radar_tracks__type_support.h
[8.201s] -- Installing: /home/mac/Desktop/conti_ws/install/radar_msgs/include/radar_msgs/radar_msgs/msg/detail/radar_tracks__struct.h
[8.201s] -- Installing: /home/mac/Desktop/conti_ws/install/radar_msgs/include/radar_msgs/radar_msgs/msg/detail/radar_track__functions.c
[8.201s] -- Installing: /home/mac/Desktop/conti_ws/install/radar_msgs/include/radar_msgs/radar_msgs/msg/detail/radar_return__struct.h
[8.201s] -- Installing: /home/mac/Desktop/conti_ws/install/radar_msgs/include/radar_msgs/radar_msgs/msg/detail/radar_tracks__functions.h
[8.201s] -- Installing: /home/mac/Desktop/conti_ws/install/radar_msgs/include/radar_msgs/radar_msgs/msg/detail/radar_return__functions.h
[8.202s] -- Installing: /home/mac/Desktop/conti_ws/install/radar_msgs/include/radar_msgs/radar_msgs/msg/detail/radar_scan__struct.h
[8.202s] -- Installing: /home/mac/Desktop/conti_ws/install/radar_msgs/include/radar_msgs/radar_msgs/msg/detail/radar_scan__functions.c
[8.202s] -- Installing: /home/mac/Desktop/conti_ws/install/radar_msgs/include/radar_msgs/radar_msgs/msg/radar_tracks.h
[8.202s] -- Installing: /home/mac/Desktop/conti_ws/install/radar_msgs/include/radar_msgs/radar_msgs/msg/radar_return.h
[8.202s] -- Installing: /home/mac/Desktop/conti_ws/install/radar_msgs/include/radar_msgs/radar_msgs/msg/radar_scan.h
[8.202s] -- Installing: /home/mac/Desktop/conti_ws/install/radar_msgs/include/radar_msgs/radar_msgs/msg/rosidl_generator_c__visibility_control.h
[8.202s] -- Installing: /home/mac/Desktop/conti_ws/install/radar_msgs/share/radar_msgs/environment/library_path.sh
[8.202s] -- Installing: /home/mac/Desktop/conti_ws/install/radar_msgs/share/radar_msgs/environment/library_path.dsv
[8.202s] -- Installing: /home/mac/Desktop/conti_ws/install/radar_msgs/lib/libradar_msgs__rosidl_generator_c.so
[8.202s] -- Set non-toolchain portion of runtime path of "/home/mac/Desktop/conti_ws/install/radar_msgs/lib/libradar_msgs__rosidl_generator_c.so" to ""
[8.202s] -- Up-to-date: /home/mac/Desktop/conti_ws/install/radar_msgs/include/radar_msgs/radar_msgs
[8.202s] -- Up-to-date: /home/mac/Desktop/conti_ws/install/radar_msgs/include/radar_msgs/radar_msgs/msg
[8.202s] -- Installing: /home/mac/Desktop/conti_ws/install/radar_msgs/include/radar_msgs/radar_msgs/msg/rosidl_typesupport_fastrtps_c__visibility_control.h
[8.203s] -- Up-to-date: /home/mac/Desktop/conti_ws/install/radar_msgs/include/radar_msgs/radar_msgs/msg/detail
[8.203s] -- Installing: /home/mac/Desktop/conti_ws/install/radar_msgs/include/radar_msgs/radar_msgs/msg/detail/radar_tracks__rosidl_typesupport_fastrtps_c.h
[8.203s] -- Installing: /home/mac/Desktop/conti_ws/install/radar_msgs/include/radar_msgs/radar_msgs/msg/detail/radar_track__rosidl_typesupport_fastrtps_c.h
[8.203s] -- Installing: /home/mac/Desktop/conti_ws/install/radar_msgs/include/radar_msgs/radar_msgs/msg/detail/radar_return__rosidl_typesupport_fastrtps_c.h
[8.203s] -- Installing: /home/mac/Desktop/conti_ws/install/radar_msgs/include/radar_msgs/radar_msgs/msg/detail/radar_scan__rosidl_typesupport_fastrtps_c.h
[8.203s] -- Installing: /home/mac/Desktop/conti_ws/install/radar_msgs/lib/libradar_msgs__rosidl_typesupport_fastrtps_c.so
[8.203s] -- Set non-toolchain portion of runtime path of "/home/mac/Desktop/conti_ws/install/radar_msgs/lib/libradar_msgs__rosidl_typesupport_fastrtps_c.so" to ""
[8.203s] -- Up-to-date: /home/mac/Desktop/conti_ws/install/radar_msgs/include/radar_msgs/radar_msgs
[8.203s] -- Up-to-date: /home/mac/Desktop/conti_ws/install/radar_msgs/include/radar_msgs/radar_msgs/msg
[8.203s] -- Up-to-date: /home/mac/Desktop/conti_ws/install/radar_msgs/include/radar_msgs/radar_msgs/msg/detail
[8.203s] -- Installing: /home/mac/Desktop/conti_ws/install/radar_msgs/include/radar_msgs/radar_msgs/msg/detail/radar_return__builder.hpp
[8.203s] -- Installing: /home/mac/Desktop/conti_ws/install/radar_msgs/include/radar_msgs/radar_msgs/msg/detail/radar_track__struct.hpp
[8.203s] -- Installing: /home/mac/Desktop/conti_ws/install/radar_msgs/include/radar_msgs/radar_msgs/msg/detail/radar_tracks__builder.hpp
[8.204s] -- Installing: /home/mac/Desktop/conti_ws/install/radar_msgs/include/radar_msgs/radar_msgs/msg/detail/radar_return__type_support.hpp
[8.204s] -- Installing: /home/mac/Desktop/conti_ws/install/radar_msgs/include/radar_msgs/radar_msgs/msg/detail/radar_track__traits.hpp
[8.204s] -- Installing: /home/mac/Desktop/conti_ws/install/radar_msgs/include/radar_msgs/radar_msgs/msg/detail/radar_tracks__struct.hpp
[8.204s] -- Installing: /home/mac/Desktop/conti_ws/install/radar_msgs/include/radar_msgs/radar_msgs/msg/detail/radar_return__traits.hpp
[8.204s] -- Installing: /home/mac/Desktop/conti_ws/install/radar_msgs/include/radar_msgs/radar_msgs/msg/detail/radar_tracks__traits.hpp
[8.204s] -- Installing: /home/mac/Desktop/conti_ws/install/radar_msgs/include/radar_msgs/radar_msgs/msg/detail/radar_scan__builder.hpp
[8.204s] -- Installing: /home/mac/Desktop/conti_ws/install/radar_msgs/include/radar_msgs/radar_msgs/msg/detail/radar_scan__struct.hpp
[8.204s] -- Installing: /home/mac/Desktop/conti_ws/install/radar_msgs/include/radar_msgs/radar_msgs/msg/detail/radar_tracks__type_support.hpp
[8.204s] -- Installing: /home/mac/Desktop/conti_ws/install/radar_msgs/include/radar_msgs/radar_msgs/msg/detail/radar_return__struct.hpp
[8.204s] -- Installing: /home/mac/Desktop/conti_ws/install/radar_msgs/include/radar_msgs/radar_msgs/msg/detail/radar_scan__type_support.hpp
[8.204s] -- Installing: /home/mac/Desktop/conti_ws/install/radar_msgs/include/radar_msgs/radar_msgs/msg/detail/radar_scan__traits.hpp
[8.204s] -- Installing: /home/mac/Desktop/conti_ws/install/radar_msgs/include/radar_msgs/radar_msgs/msg/detail/radar_track__builder.hpp
[8.204s] -- Installing: /home/mac/Desktop/conti_ws/install/radar_msgs/include/radar_msgs/radar_msgs/msg/detail/radar_track__type_support.hpp
[8.205s] -- Installing: /home/mac/Desktop/conti_ws/install/radar_msgs/include/radar_msgs/radar_msgs/msg/radar_track.hpp
[8.205s] -- Installing: /home/mac/Desktop/conti_ws/install/radar_msgs/include/radar_msgs/radar_msgs/msg/radar_tracks.hpp
[8.205s] -- Installing: /home/mac/Desktop/conti_ws/install/radar_msgs/include/radar_msgs/radar_msgs/msg/rosidl_generator_cpp__visibility_control.hpp
[8.205s] -- Installing: /home/mac/Desktop/conti_ws/install/radar_msgs/include/radar_msgs/radar_msgs/msg/radar_return.hpp
[8.205s] -- Installing: /home/mac/Desktop/conti_ws/install/radar_msgs/include/radar_msgs/radar_msgs/msg/radar_scan.hpp
[8.205s] -- Up-to-date: /home/mac/Desktop/conti_ws/install/radar_msgs/include/radar_msgs/radar_msgs
[8.205s] -- Up-to-date: /home/mac/Desktop/conti_ws/install/radar_msgs/include/radar_msgs/radar_msgs/msg
[8.205s] -- Up-to-date: /home/mac/Desktop/conti_ws/install/radar_msgs/include/radar_msgs/radar_msgs/msg/detail
[8.205s] -- Installing: /home/mac/Desktop/conti_ws/install/radar_msgs/include/radar_msgs/radar_msgs/msg/detail/radar_track__rosidl_typesupport_fastrtps_cpp.hpp
[8.205s] -- Installing: /home/mac/Desktop/conti_ws/install/radar_msgs/include/radar_msgs/radar_msgs/msg/detail/dds_fastrtps
[8.205s] -- Installing: /home/mac/Desktop/conti_ws/install/radar_msgs/include/radar_msgs/radar_msgs/msg/detail/radar_return__rosidl_typesupport_fastrtps_cpp.hpp
[8.205s] -- Installing: /home/mac/Desktop/conti_ws/install/radar_msgs/include/radar_msgs/radar_msgs/msg/detail/radar_tracks__rosidl_typesupport_fastrtps_cpp.hpp
[8.205s] -- Installing: /home/mac/Desktop/conti_ws/install/radar_msgs/include/radar_msgs/radar_msgs/msg/detail/radar_scan__rosidl_typesupport_fastrtps_cpp.hpp
[8.206s] -- Installing: /home/mac/Desktop/conti_ws/install/radar_msgs/include/radar_msgs/radar_msgs/msg/rosidl_typesupport_fastrtps_cpp__visibility_control.h
[8.206s] -- Installing: /home/mac/Desktop/conti_ws/install/radar_msgs/lib/libradar_msgs__rosidl_typesupport_fastrtps_cpp.so
[8.206s] -- Set non-toolchain portion of runtime path of "/home/mac/Desktop/conti_ws/install/radar_msgs/lib/libradar_msgs__rosidl_typesupport_fastrtps_cpp.so" to ""
[8.206s] -- Up-to-date: /home/mac/Desktop/conti_ws/install/radar_msgs/include/radar_msgs/radar_msgs
[8.206s] -- Up-to-date: /home/mac/Desktop/conti_ws/install/radar_msgs/include/radar_msgs/radar_msgs/msg
[8.206s] -- Up-to-date: /home/mac/Desktop/conti_ws/install/radar_msgs/include/radar_msgs/radar_msgs/msg/detail
[8.206s] -- Installing: /home/mac/Desktop/conti_ws/install/radar_msgs/include/radar_msgs/radar_msgs/msg/detail/radar_scan__type_support.c
[8.206s] -- Installing: /home/mac/Desktop/conti_ws/install/radar_msgs/include/radar_msgs/radar_msgs/msg/detail/radar_tracks__rosidl_typesupport_introspection_c.h
[8.206s] -- Installing: /home/mac/Desktop/conti_ws/install/radar_msgs/include/radar_msgs/radar_msgs/msg/detail/radar_track__type_support.c
[8.206s] -- Installing: /home/mac/Desktop/conti_ws/install/radar_msgs/include/radar_msgs/radar_msgs/msg/detail/radar_return__rosidl_typesupport_introspection_c.h
[8.206s] -- Installing: /home/mac/Desktop/conti_ws/install/radar_msgs/include/radar_msgs/radar_msgs/msg/detail/radar_scan__rosidl_typesupport_introspection_c.h
[8.206s] -- Installing: /home/mac/Desktop/conti_ws/install/radar_msgs/include/radar_msgs/radar_msgs/msg/detail/radar_return__type_support.c
[8.206s] -- Installing: /home/mac/Desktop/conti_ws/install/radar_msgs/include/radar_msgs/radar_msgs/msg/detail/radar_tracks__type_support.c
[8.207s] -- Installing: /home/mac/Desktop/conti_ws/install/radar_msgs/include/radar_msgs/radar_msgs/msg/detail/radar_track__rosidl_typesupport_introspection_c.h
[8.207s] -- Installing: /home/mac/Desktop/conti_ws/install/radar_msgs/include/radar_msgs/radar_msgs/msg/rosidl_typesupport_introspection_c__visibility_control.h
[8.207s] -- Installing: /home/mac/Desktop/conti_ws/install/radar_msgs/lib/libradar_msgs__rosidl_typesupport_introspection_c.so
[8.207s] -- Set non-toolchain portion of runtime path of "/home/mac/Desktop/conti_ws/install/radar_msgs/lib/libradar_msgs__rosidl_typesupport_introspection_c.so" to ""
[8.207s] -- Installing: /home/mac/Desktop/conti_ws/install/radar_msgs/lib/libradar_msgs__rosidl_typesupport_c.so
[8.207s] -- Set non-toolchain portion of runtime path of "/home/mac/Desktop/conti_ws/install/radar_msgs/lib/libradar_msgs__rosidl_typesupport_c.so" to ""
[8.207s] -- Up-to-date: /home/mac/Desktop/conti_ws/install/radar_msgs/include/radar_msgs/radar_msgs
[8.207s] -- Up-to-date: /home/mac/Desktop/conti_ws/install/radar_msgs/include/radar_msgs/radar_msgs/msg
[8.207s] -- Up-to-date: /home/mac/Desktop/conti_ws/install/radar_msgs/include/radar_msgs/radar_msgs/msg/detail
[8.207s] -- Installing: /home/mac/Desktop/conti_ws/install/radar_msgs/include/radar_msgs/radar_msgs/msg/detail/radar_track__type_support.cpp
[8.207s] -- Installing: /home/mac/Desktop/conti_ws/install/radar_msgs/include/radar_msgs/radar_msgs/msg/detail/radar_track__rosidl_typesupport_introspection_cpp.hpp
[8.207s] -- Installing: /home/mac/Desktop/conti_ws/install/radar_msgs/include/radar_msgs/radar_msgs/msg/detail/radar_tracks__type_support.cpp
[8.207s] -- Installing: /home/mac/Desktop/conti_ws/install/radar_msgs/include/radar_msgs/radar_msgs/msg/detail/radar_scan__rosidl_typesupport_introspection_cpp.hpp
[8.207s] -- Installing: /home/mac/Desktop/conti_ws/install/radar_msgs/include/radar_msgs/radar_msgs/msg/detail/radar_tracks__rosidl_typesupport_introspection_cpp.hpp
[8.207s] -- Installing: /home/mac/Desktop/conti_ws/install/radar_msgs/include/radar_msgs/radar_msgs/msg/detail/radar_return__rosidl_typesupport_introspection_cpp.hpp
[8.207s] -- Installing: /home/mac/Desktop/conti_ws/install/radar_msgs/include/radar_msgs/radar_msgs/msg/detail/radar_return__type_support.cpp
[8.208s] -- Installing: /home/mac/Desktop/conti_ws/install/radar_msgs/include/radar_msgs/radar_msgs/msg/detail/radar_scan__type_support.cpp
[8.208s] -- Installing: /home/mac/Desktop/conti_ws/install/radar_msgs/lib/libradar_msgs__rosidl_typesupport_introspection_cpp.so
[8.208s] -- Set non-toolchain portion of runtime path of "/home/mac/Desktop/conti_ws/install/radar_msgs/lib/libradar_msgs__rosidl_typesupport_introspection_cpp.so" to ""
[8.208s] -- Installing: /home/mac/Desktop/conti_ws/install/radar_msgs/lib/libradar_msgs__rosidl_typesupport_cpp.so
[8.208s] -- Set non-toolchain portion of runtime path of "/home/mac/Desktop/conti_ws/install/radar_msgs/lib/libradar_msgs__rosidl_typesupport_cpp.so" to ""
[8.208s] -- Installing: /home/mac/Desktop/conti_ws/install/radar_msgs/share/radar_msgs/environment/pythonpath.sh
[8.208s] -- Installing: /home/mac/Desktop/conti_ws/install/radar_msgs/share/radar_msgs/environment/pythonpath.dsv
[8.208s] -- Installing: /home/mac/Desktop/conti_ws/install/radar_msgs/local/lib/python3.10/dist-packages/radar_msgs-0.2.2-py3.10.egg-info
[8.208s] -- Installing: /home/mac/Desktop/conti_ws/install/radar_msgs/local/lib/python3.10/dist-packages/radar_msgs-0.2.2-py3.10.egg-info/dependency_links.txt
[8.208s] -- Installing: /home/mac/Desktop/conti_ws/install/radar_msgs/local/lib/python3.10/dist-packages/radar_msgs-0.2.2-py3.10.egg-info/PKG-INFO
[8.208s] -- Installing: /home/mac/Desktop/conti_ws/install/radar_msgs/local/lib/python3.10/dist-packages/radar_msgs-0.2.2-py3.10.egg-info/SOURCES.txt
[8.210s] -- Installing: /home/mac/Desktop/conti_ws/install/radar_msgs/local/lib/python3.10/dist-packages/radar_msgs-0.2.2-py3.10.egg-info/top_level.txt
[8.211s] -- Installing: /home/mac/Desktop/conti_ws/install/radar_msgs/local/lib/python3.10/dist-packages/radar_msgs
[8.211s] -- Installing: /home/mac/Desktop/conti_ws/install/radar_msgs/local/lib/python3.10/dist-packages/radar_msgs/_radar_msgs_s.ep.rosidl_typesupport_c.c
[8.211s] -- Installing: /home/mac/Desktop/conti_ws/install/radar_msgs/local/lib/python3.10/dist-packages/radar_msgs/radar_msgs_s__rosidl_typesupport_fastrtps_c.cpython-310-x86_64-linux-gnu.so
[8.211s] -- Installing: /home/mac/Desktop/conti_ws/install/radar_msgs/local/lib/python3.10/dist-packages/radar_msgs/radar_msgs_s__rosidl_typesupport_c.cpython-310-x86_64-linux-gnu.so
[8.211s] -- Installing: /home/mac/Desktop/conti_ws/install/radar_msgs/local/lib/python3.10/dist-packages/radar_msgs/_radar_msgs_s.ep.rosidl_typesupport_fastrtps_c.c
[8.211s] -- Installing: /home/mac/Desktop/conti_ws/install/radar_msgs/local/lib/python3.10/dist-packages/radar_msgs/radar_msgs_s__rosidl_typesupport_introspection_c.cpython-310-x86_64-linux-gnu.so
[8.212s] -- Installing: /home/mac/Desktop/conti_ws/install/radar_msgs/local/lib/python3.10/dist-packages/radar_msgs/_radar_msgs_s.ep.rosidl_typesupport_introspection_c.c
[8.212s] -- Installing: /home/mac/Desktop/conti_ws/install/radar_msgs/local/lib/python3.10/dist-packages/radar_msgs/libradar_msgs__rosidl_generator_py.so
[8.212s] -- Installing: /home/mac/Desktop/conti_ws/install/radar_msgs/local/lib/python3.10/dist-packages/radar_msgs/__init__.py
[8.212s] -- Installing: /home/mac/Desktop/conti_ws/install/radar_msgs/local/lib/python3.10/dist-packages/radar_msgs/msg
[8.212s] -- Installing: /home/mac/Desktop/conti_ws/install/radar_msgs/local/lib/python3.10/dist-packages/radar_msgs/msg/_radar_track_s.c
[8.212s] -- Installing: /home/mac/Desktop/conti_ws/install/radar_msgs/local/lib/python3.10/dist-packages/radar_msgs/msg/_radar_scan_s.c
[8.212s] -- Installing: /home/mac/Desktop/conti_ws/install/radar_msgs/local/lib/python3.10/dist-packages/radar_msgs/msg/_radar_track.py
[8.212s] -- Installing: /home/mac/Desktop/conti_ws/install/radar_msgs/local/lib/python3.10/dist-packages/radar_msgs/msg/_radar_tracks_s.c
[8.212s] -- Installing: /home/mac/Desktop/conti_ws/install/radar_msgs/local/lib/python3.10/dist-packages/radar_msgs/msg/_radar_tracks.py
[8.212s] -- Installing: /home/mac/Desktop/conti_ws/install/radar_msgs/local/lib/python3.10/dist-packages/radar_msgs/msg/_radar_scan.py
[8.212s] -- Installing: /home/mac/Desktop/conti_ws/install/radar_msgs/local/lib/python3.10/dist-packages/radar_msgs/msg/__init__.py
[8.212s] -- Installing: /home/mac/Desktop/conti_ws/install/radar_msgs/local/lib/python3.10/dist-packages/radar_msgs/msg/_radar_return_s.c
[8.212s] -- Installing: /home/mac/Desktop/conti_ws/install/radar_msgs/local/lib/python3.10/dist-packages/radar_msgs/msg/_radar_return.py
[8.240s] Listing '/home/mac/Desktop/conti_ws/install/radar_msgs/local/lib/python3.10/dist-packages/radar_msgs'...
[8.241s] Compiling '/home/mac/Desktop/conti_ws/install/radar_msgs/local/lib/python3.10/dist-packages/radar_msgs/__init__.py'...
[8.241s] Listing '/home/mac/Desktop/conti_ws/install/radar_msgs/local/lib/python3.10/dist-packages/radar_msgs/msg'...
[8.241s] Compiling '/home/mac/Desktop/conti_ws/install/radar_msgs/local/lib/python3.10/dist-packages/radar_msgs/msg/__init__.py'...
[8.241s] Compiling '/home/mac/Desktop/conti_ws/install/radar_msgs/local/lib/python3.10/dist-packages/radar_msgs/msg/_radar_return.py'...
[8.241s] Compiling '/home/mac/Desktop/conti_ws/install/radar_msgs/local/lib/python3.10/dist-packages/radar_msgs/msg/_radar_scan.py'...
[8.241s] Compiling '/home/mac/Desktop/conti_ws/install/radar_msgs/local/lib/python3.10/dist-packages/radar_msgs/msg/_radar_track.py'...
[8.241s] Compiling '/home/mac/Desktop/conti_ws/install/radar_msgs/local/lib/python3.10/dist-packages/radar_msgs/msg/_radar_tracks.py'...
[8.244s] -- Installing: /home/mac/Desktop/conti_ws/install/radar_msgs/local/lib/python3.10/dist-packages/radar_msgs/radar_msgs_s__rosidl_typesupport_fastrtps_c.cpython-310-x86_64-linux-gnu.so
[8.244s] -- Set non-toolchain portion of runtime path of "/home/mac/Desktop/conti_ws/install/radar_msgs/local/lib/python3.10/dist-packages/radar_msgs/radar_msgs_s__rosidl_typesupport_fastrtps_c.cpython-310-x86_64-linux-gnu.so" to ""
[8.244s] -- Installing: /home/mac/Desktop/conti_ws/install/radar_msgs/local/lib/python3.10/dist-packages/radar_msgs/radar_msgs_s__rosidl_typesupport_introspection_c.cpython-310-x86_64-linux-gnu.so
[8.244s] -- Set non-toolchain portion of runtime path of "/home/mac/Desktop/conti_ws/install/radar_msgs/local/lib/python3.10/dist-packages/radar_msgs/radar_msgs_s__rosidl_typesupport_introspection_c.cpython-310-x86_64-linux-gnu.so" to ""
[8.244s] -- Installing: /home/mac/Desktop/conti_ws/install/radar_msgs/local/lib/python3.10/dist-packages/radar_msgs/radar_msgs_s__rosidl_typesupport_c.cpython-310-x86_64-linux-gnu.so
[8.244s] -- Set non-toolchain portion of runtime path of "/home/mac/Desktop/conti_ws/install/radar_msgs/local/lib/python3.10/dist-packages/radar_msgs/radar_msgs_s__rosidl_typesupport_c.cpython-310-x86_64-linux-gnu.so" to ""
[8.245s] -- Installing: /home/mac/Desktop/conti_ws/install/radar_msgs/lib/libradar_msgs__rosidl_generator_py.so
[8.245s] -- Set non-toolchain portion of runtime path of "/home/mac/Desktop/conti_ws/install/radar_msgs/lib/libradar_msgs__rosidl_generator_py.so" to ""
[8.245s] -- Installing: /home/mac/Desktop/conti_ws/install/radar_msgs/share/radar_msgs/msg/RadarReturn.idl
[8.245s] -- Installing: /home/mac/Desktop/conti_ws/install/radar_msgs/share/radar_msgs/msg/RadarScan.idl
[8.245s] -- Installing: /home/mac/Desktop/conti_ws/install/radar_msgs/share/radar_msgs/msg/RadarTrack.idl
[8.245s] -- Installing: /home/mac/Desktop/conti_ws/install/radar_msgs/share/radar_msgs/msg/RadarTracks.idl
[8.245s] -- Installing: /home/mac/Desktop/conti_ws/install/radar_msgs/share/radar_msgs/msg/RadarReturn.msg
[8.245s] -- Installing: /home/mac/Desktop/conti_ws/install/radar_msgs/share/radar_msgs/msg/RadarScan.msg
[8.245s] -- Installing: /home/mac/Desktop/conti_ws/install/radar_msgs/share/radar_msgs/msg/RadarTrack.msg
[8.245s] -- Installing: /home/mac/Desktop/conti_ws/install/radar_msgs/share/radar_msgs/msg/RadarTracks.msg
[8.246s] -- Installing: /home/mac/Desktop/conti_ws/install/radar_msgs/share/ament_index/resource_index/package_run_dependencies/radar_msgs
[8.246s] -- Installing: /home/mac/Desktop/conti_ws/install/radar_msgs/share/ament_index/resource_index/parent_prefix_path/radar_msgs
[8.246s] -- Installing: /home/mac/Desktop/conti_ws/install/radar_msgs/share/radar_msgs/environment/ament_prefix_path.sh
[8.246s] -- Installing: /home/mac/Desktop/conti_ws/install/radar_msgs/share/radar_msgs/environment/ament_prefix_path.dsv
[8.246s] -- Installing: /home/mac/Desktop/conti_ws/install/radar_msgs/share/radar_msgs/environment/path.sh
[8.246s] -- Installing: /home/mac/Desktop/conti_ws/install/radar_msgs/share/radar_msgs/environment/path.dsv
[8.246s] -- Installing: /home/mac/Desktop/conti_ws/install/radar_msgs/share/radar_msgs/local_setup.bash
[8.246s] -- Installing: /home/mac/Desktop/conti_ws/install/radar_msgs/share/radar_msgs/local_setup.sh
[8.246s] -- Installing: /home/mac/Desktop/conti_ws/install/radar_msgs/share/radar_msgs/local_setup.zsh
[8.246s] -- Installing: /home/mac/Desktop/conti_ws/install/radar_msgs/share/radar_msgs/local_setup.dsv
[8.246s] -- Installing: /home/mac/Desktop/conti_ws/install/radar_msgs/share/radar_msgs/package.dsv
[8.246s] -- Installing: /home/mac/Desktop/conti_ws/install/radar_msgs/share/ament_index/resource_index/packages/radar_msgs
[8.247s] -- Installing: /home/mac/Desktop/conti_ws/install/radar_msgs/share/radar_msgs/cmake/export_radar_msgs__rosidl_generator_cExport.cmake
[8.247s] -- Installing: /home/mac/Desktop/conti_ws/install/radar_msgs/share/radar_msgs/cmake/export_radar_msgs__rosidl_generator_cExport-noconfig.cmake
[8.247s] -- Installing: /home/mac/Desktop/conti_ws/install/radar_msgs/share/radar_msgs/cmake/export_radar_msgs__rosidl_typesupport_fastrtps_cExport.cmake
[8.247s] -- Installing: /home/mac/Desktop/conti_ws/install/radar_msgs/share/radar_msgs/cmake/export_radar_msgs__rosidl_typesupport_fastrtps_cExport-noconfig.cmake
[8.247s] -- Installing: /home/mac/Desktop/conti_ws/install/radar_msgs/share/radar_msgs/cmake/export_radar_msgs__rosidl_generator_cppExport.cmake
[8.247s] -- Installing: /home/mac/Desktop/conti_ws/install/radar_msgs/share/radar_msgs/cmake/export_radar_msgs__rosidl_typesupport_fastrtps_cppExport.cmake
[8.248s] -- Installing: /home/mac/Desktop/conti_ws/install/radar_msgs/share/radar_msgs/cmake/export_radar_msgs__rosidl_typesupport_fastrtps_cppExport-noconfig.cmake
[8.248s] -- Installing: /home/mac/Desktop/conti_ws/install/radar_msgs/share/radar_msgs/cmake/radar_msgs__rosidl_typesupport_introspection_cExport.cmake
[8.248s] -- Installing: /home/mac/Desktop/conti_ws/install/radar_msgs/share/radar_msgs/cmake/radar_msgs__rosidl_typesupport_introspection_cExport-noconfig.cmake
[8.248s] -- Installing: /home/mac/Desktop/conti_ws/install/radar_msgs/share/radar_msgs/cmake/radar_msgs__rosidl_typesupport_cExport.cmake
[8.248s] -- Installing: /home/mac/Desktop/conti_ws/install/radar_msgs/share/radar_msgs/cmake/radar_msgs__rosidl_typesupport_cExport-noconfig.cmake
[8.248s] -- Installing: /home/mac/Desktop/conti_ws/install/radar_msgs/share/radar_msgs/cmake/radar_msgs__rosidl_typesupport_introspection_cppExport.cmake
[8.248s] -- Installing: /home/mac/Desktop/conti_ws/install/radar_msgs/share/radar_msgs/cmake/radar_msgs__rosidl_typesupport_introspection_cppExport-noconfig.cmake
[8.248s] -- Installing: /home/mac/Desktop/conti_ws/install/radar_msgs/share/radar_msgs/cmake/radar_msgs__rosidl_typesupport_cppExport.cmake
[8.248s] -- Installing: /home/mac/Desktop/conti_ws/install/radar_msgs/share/radar_msgs/cmake/radar_msgs__rosidl_typesupport_cppExport-noconfig.cmake
[8.248s] -- Installing: /home/mac/Desktop/conti_ws/install/radar_msgs/share/radar_msgs/cmake/export_radar_msgs__rosidl_generator_pyExport.cmake
[8.248s] -- Installing: /home/mac/Desktop/conti_ws/install/radar_msgs/share/radar_msgs/cmake/export_radar_msgs__rosidl_generator_pyExport-noconfig.cmake
[8.248s] -- Installing: /home/mac/Desktop/conti_ws/install/radar_msgs/share/radar_msgs/cmake/rosidl_cmake-extras.cmake
[8.249s] -- Installing: /home/mac/Desktop/conti_ws/install/radar_msgs/share/radar_msgs/cmake/ament_cmake_export_dependencies-extras.cmake
[8.249s] -- Installing: /home/mac/Desktop/conti_ws/install/radar_msgs/share/radar_msgs/cmake/ament_cmake_export_include_directories-extras.cmake
[8.249s] -- Installing: /home/mac/Desktop/conti_ws/install/radar_msgs/share/radar_msgs/cmake/ament_cmake_export_libraries-extras.cmake
[8.249s] -- Installing: /home/mac/Desktop/conti_ws/install/radar_msgs/share/radar_msgs/cmake/ament_cmake_export_targets-extras.cmake
[8.249s] -- Installing: /home/mac/Desktop/conti_ws/install/radar_msgs/share/radar_msgs/cmake/rosidl_cmake_export_typesupport_targets-extras.cmake
[8.249s] -- Installing: /home/mac/Desktop/conti_ws/install/radar_msgs/share/radar_msgs/cmake/rosidl_cmake_export_typesupport_libraries-extras.cmake
[8.249s] -- Installing: /home/mac/Desktop/conti_ws/install/radar_msgs/share/radar_msgs/cmake/radar_msgsConfig.cmake
[8.249s] -- Installing: /home/mac/Desktop/conti_ws/install/radar_msgs/share/radar_msgs/cmake/radar_msgsConfig-version.cmake
[8.249s] -- Installing: /home/mac/Desktop/conti_ws/install/radar_msgs/share/radar_msgs/package.xml
[8.251s] Invoked command in '/home/mac/Desktop/conti_ws/build/radar_msgs' returned '0': CMAKE_PREFIX_PATH=${CMAKE_PREFIX_PATH}:/home/mac/Desktop/su25/turtlebot4_ws/install/leader_follower_demo:/opt/ros/humble /home/mac/.local/bin/cmake --install /home/mac/Desktop/conti_ws/build/radar_msgs
