[0.026s] Invoking command in '/home/mac/Desktop/conti_ws/build/conti_ars430_ros2': AMENT_PREFIX_PATH=/home/mac/Desktop/conti_ws/install/conti_ars430_ros2_msgs:${AMENT_PREFIX_PATH} CMAKE_PREFIX_PATH=/home/mac/Desktop/conti_ws/install/conti_ars430_ros2_msgs:/home/mac/Desktop/su25/turtlebot4_ws/install/ros_vrpn_client:/home/mac/Desktop/su25/turtlebot4_ws/install/parking_demo:/home/mac/Desktop/su25/turtlebot4_ws/install/object_detection:/home/mac/Desktop/su25/turtlebot4_ws/install/leader_follower_demo:/opt/ros/humble LD_LIBRARY_PATH=/home/mac/Desktop/conti_ws/install/conti_ars430_ros2_msgs/lib:${LD_LIBRARY_PATH} PYTHONPATH=/home/mac/Desktop/conti_ws/install/conti_ars430_ros2_msgs/local/lib/python3.10/dist-packages:${PYTHONPATH} /home/mac/.local/bin/cmake --build /home/mac/Desktop/conti_ws/build/conti_ars430_ros2 -- -j8 -l8
[0.132s] [100%] Built target conti_ars430_ros2_node
[0.136s] Invoked command in '/home/mac/Desktop/conti_ws/build/conti_ars430_ros2' returned '0': AMENT_PREFIX_PATH=/home/mac/Desktop/conti_ws/install/conti_ars430_ros2_msgs:${AMENT_PREFIX_PATH} CMAKE_PREFIX_PATH=/home/mac/Desktop/conti_ws/install/conti_ars430_ros2_msgs:/home/mac/Desktop/su25/turtlebot4_ws/install/ros_vrpn_client:/home/mac/Desktop/su25/turtlebot4_ws/install/parking_demo:/home/mac/Desktop/su25/turtlebot4_ws/install/object_detection:/home/mac/Desktop/su25/turtlebot4_ws/install/leader_follower_demo:/opt/ros/humble LD_LIBRARY_PATH=/home/mac/Desktop/conti_ws/install/conti_ars430_ros2_msgs/lib:${LD_LIBRARY_PATH} PYTHONPATH=/home/mac/Desktop/conti_ws/install/conti_ars430_ros2_msgs/local/lib/python3.10/dist-packages:${PYTHONPATH} /home/mac/.local/bin/cmake --build /home/mac/Desktop/conti_ws/build/conti_ars430_ros2 -- -j8 -l8
[0.137s] Invoking command in '/home/mac/Desktop/conti_ws/build/conti_ars430_ros2': AMENT_PREFIX_PATH=/home/mac/Desktop/conti_ws/install/conti_ars430_ros2_msgs:${AMENT_PREFIX_PATH} CMAKE_PREFIX_PATH=/home/mac/Desktop/conti_ws/install/conti_ars430_ros2_msgs:/home/mac/Desktop/su25/turtlebot4_ws/install/ros_vrpn_client:/home/mac/Desktop/su25/turtlebot4_ws/install/parking_demo:/home/mac/Desktop/su25/turtlebot4_ws/install/object_detection:/home/mac/Desktop/su25/turtlebot4_ws/install/leader_follower_demo:/opt/ros/humble LD_LIBRARY_PATH=/home/mac/Desktop/conti_ws/install/conti_ars430_ros2_msgs/lib:${LD_LIBRARY_PATH} PYTHONPATH=/home/mac/Desktop/conti_ws/install/conti_ars430_ros2_msgs/local/lib/python3.10/dist-packages:${PYTHONPATH} /home/mac/.local/bin/cmake --install /home/mac/Desktop/conti_ws/build/conti_ars430_ros2
[0.193s] -- Install configuration: ""
[0.194s] -- Up-to-date: /home/mac/Desktop/conti_ws/install/conti_ars430_ros2/lib/conti_ars430_ros2/conti_ars430_ros2_node
[0.194s] -- Up-to-date: /home/mac/Desktop/conti_ws/install/conti_ars430_ros2/share/conti_ars430_ros2//launch
[0.194s] -- Up-to-date: /home/mac/Desktop/conti_ws/install/conti_ars430_ros2/share/conti_ars430_ros2//launch/test.launch
[0.194s] -- Up-to-date: /home/mac/Desktop/conti_ws/install/conti_ars430_ros2/share/ament_index/resource_index/package_run_dependencies/conti_ars430_ros2
[0.194s] -- Up-to-date: /home/mac/Desktop/conti_ws/install/conti_ars430_ros2/share/ament_index/resource_index/parent_prefix_path/conti_ars430_ros2
[0.194s] -- Up-to-date: /home/mac/Desktop/conti_ws/install/conti_ars430_ros2/share/conti_ars430_ros2/environment/ament_prefix_path.sh
[0.194s] -- Up-to-date: /home/mac/Desktop/conti_ws/install/conti_ars430_ros2/share/conti_ars430_ros2/environment/ament_prefix_path.dsv
[0.194s] -- Up-to-date: /home/mac/Desktop/conti_ws/install/conti_ars430_ros2/share/conti_ars430_ros2/environment/path.sh
[0.194s] -- Up-to-date: /home/mac/Desktop/conti_ws/install/conti_ars430_ros2/share/conti_ars430_ros2/environment/path.dsv
[0.195s] -- Up-to-date: /home/mac/Desktop/conti_ws/install/conti_ars430_ros2/share/conti_ars430_ros2/local_setup.bash
[0.195s] -- Up-to-date: /home/mac/Desktop/conti_ws/install/conti_ars430_ros2/share/conti_ars430_ros2/local_setup.sh
[0.195s] -- Up-to-date: /home/mac/Desktop/conti_ws/install/conti_ars430_ros2/share/conti_ars430_ros2/local_setup.zsh
[0.195s] -- Up-to-date: /home/mac/Desktop/conti_ws/install/conti_ars430_ros2/share/conti_ars430_ros2/local_setup.dsv
[0.195s] -- Installing: /home/mac/Desktop/conti_ws/install/conti_ars430_ros2/share/conti_ars430_ros2/package.dsv
[0.195s] -- Up-to-date: /home/mac/Desktop/conti_ws/install/conti_ars430_ros2/share/ament_index/resource_index/packages/conti_ars430_ros2
[0.195s] -- Up-to-date: /home/mac/Desktop/conti_ws/install/conti_ars430_ros2/share/conti_ars430_ros2/cmake/conti_ars430_ros2Config.cmake
[0.196s] -- Up-to-date: /home/mac/Desktop/conti_ws/install/conti_ars430_ros2/share/conti_ars430_ros2/cmake/conti_ars430_ros2Config-version.cmake
[0.196s] -- Up-to-date: /home/mac/Desktop/conti_ws/install/conti_ars430_ros2/share/conti_ars430_ros2/package.xml
[0.205s] Invoked command in '/home/mac/Desktop/conti_ws/build/conti_ars430_ros2' returned '0': AMENT_PREFIX_PATH=/home/mac/Desktop/conti_ws/install/conti_ars430_ros2_msgs:${AMENT_PREFIX_PATH} CMAKE_PREFIX_PATH=/home/mac/Desktop/conti_ws/install/conti_ars430_ros2_msgs:/home/mac/Desktop/su25/turtlebot4_ws/install/ros_vrpn_client:/home/mac/Desktop/su25/turtlebot4_ws/install/parking_demo:/home/mac/Desktop/su25/turtlebot4_ws/install/object_detection:/home/mac/Desktop/su25/turtlebot4_ws/install/leader_follower_demo:/opt/ros/humble LD_LIBRARY_PATH=/home/mac/Desktop/conti_ws/install/conti_ars430_ros2_msgs/lib:${LD_LIBRARY_PATH} PYTHONPATH=/home/mac/Desktop/conti_ws/install/conti_ars430_ros2_msgs/local/lib/python3.10/dist-packages:${PYTHONPATH} /home/mac/.local/bin/cmake --install /home/mac/Desktop/conti_ws/build/conti_ars430_ros2
