[  1%] Built target radar_msgs__cpp
[ 12%] Built target radar_msgs__rosidl_generator_c
[ 12%] Built target ament_cmake_python_copy_radar_msgs
[ 34%] Built target radar_msgs__rosidl_typesupport_fastrtps_cpp
[ 34%] Built target radar_msgs__rosidl_typesupport_cpp
[ 45%] Built target radar_msgs__rosidl_typesupport_introspection_cpp
[ 60%] Built target radar_msgs__rosidl_typesupport_fastrtps_c
[ 67%] Built target radar_msgs__rosidl_typesupport_introspection_c
[ 78%] Built target radar_msgs__rosidl_typesupport_c
[ 78%] Built target radar_msgs
[ 80%] Built target radar_msgs__py
[ 89%] Built target radar_msgs__rosidl_generator_py
[ 98%] Built target radar_msgs__rosidl_typesupport_fastrtps_c__pyext
[ 98%] Built target radar_msgs__rosidl_typesupport_c__pyext
[100%] Built target radar_msgs__rosidl_typesupport_introspection_c__pyext
running egg_info
writing radar_msgs.egg-info/PKG-INFO
writing dependency_links to radar_msgs.egg-info/dependency_links.txt
writing top-level names to radar_msgs.egg-info/top_level.txt
reading manifest file 'radar_msgs.egg-info/SOURCES.txt'
writing manifest file 'radar_msgs.egg-info/SOURCES.txt'
[100%] Built target ament_cmake_python_build_radar_msgs_egg
-- Install configuration: ""
-- Up-to-date: /home/mac/Desktop/conti_ws/install/radar_msgs/share/ament_index/resource_index/rosidl_interfaces/radar_msgs
-- Up-to-date: /home/mac/Desktop/conti_ws/install/radar_msgs/include/radar_msgs/radar_msgs
-- Up-to-date: /home/mac/Desktop/conti_ws/install/radar_msgs/include/radar_msgs/radar_msgs/msg
-- Up-to-date: /home/mac/Desktop/conti_ws/install/radar_msgs/include/radar_msgs/radar_msgs/msg/radar_track.h
-- Up-to-date: /home/mac/Desktop/conti_ws/install/radar_msgs/include/radar_msgs/radar_msgs/msg/detail
-- Up-to-date: /home/mac/Desktop/conti_ws/install/radar_msgs/include/radar_msgs/radar_msgs/msg/detail/radar_tracks__functions.c
-- Up-to-date: /home/mac/Desktop/conti_ws/install/radar_msgs/include/radar_msgs/radar_msgs/msg/detail/radar_return__type_support.h
-- Up-to-date: /home/mac/Desktop/conti_ws/install/radar_msgs/include/radar_msgs/radar_msgs/msg/detail/radar_track__struct.h
-- Up-to-date: /home/mac/Desktop/conti_ws/install/radar_msgs/include/radar_msgs/radar_msgs/msg/detail/radar_return__functions.c
-- Up-to-date: /home/mac/Desktop/conti_ws/install/radar_msgs/include/radar_msgs/radar_msgs/msg/detail/radar_scan__type_support.h
-- Up-to-date: /home/mac/Desktop/conti_ws/install/radar_msgs/include/radar_msgs/radar_msgs/msg/detail/radar_scan__functions.h
-- Up-to-date: /home/mac/Desktop/conti_ws/install/radar_msgs/include/radar_msgs/radar_msgs/msg/detail/radar_track__functions.h
-- Up-to-date: /home/mac/Desktop/conti_ws/install/radar_msgs/include/radar_msgs/radar_msgs/msg/detail/radar_track__type_support.h
-- Up-to-date: /home/mac/Desktop/conti_ws/install/radar_msgs/include/radar_msgs/radar_msgs/msg/detail/radar_tracks__type_support.h
-- Up-to-date: /home/mac/Desktop/conti_ws/install/radar_msgs/include/radar_msgs/radar_msgs/msg/detail/radar_tracks__struct.h
-- Up-to-date: /home/mac/Desktop/conti_ws/install/radar_msgs/include/radar_msgs/radar_msgs/msg/detail/radar_track__functions.c
-- Up-to-date: /home/mac/Desktop/conti_ws/install/radar_msgs/include/radar_msgs/radar_msgs/msg/detail/radar_return__struct.h
-- Up-to-date: /home/mac/Desktop/conti_ws/install/radar_msgs/include/radar_msgs/radar_msgs/msg/detail/radar_tracks__functions.h
-- Up-to-date: /home/mac/Desktop/conti_ws/install/radar_msgs/include/radar_msgs/radar_msgs/msg/detail/radar_return__functions.h
-- Up-to-date: /home/mac/Desktop/conti_ws/install/radar_msgs/include/radar_msgs/radar_msgs/msg/detail/radar_scan__struct.h
-- Up-to-date: /home/mac/Desktop/conti_ws/install/radar_msgs/include/radar_msgs/radar_msgs/msg/detail/radar_scan__functions.c
-- Up-to-date: /home/mac/Desktop/conti_ws/install/radar_msgs/include/radar_msgs/radar_msgs/msg/radar_tracks.h
-- Up-to-date: /home/mac/Desktop/conti_ws/install/radar_msgs/include/radar_msgs/radar_msgs/msg/radar_return.h
-- Up-to-date: /home/mac/Desktop/conti_ws/install/radar_msgs/include/radar_msgs/radar_msgs/msg/radar_scan.h
-- Up-to-date: /home/mac/Desktop/conti_ws/install/radar_msgs/include/radar_msgs/radar_msgs/msg/rosidl_generator_c__visibility_control.h
-- Up-to-date: /home/mac/Desktop/conti_ws/install/radar_msgs/share/radar_msgs/environment/library_path.sh
-- Up-to-date: /home/mac/Desktop/conti_ws/install/radar_msgs/share/radar_msgs/environment/library_path.dsv
-- Up-to-date: /home/mac/Desktop/conti_ws/install/radar_msgs/lib/libradar_msgs__rosidl_generator_c.so
-- Up-to-date: /home/mac/Desktop/conti_ws/install/radar_msgs/include/radar_msgs/radar_msgs
-- Up-to-date: /home/mac/Desktop/conti_ws/install/radar_msgs/include/radar_msgs/radar_msgs/msg
-- Up-to-date: /home/mac/Desktop/conti_ws/install/radar_msgs/include/radar_msgs/radar_msgs/msg/rosidl_typesupport_fastrtps_c__visibility_control.h
-- Up-to-date: /home/mac/Desktop/conti_ws/install/radar_msgs/include/radar_msgs/radar_msgs/msg/detail
-- Up-to-date: /home/mac/Desktop/conti_ws/install/radar_msgs/include/radar_msgs/radar_msgs/msg/detail/radar_tracks__rosidl_typesupport_fastrtps_c.h
-- Up-to-date: /home/mac/Desktop/conti_ws/install/radar_msgs/include/radar_msgs/radar_msgs/msg/detail/radar_track__rosidl_typesupport_fastrtps_c.h
-- Up-to-date: /home/mac/Desktop/conti_ws/install/radar_msgs/include/radar_msgs/radar_msgs/msg/detail/radar_return__rosidl_typesupport_fastrtps_c.h
-- Up-to-date: /home/mac/Desktop/conti_ws/install/radar_msgs/include/radar_msgs/radar_msgs/msg/detail/radar_scan__rosidl_typesupport_fastrtps_c.h
-- Up-to-date: /home/mac/Desktop/conti_ws/install/radar_msgs/lib/libradar_msgs__rosidl_typesupport_fastrtps_c.so
-- Up-to-date: /home/mac/Desktop/conti_ws/install/radar_msgs/include/radar_msgs/radar_msgs
-- Up-to-date: /home/mac/Desktop/conti_ws/install/radar_msgs/include/radar_msgs/radar_msgs/msg
-- Up-to-date: /home/mac/Desktop/conti_ws/install/radar_msgs/include/radar_msgs/radar_msgs/msg/detail
-- Up-to-date: /home/mac/Desktop/conti_ws/install/radar_msgs/include/radar_msgs/radar_msgs/msg/detail/radar_return__builder.hpp
-- Up-to-date: /home/mac/Desktop/conti_ws/install/radar_msgs/include/radar_msgs/radar_msgs/msg/detail/radar_track__struct.hpp
-- Up-to-date: /home/mac/Desktop/conti_ws/install/radar_msgs/include/radar_msgs/radar_msgs/msg/detail/radar_tracks__builder.hpp
-- Up-to-date: /home/mac/Desktop/conti_ws/install/radar_msgs/include/radar_msgs/radar_msgs/msg/detail/radar_return__type_support.hpp
-- Up-to-date: /home/mac/Desktop/conti_ws/install/radar_msgs/include/radar_msgs/radar_msgs/msg/detail/radar_track__traits.hpp
-- Up-to-date: /home/mac/Desktop/conti_ws/install/radar_msgs/include/radar_msgs/radar_msgs/msg/detail/radar_tracks__struct.hpp
-- Up-to-date: /home/mac/Desktop/conti_ws/install/radar_msgs/include/radar_msgs/radar_msgs/msg/detail/radar_return__traits.hpp
-- Up-to-date: /home/mac/Desktop/conti_ws/install/radar_msgs/include/radar_msgs/radar_msgs/msg/detail/radar_tracks__traits.hpp
-- Up-to-date: /home/mac/Desktop/conti_ws/install/radar_msgs/include/radar_msgs/radar_msgs/msg/detail/radar_scan__builder.hpp
-- Up-to-date: /home/mac/Desktop/conti_ws/install/radar_msgs/include/radar_msgs/radar_msgs/msg/detail/radar_scan__struct.hpp
-- Up-to-date: /home/mac/Desktop/conti_ws/install/radar_msgs/include/radar_msgs/radar_msgs/msg/detail/radar_tracks__type_support.hpp
-- Up-to-date: /home/mac/Desktop/conti_ws/install/radar_msgs/include/radar_msgs/radar_msgs/msg/detail/radar_return__struct.hpp
-- Up-to-date: /home/mac/Desktop/conti_ws/install/radar_msgs/include/radar_msgs/radar_msgs/msg/detail/radar_scan__type_support.hpp
-- Up-to-date: /home/mac/Desktop/conti_ws/install/radar_msgs/include/radar_msgs/radar_msgs/msg/detail/radar_scan__traits.hpp
-- Up-to-date: /home/mac/Desktop/conti_ws/install/radar_msgs/include/radar_msgs/radar_msgs/msg/detail/radar_track__builder.hpp
-- Up-to-date: /home/mac/Desktop/conti_ws/install/radar_msgs/include/radar_msgs/radar_msgs/msg/detail/radar_track__type_support.hpp
-- Up-to-date: /home/mac/Desktop/conti_ws/install/radar_msgs/include/radar_msgs/radar_msgs/msg/radar_track.hpp
-- Up-to-date: /home/mac/Desktop/conti_ws/install/radar_msgs/include/radar_msgs/radar_msgs/msg/radar_tracks.hpp
-- Up-to-date: /home/mac/Desktop/conti_ws/install/radar_msgs/include/radar_msgs/radar_msgs/msg/rosidl_generator_cpp__visibility_control.hpp
-- Up-to-date: /home/mac/Desktop/conti_ws/install/radar_msgs/include/radar_msgs/radar_msgs/msg/radar_return.hpp
-- Up-to-date: /home/mac/Desktop/conti_ws/install/radar_msgs/include/radar_msgs/radar_msgs/msg/radar_scan.hpp
-- Up-to-date: /home/mac/Desktop/conti_ws/install/radar_msgs/include/radar_msgs/radar_msgs
-- Up-to-date: /home/mac/Desktop/conti_ws/install/radar_msgs/include/radar_msgs/radar_msgs/msg
-- Up-to-date: /home/mac/Desktop/conti_ws/install/radar_msgs/include/radar_msgs/radar_msgs/msg/detail
-- Up-to-date: /home/mac/Desktop/conti_ws/install/radar_msgs/include/radar_msgs/radar_msgs/msg/detail/radar_track__rosidl_typesupport_fastrtps_cpp.hpp
-- Up-to-date: /home/mac/Desktop/conti_ws/install/radar_msgs/include/radar_msgs/radar_msgs/msg/detail/dds_fastrtps
-- Up-to-date: /home/mac/Desktop/conti_ws/install/radar_msgs/include/radar_msgs/radar_msgs/msg/detail/radar_return__rosidl_typesupport_fastrtps_cpp.hpp
-- Up-to-date: /home/mac/Desktop/conti_ws/install/radar_msgs/include/radar_msgs/radar_msgs/msg/detail/radar_tracks__rosidl_typesupport_fastrtps_cpp.hpp
-- Up-to-date: /home/mac/Desktop/conti_ws/install/radar_msgs/include/radar_msgs/radar_msgs/msg/detail/radar_scan__rosidl_typesupport_fastrtps_cpp.hpp
-- Up-to-date: /home/mac/Desktop/conti_ws/install/radar_msgs/include/radar_msgs/radar_msgs/msg/rosidl_typesupport_fastrtps_cpp__visibility_control.h
-- Up-to-date: /home/mac/Desktop/conti_ws/install/radar_msgs/lib/libradar_msgs__rosidl_typesupport_fastrtps_cpp.so
-- Up-to-date: /home/mac/Desktop/conti_ws/install/radar_msgs/include/radar_msgs/radar_msgs
-- Up-to-date: /home/mac/Desktop/conti_ws/install/radar_msgs/include/radar_msgs/radar_msgs/msg
-- Up-to-date: /home/mac/Desktop/conti_ws/install/radar_msgs/include/radar_msgs/radar_msgs/msg/detail
-- Up-to-date: /home/mac/Desktop/conti_ws/install/radar_msgs/include/radar_msgs/radar_msgs/msg/detail/radar_scan__type_support.c
-- Up-to-date: /home/mac/Desktop/conti_ws/install/radar_msgs/include/radar_msgs/radar_msgs/msg/detail/radar_tracks__rosidl_typesupport_introspection_c.h
-- Up-to-date: /home/mac/Desktop/conti_ws/install/radar_msgs/include/radar_msgs/radar_msgs/msg/detail/radar_track__type_support.c
-- Up-to-date: /home/mac/Desktop/conti_ws/install/radar_msgs/include/radar_msgs/radar_msgs/msg/detail/radar_return__rosidl_typesupport_introspection_c.h
-- Up-to-date: /home/mac/Desktop/conti_ws/install/radar_msgs/include/radar_msgs/radar_msgs/msg/detail/radar_scan__rosidl_typesupport_introspection_c.h
-- Up-to-date: /home/mac/Desktop/conti_ws/install/radar_msgs/include/radar_msgs/radar_msgs/msg/detail/radar_return__type_support.c
-- Up-to-date: /home/mac/Desktop/conti_ws/install/radar_msgs/include/radar_msgs/radar_msgs/msg/detail/radar_tracks__type_support.c
-- Up-to-date: /home/mac/Desktop/conti_ws/install/radar_msgs/include/radar_msgs/radar_msgs/msg/detail/radar_track__rosidl_typesupport_introspection_c.h
-- Up-to-date: /home/mac/Desktop/conti_ws/install/radar_msgs/include/radar_msgs/radar_msgs/msg/rosidl_typesupport_introspection_c__visibility_control.h
-- Up-to-date: /home/mac/Desktop/conti_ws/install/radar_msgs/lib/libradar_msgs__rosidl_typesupport_introspection_c.so
-- Up-to-date: /home/mac/Desktop/conti_ws/install/radar_msgs/lib/libradar_msgs__rosidl_typesupport_c.so
-- Up-to-date: /home/mac/Desktop/conti_ws/install/radar_msgs/include/radar_msgs/radar_msgs
-- Up-to-date: /home/mac/Desktop/conti_ws/install/radar_msgs/include/radar_msgs/radar_msgs/msg
-- Up-to-date: /home/mac/Desktop/conti_ws/install/radar_msgs/include/radar_msgs/radar_msgs/msg/detail
-- Up-to-date: /home/mac/Desktop/conti_ws/install/radar_msgs/include/radar_msgs/radar_msgs/msg/detail/radar_track__type_support.cpp
-- Up-to-date: /home/mac/Desktop/conti_ws/install/radar_msgs/include/radar_msgs/radar_msgs/msg/detail/radar_track__rosidl_typesupport_introspection_cpp.hpp
-- Up-to-date: /home/mac/Desktop/conti_ws/install/radar_msgs/include/radar_msgs/radar_msgs/msg/detail/radar_tracks__type_support.cpp
-- Up-to-date: /home/mac/Desktop/conti_ws/install/radar_msgs/include/radar_msgs/radar_msgs/msg/detail/radar_scan__rosidl_typesupport_introspection_cpp.hpp
-- Up-to-date: /home/mac/Desktop/conti_ws/install/radar_msgs/include/radar_msgs/radar_msgs/msg/detail/radar_tracks__rosidl_typesupport_introspection_cpp.hpp
-- Up-to-date: /home/mac/Desktop/conti_ws/install/radar_msgs/include/radar_msgs/radar_msgs/msg/detail/radar_return__rosidl_typesupport_introspection_cpp.hpp
-- Up-to-date: /home/mac/Desktop/conti_ws/install/radar_msgs/include/radar_msgs/radar_msgs/msg/detail/radar_return__type_support.cpp
-- Up-to-date: /home/mac/Desktop/conti_ws/install/radar_msgs/include/radar_msgs/radar_msgs/msg/detail/radar_scan__type_support.cpp
-- Up-to-date: /home/mac/Desktop/conti_ws/install/radar_msgs/lib/libradar_msgs__rosidl_typesupport_introspection_cpp.so
-- Up-to-date: /home/mac/Desktop/conti_ws/install/radar_msgs/lib/libradar_msgs__rosidl_typesupport_cpp.so
-- Up-to-date: /home/mac/Desktop/conti_ws/install/radar_msgs/share/radar_msgs/environment/pythonpath.sh
-- Up-to-date: /home/mac/Desktop/conti_ws/install/radar_msgs/share/radar_msgs/environment/pythonpath.dsv
-- Up-to-date: /home/mac/Desktop/conti_ws/install/radar_msgs/local/lib/python3.10/dist-packages/radar_msgs-0.2.2-py3.10.egg-info
-- Installing: /home/mac/Desktop/conti_ws/install/radar_msgs/local/lib/python3.10/dist-packages/radar_msgs-0.2.2-py3.10.egg-info/dependency_links.txt
-- Installing: /home/mac/Desktop/conti_ws/install/radar_msgs/local/lib/python3.10/dist-packages/radar_msgs-0.2.2-py3.10.egg-info/PKG-INFO
-- Installing: /home/mac/Desktop/conti_ws/install/radar_msgs/local/lib/python3.10/dist-packages/radar_msgs-0.2.2-py3.10.egg-info/SOURCES.txt
-- Installing: /home/mac/Desktop/conti_ws/install/radar_msgs/local/lib/python3.10/dist-packages/radar_msgs-0.2.2-py3.10.egg-info/top_level.txt
-- Up-to-date: /home/mac/Desktop/conti_ws/install/radar_msgs/local/lib/python3.10/dist-packages/radar_msgs
-- Up-to-date: /home/mac/Desktop/conti_ws/install/radar_msgs/local/lib/python3.10/dist-packages/radar_msgs/_radar_msgs_s.ep.rosidl_typesupport_c.c
-- Up-to-date: /home/mac/Desktop/conti_ws/install/radar_msgs/local/lib/python3.10/dist-packages/radar_msgs/radar_msgs_s__rosidl_typesupport_fastrtps_c.cpython-310-x86_64-linux-gnu.so
-- Up-to-date: /home/mac/Desktop/conti_ws/install/radar_msgs/local/lib/python3.10/dist-packages/radar_msgs/radar_msgs_s__rosidl_typesupport_c.cpython-310-x86_64-linux-gnu.so
-- Up-to-date: /home/mac/Desktop/conti_ws/install/radar_msgs/local/lib/python3.10/dist-packages/radar_msgs/_radar_msgs_s.ep.rosidl_typesupport_fastrtps_c.c
-- Up-to-date: /home/mac/Desktop/conti_ws/install/radar_msgs/local/lib/python3.10/dist-packages/radar_msgs/radar_msgs_s__rosidl_typesupport_introspection_c.cpython-310-x86_64-linux-gnu.so
-- Up-to-date: /home/mac/Desktop/conti_ws/install/radar_msgs/local/lib/python3.10/dist-packages/radar_msgs/_radar_msgs_s.ep.rosidl_typesupport_introspection_c.c
-- Up-to-date: /home/mac/Desktop/conti_ws/install/radar_msgs/local/lib/python3.10/dist-packages/radar_msgs/libradar_msgs__rosidl_generator_py.so
-- Up-to-date: /home/mac/Desktop/conti_ws/install/radar_msgs/local/lib/python3.10/dist-packages/radar_msgs/__init__.py
-- Up-to-date: /home/mac/Desktop/conti_ws/install/radar_msgs/local/lib/python3.10/dist-packages/radar_msgs/msg
-- Up-to-date: /home/mac/Desktop/conti_ws/install/radar_msgs/local/lib/python3.10/dist-packages/radar_msgs/msg/_radar_track_s.c
-- Up-to-date: /home/mac/Desktop/conti_ws/install/radar_msgs/local/lib/python3.10/dist-packages/radar_msgs/msg/_radar_scan_s.c
-- Up-to-date: /home/mac/Desktop/conti_ws/install/radar_msgs/local/lib/python3.10/dist-packages/radar_msgs/msg/_radar_track.py
-- Up-to-date: /home/mac/Desktop/conti_ws/install/radar_msgs/local/lib/python3.10/dist-packages/radar_msgs/msg/_radar_tracks_s.c
-- Up-to-date: /home/mac/Desktop/conti_ws/install/radar_msgs/local/lib/python3.10/dist-packages/radar_msgs/msg/_radar_tracks.py
-- Up-to-date: /home/mac/Desktop/conti_ws/install/radar_msgs/local/lib/python3.10/dist-packages/radar_msgs/msg/_radar_scan.py
-- Up-to-date: /home/mac/Desktop/conti_ws/install/radar_msgs/local/lib/python3.10/dist-packages/radar_msgs/msg/__init__.py
-- Up-to-date: /home/mac/Desktop/conti_ws/install/radar_msgs/local/lib/python3.10/dist-packages/radar_msgs/msg/_radar_return_s.c
-- Up-to-date: /home/mac/Desktop/conti_ws/install/radar_msgs/local/lib/python3.10/dist-packages/radar_msgs/msg/_radar_return.py
Listing '/home/mac/Desktop/conti_ws/install/radar_msgs/local/lib/python3.10/dist-packages/radar_msgs'...
Listing '/home/mac/Desktop/conti_ws/install/radar_msgs/local/lib/python3.10/dist-packages/radar_msgs/msg'...
-- Up-to-date: /home/mac/Desktop/conti_ws/install/radar_msgs/local/lib/python3.10/dist-packages/radar_msgs/radar_msgs_s__rosidl_typesupport_fastrtps_c.cpython-310-x86_64-linux-gnu.so
-- Up-to-date: /home/mac/Desktop/conti_ws/install/radar_msgs/local/lib/python3.10/dist-packages/radar_msgs/radar_msgs_s__rosidl_typesupport_introspection_c.cpython-310-x86_64-linux-gnu.so
-- Up-to-date: /home/mac/Desktop/conti_ws/install/radar_msgs/local/lib/python3.10/dist-packages/radar_msgs/radar_msgs_s__rosidl_typesupport_c.cpython-310-x86_64-linux-gnu.so
-- Up-to-date: /home/mac/Desktop/conti_ws/install/radar_msgs/lib/libradar_msgs__rosidl_generator_py.so
-- Up-to-date: /home/mac/Desktop/conti_ws/install/radar_msgs/share/radar_msgs/msg/RadarReturn.idl
-- Up-to-date: /home/mac/Desktop/conti_ws/install/radar_msgs/share/radar_msgs/msg/RadarScan.idl
-- Up-to-date: /home/mac/Desktop/conti_ws/install/radar_msgs/share/radar_msgs/msg/RadarTrack.idl
-- Up-to-date: /home/mac/Desktop/conti_ws/install/radar_msgs/share/radar_msgs/msg/RadarTracks.idl
-- Up-to-date: /home/mac/Desktop/conti_ws/install/radar_msgs/share/radar_msgs/msg/RadarReturn.msg
-- Up-to-date: /home/mac/Desktop/conti_ws/install/radar_msgs/share/radar_msgs/msg/RadarScan.msg
-- Up-to-date: /home/mac/Desktop/conti_ws/install/radar_msgs/share/radar_msgs/msg/RadarTrack.msg
-- Up-to-date: /home/mac/Desktop/conti_ws/install/radar_msgs/share/radar_msgs/msg/RadarTracks.msg
-- Up-to-date: /home/mac/Desktop/conti_ws/install/radar_msgs/share/ament_index/resource_index/package_run_dependencies/radar_msgs
-- Up-to-date: /home/mac/Desktop/conti_ws/install/radar_msgs/share/ament_index/resource_index/parent_prefix_path/radar_msgs
-- Up-to-date: /home/mac/Desktop/conti_ws/install/radar_msgs/share/radar_msgs/environment/ament_prefix_path.sh
-- Up-to-date: /home/mac/Desktop/conti_ws/install/radar_msgs/share/radar_msgs/environment/ament_prefix_path.dsv
-- Up-to-date: /home/mac/Desktop/conti_ws/install/radar_msgs/share/radar_msgs/environment/path.sh
-- Up-to-date: /home/mac/Desktop/conti_ws/install/radar_msgs/share/radar_msgs/environment/path.dsv
-- Up-to-date: /home/mac/Desktop/conti_ws/install/radar_msgs/share/radar_msgs/local_setup.bash
-- Up-to-date: /home/mac/Desktop/conti_ws/install/radar_msgs/share/radar_msgs/local_setup.sh
-- Up-to-date: /home/mac/Desktop/conti_ws/install/radar_msgs/share/radar_msgs/local_setup.zsh
-- Up-to-date: /home/mac/Desktop/conti_ws/install/radar_msgs/share/radar_msgs/local_setup.dsv
-- Installing: /home/mac/Desktop/conti_ws/install/radar_msgs/share/radar_msgs/package.dsv
-- Up-to-date: /home/mac/Desktop/conti_ws/install/radar_msgs/share/ament_index/resource_index/packages/radar_msgs
-- Up-to-date: /home/mac/Desktop/conti_ws/install/radar_msgs/share/radar_msgs/cmake/export_radar_msgs__rosidl_generator_cExport.cmake
-- Up-to-date: /home/mac/Desktop/conti_ws/install/radar_msgs/share/radar_msgs/cmake/export_radar_msgs__rosidl_generator_cExport-noconfig.cmake
-- Up-to-date: /home/mac/Desktop/conti_ws/install/radar_msgs/share/radar_msgs/cmake/export_radar_msgs__rosidl_typesupport_fastrtps_cExport.cmake
-- Up-to-date: /home/mac/Desktop/conti_ws/install/radar_msgs/share/radar_msgs/cmake/export_radar_msgs__rosidl_typesupport_fastrtps_cExport-noconfig.cmake
-- Up-to-date: /home/mac/Desktop/conti_ws/install/radar_msgs/share/radar_msgs/cmake/export_radar_msgs__rosidl_generator_cppExport.cmake
-- Up-to-date: /home/mac/Desktop/conti_ws/install/radar_msgs/share/radar_msgs/cmake/export_radar_msgs__rosidl_typesupport_fastrtps_cppExport.cmake
-- Up-to-date: /home/mac/Desktop/conti_ws/install/radar_msgs/share/radar_msgs/cmake/export_radar_msgs__rosidl_typesupport_fastrtps_cppExport-noconfig.cmake
-- Up-to-date: /home/mac/Desktop/conti_ws/install/radar_msgs/share/radar_msgs/cmake/radar_msgs__rosidl_typesupport_introspection_cExport.cmake
-- Up-to-date: /home/mac/Desktop/conti_ws/install/radar_msgs/share/radar_msgs/cmake/radar_msgs__rosidl_typesupport_introspection_cExport-noconfig.cmake
-- Up-to-date: /home/mac/Desktop/conti_ws/install/radar_msgs/share/radar_msgs/cmake/radar_msgs__rosidl_typesupport_cExport.cmake
-- Up-to-date: /home/mac/Desktop/conti_ws/install/radar_msgs/share/radar_msgs/cmake/radar_msgs__rosidl_typesupport_cExport-noconfig.cmake
-- Up-to-date: /home/mac/Desktop/conti_ws/install/radar_msgs/share/radar_msgs/cmake/radar_msgs__rosidl_typesupport_introspection_cppExport.cmake
-- Up-to-date: /home/mac/Desktop/conti_ws/install/radar_msgs/share/radar_msgs/cmake/radar_msgs__rosidl_typesupport_introspection_cppExport-noconfig.cmake
-- Up-to-date: /home/mac/Desktop/conti_ws/install/radar_msgs/share/radar_msgs/cmake/radar_msgs__rosidl_typesupport_cppExport.cmake
-- Up-to-date: /home/mac/Desktop/conti_ws/install/radar_msgs/share/radar_msgs/cmake/radar_msgs__rosidl_typesupport_cppExport-noconfig.cmake
-- Up-to-date: /home/mac/Desktop/conti_ws/install/radar_msgs/share/radar_msgs/cmake/export_radar_msgs__rosidl_generator_pyExport.cmake
-- Up-to-date: /home/mac/Desktop/conti_ws/install/radar_msgs/share/radar_msgs/cmake/export_radar_msgs__rosidl_generator_pyExport-noconfig.cmake
-- Up-to-date: /home/mac/Desktop/conti_ws/install/radar_msgs/share/radar_msgs/cmake/rosidl_cmake-extras.cmake
-- Up-to-date: /home/mac/Desktop/conti_ws/install/radar_msgs/share/radar_msgs/cmake/ament_cmake_export_dependencies-extras.cmake
-- Up-to-date: /home/mac/Desktop/conti_ws/install/radar_msgs/share/radar_msgs/cmake/ament_cmake_export_include_directories-extras.cmake
-- Up-to-date: /home/mac/Desktop/conti_ws/install/radar_msgs/share/radar_msgs/cmake/ament_cmake_export_libraries-extras.cmake
-- Up-to-date: /home/mac/Desktop/conti_ws/install/radar_msgs/share/radar_msgs/cmake/ament_cmake_export_targets-extras.cmake
-- Up-to-date: /home/mac/Desktop/conti_ws/install/radar_msgs/share/radar_msgs/cmake/rosidl_cmake_export_typesupport_targets-extras.cmake
-- Up-to-date: /home/mac/Desktop/conti_ws/install/radar_msgs/share/radar_msgs/cmake/rosidl_cmake_export_typesupport_libraries-extras.cmake
-- Up-to-date: /home/mac/Desktop/conti_ws/install/radar_msgs/share/radar_msgs/cmake/radar_msgsConfig.cmake
-- Up-to-date: /home/mac/Desktop/conti_ws/install/radar_msgs/share/radar_msgs/cmake/radar_msgsConfig-version.cmake
-- Up-to-date: /home/mac/Desktop/conti_ws/install/radar_msgs/share/radar_msgs/package.xml
