[0.012s] Invoking command in '/home/mac/Desktop/conti_ws/build/radar_msgs': CMAKE_PREFIX_PATH=${CMAKE_PREFIX_PATH}:/home/mac/Desktop/su25/turtlebot4_ws/install/leader_follower_demo:/opt/ros/humble /home/mac/.local/bin/cmake --build /home/mac/Desktop/conti_ws/build/radar_msgs -- -j8 -l8
[0.137s] [  1%] Built target radar_msgs__cpp
[0.142s] [ 12%] Built target radar_msgs__rosidl_generator_c
[0.145s] [ 12%] Built target ament_cmake_python_copy_radar_msgs
[0.155s] [ 34%] Built target radar_msgs__rosidl_typesupport_fastrtps_cpp
[0.155s] [ 34%] Built target radar_msgs__rosidl_typesupport_cpp
[0.161s] [ 45%] Built target radar_msgs__rosidl_typesupport_introspection_cpp
[0.163s] [ 60%] Built target radar_msgs__rosidl_typesupport_fastrtps_c
[0.164s] [ 67%] Built target radar_msgs__rosidl_typesupport_introspection_c
[0.166s] [ 78%] Built target radar_msgs__rosidl_typesupport_c
[0.177s] [ 78%] Built target radar_msgs
[0.186s] [ 80%] Built target radar_msgs__py
[0.197s] [ 89%] Built target radar_msgs__rosidl_generator_py
[0.209s] [ 98%] Built target radar_msgs__rosidl_typesupport_fastrtps_c__pyext
[0.209s] [ 98%] Built target radar_msgs__rosidl_typesupport_c__pyext
[0.209s] [100%] Built target radar_msgs__rosidl_typesupport_introspection_c__pyext
[0.373s] running egg_info
[0.374s] writing radar_msgs.egg-info/PKG-INFO
[0.374s] writing dependency_links to radar_msgs.egg-info/dependency_links.txt
[0.375s] writing top-level names to radar_msgs.egg-info/top_level.txt
[0.379s] reading manifest file 'radar_msgs.egg-info/SOURCES.txt'
[0.379s] writing manifest file 'radar_msgs.egg-info/SOURCES.txt'
[0.405s] [100%] Built target ament_cmake_python_build_radar_msgs_egg
[0.473s] Invoked command in '/home/mac/Desktop/conti_ws/build/radar_msgs' returned '0': CMAKE_PREFIX_PATH=${CMAKE_PREFIX_PATH}:/home/mac/Desktop/su25/turtlebot4_ws/install/leader_follower_demo:/opt/ros/humble /home/mac/.local/bin/cmake --build /home/mac/Desktop/conti_ws/build/radar_msgs -- -j8 -l8
[0.475s] Invoking command in '/home/mac/Desktop/conti_ws/build/radar_msgs': CMAKE_PREFIX_PATH=${CMAKE_PREFIX_PATH}:/home/mac/Desktop/su25/turtlebot4_ws/install/leader_follower_demo:/opt/ros/humble /home/mac/.local/bin/cmake --install /home/mac/Desktop/conti_ws/build/radar_msgs
[0.550s] -- Install configuration: ""
[0.551s] -- Up-to-date: /home/mac/Desktop/conti_ws/install/radar_msgs/share/ament_index/resource_index/rosidl_interfaces/radar_msgs
[0.551s] -- Up-to-date: /home/mac/Desktop/conti_ws/install/radar_msgs/include/radar_msgs/radar_msgs
[0.551s] -- Up-to-date: /home/mac/Desktop/conti_ws/install/radar_msgs/include/radar_msgs/radar_msgs/msg
[0.551s] -- Up-to-date: /home/mac/Desktop/conti_ws/install/radar_msgs/include/radar_msgs/radar_msgs/msg/radar_track.h
[0.551s] -- Up-to-date: /home/mac/Desktop/conti_ws/install/radar_msgs/include/radar_msgs/radar_msgs/msg/detail
[0.551s] -- Up-to-date: /home/mac/Desktop/conti_ws/install/radar_msgs/include/radar_msgs/radar_msgs/msg/detail/radar_tracks__functions.c
[0.551s] -- Up-to-date: /home/mac/Desktop/conti_ws/install/radar_msgs/include/radar_msgs/radar_msgs/msg/detail/radar_return__type_support.h
[0.551s] -- Up-to-date: /home/mac/Desktop/conti_ws/install/radar_msgs/include/radar_msgs/radar_msgs/msg/detail/radar_track__struct.h
[0.552s] -- Up-to-date: /home/mac/Desktop/conti_ws/install/radar_msgs/include/radar_msgs/radar_msgs/msg/detail/radar_return__functions.c
[0.552s] -- Up-to-date: /home/mac/Desktop/conti_ws/install/radar_msgs/include/radar_msgs/radar_msgs/msg/detail/radar_scan__type_support.h
[0.552s] -- Up-to-date: /home/mac/Desktop/conti_ws/install/radar_msgs/include/radar_msgs/radar_msgs/msg/detail/radar_scan__functions.h
[0.552s] -- Up-to-date: /home/mac/Desktop/conti_ws/install/radar_msgs/include/radar_msgs/radar_msgs/msg/detail/radar_track__functions.h
[0.553s] -- Up-to-date: /home/mac/Desktop/conti_ws/install/radar_msgs/include/radar_msgs/radar_msgs/msg/detail/radar_track__type_support.h
[0.553s] -- Up-to-date: /home/mac/Desktop/conti_ws/install/radar_msgs/include/radar_msgs/radar_msgs/msg/detail/radar_tracks__type_support.h
[0.553s] -- Up-to-date: /home/mac/Desktop/conti_ws/install/radar_msgs/include/radar_msgs/radar_msgs/msg/detail/radar_tracks__struct.h
[0.553s] -- Up-to-date: /home/mac/Desktop/conti_ws/install/radar_msgs/include/radar_msgs/radar_msgs/msg/detail/radar_track__functions.c
[0.553s] -- Up-to-date: /home/mac/Desktop/conti_ws/install/radar_msgs/include/radar_msgs/radar_msgs/msg/detail/radar_return__struct.h
[0.553s] -- Up-to-date: /home/mac/Desktop/conti_ws/install/radar_msgs/include/radar_msgs/radar_msgs/msg/detail/radar_tracks__functions.h
[0.553s] -- Up-to-date: /home/mac/Desktop/conti_ws/install/radar_msgs/include/radar_msgs/radar_msgs/msg/detail/radar_return__functions.h
[0.553s] -- Up-to-date: /home/mac/Desktop/conti_ws/install/radar_msgs/include/radar_msgs/radar_msgs/msg/detail/radar_scan__struct.h
[0.553s] -- Up-to-date: /home/mac/Desktop/conti_ws/install/radar_msgs/include/radar_msgs/radar_msgs/msg/detail/radar_scan__functions.c
[0.553s] -- Up-to-date: /home/mac/Desktop/conti_ws/install/radar_msgs/include/radar_msgs/radar_msgs/msg/radar_tracks.h
[0.554s] -- Up-to-date: /home/mac/Desktop/conti_ws/install/radar_msgs/include/radar_msgs/radar_msgs/msg/radar_return.h
[0.554s] -- Up-to-date: /home/mac/Desktop/conti_ws/install/radar_msgs/include/radar_msgs/radar_msgs/msg/radar_scan.h
[0.554s] -- Up-to-date: /home/mac/Desktop/conti_ws/install/radar_msgs/include/radar_msgs/radar_msgs/msg/rosidl_generator_c__visibility_control.h
[0.554s] -- Up-to-date: /home/mac/Desktop/conti_ws/install/radar_msgs/share/radar_msgs/environment/library_path.sh
[0.554s] -- Up-to-date: /home/mac/Desktop/conti_ws/install/radar_msgs/share/radar_msgs/environment/library_path.dsv
[0.554s] -- Up-to-date: /home/mac/Desktop/conti_ws/install/radar_msgs/lib/libradar_msgs__rosidl_generator_c.so
[0.554s] -- Up-to-date: /home/mac/Desktop/conti_ws/install/radar_msgs/include/radar_msgs/radar_msgs
[0.554s] -- Up-to-date: /home/mac/Desktop/conti_ws/install/radar_msgs/include/radar_msgs/radar_msgs/msg
[0.554s] -- Up-to-date: /home/mac/Desktop/conti_ws/install/radar_msgs/include/radar_msgs/radar_msgs/msg/rosidl_typesupport_fastrtps_c__visibility_control.h
[0.554s] -- Up-to-date: /home/mac/Desktop/conti_ws/install/radar_msgs/include/radar_msgs/radar_msgs/msg/detail
[0.554s] -- Up-to-date: /home/mac/Desktop/conti_ws/install/radar_msgs/include/radar_msgs/radar_msgs/msg/detail/radar_tracks__rosidl_typesupport_fastrtps_c.h
[0.554s] -- Up-to-date: /home/mac/Desktop/conti_ws/install/radar_msgs/include/radar_msgs/radar_msgs/msg/detail/radar_track__rosidl_typesupport_fastrtps_c.h
[0.555s] -- Up-to-date: /home/mac/Desktop/conti_ws/install/radar_msgs/include/radar_msgs/radar_msgs/msg/detail/radar_return__rosidl_typesupport_fastrtps_c.h
[0.555s] -- Up-to-date: /home/mac/Desktop/conti_ws/install/radar_msgs/include/radar_msgs/radar_msgs/msg/detail/radar_scan__rosidl_typesupport_fastrtps_c.h
[0.555s] -- Up-to-date: /home/mac/Desktop/conti_ws/install/radar_msgs/lib/libradar_msgs__rosidl_typesupport_fastrtps_c.so
[0.555s] -- Up-to-date: /home/mac/Desktop/conti_ws/install/radar_msgs/include/radar_msgs/radar_msgs
[0.555s] -- Up-to-date: /home/mac/Desktop/conti_ws/install/radar_msgs/include/radar_msgs/radar_msgs/msg
[0.555s] -- Up-to-date: /home/mac/Desktop/conti_ws/install/radar_msgs/include/radar_msgs/radar_msgs/msg/detail
[0.555s] -- Up-to-date: /home/mac/Desktop/conti_ws/install/radar_msgs/include/radar_msgs/radar_msgs/msg/detail/radar_return__builder.hpp
[0.555s] -- Up-to-date: /home/mac/Desktop/conti_ws/install/radar_msgs/include/radar_msgs/radar_msgs/msg/detail/radar_track__struct.hpp
[0.555s] -- Up-to-date: /home/mac/Desktop/conti_ws/install/radar_msgs/include/radar_msgs/radar_msgs/msg/detail/radar_tracks__builder.hpp
[0.555s] -- Up-to-date: /home/mac/Desktop/conti_ws/install/radar_msgs/include/radar_msgs/radar_msgs/msg/detail/radar_return__type_support.hpp
[0.555s] -- Up-to-date: /home/mac/Desktop/conti_ws/install/radar_msgs/include/radar_msgs/radar_msgs/msg/detail/radar_track__traits.hpp
[0.555s] -- Up-to-date: /home/mac/Desktop/conti_ws/install/radar_msgs/include/radar_msgs/radar_msgs/msg/detail/radar_tracks__struct.hpp
[0.556s] -- Up-to-date: /home/mac/Desktop/conti_ws/install/radar_msgs/include/radar_msgs/radar_msgs/msg/detail/radar_return__traits.hpp
[0.556s] -- Up-to-date: /home/mac/Desktop/conti_ws/install/radar_msgs/include/radar_msgs/radar_msgs/msg/detail/radar_tracks__traits.hpp
[0.556s] -- Up-to-date: /home/mac/Desktop/conti_ws/install/radar_msgs/include/radar_msgs/radar_msgs/msg/detail/radar_scan__builder.hpp
[0.556s] -- Up-to-date: /home/mac/Desktop/conti_ws/install/radar_msgs/include/radar_msgs/radar_msgs/msg/detail/radar_scan__struct.hpp
[0.556s] -- Up-to-date: /home/mac/Desktop/conti_ws/install/radar_msgs/include/radar_msgs/radar_msgs/msg/detail/radar_tracks__type_support.hpp
[0.556s] -- Up-to-date: /home/mac/Desktop/conti_ws/install/radar_msgs/include/radar_msgs/radar_msgs/msg/detail/radar_return__struct.hpp
[0.556s] -- Up-to-date: /home/mac/Desktop/conti_ws/install/radar_msgs/include/radar_msgs/radar_msgs/msg/detail/radar_scan__type_support.hpp
[0.556s] -- Up-to-date: /home/mac/Desktop/conti_ws/install/radar_msgs/include/radar_msgs/radar_msgs/msg/detail/radar_scan__traits.hpp
[0.556s] -- Up-to-date: /home/mac/Desktop/conti_ws/install/radar_msgs/include/radar_msgs/radar_msgs/msg/detail/radar_track__builder.hpp
[0.556s] -- Up-to-date: /home/mac/Desktop/conti_ws/install/radar_msgs/include/radar_msgs/radar_msgs/msg/detail/radar_track__type_support.hpp
[0.556s] -- Up-to-date: /home/mac/Desktop/conti_ws/install/radar_msgs/include/radar_msgs/radar_msgs/msg/radar_track.hpp
[0.556s] -- Up-to-date: /home/mac/Desktop/conti_ws/install/radar_msgs/include/radar_msgs/radar_msgs/msg/radar_tracks.hpp
[0.556s] -- Up-to-date: /home/mac/Desktop/conti_ws/install/radar_msgs/include/radar_msgs/radar_msgs/msg/rosidl_generator_cpp__visibility_control.hpp
[0.557s] -- Up-to-date: /home/mac/Desktop/conti_ws/install/radar_msgs/include/radar_msgs/radar_msgs/msg/radar_return.hpp
[0.557s] -- Up-to-date: /home/mac/Desktop/conti_ws/install/radar_msgs/include/radar_msgs/radar_msgs/msg/radar_scan.hpp
[0.557s] -- Up-to-date: /home/mac/Desktop/conti_ws/install/radar_msgs/include/radar_msgs/radar_msgs
[0.557s] -- Up-to-date: /home/mac/Desktop/conti_ws/install/radar_msgs/include/radar_msgs/radar_msgs/msg
[0.557s] -- Up-to-date: /home/mac/Desktop/conti_ws/install/radar_msgs/include/radar_msgs/radar_msgs/msg/detail
[0.557s] -- Up-to-date: /home/mac/Desktop/conti_ws/install/radar_msgs/include/radar_msgs/radar_msgs/msg/detail/radar_track__rosidl_typesupport_fastrtps_cpp.hpp
[0.557s] -- Up-to-date: /home/mac/Desktop/conti_ws/install/radar_msgs/include/radar_msgs/radar_msgs/msg/detail/dds_fastrtps
[0.557s] -- Up-to-date: /home/mac/Desktop/conti_ws/install/radar_msgs/include/radar_msgs/radar_msgs/msg/detail/radar_return__rosidl_typesupport_fastrtps_cpp.hpp
[0.557s] -- Up-to-date: /home/mac/Desktop/conti_ws/install/radar_msgs/include/radar_msgs/radar_msgs/msg/detail/radar_tracks__rosidl_typesupport_fastrtps_cpp.hpp
[0.557s] -- Up-to-date: /home/mac/Desktop/conti_ws/install/radar_msgs/include/radar_msgs/radar_msgs/msg/detail/radar_scan__rosidl_typesupport_fastrtps_cpp.hpp
[0.557s] -- Up-to-date: /home/mac/Desktop/conti_ws/install/radar_msgs/include/radar_msgs/radar_msgs/msg/rosidl_typesupport_fastrtps_cpp__visibility_control.h
[0.557s] -- Up-to-date: /home/mac/Desktop/conti_ws/install/radar_msgs/lib/libradar_msgs__rosidl_typesupport_fastrtps_cpp.so
[0.557s] -- Up-to-date: /home/mac/Desktop/conti_ws/install/radar_msgs/include/radar_msgs/radar_msgs
[0.558s] -- Up-to-date: /home/mac/Desktop/conti_ws/install/radar_msgs/include/radar_msgs/radar_msgs/msg
[0.558s] -- Up-to-date: /home/mac/Desktop/conti_ws/install/radar_msgs/include/radar_msgs/radar_msgs/msg/detail
[0.558s] -- Up-to-date: /home/mac/Desktop/conti_ws/install/radar_msgs/include/radar_msgs/radar_msgs/msg/detail/radar_scan__type_support.c
[0.558s] -- Up-to-date: /home/mac/Desktop/conti_ws/install/radar_msgs/include/radar_msgs/radar_msgs/msg/detail/radar_tracks__rosidl_typesupport_introspection_c.h
[0.558s] -- Up-to-date: /home/mac/Desktop/conti_ws/install/radar_msgs/include/radar_msgs/radar_msgs/msg/detail/radar_track__type_support.c
[0.558s] -- Up-to-date: /home/mac/Desktop/conti_ws/install/radar_msgs/include/radar_msgs/radar_msgs/msg/detail/radar_return__rosidl_typesupport_introspection_c.h
[0.558s] -- Up-to-date: /home/mac/Desktop/conti_ws/install/radar_msgs/include/radar_msgs/radar_msgs/msg/detail/radar_scan__rosidl_typesupport_introspection_c.h
[0.558s] -- Up-to-date: /home/mac/Desktop/conti_ws/install/radar_msgs/include/radar_msgs/radar_msgs/msg/detail/radar_return__type_support.c
[0.558s] -- Up-to-date: /home/mac/Desktop/conti_ws/install/radar_msgs/include/radar_msgs/radar_msgs/msg/detail/radar_tracks__type_support.c
[0.558s] -- Up-to-date: /home/mac/Desktop/conti_ws/install/radar_msgs/include/radar_msgs/radar_msgs/msg/detail/radar_track__rosidl_typesupport_introspection_c.h
[0.558s] -- Up-to-date: /home/mac/Desktop/conti_ws/install/radar_msgs/include/radar_msgs/radar_msgs/msg/rosidl_typesupport_introspection_c__visibility_control.h
[0.558s] -- Up-to-date: /home/mac/Desktop/conti_ws/install/radar_msgs/lib/libradar_msgs__rosidl_typesupport_introspection_c.so
[0.559s] -- Up-to-date: /home/mac/Desktop/conti_ws/install/radar_msgs/lib/libradar_msgs__rosidl_typesupport_c.so
[0.559s] -- Up-to-date: /home/mac/Desktop/conti_ws/install/radar_msgs/include/radar_msgs/radar_msgs
[0.559s] -- Up-to-date: /home/mac/Desktop/conti_ws/install/radar_msgs/include/radar_msgs/radar_msgs/msg
[0.559s] -- Up-to-date: /home/mac/Desktop/conti_ws/install/radar_msgs/include/radar_msgs/radar_msgs/msg/detail
[0.559s] -- Up-to-date: /home/mac/Desktop/conti_ws/install/radar_msgs/include/radar_msgs/radar_msgs/msg/detail/radar_track__type_support.cpp
[0.559s] -- Up-to-date: /home/mac/Desktop/conti_ws/install/radar_msgs/include/radar_msgs/radar_msgs/msg/detail/radar_track__rosidl_typesupport_introspection_cpp.hpp
[0.559s] -- Up-to-date: /home/mac/Desktop/conti_ws/install/radar_msgs/include/radar_msgs/radar_msgs/msg/detail/radar_tracks__type_support.cpp
[0.559s] -- Up-to-date: /home/mac/Desktop/conti_ws/install/radar_msgs/include/radar_msgs/radar_msgs/msg/detail/radar_scan__rosidl_typesupport_introspection_cpp.hpp
[0.559s] -- Up-to-date: /home/mac/Desktop/conti_ws/install/radar_msgs/include/radar_msgs/radar_msgs/msg/detail/radar_tracks__rosidl_typesupport_introspection_cpp.hpp
[0.559s] -- Up-to-date: /home/mac/Desktop/conti_ws/install/radar_msgs/include/radar_msgs/radar_msgs/msg/detail/radar_return__rosidl_typesupport_introspection_cpp.hpp
[0.559s] -- Up-to-date: /home/mac/Desktop/conti_ws/install/radar_msgs/include/radar_msgs/radar_msgs/msg/detail/radar_return__type_support.cpp
[0.559s] -- Up-to-date: /home/mac/Desktop/conti_ws/install/radar_msgs/include/radar_msgs/radar_msgs/msg/detail/radar_scan__type_support.cpp
[0.559s] -- Up-to-date: /home/mac/Desktop/conti_ws/install/radar_msgs/lib/libradar_msgs__rosidl_typesupport_introspection_cpp.so
[0.560s] -- Up-to-date: /home/mac/Desktop/conti_ws/install/radar_msgs/lib/libradar_msgs__rosidl_typesupport_cpp.so
[0.560s] -- Up-to-date: /home/mac/Desktop/conti_ws/install/radar_msgs/share/radar_msgs/environment/pythonpath.sh
[0.560s] -- Up-to-date: /home/mac/Desktop/conti_ws/install/radar_msgs/share/radar_msgs/environment/pythonpath.dsv
[0.560s] -- Up-to-date: /home/mac/Desktop/conti_ws/install/radar_msgs/local/lib/python3.10/dist-packages/radar_msgs-0.2.2-py3.10.egg-info
[0.560s] -- Installing: /home/mac/Desktop/conti_ws/install/radar_msgs/local/lib/python3.10/dist-packages/radar_msgs-0.2.2-py3.10.egg-info/dependency_links.txt
[0.560s] -- Installing: /home/mac/Desktop/conti_ws/install/radar_msgs/local/lib/python3.10/dist-packages/radar_msgs-0.2.2-py3.10.egg-info/PKG-INFO
[0.560s] -- Installing: /home/mac/Desktop/conti_ws/install/radar_msgs/local/lib/python3.10/dist-packages/radar_msgs-0.2.2-py3.10.egg-info/SOURCES.txt
[0.560s] -- Installing: /home/mac/Desktop/conti_ws/install/radar_msgs/local/lib/python3.10/dist-packages/radar_msgs-0.2.2-py3.10.egg-info/top_level.txt
[0.560s] -- Up-to-date: /home/mac/Desktop/conti_ws/install/radar_msgs/local/lib/python3.10/dist-packages/radar_msgs
[0.560s] -- Up-to-date: /home/mac/Desktop/conti_ws/install/radar_msgs/local/lib/python3.10/dist-packages/radar_msgs/_radar_msgs_s.ep.rosidl_typesupport_c.c
[0.560s] -- Up-to-date: /home/mac/Desktop/conti_ws/install/radar_msgs/local/lib/python3.10/dist-packages/radar_msgs/radar_msgs_s__rosidl_typesupport_fastrtps_c.cpython-310-x86_64-linux-gnu.so
[0.560s] -- Up-to-date: /home/mac/Desktop/conti_ws/install/radar_msgs/local/lib/python3.10/dist-packages/radar_msgs/radar_msgs_s__rosidl_typesupport_c.cpython-310-x86_64-linux-gnu.so
[0.561s] -- Up-to-date: /home/mac/Desktop/conti_ws/install/radar_msgs/local/lib/python3.10/dist-packages/radar_msgs/_radar_msgs_s.ep.rosidl_typesupport_fastrtps_c.c
[0.561s] -- Up-to-date: /home/mac/Desktop/conti_ws/install/radar_msgs/local/lib/python3.10/dist-packages/radar_msgs/radar_msgs_s__rosidl_typesupport_introspection_c.cpython-310-x86_64-linux-gnu.so
[0.561s] -- Up-to-date: /home/mac/Desktop/conti_ws/install/radar_msgs/local/lib/python3.10/dist-packages/radar_msgs/_radar_msgs_s.ep.rosidl_typesupport_introspection_c.c
[0.561s] -- Up-to-date: /home/mac/Desktop/conti_ws/install/radar_msgs/local/lib/python3.10/dist-packages/radar_msgs/libradar_msgs__rosidl_generator_py.so
[0.561s] -- Up-to-date: /home/mac/Desktop/conti_ws/install/radar_msgs/local/lib/python3.10/dist-packages/radar_msgs/__init__.py
[0.561s] -- Up-to-date: /home/mac/Desktop/conti_ws/install/radar_msgs/local/lib/python3.10/dist-packages/radar_msgs/msg
[0.561s] -- Up-to-date: /home/mac/Desktop/conti_ws/install/radar_msgs/local/lib/python3.10/dist-packages/radar_msgs/msg/_radar_track_s.c
[0.561s] -- Up-to-date: /home/mac/Desktop/conti_ws/install/radar_msgs/local/lib/python3.10/dist-packages/radar_msgs/msg/_radar_scan_s.c
[0.561s] -- Up-to-date: /home/mac/Desktop/conti_ws/install/radar_msgs/local/lib/python3.10/dist-packages/radar_msgs/msg/_radar_track.py
[0.561s] -- Up-to-date: /home/mac/Desktop/conti_ws/install/radar_msgs/local/lib/python3.10/dist-packages/radar_msgs/msg/_radar_tracks_s.c
[0.561s] -- Up-to-date: /home/mac/Desktop/conti_ws/install/radar_msgs/local/lib/python3.10/dist-packages/radar_msgs/msg/_radar_tracks.py
[0.561s] -- Up-to-date: /home/mac/Desktop/conti_ws/install/radar_msgs/local/lib/python3.10/dist-packages/radar_msgs/msg/_radar_scan.py
[0.561s] -- Up-to-date: /home/mac/Desktop/conti_ws/install/radar_msgs/local/lib/python3.10/dist-packages/radar_msgs/msg/__init__.py
[0.561s] -- Up-to-date: /home/mac/Desktop/conti_ws/install/radar_msgs/local/lib/python3.10/dist-packages/radar_msgs/msg/_radar_return_s.c
[0.562s] -- Up-to-date: /home/mac/Desktop/conti_ws/install/radar_msgs/local/lib/python3.10/dist-packages/radar_msgs/msg/_radar_return.py
[0.591s] Listing '/home/mac/Desktop/conti_ws/install/radar_msgs/local/lib/python3.10/dist-packages/radar_msgs'...
[0.591s] Listing '/home/mac/Desktop/conti_ws/install/radar_msgs/local/lib/python3.10/dist-packages/radar_msgs/msg'...
[0.595s] -- Up-to-date: /home/mac/Desktop/conti_ws/install/radar_msgs/local/lib/python3.10/dist-packages/radar_msgs/radar_msgs_s__rosidl_typesupport_fastrtps_c.cpython-310-x86_64-linux-gnu.so
[0.595s] -- Up-to-date: /home/mac/Desktop/conti_ws/install/radar_msgs/local/lib/python3.10/dist-packages/radar_msgs/radar_msgs_s__rosidl_typesupport_introspection_c.cpython-310-x86_64-linux-gnu.so
[0.596s] -- Up-to-date: /home/mac/Desktop/conti_ws/install/radar_msgs/local/lib/python3.10/dist-packages/radar_msgs/radar_msgs_s__rosidl_typesupport_c.cpython-310-x86_64-linux-gnu.so
[0.596s] -- Up-to-date: /home/mac/Desktop/conti_ws/install/radar_msgs/lib/libradar_msgs__rosidl_generator_py.so
[0.596s] -- Up-to-date: /home/mac/Desktop/conti_ws/install/radar_msgs/share/radar_msgs/msg/RadarReturn.idl
[0.597s] -- Up-to-date: /home/mac/Desktop/conti_ws/install/radar_msgs/share/radar_msgs/msg/RadarScan.idl
[0.597s] -- Up-to-date: /home/mac/Desktop/conti_ws/install/radar_msgs/share/radar_msgs/msg/RadarTrack.idl
[0.597s] -- Up-to-date: /home/mac/Desktop/conti_ws/install/radar_msgs/share/radar_msgs/msg/RadarTracks.idl
[0.597s] -- Up-to-date: /home/mac/Desktop/conti_ws/install/radar_msgs/share/radar_msgs/msg/RadarReturn.msg
[0.597s] -- Up-to-date: /home/mac/Desktop/conti_ws/install/radar_msgs/share/radar_msgs/msg/RadarScan.msg
[0.597s] -- Up-to-date: /home/mac/Desktop/conti_ws/install/radar_msgs/share/radar_msgs/msg/RadarTrack.msg
[0.597s] -- Up-to-date: /home/mac/Desktop/conti_ws/install/radar_msgs/share/radar_msgs/msg/RadarTracks.msg
[0.597s] -- Up-to-date: /home/mac/Desktop/conti_ws/install/radar_msgs/share/ament_index/resource_index/package_run_dependencies/radar_msgs
[0.597s] -- Up-to-date: /home/mac/Desktop/conti_ws/install/radar_msgs/share/ament_index/resource_index/parent_prefix_path/radar_msgs
[0.597s] -- Up-to-date: /home/mac/Desktop/conti_ws/install/radar_msgs/share/radar_msgs/environment/ament_prefix_path.sh
[0.598s] -- Up-to-date: /home/mac/Desktop/conti_ws/install/radar_msgs/share/radar_msgs/environment/ament_prefix_path.dsv
[0.598s] -- Up-to-date: /home/mac/Desktop/conti_ws/install/radar_msgs/share/radar_msgs/environment/path.sh
[0.598s] -- Up-to-date: /home/mac/Desktop/conti_ws/install/radar_msgs/share/radar_msgs/environment/path.dsv
[0.598s] -- Up-to-date: /home/mac/Desktop/conti_ws/install/radar_msgs/share/radar_msgs/local_setup.bash
[0.598s] -- Up-to-date: /home/mac/Desktop/conti_ws/install/radar_msgs/share/radar_msgs/local_setup.sh
[0.598s] -- Up-to-date: /home/mac/Desktop/conti_ws/install/radar_msgs/share/radar_msgs/local_setup.zsh
[0.598s] -- Up-to-date: /home/mac/Desktop/conti_ws/install/radar_msgs/share/radar_msgs/local_setup.dsv
[0.598s] -- Installing: /home/mac/Desktop/conti_ws/install/radar_msgs/share/radar_msgs/package.dsv
[0.598s] -- Up-to-date: /home/mac/Desktop/conti_ws/install/radar_msgs/share/ament_index/resource_index/packages/radar_msgs
[0.598s] -- Up-to-date: /home/mac/Desktop/conti_ws/install/radar_msgs/share/radar_msgs/cmake/export_radar_msgs__rosidl_generator_cExport.cmake
[0.598s] -- Up-to-date: /home/mac/Desktop/conti_ws/install/radar_msgs/share/radar_msgs/cmake/export_radar_msgs__rosidl_generator_cExport-noconfig.cmake
[0.599s] -- Up-to-date: /home/mac/Desktop/conti_ws/install/radar_msgs/share/radar_msgs/cmake/export_radar_msgs__rosidl_typesupport_fastrtps_cExport.cmake
[0.599s] -- Up-to-date: /home/mac/Desktop/conti_ws/install/radar_msgs/share/radar_msgs/cmake/export_radar_msgs__rosidl_typesupport_fastrtps_cExport-noconfig.cmake
[0.599s] -- Up-to-date: /home/mac/Desktop/conti_ws/install/radar_msgs/share/radar_msgs/cmake/export_radar_msgs__rosidl_generator_cppExport.cmake
[0.599s] -- Up-to-date: /home/mac/Desktop/conti_ws/install/radar_msgs/share/radar_msgs/cmake/export_radar_msgs__rosidl_typesupport_fastrtps_cppExport.cmake
[0.599s] -- Up-to-date: /home/mac/Desktop/conti_ws/install/radar_msgs/share/radar_msgs/cmake/export_radar_msgs__rosidl_typesupport_fastrtps_cppExport-noconfig.cmake
[0.599s] -- Up-to-date: /home/mac/Desktop/conti_ws/install/radar_msgs/share/radar_msgs/cmake/radar_msgs__rosidl_typesupport_introspection_cExport.cmake
[0.599s] -- Up-to-date: /home/mac/Desktop/conti_ws/install/radar_msgs/share/radar_msgs/cmake/radar_msgs__rosidl_typesupport_introspection_cExport-noconfig.cmake
[0.599s] -- Up-to-date: /home/mac/Desktop/conti_ws/install/radar_msgs/share/radar_msgs/cmake/radar_msgs__rosidl_typesupport_cExport.cmake
[0.599s] -- Up-to-date: /home/mac/Desktop/conti_ws/install/radar_msgs/share/radar_msgs/cmake/radar_msgs__rosidl_typesupport_cExport-noconfig.cmake
[0.599s] -- Up-to-date: /home/mac/Desktop/conti_ws/install/radar_msgs/share/radar_msgs/cmake/radar_msgs__rosidl_typesupport_introspection_cppExport.cmake
[0.599s] -- Up-to-date: /home/mac/Desktop/conti_ws/install/radar_msgs/share/radar_msgs/cmake/radar_msgs__rosidl_typesupport_introspection_cppExport-noconfig.cmake
[0.599s] -- Up-to-date: /home/mac/Desktop/conti_ws/install/radar_msgs/share/radar_msgs/cmake/radar_msgs__rosidl_typesupport_cppExport.cmake
[0.599s] -- Up-to-date: /home/mac/Desktop/conti_ws/install/radar_msgs/share/radar_msgs/cmake/radar_msgs__rosidl_typesupport_cppExport-noconfig.cmake
[0.600s] -- Up-to-date: /home/mac/Desktop/conti_ws/install/radar_msgs/share/radar_msgs/cmake/export_radar_msgs__rosidl_generator_pyExport.cmake
[0.600s] -- Up-to-date: /home/mac/Desktop/conti_ws/install/radar_msgs/share/radar_msgs/cmake/export_radar_msgs__rosidl_generator_pyExport-noconfig.cmake
[0.600s] -- Up-to-date: /home/mac/Desktop/conti_ws/install/radar_msgs/share/radar_msgs/cmake/rosidl_cmake-extras.cmake
[0.601s] -- Up-to-date: /home/mac/Desktop/conti_ws/install/radar_msgs/share/radar_msgs/cmake/ament_cmake_export_dependencies-extras.cmake
[0.601s] -- Up-to-date: /home/mac/Desktop/conti_ws/install/radar_msgs/share/radar_msgs/cmake/ament_cmake_export_include_directories-extras.cmake
[0.601s] -- Up-to-date: /home/mac/Desktop/conti_ws/install/radar_msgs/share/radar_msgs/cmake/ament_cmake_export_libraries-extras.cmake
[0.602s] -- Up-to-date: /home/mac/Desktop/conti_ws/install/radar_msgs/share/radar_msgs/cmake/ament_cmake_export_targets-extras.cmake
[0.602s] -- Up-to-date: /home/mac/Desktop/conti_ws/install/radar_msgs/share/radar_msgs/cmake/rosidl_cmake_export_typesupport_targets-extras.cmake
[0.603s] -- Up-to-date: /home/mac/Desktop/conti_ws/install/radar_msgs/share/radar_msgs/cmake/rosidl_cmake_export_typesupport_libraries-extras.cmake
[0.604s] -- Up-to-date: /home/mac/Desktop/conti_ws/install/radar_msgs/share/radar_msgs/cmake/radar_msgsConfig.cmake
[0.604s] -- Up-to-date: /home/mac/Desktop/conti_ws/install/radar_msgs/share/radar_msgs/cmake/radar_msgsConfig-version.cmake
[0.604s] -- Up-to-date: /home/mac/Desktop/conti_ws/install/radar_msgs/share/radar_msgs/package.xml
[0.605s] Invoked command in '/home/mac/Desktop/conti_ws/build/radar_msgs' returned '0': CMAKE_PREFIX_PATH=${CMAKE_PREFIX_PATH}:/home/mac/Desktop/su25/turtlebot4_ws/install/leader_follower_demo:/opt/ros/humble /home/mac/.local/bin/cmake --install /home/mac/Desktop/conti_ws/build/radar_msgs
