[0.037s] Invoking command in '/home/mac/Desktop/conti_ws/build/conti_ars430_viz': CMAKE_PREFIX_PATH=/home/mac/Desktop/conti_ws/install/conti_ars430_ros2_msgs:/home/mac/Desktop/conti_ws/install/conti_ars430_viz:/home/mac/Desktop/conti_ws/install/radar_msgs:/home/mac/Desktop/conti_ws/install/conti_ars430_ros2:/home/mac/Desktop/su25/turtlebot4_ws/install/turtlebot4_simulator:/home/mac/Desktop/su25/turtlebot4_ws/install/turtlebot4_ignition_bringup:/home/mac/Desktop/su25/turtlebot4_ws/install/turtlebot4_ignition_toolbox:/home/mac/Desktop/su25/turtlebot4_ws/install/turtlebot4_ignition_gui_plugins:/home/mac/Desktop/su25/turtlebot4_ws/install/ros_vrpn_client:/home/mac/Desktop/su25/turtlebot4_ws/install/parking_demo:/home/mac/Desktop/su25/turtlebot4_ws/install/object_detection:/home/mac/Desktop/su25/turtlebot4_ws/install/leader_follower_demo:/opt/ros/humble LD_LIBRARY_PATH=/home/mac/Desktop/conti_ws/install/conti_ars430_ros2_msgs/lib:/home/mac/Desktop/conti_ws/install/radar_msgs/lib:/opt/ros/humble/opt/rviz_ogre_vendor/lib:/opt/ros/humble/lib/x86_64-linux-gnu:/opt/ros/humble/lib /home/mac/.local/bin/cmake --build /home/mac/Desktop/conti_ws/build/conti_ars430_viz -- -j8 -l8
[0.151s] [ 50%] [32mBuilding CXX object CMakeFiles/visualizer.dir/src/conti_ars430_visualizer.cpp.o[0m
[5.919s] [100%] [32m[1mLinking CXX executable visualizer[0m
[6.224s] [100%] Built target visualizer
[6.233s] Invoked command in '/home/mac/Desktop/conti_ws/build/conti_ars430_viz' returned '0': CMAKE_PREFIX_PATH=/home/mac/Desktop/conti_ws/install/conti_ars430_ros2_msgs:/home/mac/Desktop/conti_ws/install/conti_ars430_viz:/home/mac/Desktop/conti_ws/install/radar_msgs:/home/mac/Desktop/conti_ws/install/conti_ars430_ros2:/home/mac/Desktop/su25/turtlebot4_ws/install/turtlebot4_simulator:/home/mac/Desktop/su25/turtlebot4_ws/install/turtlebot4_ignition_bringup:/home/mac/Desktop/su25/turtlebot4_ws/install/turtlebot4_ignition_toolbox:/home/mac/Desktop/su25/turtlebot4_ws/install/turtlebot4_ignition_gui_plugins:/home/mac/Desktop/su25/turtlebot4_ws/install/ros_vrpn_client:/home/mac/Desktop/su25/turtlebot4_ws/install/parking_demo:/home/mac/Desktop/su25/turtlebot4_ws/install/object_detection:/home/mac/Desktop/su25/turtlebot4_ws/install/leader_follower_demo:/opt/ros/humble LD_LIBRARY_PATH=/home/mac/Desktop/conti_ws/install/conti_ars430_ros2_msgs/lib:/home/mac/Desktop/conti_ws/install/radar_msgs/lib:/opt/ros/humble/opt/rviz_ogre_vendor/lib:/opt/ros/humble/lib/x86_64-linux-gnu:/opt/ros/humble/lib /home/mac/.local/bin/cmake --build /home/mac/Desktop/conti_ws/build/conti_ars430_viz -- -j8 -l8
[6.235s] Invoking command in '/home/mac/Desktop/conti_ws/build/conti_ars430_viz': CMAKE_PREFIX_PATH=/home/mac/Desktop/conti_ws/install/conti_ars430_ros2_msgs:/home/mac/Desktop/conti_ws/install/conti_ars430_viz:/home/mac/Desktop/conti_ws/install/radar_msgs:/home/mac/Desktop/conti_ws/install/conti_ars430_ros2:/home/mac/Desktop/su25/turtlebot4_ws/install/turtlebot4_simulator:/home/mac/Desktop/su25/turtlebot4_ws/install/turtlebot4_ignition_bringup:/home/mac/Desktop/su25/turtlebot4_ws/install/turtlebot4_ignition_toolbox:/home/mac/Desktop/su25/turtlebot4_ws/install/turtlebot4_ignition_gui_plugins:/home/mac/Desktop/su25/turtlebot4_ws/install/ros_vrpn_client:/home/mac/Desktop/su25/turtlebot4_ws/install/parking_demo:/home/mac/Desktop/su25/turtlebot4_ws/install/object_detection:/home/mac/Desktop/su25/turtlebot4_ws/install/leader_follower_demo:/opt/ros/humble LD_LIBRARY_PATH=/home/mac/Desktop/conti_ws/install/conti_ars430_ros2_msgs/lib:/home/mac/Desktop/conti_ws/install/radar_msgs/lib:/opt/ros/humble/opt/rviz_ogre_vendor/lib:/opt/ros/humble/lib/x86_64-linux-gnu:/opt/ros/humble/lib /home/mac/.local/bin/cmake --install /home/mac/Desktop/conti_ws/build/conti_ars430_viz
[6.309s] -- Install configuration: ""
[6.309s] -- Installing: /home/mac/Desktop/conti_ws/install/conti_ars430_viz/lib/conti_ars430_viz/visualizer
[6.312s] -- Set non-toolchain portion of runtime path of "/home/mac/Desktop/conti_ws/install/conti_ars430_viz/lib/conti_ars430_viz/visualizer" to ""
[6.312s] -- Up-to-date: /home/mac/Desktop/conti_ws/install/conti_ars430_viz/include
[6.313s] -- Up-to-date: /home/mac/Desktop/conti_ws/install/conti_ars430_viz/include/conti_ars430_viz
[6.314s] -- Up-to-date: /home/mac/Desktop/conti_ws/install/conti_ars430_viz/include/tinycolormap.hpp
[6.315s] -- Up-to-date: /home/mac/Desktop/conti_ws/install/conti_ars430_viz/share/ament_index/resource_index/package_run_dependencies/conti_ars430_viz
[6.316s] -- Up-to-date: /home/mac/Desktop/conti_ws/install/conti_ars430_viz/share/ament_index/resource_index/parent_prefix_path/conti_ars430_viz
[6.316s] -- Up-to-date: /home/mac/Desktop/conti_ws/install/conti_ars430_viz/share/conti_ars430_viz/environment/ament_prefix_path.sh
[6.316s] -- Up-to-date: /home/mac/Desktop/conti_ws/install/conti_ars430_viz/share/conti_ars430_viz/environment/ament_prefix_path.dsv
[6.316s] -- Up-to-date: /home/mac/Desktop/conti_ws/install/conti_ars430_viz/share/conti_ars430_viz/environment/path.sh
[6.317s] -- Up-to-date: /home/mac/Desktop/conti_ws/install/conti_ars430_viz/share/conti_ars430_viz/environment/path.dsv
[6.317s] -- Up-to-date: /home/mac/Desktop/conti_ws/install/conti_ars430_viz/share/conti_ars430_viz/local_setup.bash
[6.318s] -- Up-to-date: /home/mac/Desktop/conti_ws/install/conti_ars430_viz/share/conti_ars430_viz/local_setup.sh
[6.318s] -- Up-to-date: /home/mac/Desktop/conti_ws/install/conti_ars430_viz/share/conti_ars430_viz/local_setup.zsh
[6.318s] -- Up-to-date: /home/mac/Desktop/conti_ws/install/conti_ars430_viz/share/conti_ars430_viz/local_setup.dsv
[6.318s] -- Installing: /home/mac/Desktop/conti_ws/install/conti_ars430_viz/share/conti_ars430_viz/package.dsv
[6.319s] -- Up-to-date: /home/mac/Desktop/conti_ws/install/conti_ars430_viz/share/ament_index/resource_index/packages/conti_ars430_viz
[6.319s] -- Up-to-date: /home/mac/Desktop/conti_ws/install/conti_ars430_viz/share/conti_ars430_viz/cmake/conti_ars430_vizConfig.cmake
[6.319s] -- Up-to-date: /home/mac/Desktop/conti_ws/install/conti_ars430_viz/share/conti_ars430_viz/cmake/conti_ars430_vizConfig-version.cmake
[6.319s] -- Up-to-date: /home/mac/Desktop/conti_ws/install/conti_ars430_viz/share/conti_ars430_viz/package.xml
[6.320s] Invoked command in '/home/mac/Desktop/conti_ws/build/conti_ars430_viz' returned '0': CMAKE_PREFIX_PATH=/home/mac/Desktop/conti_ws/install/conti_ars430_ros2_msgs:/home/mac/Desktop/conti_ws/install/conti_ars430_viz:/home/mac/Desktop/conti_ws/install/radar_msgs:/home/mac/Desktop/conti_ws/install/conti_ars430_ros2:/home/mac/Desktop/su25/turtlebot4_ws/install/turtlebot4_simulator:/home/mac/Desktop/su25/turtlebot4_ws/install/turtlebot4_ignition_bringup:/home/mac/Desktop/su25/turtlebot4_ws/install/turtlebot4_ignition_toolbox:/home/mac/Desktop/su25/turtlebot4_ws/install/turtlebot4_ignition_gui_plugins:/home/mac/Desktop/su25/turtlebot4_ws/install/ros_vrpn_client:/home/mac/Desktop/su25/turtlebot4_ws/install/parking_demo:/home/mac/Desktop/su25/turtlebot4_ws/install/object_detection:/home/mac/Desktop/su25/turtlebot4_ws/install/leader_follower_demo:/opt/ros/humble LD_LIBRARY_PATH=/home/mac/Desktop/conti_ws/install/conti_ars430_ros2_msgs/lib:/home/mac/Desktop/conti_ws/install/radar_msgs/lib:/opt/ros/humble/opt/rviz_ogre_vendor/lib:/opt/ros/humble/lib/x86_64-linux-gnu:/opt/ros/humble/lib /home/mac/.local/bin/cmake --install /home/mac/Desktop/conti_ws/build/conti_ars430_viz
