[0.015s] Invoking command in '/home/mac/Desktop/conti_ws/build/conti_ars430_ros2': CMAKE_PREFIX_PATH=/home/mac/Desktop/conti_ws/install/conti_ars430_ros2_msgs:/home/mac/Desktop/conti_ws/install/radar_msgs:/home/mac/Desktop/conti_ws/install/conti_ars430_viz:/home/mac/Desktop/conti_ws/install/conti_ars430_ros2:/opt/ros/humble LD_LIBRARY_PATH=/home/mac/Desktop/conti_ws/install/conti_ars430_ros2_msgs/lib:/home/mac/Desktop/conti_ws/install/radar_msgs/lib:/opt/ros/humble/opt/rviz_ogre_vendor/lib:/opt/ros/humble/lib/x86_64-linux-gnu:/opt/ros/humble/lib /home/mac/.local/bin/cmake --build /home/mac/Desktop/conti_ws/build/conti_ars430_ros2 -- -j8 -l8
[0.114s] [100%] Built target conti_ars430_ros2_node
[0.117s] Invoked command in '/home/mac/Desktop/conti_ws/build/conti_ars430_ros2' returned '0': CMAKE_PREFIX_PATH=/home/mac/Desktop/conti_ws/install/conti_ars430_ros2_msgs:/home/mac/Desktop/conti_ws/install/radar_msgs:/home/mac/Desktop/conti_ws/install/conti_ars430_viz:/home/mac/Desktop/conti_ws/install/conti_ars430_ros2:/opt/ros/humble LD_LIBRARY_PATH=/home/mac/Desktop/conti_ws/install/conti_ars430_ros2_msgs/lib:/home/mac/Desktop/conti_ws/install/radar_msgs/lib:/opt/ros/humble/opt/rviz_ogre_vendor/lib:/opt/ros/humble/lib/x86_64-linux-gnu:/opt/ros/humble/lib /home/mac/.local/bin/cmake --build /home/mac/Desktop/conti_ws/build/conti_ars430_ros2 -- -j8 -l8
[0.118s] Invoking command in '/home/mac/Desktop/conti_ws/build/conti_ars430_ros2': CMAKE_PREFIX_PATH=/home/mac/Desktop/conti_ws/install/conti_ars430_ros2_msgs:/home/mac/Desktop/conti_ws/install/radar_msgs:/home/mac/Desktop/conti_ws/install/conti_ars430_viz:/home/mac/Desktop/conti_ws/install/conti_ars430_ros2:/opt/ros/humble LD_LIBRARY_PATH=/home/mac/Desktop/conti_ws/install/conti_ars430_ros2_msgs/lib:/home/mac/Desktop/conti_ws/install/radar_msgs/lib:/opt/ros/humble/opt/rviz_ogre_vendor/lib:/opt/ros/humble/lib/x86_64-linux-gnu:/opt/ros/humble/lib /home/mac/.local/bin/cmake --install /home/mac/Desktop/conti_ws/build/conti_ars430_ros2
[0.174s] -- Install configuration: ""
[0.175s] -- Up-to-date: /home/mac/Desktop/conti_ws/install/conti_ars430_ros2/lib/conti_ars430_ros2/conti_ars430_ros2_node
[0.175s] -- Up-to-date: /home/mac/Desktop/conti_ws/install/conti_ars430_ros2/share/conti_ars430_ros2//launch
[0.175s] -- Up-to-date: /home/mac/Desktop/conti_ws/install/conti_ars430_ros2/share/conti_ars430_ros2//launch/test.launch
[0.175s] -- Up-to-date: /home/mac/Desktop/conti_ws/install/conti_ars430_ros2/share/ament_index/resource_index/package_run_dependencies/conti_ars430_ros2
[0.175s] -- Up-to-date: /home/mac/Desktop/conti_ws/install/conti_ars430_ros2/share/ament_index/resource_index/parent_prefix_path/conti_ars430_ros2
[0.175s] -- Up-to-date: /home/mac/Desktop/conti_ws/install/conti_ars430_ros2/share/conti_ars430_ros2/environment/ament_prefix_path.sh
[0.175s] -- Up-to-date: /home/mac/Desktop/conti_ws/install/conti_ars430_ros2/share/conti_ars430_ros2/environment/ament_prefix_path.dsv
[0.175s] -- Up-to-date: /home/mac/Desktop/conti_ws/install/conti_ars430_ros2/share/conti_ars430_ros2/environment/path.sh
[0.175s] -- Up-to-date: /home/mac/Desktop/conti_ws/install/conti_ars430_ros2/share/conti_ars430_ros2/environment/path.dsv
[0.175s] -- Up-to-date: /home/mac/Desktop/conti_ws/install/conti_ars430_ros2/share/conti_ars430_ros2/local_setup.bash
[0.175s] -- Up-to-date: /home/mac/Desktop/conti_ws/install/conti_ars430_ros2/share/conti_ars430_ros2/local_setup.sh
[0.175s] -- Up-to-date: /home/mac/Desktop/conti_ws/install/conti_ars430_ros2/share/conti_ars430_ros2/local_setup.zsh
[0.176s] -- Up-to-date: /home/mac/Desktop/conti_ws/install/conti_ars430_ros2/share/conti_ars430_ros2/local_setup.dsv
[0.177s] -- Installing: /home/mac/Desktop/conti_ws/install/conti_ars430_ros2/share/conti_ars430_ros2/package.dsv
[0.177s] -- Up-to-date: /home/mac/Desktop/conti_ws/install/conti_ars430_ros2/share/ament_index/resource_index/packages/conti_ars430_ros2
[0.177s] -- Up-to-date: /home/mac/Desktop/conti_ws/install/conti_ars430_ros2/share/conti_ars430_ros2/cmake/conti_ars430_ros2Config.cmake
[0.177s] -- Up-to-date: /home/mac/Desktop/conti_ws/install/conti_ars430_ros2/share/conti_ars430_ros2/cmake/conti_ars430_ros2Config-version.cmake
[0.177s] -- Up-to-date: /home/mac/Desktop/conti_ws/install/conti_ars430_ros2/share/conti_ars430_ros2/package.xml
[0.178s] Invoked command in '/home/mac/Desktop/conti_ws/build/conti_ars430_ros2' returned '0': CMAKE_PREFIX_PATH=/home/mac/Desktop/conti_ws/install/conti_ars430_ros2_msgs:/home/mac/Desktop/conti_ws/install/radar_msgs:/home/mac/Desktop/conti_ws/install/conti_ars430_viz:/home/mac/Desktop/conti_ws/install/conti_ars430_ros2:/opt/ros/humble LD_LIBRARY_PATH=/home/mac/Desktop/conti_ws/install/conti_ars430_ros2_msgs/lib:/home/mac/Desktop/conti_ws/install/radar_msgs/lib:/opt/ros/humble/opt/rviz_ogre_vendor/lib:/opt/ros/humble/lib/x86_64-linux-gnu:/opt/ros/humble/lib /home/mac/.local/bin/cmake --install /home/mac/Desktop/conti_ws/build/conti_ars430_ros2
