[0.012s] Invoking command in '/home/mac/Desktop/conti_ws/build/conti_ars430_ros2_msgs': CMAKE_PREFIX_PATH=${CMAKE_PREFIX_PATH}:/home/mac/Desktop/su25/turtlebot4_ws/install/leader_follower_demo:/opt/ros/humble /home/mac/.local/bin/cmake /home/mac/Desktop/conti_ws/src/conti_ars430_ros2_msgs -DCMAKE_INSTALL_PREFIX=/home/mac/Desktop/conti_ws/install/conti_ars430_ros2_msgs
[0.109s] [0mCMake Deprecation Warning at CMakeLists.txt:1 (cmake_minimum_required):
[0.109s]   Compatibility with CMake < 3.10 will be removed from a future version of
[0.109s]   CMake.
[0.109s] 
[0.109s]   Update the VERSION argument <min> value.  Or, use the <min>...<max> syntax
[0.109s]   to tell CMake that the project requires at least <min> but has been updated
[0.109s]   to work with policies introduced by <max> or earlier.
[0.110s] 
[0.110s] [0m
[0.142s] -- The C compiler identification is GNU 11.4.0
[0.187s] -- The CXX compiler identification is GNU 11.4.0
[0.194s] -- Detecting C compiler ABI info
[0.238s] -- Detecting C compiler ABI info - done
[0.250s] -- Check for working C compiler: /usr/bin/cc - skipped
[0.250s] -- Detecting C compile features
[0.250s] -- Detecting C compile features - done
[0.262s] -- Detecting CXX compiler ABI info
[0.317s] -- Detecting CXX compiler ABI info - done
[0.335s] -- Check for working CXX compiler: /usr/bin/c++ - skipped
[0.336s] -- Detecting CXX compile features
[0.337s] -- Detecting CXX compile features - done
[0.343s] -- Found ament_cmake: 1.3.11 (/opt/ros/humble/share/ament_cmake/cmake)
[0.502s] -- Found Python3: /usr/bin/python3 (found version "3.10.12") found components: Interpreter
[0.597s] -- Found rosidl_default_generators: 1.2.0 (/opt/ros/humble/share/rosidl_default_generators/cmake)
[0.603s] -- Using all available rosidl_typesupport_c: rosidl_typesupport_fastrtps_c;rosidl_typesupport_introspection_c
[0.614s] -- Found rosidl_adapter: 3.1.6 (/opt/ros/humble/share/rosidl_adapter/cmake)
[0.665s] -- Using all available rosidl_typesupport_cpp: rosidl_typesupport_fastrtps_cpp;rosidl_typesupport_introspection_cpp
[0.700s] -- Found std_msgs: 4.8.0 (/opt/ros/humble/share/std_msgs/cmake)
[1.297s] -- Found ament_cmake_ros: 0.10.0 (/opt/ros/humble/share/ament_cmake_ros/cmake)
[1.953s] -- Using all available rosidl_typesupport_c: rosidl_typesupport_fastrtps_c;rosidl_typesupport_introspection_c
[2.768s] -- Using all available rosidl_typesupport_cpp: rosidl_typesupport_fastrtps_cpp;rosidl_typesupport_introspection_cpp
[2.773s] [33mCMake Warning (dev) at /opt/ros/humble/share/rosidl_generator_py/cmake/rosidl_generator_py_generate_interfaces.cmake:20 (find_package):
[2.773s]   Policy CMP0148 is not set: The FindPythonInterp and FindPythonLibs modules
[2.773s]   are removed.  Run "cmake --help-policy CMP0148" for policy details.  Use
[2.773s]   the cmake_policy command to set the policy and suppress this warning.
[2.773s] 
[2.773s] Call Stack (most recent call first):
[2.773s]   /opt/ros/humble/share/ament_cmake_core/cmake/core/ament_execute_extensions.cmake:48 (include)
[2.773s]   /opt/ros/humble/share/rosidl_cmake/cmake/rosidl_generate_interfaces.cmake:286 (ament_execute_extensions)
[2.774s]   CMakeLists.txt:16 (rosidl_generate_interfaces)
[2.774s] This warning is for project developers.  Use -Wno-dev to suppress it.
[2.774s] [0m
[2.796s] -- Found PythonInterp: /usr/bin/python3 (found suitable version "3.10.12", minimum required is "3.6")
[2.800s] -- Found python_cmake_module: 0.10.0 (/opt/ros/humble/share/python_cmake_module/cmake)
[2.801s] [33mCMake Warning (dev) at /opt/ros/humble/share/python_cmake_module/cmake/Modules/FindPythonExtra.cmake:52 (find_package):
[2.801s]   Policy CMP0148 is not set: The FindPythonInterp and FindPythonLibs modules
[2.801s]   are removed.  Run "cmake --help-policy CMP0148" for policy details.  Use
[2.801s]   the cmake_policy command to set the policy and suppress this warning.
[2.802s] 
[2.802s] Call Stack (most recent call first):
[2.802s]   /opt/ros/humble/share/rosidl_generator_py/cmake/rosidl_generator_py_generate_interfaces.cmake:23 (find_package)
[2.802s]   /opt/ros/humble/share/ament_cmake_core/cmake/core/ament_execute_extensions.cmake:48 (include)
[2.802s]   /opt/ros/humble/share/rosidl_cmake/cmake/rosidl_generate_interfaces.cmake:286 (ament_execute_extensions)
[2.802s]   CMakeLists.txt:16 (rosidl_generate_interfaces)
[2.802s] This warning is for project developers.  Use -Wno-dev to suppress it.
[2.803s] [0m
[2.832s] [33mCMake Warning (dev) at /opt/ros/humble/share/python_cmake_module/cmake/Modules/FindPythonExtra.cmake:140 (find_package):
[2.832s]   Policy CMP0148 is not set: The FindPythonInterp and FindPythonLibs modules
[2.833s]   are removed.  Run "cmake --help-policy CMP0148" for policy details.  Use
[2.833s]   the cmake_policy command to set the policy and suppress this warning.
[2.833s] 
[2.833s] Call Stack (most recent call first):
[2.833s]   /opt/ros/humble/share/rosidl_generator_py/cmake/rosidl_generator_py_generate_interfaces.cmake:23 (find_package)
[2.834s]   /opt/ros/humble/share/ament_cmake_core/cmake/core/ament_execute_extensions.cmake:48 (include)
[2.834s]   /opt/ros/humble/share/rosidl_cmake/cmake/rosidl_generate_interfaces.cmake:286 (ament_execute_extensions)
[2.834s]   CMakeLists.txt:16 (rosidl_generate_interfaces)
[2.834s] This warning is for project developers.  Use -Wno-dev to suppress it.
[2.834s] [0m
[2.850s] -- Found PythonLibs: /usr/lib/x86_64-linux-gnu/libpython3.10.so (found suitable version "3.10.12", minimum required is "3.5")
[2.850s] -- Using PYTHON_EXECUTABLE: /usr/bin/python3
[2.851s] -- Using PYTHON_INCLUDE_DIRS: /usr/include/python3.10
[2.851s] -- Using PYTHON_LIBRARIES: /usr/lib/x86_64-linux-gnu/libpython3.10.so
[2.880s] -- Found PythonExtra: .so
[2.975s] -- Found ament_lint_auto: 0.12.12 (/opt/ros/humble/share/ament_lint_auto/cmake)
[2.996s] -- Added test 'lint_cmake' to check CMake code style
[2.998s] -- Added test 'xmllint' to check XML markup files
[3.001s] -- Configuring done (2.9s)
[3.043s] -- Generating done (0.0s)
[3.055s] -- Build files have been written to: /home/mac/Desktop/conti_ws/build/conti_ars430_ros2_msgs
[3.064s] Invoked command in '/home/mac/Desktop/conti_ws/build/conti_ars430_ros2_msgs' returned '0': CMAKE_PREFIX_PATH=${CMAKE_PREFIX_PATH}:/home/mac/Desktop/su25/turtlebot4_ws/install/leader_follower_demo:/opt/ros/humble /home/mac/.local/bin/cmake /home/mac/Desktop/conti_ws/src/conti_ars430_ros2_msgs -DCMAKE_INSTALL_PREFIX=/home/mac/Desktop/conti_ws/install/conti_ars430_ros2_msgs
[3.067s] Invoking command in '/home/mac/Desktop/conti_ws/build/conti_ars430_ros2_msgs': CMAKE_PREFIX_PATH=${CMAKE_PREFIX_PATH}:/home/mac/Desktop/su25/turtlebot4_ws/install/leader_follower_demo:/opt/ros/humble /home/mac/.local/bin/cmake --build /home/mac/Desktop/conti_ws/build/conti_ars430_ros2_msgs -- -j8 -l8
[3.168s] [  2%] [34m[1mGenerating C code for ROS interfaces[0m
[3.175s] [  4%] [34m[1mGenerating C++ code for ROS interfaces[0m
[3.176s] [  4%] Built target ament_cmake_python_copy_conti_ars430_ros2_msgs
[3.475s] running egg_info
[3.476s] creating conti_ars430_ros2_msgs.egg-info
[3.476s] writing conti_ars430_ros2_msgs.egg-info/PKG-INFO
[3.476s] writing dependency_links to conti_ars430_ros2_msgs.egg-info/dependency_links.txt
[3.476s] writing top-level names to conti_ars430_ros2_msgs.egg-info/top_level.txt
[3.476s] writing manifest file 'conti_ars430_ros2_msgs.egg-info/SOURCES.txt'
[3.476s] reading manifest file 'conti_ars430_ros2_msgs.egg-info/SOURCES.txt'
[3.477s] writing manifest file 'conti_ars430_ros2_msgs.egg-info/SOURCES.txt'
[3.502s] [  4%] Built target ament_cmake_python_build_conti_ars430_ros2_msgs_egg
[3.975s] [  4%] Built target conti_ars430_ros2_msgs__cpp
[3.981s] [  6%] [34m[1mGenerating C++ type support for eProsima Fast-RTPS[0m
[3.982s] [ 10%] [34m[1mGenerating C++ introspection for ROS interfaces[0m
[3.982s] [ 10%] [34m[1mGenerating C++ type support dispatch for ROS interfaces[0m
[3.989s] [ 12%] [32mBuilding C object CMakeFiles/conti_ars430_ros2_msgs__rosidl_generator_c.dir/rosidl_generator_c/conti_ars430_ros2_msgs/msg/detail/sensor_status__functions.c.o[0m
[3.989s] [ 14%] [32mBuilding C object CMakeFiles/conti_ars430_ros2_msgs__rosidl_generator_c.dir/rosidl_generator_c/conti_ars430_ros2_msgs/msg/detail/radar_detection_image__functions.c.o[0m
[3.990s] [ 17%] [32mBuilding C object CMakeFiles/conti_ars430_ros2_msgs__rosidl_generator_c.dir/rosidl_generator_c/conti_ars430_ros2_msgs/msg/detail/radar_detection__functions.c.o[0m
[4.098s] [ 19%] [32m[1mLinking C shared library libconti_ars430_ros2_msgs__rosidl_generator_c.so[0m
[4.126s] [ 19%] Built target conti_ars430_ros2_msgs__rosidl_generator_c
[4.131s] [ 21%] [34m[1mGenerating C type support dispatch for ROS interfaces[0m
[4.140s] [ 23%] [34m[1mGenerating C introspection for ROS interfaces[0m
[4.140s] [ 25%] [34m[1mGenerating C type support for eProsima Fast-RTPS[0m
[5.153s] [ 27%] [32mBuilding CXX object CMakeFiles/conti_ars430_ros2_msgs__rosidl_typesupport_c.dir/rosidl_typesupport_c/conti_ars430_ros2_msgs/msg/sensor_status__type_support.cpp.o[0m
[5.155s] [ 29%] [32mBuilding CXX object CMakeFiles/conti_ars430_ros2_msgs__rosidl_typesupport_c.dir/rosidl_typesupport_c/conti_ars430_ros2_msgs/msg/radar_detection__type_support.cpp.o[0m
[5.168s] [ 31%] [32mBuilding CXX object CMakeFiles/conti_ars430_ros2_msgs__rosidl_typesupport_c.dir/rosidl_typesupport_c/conti_ars430_ros2_msgs/msg/radar_detection_image__type_support.cpp.o[0m
[5.241s] [ 34%] [32m[1mLinking CXX shared library libconti_ars430_ros2_msgs__rosidl_typesupport_c.so[0m
[5.308s] [ 34%] Built target conti_ars430_ros2_msgs__rosidl_typesupport_c
[5.523s] [ 36%] [32mBuilding CXX object CMakeFiles/conti_ars430_ros2_msgs__rosidl_typesupport_introspection_cpp.dir/rosidl_typesupport_introspection_cpp/conti_ars430_ros2_msgs/msg/detail/sensor_status__type_support.cpp.o[0m
[5.523s] [ 38%] [32mBuilding CXX object CMakeFiles/conti_ars430_ros2_msgs__rosidl_typesupport_introspection_cpp.dir/rosidl_typesupport_introspection_cpp/conti_ars430_ros2_msgs/msg/detail/radar_detection__type_support.cpp.o[0m
[5.529s] [ 40%] [32mBuilding CXX object CMakeFiles/conti_ars430_ros2_msgs__rosidl_typesupport_introspection_cpp.dir/rosidl_typesupport_introspection_cpp/conti_ars430_ros2_msgs/msg/detail/radar_detection_image__type_support.cpp.o[0m
[6.138s] [ 42%] [32mBuilding CXX object CMakeFiles/conti_ars430_ros2_msgs__rosidl_typesupport_fastrtps_cpp.dir/rosidl_typesupport_fastrtps_cpp/conti_ars430_ros2_msgs/msg/detail/dds_fastrtps/sensor_status__type_support.cpp.o[0m
[6.138s] [ 44%] [32mBuilding CXX object CMakeFiles/conti_ars430_ros2_msgs__rosidl_typesupport_fastrtps_cpp.dir/rosidl_typesupport_fastrtps_cpp/conti_ars430_ros2_msgs/msg/detail/dds_fastrtps/radar_detection__type_support.cpp.o[0m
[6.138s] [ 46%] [32mBuilding CXX object CMakeFiles/conti_ars430_ros2_msgs__rosidl_typesupport_fastrtps_cpp.dir/rosidl_typesupport_fastrtps_cpp/conti_ars430_ros2_msgs/msg/detail/dds_fastrtps/radar_detection_image__type_support.cpp.o[0m
[6.271s] [ 48%] [32mBuilding CXX object CMakeFiles/conti_ars430_ros2_msgs__rosidl_typesupport_cpp.dir/rosidl_typesupport_cpp/conti_ars430_ros2_msgs/msg/sensor_status__type_support.cpp.o[0m
[6.455s] [ 51%] [32mBuilding CXX object CMakeFiles/conti_ars430_ros2_msgs__rosidl_typesupport_fastrtps_c.dir/rosidl_typesupport_fastrtps_c/conti_ars430_ros2_msgs/msg/detail/sensor_status__type_support_c.cpp.o[0m
[6.595s] [ 53%] [32mBuilding CXX object CMakeFiles/conti_ars430_ros2_msgs__rosidl_typesupport_cpp.dir/rosidl_typesupport_cpp/conti_ars430_ros2_msgs/msg/radar_detection__type_support.cpp.o[0m
[6.597s] [ 55%] [32mBuilding CXX object CMakeFiles/conti_ars430_ros2_msgs__rosidl_typesupport_fastrtps_c.dir/rosidl_typesupport_fastrtps_c/conti_ars430_ros2_msgs/msg/detail/radar_detection__type_support_c.cpp.o[0m
[6.609s] [ 57%] [32mBuilding C object CMakeFiles/conti_ars430_ros2_msgs__rosidl_typesupport_introspection_c.dir/rosidl_typesupport_introspection_c/conti_ars430_ros2_msgs/msg/detail/sensor_status__type_support.c.o[0m
[6.660s] [ 59%] [32m[1mLinking CXX shared library libconti_ars430_ros2_msgs__rosidl_typesupport_introspection_cpp.so[0m
[6.684s] [ 61%] [32mBuilding C object CMakeFiles/conti_ars430_ros2_msgs__rosidl_typesupport_introspection_c.dir/rosidl_typesupport_introspection_c/conti_ars430_ros2_msgs/msg/detail/radar_detection__type_support.c.o[0m
[6.745s] [ 63%] [32mBuilding C object CMakeFiles/conti_ars430_ros2_msgs__rosidl_typesupport_introspection_c.dir/rosidl_typesupport_introspection_c/conti_ars430_ros2_msgs/msg/detail/radar_detection_image__type_support.c.o[0m
[6.816s] [ 65%] [32m[1mLinking C shared library libconti_ars430_ros2_msgs__rosidl_typesupport_introspection_c.so[0m
[6.848s] [ 65%] Built target conti_ars430_ros2_msgs__rosidl_typesupport_introspection_c
[6.855s] [ 68%] [32mBuilding CXX object CMakeFiles/conti_ars430_ros2_msgs__rosidl_typesupport_cpp.dir/rosidl_typesupport_cpp/conti_ars430_ros2_msgs/msg/radar_detection_image__type_support.cpp.o[0m
[6.870s] [ 70%] [32mBuilding CXX object CMakeFiles/conti_ars430_ros2_msgs__rosidl_typesupport_fastrtps_c.dir/rosidl_typesupport_fastrtps_c/conti_ars430_ros2_msgs/msg/detail/radar_detection_image__type_support_c.cpp.o[0m
[6.881s] [ 70%] Built target conti_ars430_ros2_msgs__rosidl_typesupport_introspection_cpp
[7.008s] [ 72%] [32m[1mLinking CXX shared library libconti_ars430_ros2_msgs__rosidl_typesupport_fastrtps_cpp.so[0m
[7.093s] [ 72%] Built target conti_ars430_ros2_msgs__rosidl_typesupport_fastrtps_cpp
[7.150s] [ 74%] [32m[1mLinking CXX shared library libconti_ars430_ros2_msgs__rosidl_typesupport_cpp.so[0m
[7.174s] [ 74%] Built target conti_ars430_ros2_msgs__rosidl_typesupport_cpp
[7.247s] [ 76%] [32m[1mLinking CXX shared library libconti_ars430_ros2_msgs__rosidl_typesupport_fastrtps_c.so[0m
[7.307s] [ 76%] Built target conti_ars430_ros2_msgs__rosidl_typesupport_fastrtps_c
[7.314s] [ 76%] Built target conti_ars430_ros2_msgs
[7.320s] [ 78%] [34m[1mGenerating Python code for ROS interfaces[0m
[8.444s] [ 78%] Built target conti_ars430_ros2_msgs__py
[8.453s] [ 80%] [32mBuilding C object CMakeFiles/conti_ars430_ros2_msgs__rosidl_generator_py.dir/rosidl_generator_py/conti_ars430_ros2_msgs/msg/_radar_detection_image_s.c.o[0m
[8.453s] [ 82%] [32mBuilding C object CMakeFiles/conti_ars430_ros2_msgs__rosidl_generator_py.dir/rosidl_generator_py/conti_ars430_ros2_msgs/msg/_sensor_status_s.c.o[0m
[8.455s] [ 85%] [32mBuilding C object CMakeFiles/conti_ars430_ros2_msgs__rosidl_generator_py.dir/rosidl_generator_py/conti_ars430_ros2_msgs/msg/_radar_detection_s.c.o[0m
[8.539s] [ 87%] [32m[1mLinking C shared library rosidl_generator_py/conti_ars430_ros2_msgs/libconti_ars430_ros2_msgs__rosidl_generator_py.so[0m
[8.582s] [ 87%] Built target conti_ars430_ros2_msgs__rosidl_generator_py
[8.590s] [ 89%] [32mBuilding C object CMakeFiles/conti_ars430_ros2_msgs__rosidl_typesupport_introspection_c__pyext.dir/rosidl_generator_py/conti_ars430_ros2_msgs/_conti_ars430_ros2_msgs_s.ep.rosidl_typesupport_introspection_c.c.o[0m
[8.592s] [ 91%] [32mBuilding C object CMakeFiles/conti_ars430_ros2_msgs__rosidl_typesupport_fastrtps_c__pyext.dir/rosidl_generator_py/conti_ars430_ros2_msgs/_conti_ars430_ros2_msgs_s.ep.rosidl_typesupport_fastrtps_c.c.o[0m
[8.594s] [ 93%] [32mBuilding C object CMakeFiles/conti_ars430_ros2_msgs__rosidl_typesupport_c__pyext.dir/rosidl_generator_py/conti_ars430_ros2_msgs/_conti_ars430_ros2_msgs_s.ep.rosidl_typesupport_c.c.o[0m
[8.666s] [ 95%] [32m[1mLinking C shared library rosidl_generator_py/conti_ars430_ros2_msgs/conti_ars430_ros2_msgs_s__rosidl_typesupport_fastrtps_c.cpython-310-x86_64-linux-gnu.so[0m
[8.669s] [ 97%] [32m[1mLinking C shared library rosidl_generator_py/conti_ars430_ros2_msgs/conti_ars430_ros2_msgs_s__rosidl_typesupport_introspection_c.cpython-310-x86_64-linux-gnu.so[0m
[8.671s] [100%] [32m[1mLinking C shared library rosidl_generator_py/conti_ars430_ros2_msgs/conti_ars430_ros2_msgs_s__rosidl_typesupport_c.cpython-310-x86_64-linux-gnu.so[0m
[8.686s] [100%] Built target conti_ars430_ros2_msgs__rosidl_typesupport_fastrtps_c__pyext
[8.690s] [100%] Built target conti_ars430_ros2_msgs__rosidl_typesupport_c__pyext
[8.699s] [100%] Built target conti_ars430_ros2_msgs__rosidl_typesupport_introspection_c__pyext
[8.703s] Invoked command in '/home/mac/Desktop/conti_ws/build/conti_ars430_ros2_msgs' returned '0': CMAKE_PREFIX_PATH=${CMAKE_PREFIX_PATH}:/home/mac/Desktop/su25/turtlebot4_ws/install/leader_follower_demo:/opt/ros/humble /home/mac/.local/bin/cmake --build /home/mac/Desktop/conti_ws/build/conti_ars430_ros2_msgs -- -j8 -l8
[8.704s] Invoking command in '/home/mac/Desktop/conti_ws/build/conti_ars430_ros2_msgs': CMAKE_PREFIX_PATH=${CMAKE_PREFIX_PATH}:/home/mac/Desktop/su25/turtlebot4_ws/install/leader_follower_demo:/opt/ros/humble /home/mac/.local/bin/cmake --install /home/mac/Desktop/conti_ws/build/conti_ars430_ros2_msgs
[8.756s] -- Install configuration: ""
[8.756s] -- Installing: /home/mac/Desktop/conti_ws/install/conti_ars430_ros2_msgs/share/ament_index/resource_index/rosidl_interfaces/conti_ars430_ros2_msgs
[8.757s] -- Installing: /home/mac/Desktop/conti_ws/install/conti_ars430_ros2_msgs/include/conti_ars430_ros2_msgs/conti_ars430_ros2_msgs
[8.757s] -- Installing: /home/mac/Desktop/conti_ws/install/conti_ars430_ros2_msgs/include/conti_ars430_ros2_msgs/conti_ars430_ros2_msgs/msg
[8.757s] -- Installing: /home/mac/Desktop/conti_ws/install/conti_ars430_ros2_msgs/include/conti_ars430_ros2_msgs/conti_ars430_ros2_msgs/msg/detail
[8.757s] -- Installing: /home/mac/Desktop/conti_ws/install/conti_ars430_ros2_msgs/include/conti_ars430_ros2_msgs/conti_ars430_ros2_msgs/msg/detail/sensor_status__type_support.h
[8.757s] -- Installing: /home/mac/Desktop/conti_ws/install/conti_ars430_ros2_msgs/include/conti_ars430_ros2_msgs/conti_ars430_ros2_msgs/msg/detail/radar_detection__type_support.h
[8.757s] -- Installing: /home/mac/Desktop/conti_ws/install/conti_ars430_ros2_msgs/include/conti_ars430_ros2_msgs/conti_ars430_ros2_msgs/msg/detail/radar_detection_image__type_support.h
[8.758s] -- Installing: /home/mac/Desktop/conti_ws/install/conti_ars430_ros2_msgs/include/conti_ars430_ros2_msgs/conti_ars430_ros2_msgs/msg/detail/radar_detection__struct.h
[8.758s] -- Installing: /home/mac/Desktop/conti_ws/install/conti_ars430_ros2_msgs/include/conti_ars430_ros2_msgs/conti_ars430_ros2_msgs/msg/detail/radar_detection__functions.c
[8.758s] -- Installing: /home/mac/Desktop/conti_ws/install/conti_ars430_ros2_msgs/include/conti_ars430_ros2_msgs/conti_ars430_ros2_msgs/msg/detail/radar_detection_image__functions.c
[8.758s] -- Installing: /home/mac/Desktop/conti_ws/install/conti_ars430_ros2_msgs/include/conti_ars430_ros2_msgs/conti_ars430_ros2_msgs/msg/detail/radar_detection_image__struct.h
[8.758s] -- Installing: /home/mac/Desktop/conti_ws/install/conti_ars430_ros2_msgs/include/conti_ars430_ros2_msgs/conti_ars430_ros2_msgs/msg/detail/radar_detection__functions.h
[8.759s] -- Installing: /home/mac/Desktop/conti_ws/install/conti_ars430_ros2_msgs/include/conti_ars430_ros2_msgs/conti_ars430_ros2_msgs/msg/detail/sensor_status__functions.c
[8.759s] -- Installing: /home/mac/Desktop/conti_ws/install/conti_ars430_ros2_msgs/include/conti_ars430_ros2_msgs/conti_ars430_ros2_msgs/msg/detail/sensor_status__functions.h
[8.759s] -- Installing: /home/mac/Desktop/conti_ws/install/conti_ars430_ros2_msgs/include/conti_ars430_ros2_msgs/conti_ars430_ros2_msgs/msg/detail/radar_detection_image__functions.h
[8.759s] -- Installing: /home/mac/Desktop/conti_ws/install/conti_ars430_ros2_msgs/include/conti_ars430_ros2_msgs/conti_ars430_ros2_msgs/msg/detail/sensor_status__struct.h
[8.759s] -- Installing: /home/mac/Desktop/conti_ws/install/conti_ars430_ros2_msgs/include/conti_ars430_ros2_msgs/conti_ars430_ros2_msgs/msg/sensor_status.h
[8.760s] -- Installing: /home/mac/Desktop/conti_ws/install/conti_ars430_ros2_msgs/include/conti_ars430_ros2_msgs/conti_ars430_ros2_msgs/msg/radar_detection.h
[8.760s] -- Installing: /home/mac/Desktop/conti_ws/install/conti_ars430_ros2_msgs/include/conti_ars430_ros2_msgs/conti_ars430_ros2_msgs/msg/radar_detection_image.h
[8.760s] -- Installing: /home/mac/Desktop/conti_ws/install/conti_ars430_ros2_msgs/include/conti_ars430_ros2_msgs/conti_ars430_ros2_msgs/msg/rosidl_generator_c__visibility_control.h
[8.760s] -- Installing: /home/mac/Desktop/conti_ws/install/conti_ars430_ros2_msgs/share/conti_ars430_ros2_msgs/environment/library_path.sh
[8.760s] -- Installing: /home/mac/Desktop/conti_ws/install/conti_ars430_ros2_msgs/share/conti_ars430_ros2_msgs/environment/library_path.dsv
[8.760s] -- Installing: /home/mac/Desktop/conti_ws/install/conti_ars430_ros2_msgs/lib/libconti_ars430_ros2_msgs__rosidl_generator_c.so
[8.761s] -- Set non-toolchain portion of runtime path of "/home/mac/Desktop/conti_ws/install/conti_ars430_ros2_msgs/lib/libconti_ars430_ros2_msgs__rosidl_generator_c.so" to ""
[8.761s] -- Up-to-date: /home/mac/Desktop/conti_ws/install/conti_ars430_ros2_msgs/include/conti_ars430_ros2_msgs/conti_ars430_ros2_msgs
[8.761s] -- Up-to-date: /home/mac/Desktop/conti_ws/install/conti_ars430_ros2_msgs/include/conti_ars430_ros2_msgs/conti_ars430_ros2_msgs/msg
[8.761s] -- Installing: /home/mac/Desktop/conti_ws/install/conti_ars430_ros2_msgs/include/conti_ars430_ros2_msgs/conti_ars430_ros2_msgs/msg/rosidl_typesupport_fastrtps_c__visibility_control.h
[8.761s] -- Up-to-date: /home/mac/Desktop/conti_ws/install/conti_ars430_ros2_msgs/include/conti_ars430_ros2_msgs/conti_ars430_ros2_msgs/msg/detail
[8.761s] -- Installing: /home/mac/Desktop/conti_ws/install/conti_ars430_ros2_msgs/include/conti_ars430_ros2_msgs/conti_ars430_ros2_msgs/msg/detail/radar_detection_image__rosidl_typesupport_fastrtps_c.h
[8.761s] -- Installing: /home/mac/Desktop/conti_ws/install/conti_ars430_ros2_msgs/include/conti_ars430_ros2_msgs/conti_ars430_ros2_msgs/msg/detail/radar_detection__rosidl_typesupport_fastrtps_c.h
[8.762s] -- Installing: /home/mac/Desktop/conti_ws/install/conti_ars430_ros2_msgs/include/conti_ars430_ros2_msgs/conti_ars430_ros2_msgs/msg/detail/sensor_status__rosidl_typesupport_fastrtps_c.h
[8.762s] -- Installing: /home/mac/Desktop/conti_ws/install/conti_ars430_ros2_msgs/lib/libconti_ars430_ros2_msgs__rosidl_typesupport_fastrtps_c.so
[8.762s] -- Set non-toolchain portion of runtime path of "/home/mac/Desktop/conti_ws/install/conti_ars430_ros2_msgs/lib/libconti_ars430_ros2_msgs__rosidl_typesupport_fastrtps_c.so" to ""
[8.762s] -- Up-to-date: /home/mac/Desktop/conti_ws/install/conti_ars430_ros2_msgs/include/conti_ars430_ros2_msgs/conti_ars430_ros2_msgs
[8.762s] -- Up-to-date: /home/mac/Desktop/conti_ws/install/conti_ars430_ros2_msgs/include/conti_ars430_ros2_msgs/conti_ars430_ros2_msgs/msg
[8.763s] -- Up-to-date: /home/mac/Desktop/conti_ws/install/conti_ars430_ros2_msgs/include/conti_ars430_ros2_msgs/conti_ars430_ros2_msgs/msg/detail
[8.763s] -- Installing: /home/mac/Desktop/conti_ws/install/conti_ars430_ros2_msgs/include/conti_ars430_ros2_msgs/conti_ars430_ros2_msgs/msg/detail/radar_detection__type_support.c
[8.763s] -- Installing: /home/mac/Desktop/conti_ws/install/conti_ars430_ros2_msgs/include/conti_ars430_ros2_msgs/conti_ars430_ros2_msgs/msg/detail/sensor_status__rosidl_typesupport_introspection_c.h
[8.763s] -- Installing: /home/mac/Desktop/conti_ws/install/conti_ars430_ros2_msgs/include/conti_ars430_ros2_msgs/conti_ars430_ros2_msgs/msg/detail/radar_detection__rosidl_typesupport_introspection_c.h
[8.763s] -- Installing: /home/mac/Desktop/conti_ws/install/conti_ars430_ros2_msgs/include/conti_ars430_ros2_msgs/conti_ars430_ros2_msgs/msg/detail/sensor_status__type_support.c
[8.763s] -- Installing: /home/mac/Desktop/conti_ws/install/conti_ars430_ros2_msgs/include/conti_ars430_ros2_msgs/conti_ars430_ros2_msgs/msg/detail/radar_detection_image__rosidl_typesupport_introspection_c.h
[8.764s] -- Installing: /home/mac/Desktop/conti_ws/install/conti_ars430_ros2_msgs/include/conti_ars430_ros2_msgs/conti_ars430_ros2_msgs/msg/detail/radar_detection_image__type_support.c
[8.764s] -- Installing: /home/mac/Desktop/conti_ws/install/conti_ars430_ros2_msgs/include/conti_ars430_ros2_msgs/conti_ars430_ros2_msgs/msg/rosidl_typesupport_introspection_c__visibility_control.h
[8.764s] -- Installing: /home/mac/Desktop/conti_ws/install/conti_ars430_ros2_msgs/lib/libconti_ars430_ros2_msgs__rosidl_typesupport_introspection_c.so
[8.764s] -- Set non-toolchain portion of runtime path of "/home/mac/Desktop/conti_ws/install/conti_ars430_ros2_msgs/lib/libconti_ars430_ros2_msgs__rosidl_typesupport_introspection_c.so" to ""
[8.764s] -- Installing: /home/mac/Desktop/conti_ws/install/conti_ars430_ros2_msgs/lib/libconti_ars430_ros2_msgs__rosidl_typesupport_c.so
[8.764s] -- Set non-toolchain portion of runtime path of "/home/mac/Desktop/conti_ws/install/conti_ars430_ros2_msgs/lib/libconti_ars430_ros2_msgs__rosidl_typesupport_c.so" to ""
[8.764s] -- Up-to-date: /home/mac/Desktop/conti_ws/install/conti_ars430_ros2_msgs/include/conti_ars430_ros2_msgs/conti_ars430_ros2_msgs
[8.764s] -- Up-to-date: /home/mac/Desktop/conti_ws/install/conti_ars430_ros2_msgs/include/conti_ars430_ros2_msgs/conti_ars430_ros2_msgs/msg
[8.764s] -- Installing: /home/mac/Desktop/conti_ws/install/conti_ars430_ros2_msgs/include/conti_ars430_ros2_msgs/conti_ars430_ros2_msgs/msg/radar_detection_image.hpp
[8.765s] -- Up-to-date: /home/mac/Desktop/conti_ws/install/conti_ars430_ros2_msgs/include/conti_ars430_ros2_msgs/conti_ars430_ros2_msgs/msg/detail
[8.765s] -- Installing: /home/mac/Desktop/conti_ws/install/conti_ars430_ros2_msgs/include/conti_ars430_ros2_msgs/conti_ars430_ros2_msgs/msg/detail/sensor_status__struct.hpp
[8.765s] -- Installing: /home/mac/Desktop/conti_ws/install/conti_ars430_ros2_msgs/include/conti_ars430_ros2_msgs/conti_ars430_ros2_msgs/msg/detail/radar_detection_image__struct.hpp
[8.765s] -- Installing: /home/mac/Desktop/conti_ws/install/conti_ars430_ros2_msgs/include/conti_ars430_ros2_msgs/conti_ars430_ros2_msgs/msg/detail/radar_detection_image__type_support.hpp
[8.765s] -- Installing: /home/mac/Desktop/conti_ws/install/conti_ars430_ros2_msgs/include/conti_ars430_ros2_msgs/conti_ars430_ros2_msgs/msg/detail/sensor_status__type_support.hpp
[8.765s] -- Installing: /home/mac/Desktop/conti_ws/install/conti_ars430_ros2_msgs/include/conti_ars430_ros2_msgs/conti_ars430_ros2_msgs/msg/detail/radar_detection_image__traits.hpp
[8.766s] -- Installing: /home/mac/Desktop/conti_ws/install/conti_ars430_ros2_msgs/include/conti_ars430_ros2_msgs/conti_ars430_ros2_msgs/msg/detail/sensor_status__traits.hpp
[8.766s] -- Installing: /home/mac/Desktop/conti_ws/install/conti_ars430_ros2_msgs/include/conti_ars430_ros2_msgs/conti_ars430_ros2_msgs/msg/detail/radar_detection__builder.hpp
[8.766s] -- Installing: /home/mac/Desktop/conti_ws/install/conti_ars430_ros2_msgs/include/conti_ars430_ros2_msgs/conti_ars430_ros2_msgs/msg/detail/radar_detection__struct.hpp
[8.766s] -- Installing: /home/mac/Desktop/conti_ws/install/conti_ars430_ros2_msgs/include/conti_ars430_ros2_msgs/conti_ars430_ros2_msgs/msg/detail/radar_detection__type_support.hpp
[8.766s] -- Installing: /home/mac/Desktop/conti_ws/install/conti_ars430_ros2_msgs/include/conti_ars430_ros2_msgs/conti_ars430_ros2_msgs/msg/detail/sensor_status__builder.hpp
[8.766s] -- Installing: /home/mac/Desktop/conti_ws/install/conti_ars430_ros2_msgs/include/conti_ars430_ros2_msgs/conti_ars430_ros2_msgs/msg/detail/radar_detection__traits.hpp
[8.767s] -- Installing: /home/mac/Desktop/conti_ws/install/conti_ars430_ros2_msgs/include/conti_ars430_ros2_msgs/conti_ars430_ros2_msgs/msg/detail/radar_detection_image__builder.hpp
[8.767s] -- Installing: /home/mac/Desktop/conti_ws/install/conti_ars430_ros2_msgs/include/conti_ars430_ros2_msgs/conti_ars430_ros2_msgs/msg/sensor_status.hpp
[8.767s] -- Installing: /home/mac/Desktop/conti_ws/install/conti_ars430_ros2_msgs/include/conti_ars430_ros2_msgs/conti_ars430_ros2_msgs/msg/radar_detection.hpp
[8.767s] -- Installing: /home/mac/Desktop/conti_ws/install/conti_ars430_ros2_msgs/include/conti_ars430_ros2_msgs/conti_ars430_ros2_msgs/msg/rosidl_generator_cpp__visibility_control.hpp
[8.768s] -- Up-to-date: /home/mac/Desktop/conti_ws/install/conti_ars430_ros2_msgs/include/conti_ars430_ros2_msgs/conti_ars430_ros2_msgs
[8.768s] -- Up-to-date: /home/mac/Desktop/conti_ws/install/conti_ars430_ros2_msgs/include/conti_ars430_ros2_msgs/conti_ars430_ros2_msgs/msg
[8.768s] -- Up-to-date: /home/mac/Desktop/conti_ws/install/conti_ars430_ros2_msgs/include/conti_ars430_ros2_msgs/conti_ars430_ros2_msgs/msg/detail
[8.768s] -- Installing: /home/mac/Desktop/conti_ws/install/conti_ars430_ros2_msgs/include/conti_ars430_ros2_msgs/conti_ars430_ros2_msgs/msg/detail/radar_detection__rosidl_typesupport_fastrtps_cpp.hpp
[8.768s] -- Installing: /home/mac/Desktop/conti_ws/install/conti_ars430_ros2_msgs/include/conti_ars430_ros2_msgs/conti_ars430_ros2_msgs/msg/detail/dds_fastrtps
[8.769s] -- Installing: /home/mac/Desktop/conti_ws/install/conti_ars430_ros2_msgs/include/conti_ars430_ros2_msgs/conti_ars430_ros2_msgs/msg/detail/sensor_status__rosidl_typesupport_fastrtps_cpp.hpp
[8.769s] -- Installing: /home/mac/Desktop/conti_ws/install/conti_ars430_ros2_msgs/include/conti_ars430_ros2_msgs/conti_ars430_ros2_msgs/msg/detail/radar_detection_image__rosidl_typesupport_fastrtps_cpp.hpp
[8.769s] -- Installing: /home/mac/Desktop/conti_ws/install/conti_ars430_ros2_msgs/include/conti_ars430_ros2_msgs/conti_ars430_ros2_msgs/msg/rosidl_typesupport_fastrtps_cpp__visibility_control.h
[8.769s] -- Installing: /home/mac/Desktop/conti_ws/install/conti_ars430_ros2_msgs/lib/libconti_ars430_ros2_msgs__rosidl_typesupport_fastrtps_cpp.so
[8.769s] -- Set non-toolchain portion of runtime path of "/home/mac/Desktop/conti_ws/install/conti_ars430_ros2_msgs/lib/libconti_ars430_ros2_msgs__rosidl_typesupport_fastrtps_cpp.so" to ""
[8.769s] -- Up-to-date: /home/mac/Desktop/conti_ws/install/conti_ars430_ros2_msgs/include/conti_ars430_ros2_msgs/conti_ars430_ros2_msgs
[8.770s] -- Up-to-date: /home/mac/Desktop/conti_ws/install/conti_ars430_ros2_msgs/include/conti_ars430_ros2_msgs/conti_ars430_ros2_msgs/msg
[8.770s] -- Up-to-date: /home/mac/Desktop/conti_ws/install/conti_ars430_ros2_msgs/include/conti_ars430_ros2_msgs/conti_ars430_ros2_msgs/msg/detail
[8.770s] -- Installing: /home/mac/Desktop/conti_ws/install/conti_ars430_ros2_msgs/include/conti_ars430_ros2_msgs/conti_ars430_ros2_msgs/msg/detail/sensor_status__type_support.cpp
[8.770s] -- Installing: /home/mac/Desktop/conti_ws/install/conti_ars430_ros2_msgs/include/conti_ars430_ros2_msgs/conti_ars430_ros2_msgs/msg/detail/radar_detection_image__rosidl_typesupport_introspection_cpp.hpp
[8.770s] -- Installing: /home/mac/Desktop/conti_ws/install/conti_ars430_ros2_msgs/include/conti_ars430_ros2_msgs/conti_ars430_ros2_msgs/msg/detail/radar_detection__rosidl_typesupport_introspection_cpp.hpp
[8.770s] -- Installing: /home/mac/Desktop/conti_ws/install/conti_ars430_ros2_msgs/include/conti_ars430_ros2_msgs/conti_ars430_ros2_msgs/msg/detail/radar_detection_image__type_support.cpp
[8.771s] -- Installing: /home/mac/Desktop/conti_ws/install/conti_ars430_ros2_msgs/include/conti_ars430_ros2_msgs/conti_ars430_ros2_msgs/msg/detail/radar_detection__type_support.cpp
[8.771s] -- Installing: /home/mac/Desktop/conti_ws/install/conti_ars430_ros2_msgs/include/conti_ars430_ros2_msgs/conti_ars430_ros2_msgs/msg/detail/sensor_status__rosidl_typesupport_introspection_cpp.hpp
[8.771s] -- Installing: /home/mac/Desktop/conti_ws/install/conti_ars430_ros2_msgs/lib/libconti_ars430_ros2_msgs__rosidl_typesupport_introspection_cpp.so
[8.771s] -- Set non-toolchain portion of runtime path of "/home/mac/Desktop/conti_ws/install/conti_ars430_ros2_msgs/lib/libconti_ars430_ros2_msgs__rosidl_typesupport_introspection_cpp.so" to ""
[8.771s] -- Installing: /home/mac/Desktop/conti_ws/install/conti_ars430_ros2_msgs/lib/libconti_ars430_ros2_msgs__rosidl_typesupport_cpp.so
[8.771s] -- Set non-toolchain portion of runtime path of "/home/mac/Desktop/conti_ws/install/conti_ars430_ros2_msgs/lib/libconti_ars430_ros2_msgs__rosidl_typesupport_cpp.so" to ""
[8.772s] -- Installing: /home/mac/Desktop/conti_ws/install/conti_ars430_ros2_msgs/share/conti_ars430_ros2_msgs/environment/pythonpath.sh
[8.772s] -- Installing: /home/mac/Desktop/conti_ws/install/conti_ars430_ros2_msgs/share/conti_ars430_ros2_msgs/environment/pythonpath.dsv
[8.772s] -- Installing: /home/mac/Desktop/conti_ws/install/conti_ars430_ros2_msgs/local/lib/python3.10/dist-packages/conti_ars430_ros2_msgs-0.0.0-py3.10.egg-info
[8.772s] -- Installing: /home/mac/Desktop/conti_ws/install/conti_ars430_ros2_msgs/local/lib/python3.10/dist-packages/conti_ars430_ros2_msgs-0.0.0-py3.10.egg-info/dependency_links.txt
[8.772s] -- Installing: /home/mac/Desktop/conti_ws/install/conti_ars430_ros2_msgs/local/lib/python3.10/dist-packages/conti_ars430_ros2_msgs-0.0.0-py3.10.egg-info/PKG-INFO
[8.772s] -- Installing: /home/mac/Desktop/conti_ws/install/conti_ars430_ros2_msgs/local/lib/python3.10/dist-packages/conti_ars430_ros2_msgs-0.0.0-py3.10.egg-info/SOURCES.txt
[8.773s] -- Installing: /home/mac/Desktop/conti_ws/install/conti_ars430_ros2_msgs/local/lib/python3.10/dist-packages/conti_ars430_ros2_msgs-0.0.0-py3.10.egg-info/top_level.txt
[8.773s] -- Installing: /home/mac/Desktop/conti_ws/install/conti_ars430_ros2_msgs/local/lib/python3.10/dist-packages/conti_ars430_ros2_msgs
[8.773s] -- Installing: /home/mac/Desktop/conti_ws/install/conti_ars430_ros2_msgs/local/lib/python3.10/dist-packages/conti_ars430_ros2_msgs/_conti_ars430_ros2_msgs_s.ep.rosidl_typesupport_fastrtps_c.c
[8.773s] -- Installing: /home/mac/Desktop/conti_ws/install/conti_ars430_ros2_msgs/local/lib/python3.10/dist-packages/conti_ars430_ros2_msgs/_conti_ars430_ros2_msgs_s.ep.rosidl_typesupport_c.c
[8.773s] -- Installing: /home/mac/Desktop/conti_ws/install/conti_ars430_ros2_msgs/local/lib/python3.10/dist-packages/conti_ars430_ros2_msgs/conti_ars430_ros2_msgs_s__rosidl_typesupport_c.cpython-310-x86_64-linux-gnu.so
[8.774s] -- Installing: /home/mac/Desktop/conti_ws/install/conti_ars430_ros2_msgs/local/lib/python3.10/dist-packages/conti_ars430_ros2_msgs/_conti_ars430_ros2_msgs_s.ep.rosidl_typesupport_introspection_c.c
[8.774s] -- Installing: /home/mac/Desktop/conti_ws/install/conti_ars430_ros2_msgs/local/lib/python3.10/dist-packages/conti_ars430_ros2_msgs/conti_ars430_ros2_msgs_s__rosidl_typesupport_introspection_c.cpython-310-x86_64-linux-gnu.so
[8.774s] -- Installing: /home/mac/Desktop/conti_ws/install/conti_ars430_ros2_msgs/local/lib/python3.10/dist-packages/conti_ars430_ros2_msgs/conti_ars430_ros2_msgs_s__rosidl_typesupport_fastrtps_c.cpython-310-x86_64-linux-gnu.so
[8.774s] -- Installing: /home/mac/Desktop/conti_ws/install/conti_ars430_ros2_msgs/local/lib/python3.10/dist-packages/conti_ars430_ros2_msgs/libconti_ars430_ros2_msgs__rosidl_generator_py.so
[8.774s] -- Installing: /home/mac/Desktop/conti_ws/install/conti_ars430_ros2_msgs/local/lib/python3.10/dist-packages/conti_ars430_ros2_msgs/__init__.py
[8.774s] -- Installing: /home/mac/Desktop/conti_ws/install/conti_ars430_ros2_msgs/local/lib/python3.10/dist-packages/conti_ars430_ros2_msgs/msg
[8.775s] -- Installing: /home/mac/Desktop/conti_ws/install/conti_ars430_ros2_msgs/local/lib/python3.10/dist-packages/conti_ars430_ros2_msgs/msg/_radar_detection_s.c
[8.775s] -- Installing: /home/mac/Desktop/conti_ws/install/conti_ars430_ros2_msgs/local/lib/python3.10/dist-packages/conti_ars430_ros2_msgs/msg/_sensor_status_s.c
[8.775s] -- Installing: /home/mac/Desktop/conti_ws/install/conti_ars430_ros2_msgs/local/lib/python3.10/dist-packages/conti_ars430_ros2_msgs/msg/_radar_detection_image_s.c
[8.775s] -- Installing: /home/mac/Desktop/conti_ws/install/conti_ars430_ros2_msgs/local/lib/python3.10/dist-packages/conti_ars430_ros2_msgs/msg/_radar_detection_image.py
[8.775s] -- Installing: /home/mac/Desktop/conti_ws/install/conti_ars430_ros2_msgs/local/lib/python3.10/dist-packages/conti_ars430_ros2_msgs/msg/_sensor_status.py
[8.775s] -- Installing: /home/mac/Desktop/conti_ws/install/conti_ars430_ros2_msgs/local/lib/python3.10/dist-packages/conti_ars430_ros2_msgs/msg/_radar_detection.py
[8.775s] -- Installing: /home/mac/Desktop/conti_ws/install/conti_ars430_ros2_msgs/local/lib/python3.10/dist-packages/conti_ars430_ros2_msgs/msg/__init__.py
[8.806s] Listing '/home/mac/Desktop/conti_ws/install/conti_ars430_ros2_msgs/local/lib/python3.10/dist-packages/conti_ars430_ros2_msgs'...
[8.806s] Compiling '/home/mac/Desktop/conti_ws/install/conti_ars430_ros2_msgs/local/lib/python3.10/dist-packages/conti_ars430_ros2_msgs/__init__.py'...
[8.806s] Listing '/home/mac/Desktop/conti_ws/install/conti_ars430_ros2_msgs/local/lib/python3.10/dist-packages/conti_ars430_ros2_msgs/msg'...
[8.806s] Compiling '/home/mac/Desktop/conti_ws/install/conti_ars430_ros2_msgs/local/lib/python3.10/dist-packages/conti_ars430_ros2_msgs/msg/__init__.py'...
[8.806s] Compiling '/home/mac/Desktop/conti_ws/install/conti_ars430_ros2_msgs/local/lib/python3.10/dist-packages/conti_ars430_ros2_msgs/msg/_radar_detection.py'...
[8.806s] Compiling '/home/mac/Desktop/conti_ws/install/conti_ars430_ros2_msgs/local/lib/python3.10/dist-packages/conti_ars430_ros2_msgs/msg/_radar_detection_image.py'...
[8.807s] Compiling '/home/mac/Desktop/conti_ws/install/conti_ars430_ros2_msgs/local/lib/python3.10/dist-packages/conti_ars430_ros2_msgs/msg/_sensor_status.py'...
[8.809s] -- Installing: /home/mac/Desktop/conti_ws/install/conti_ars430_ros2_msgs/local/lib/python3.10/dist-packages/conti_ars430_ros2_msgs/conti_ars430_ros2_msgs_s__rosidl_typesupport_fastrtps_c.cpython-310-x86_64-linux-gnu.so
[8.810s] -- Set non-toolchain portion of runtime path of "/home/mac/Desktop/conti_ws/install/conti_ars430_ros2_msgs/local/lib/python3.10/dist-packages/conti_ars430_ros2_msgs/conti_ars430_ros2_msgs_s__rosidl_typesupport_fastrtps_c.cpython-310-x86_64-linux-gnu.so" to ""
[8.810s] -- Installing: /home/mac/Desktop/conti_ws/install/conti_ars430_ros2_msgs/local/lib/python3.10/dist-packages/conti_ars430_ros2_msgs/conti_ars430_ros2_msgs_s__rosidl_typesupport_introspection_c.cpython-310-x86_64-linux-gnu.so
[8.810s] -- Set non-toolchain portion of runtime path of "/home/mac/Desktop/conti_ws/install/conti_ars430_ros2_msgs/local/lib/python3.10/dist-packages/conti_ars430_ros2_msgs/conti_ars430_ros2_msgs_s__rosidl_typesupport_introspection_c.cpython-310-x86_64-linux-gnu.so" to ""
[8.810s] -- Installing: /home/mac/Desktop/conti_ws/install/conti_ars430_ros2_msgs/local/lib/python3.10/dist-packages/conti_ars430_ros2_msgs/conti_ars430_ros2_msgs_s__rosidl_typesupport_c.cpython-310-x86_64-linux-gnu.so
[8.810s] -- Set non-toolchain portion of runtime path of "/home/mac/Desktop/conti_ws/install/conti_ars430_ros2_msgs/local/lib/python3.10/dist-packages/conti_ars430_ros2_msgs/conti_ars430_ros2_msgs_s__rosidl_typesupport_c.cpython-310-x86_64-linux-gnu.so" to ""
[8.810s] -- Installing: /home/mac/Desktop/conti_ws/install/conti_ars430_ros2_msgs/lib/libconti_ars430_ros2_msgs__rosidl_generator_py.so
[8.811s] -- Set non-toolchain portion of runtime path of "/home/mac/Desktop/conti_ws/install/conti_ars430_ros2_msgs/lib/libconti_ars430_ros2_msgs__rosidl_generator_py.so" to ""
[8.811s] -- Installing: /home/mac/Desktop/conti_ws/install/conti_ars430_ros2_msgs/share/conti_ars430_ros2_msgs/msg/SensorStatus.idl
[8.811s] -- Installing: /home/mac/Desktop/conti_ws/install/conti_ars430_ros2_msgs/share/conti_ars430_ros2_msgs/msg/RadarDetection.idl
[8.811s] -- Installing: /home/mac/Desktop/conti_ws/install/conti_ars430_ros2_msgs/share/conti_ars430_ros2_msgs/msg/RadarDetectionImage.idl
[8.811s] -- Installing: /home/mac/Desktop/conti_ws/install/conti_ars430_ros2_msgs/share/conti_ars430_ros2_msgs/msg/SensorStatus.msg
[8.811s] -- Installing: /home/mac/Desktop/conti_ws/install/conti_ars430_ros2_msgs/share/conti_ars430_ros2_msgs/msg/RadarDetection.msg
[8.812s] -- Installing: /home/mac/Desktop/conti_ws/install/conti_ars430_ros2_msgs/share/conti_ars430_ros2_msgs/msg/RadarDetectionImage.msg
[8.812s] -- Installing: /home/mac/Desktop/conti_ws/install/conti_ars430_ros2_msgs/share/ament_index/resource_index/package_run_dependencies/conti_ars430_ros2_msgs
[8.813s] -- Installing: /home/mac/Desktop/conti_ws/install/conti_ars430_ros2_msgs/share/ament_index/resource_index/parent_prefix_path/conti_ars430_ros2_msgs
[8.813s] -- Installing: /home/mac/Desktop/conti_ws/install/conti_ars430_ros2_msgs/share/conti_ars430_ros2_msgs/environment/ament_prefix_path.sh
[8.813s] -- Installing: /home/mac/Desktop/conti_ws/install/conti_ars430_ros2_msgs/share/conti_ars430_ros2_msgs/environment/ament_prefix_path.dsv
[8.813s] -- Installing: /home/mac/Desktop/conti_ws/install/conti_ars430_ros2_msgs/share/conti_ars430_ros2_msgs/environment/path.sh
[8.813s] -- Installing: /home/mac/Desktop/conti_ws/install/conti_ars430_ros2_msgs/share/conti_ars430_ros2_msgs/environment/path.dsv
[8.813s] -- Installing: /home/mac/Desktop/conti_ws/install/conti_ars430_ros2_msgs/share/conti_ars430_ros2_msgs/local_setup.bash
[8.813s] -- Installing: /home/mac/Desktop/conti_ws/install/conti_ars430_ros2_msgs/share/conti_ars430_ros2_msgs/local_setup.sh
[8.814s] -- Installing: /home/mac/Desktop/conti_ws/install/conti_ars430_ros2_msgs/share/conti_ars430_ros2_msgs/local_setup.zsh
[8.814s] -- Installing: /home/mac/Desktop/conti_ws/install/conti_ars430_ros2_msgs/share/conti_ars430_ros2_msgs/local_setup.dsv
[8.814s] -- Installing: /home/mac/Desktop/conti_ws/install/conti_ars430_ros2_msgs/share/conti_ars430_ros2_msgs/package.dsv
[8.814s] -- Installing: /home/mac/Desktop/conti_ws/install/conti_ars430_ros2_msgs/share/ament_index/resource_index/packages/conti_ars430_ros2_msgs
[8.814s] -- Installing: /home/mac/Desktop/conti_ws/install/conti_ars430_ros2_msgs/share/conti_ars430_ros2_msgs/cmake/export_conti_ars430_ros2_msgs__rosidl_generator_cExport.cmake
[8.814s] -- Installing: /home/mac/Desktop/conti_ws/install/conti_ars430_ros2_msgs/share/conti_ars430_ros2_msgs/cmake/export_conti_ars430_ros2_msgs__rosidl_generator_cExport-noconfig.cmake
[8.815s] -- Installing: /home/mac/Desktop/conti_ws/install/conti_ars430_ros2_msgs/share/conti_ars430_ros2_msgs/cmake/export_conti_ars430_ros2_msgs__rosidl_typesupport_fastrtps_cExport.cmake
[8.815s] -- Installing: /home/mac/Desktop/conti_ws/install/conti_ars430_ros2_msgs/share/conti_ars430_ros2_msgs/cmake/export_conti_ars430_ros2_msgs__rosidl_typesupport_fastrtps_cExport-noconfig.cmake
[8.815s] -- Installing: /home/mac/Desktop/conti_ws/install/conti_ars430_ros2_msgs/share/conti_ars430_ros2_msgs/cmake/conti_ars430_ros2_msgs__rosidl_typesupport_introspection_cExport.cmake
[8.815s] -- Installing: /home/mac/Desktop/conti_ws/install/conti_ars430_ros2_msgs/share/conti_ars430_ros2_msgs/cmake/conti_ars430_ros2_msgs__rosidl_typesupport_introspection_cExport-noconfig.cmake
[8.815s] -- Installing: /home/mac/Desktop/conti_ws/install/conti_ars430_ros2_msgs/share/conti_ars430_ros2_msgs/cmake/conti_ars430_ros2_msgs__rosidl_typesupport_cExport.cmake
[8.815s] -- Installing: /home/mac/Desktop/conti_ws/install/conti_ars430_ros2_msgs/share/conti_ars430_ros2_msgs/cmake/conti_ars430_ros2_msgs__rosidl_typesupport_cExport-noconfig.cmake
[8.816s] -- Installing: /home/mac/Desktop/conti_ws/install/conti_ars430_ros2_msgs/share/conti_ars430_ros2_msgs/cmake/export_conti_ars430_ros2_msgs__rosidl_generator_cppExport.cmake
[8.817s] -- Installing: /home/mac/Desktop/conti_ws/install/conti_ars430_ros2_msgs/share/conti_ars430_ros2_msgs/cmake/export_conti_ars430_ros2_msgs__rosidl_typesupport_fastrtps_cppExport.cmake
[8.817s] -- Installing: /home/mac/Desktop/conti_ws/install/conti_ars430_ros2_msgs/share/conti_ars430_ros2_msgs/cmake/export_conti_ars430_ros2_msgs__rosidl_typesupport_fastrtps_cppExport-noconfig.cmake
[8.817s] -- Installing: /home/mac/Desktop/conti_ws/install/conti_ars430_ros2_msgs/share/conti_ars430_ros2_msgs/cmake/conti_ars430_ros2_msgs__rosidl_typesupport_introspection_cppExport.cmake
[8.817s] -- Installing: /home/mac/Desktop/conti_ws/install/conti_ars430_ros2_msgs/share/conti_ars430_ros2_msgs/cmake/conti_ars430_ros2_msgs__rosidl_typesupport_introspection_cppExport-noconfig.cmake
[8.817s] -- Installing: /home/mac/Desktop/conti_ws/install/conti_ars430_ros2_msgs/share/conti_ars430_ros2_msgs/cmake/conti_ars430_ros2_msgs__rosidl_typesupport_cppExport.cmake
[8.817s] -- Installing: /home/mac/Desktop/conti_ws/install/conti_ars430_ros2_msgs/share/conti_ars430_ros2_msgs/cmake/conti_ars430_ros2_msgs__rosidl_typesupport_cppExport-noconfig.cmake
[8.818s] -- Installing: /home/mac/Desktop/conti_ws/install/conti_ars430_ros2_msgs/share/conti_ars430_ros2_msgs/cmake/export_conti_ars430_ros2_msgs__rosidl_generator_pyExport.cmake
[8.818s] -- Installing: /home/mac/Desktop/conti_ws/install/conti_ars430_ros2_msgs/share/conti_ars430_ros2_msgs/cmake/export_conti_ars430_ros2_msgs__rosidl_generator_pyExport-noconfig.cmake
[8.818s] -- Installing: /home/mac/Desktop/conti_ws/install/conti_ars430_ros2_msgs/share/conti_ars430_ros2_msgs/cmake/rosidl_cmake-extras.cmake
[8.818s] -- Installing: /home/mac/Desktop/conti_ws/install/conti_ars430_ros2_msgs/share/conti_ars430_ros2_msgs/cmake/ament_cmake_export_dependencies-extras.cmake
[8.818s] -- Installing: /home/mac/Desktop/conti_ws/install/conti_ars430_ros2_msgs/share/conti_ars430_ros2_msgs/cmake/ament_cmake_export_include_directories-extras.cmake
[8.818s] -- Installing: /home/mac/Desktop/conti_ws/install/conti_ars430_ros2_msgs/share/conti_ars430_ros2_msgs/cmake/ament_cmake_export_libraries-extras.cmake
[8.818s] -- Installing: /home/mac/Desktop/conti_ws/install/conti_ars430_ros2_msgs/share/conti_ars430_ros2_msgs/cmake/ament_cmake_export_targets-extras.cmake
[8.819s] -- Installing: /home/mac/Desktop/conti_ws/install/conti_ars430_ros2_msgs/share/conti_ars430_ros2_msgs/cmake/rosidl_cmake_export_typesupport_targets-extras.cmake
[8.819s] -- Installing: /home/mac/Desktop/conti_ws/install/conti_ars430_ros2_msgs/share/conti_ars430_ros2_msgs/cmake/rosidl_cmake_export_typesupport_libraries-extras.cmake
[8.819s] -- Installing: /home/mac/Desktop/conti_ws/install/conti_ars430_ros2_msgs/share/conti_ars430_ros2_msgs/cmake/conti_ars430_ros2_msgsConfig.cmake
[8.819s] -- Installing: /home/mac/Desktop/conti_ws/install/conti_ars430_ros2_msgs/share/conti_ars430_ros2_msgs/cmake/conti_ars430_ros2_msgsConfig-version.cmake
[8.819s] -- Installing: /home/mac/Desktop/conti_ws/install/conti_ars430_ros2_msgs/share/conti_ars430_ros2_msgs/package.xml
[8.819s] Invoked command in '/home/mac/Desktop/conti_ws/build/conti_ars430_ros2_msgs' returned '0': CMAKE_PREFIX_PATH=${CMAKE_PREFIX_PATH}:/home/mac/Desktop/su25/turtlebot4_ws/install/leader_follower_demo:/opt/ros/humble /home/mac/.local/bin/cmake --install /home/mac/Desktop/conti_ws/build/conti_ars430_ros2_msgs
