[100%] Built target conti_ars430_ros2_node
-- Install configuration: ""
-- Up-to-date: /home/mac/Desktop/conti_ws/install/conti_ars430_ros2/lib/conti_ars430_ros2/conti_ars430_ros2_node
-- Up-to-date: /home/mac/Desktop/conti_ws/install/conti_ars430_ros2/share/conti_ars430_ros2//launch
-- Up-to-date: /home/mac/Desktop/conti_ws/install/conti_ars430_ros2/share/conti_ars430_ros2//launch/test.launch
-- Up-to-date: /home/mac/Desktop/conti_ws/install/conti_ars430_ros2/share/ament_index/resource_index/package_run_dependencies/conti_ars430_ros2
-- Up-to-date: /home/mac/Desktop/conti_ws/install/conti_ars430_ros2/share/ament_index/resource_index/parent_prefix_path/conti_ars430_ros2
-- Up-to-date: /home/mac/Desktop/conti_ws/install/conti_ars430_ros2/share/conti_ars430_ros2/environment/ament_prefix_path.sh
-- Up-to-date: /home/mac/Desktop/conti_ws/install/conti_ars430_ros2/share/conti_ars430_ros2/environment/ament_prefix_path.dsv
-- Up-to-date: /home/mac/Desktop/conti_ws/install/conti_ars430_ros2/share/conti_ars430_ros2/environment/path.sh
-- Up-to-date: /home/mac/Desktop/conti_ws/install/conti_ars430_ros2/share/conti_ars430_ros2/environment/path.dsv
-- Up-to-date: /home/mac/Desktop/conti_ws/install/conti_ars430_ros2/share/conti_ars430_ros2/local_setup.bash
-- Up-to-date: /home/mac/Desktop/conti_ws/install/conti_ars430_ros2/share/conti_ars430_ros2/local_setup.sh
-- Up-to-date: /home/mac/Desktop/conti_ws/install/conti_ars430_ros2/share/conti_ars430_ros2/local_setup.zsh
-- Up-to-date: /home/mac/Desktop/conti_ws/install/conti_ars430_ros2/share/conti_ars430_ros2/local_setup.dsv
-- Installing: /home/mac/Desktop/conti_ws/install/conti_ars430_ros2/share/conti_ars430_ros2/package.dsv
-- Up-to-date: /home/mac/Desktop/conti_ws/install/conti_ars430_ros2/share/ament_index/resource_index/packages/conti_ars430_ros2
-- Up-to-date: /home/mac/Desktop/conti_ws/install/conti_ars430_ros2/share/conti_ars430_ros2/cmake/conti_ars430_ros2Config.cmake
-- Up-to-date: /home/mac/Desktop/conti_ws/install/conti_ars430_ros2/share/conti_ars430_ros2/cmake/conti_ars430_ros2Config-version.cmake
-- Up-to-date: /home/mac/Desktop/conti_ws/install/conti_ars430_ros2/share/conti_ars430_ros2/package.xml
