[0.012s] Invoking command in '/home/mac/Desktop/conti_ws/build/conti_ars430_ros2_msgs': CMAKE_PREFIX_PATH=${CMAKE_PREFIX_PATH}:/home/mac/Desktop/su25/turtlebot4_ws/install/leader_follower_demo:/opt/ros/humble /home/mac/.local/bin/cmake --build /home/mac/Desktop/conti_ws/build/conti_ars430_ros2_msgs -- -j8 -l8
[0.106s] [  2%] Built target conti_ars430_ros2_msgs__cpp
[0.107s] [ 12%] Built target conti_ars430_ros2_msgs__rosidl_generator_c
[0.114s] [ 12%] Built target ament_cmake_python_copy_conti_ars430_ros2_msgs
[0.129s] [ 23%] Built target conti_ars430_ros2_msgs__rosidl_typesupport_fastrtps_cpp
[0.129s] [ 34%] Built target conti_ars430_ros2_msgs__rosidl_typesupport_cpp
[0.129s] [ 46%] Built target conti_ars430_ros2_msgs__rosidl_typesupport_introspection_cpp
[0.130s] [ 55%] Built target conti_ars430_ros2_msgs__rosidl_typesupport_introspection_c
[0.130s] [ 65%] Built target conti_ars430_ros2_msgs__rosidl_typesupport_c
[0.130s] [ 76%] Built target conti_ars430_ros2_msgs__rosidl_typesupport_fastrtps_c
[0.143s] [ 76%] Built target conti_ars430_ros2_msgs
[0.154s] [ 78%] Built target conti_ars430_ros2_msgs__py
[0.169s] [ 87%] Built target conti_ars430_ros2_msgs__rosidl_generator_py
[0.182s] [ 95%] Built target conti_ars430_ros2_msgs__rosidl_typesupport_c__pyext
[0.182s] [ 95%] Built target conti_ars430_ros2_msgs__rosidl_typesupport_introspection_c__pyext
[0.183s] [100%] Built target conti_ars430_ros2_msgs__rosidl_typesupport_fastrtps_c__pyext
[0.360s] running egg_info
[0.361s] writing conti_ars430_ros2_msgs.egg-info/PKG-INFO
[0.361s] writing dependency_links to conti_ars430_ros2_msgs.egg-info/dependency_links.txt
[0.361s] writing top-level names to conti_ars430_ros2_msgs.egg-info/top_level.txt
[0.363s] reading manifest file 'conti_ars430_ros2_msgs.egg-info/SOURCES.txt'
[0.364s] writing manifest file 'conti_ars430_ros2_msgs.egg-info/SOURCES.txt'
[0.387s] [100%] Built target ament_cmake_python_build_conti_ars430_ros2_msgs_egg
[0.393s] Invoked command in '/home/mac/Desktop/conti_ws/build/conti_ars430_ros2_msgs' returned '0': CMAKE_PREFIX_PATH=${CMAKE_PREFIX_PATH}:/home/mac/Desktop/su25/turtlebot4_ws/install/leader_follower_demo:/opt/ros/humble /home/mac/.local/bin/cmake --build /home/mac/Desktop/conti_ws/build/conti_ars430_ros2_msgs -- -j8 -l8
[0.475s] Invoking command in '/home/mac/Desktop/conti_ws/build/conti_ars430_ros2_msgs': CMAKE_PREFIX_PATH=${CMAKE_PREFIX_PATH}:/home/mac/Desktop/su25/turtlebot4_ws/install/leader_follower_demo:/opt/ros/humble /home/mac/.local/bin/cmake --install /home/mac/Desktop/conti_ws/build/conti_ars430_ros2_msgs
[0.583s] -- Install configuration: ""
[0.583s] -- Up-to-date: /home/mac/Desktop/conti_ws/install/conti_ars430_ros2_msgs/share/ament_index/resource_index/rosidl_interfaces/conti_ars430_ros2_msgs
[0.583s] -- Up-to-date: /home/mac/Desktop/conti_ws/install/conti_ars430_ros2_msgs/include/conti_ars430_ros2_msgs/conti_ars430_ros2_msgs
[0.583s] -- Up-to-date: /home/mac/Desktop/conti_ws/install/conti_ars430_ros2_msgs/include/conti_ars430_ros2_msgs/conti_ars430_ros2_msgs/msg
[0.583s] -- Up-to-date: /home/mac/Desktop/conti_ws/install/conti_ars430_ros2_msgs/include/conti_ars430_ros2_msgs/conti_ars430_ros2_msgs/msg/detail
[0.584s] -- Up-to-date: /home/mac/Desktop/conti_ws/install/conti_ars430_ros2_msgs/include/conti_ars430_ros2_msgs/conti_ars430_ros2_msgs/msg/detail/sensor_status__type_support.h
[0.584s] -- Up-to-date: /home/mac/Desktop/conti_ws/install/conti_ars430_ros2_msgs/include/conti_ars430_ros2_msgs/conti_ars430_ros2_msgs/msg/detail/radar_detection__type_support.h
[0.584s] -- Up-to-date: /home/mac/Desktop/conti_ws/install/conti_ars430_ros2_msgs/include/conti_ars430_ros2_msgs/conti_ars430_ros2_msgs/msg/detail/radar_detection_image__type_support.h
[0.584s] -- Up-to-date: /home/mac/Desktop/conti_ws/install/conti_ars430_ros2_msgs/include/conti_ars430_ros2_msgs/conti_ars430_ros2_msgs/msg/detail/radar_detection__struct.h
[0.585s] -- Up-to-date: /home/mac/Desktop/conti_ws/install/conti_ars430_ros2_msgs/include/conti_ars430_ros2_msgs/conti_ars430_ros2_msgs/msg/detail/radar_detection__functions.c
[0.585s] -- Up-to-date: /home/mac/Desktop/conti_ws/install/conti_ars430_ros2_msgs/include/conti_ars430_ros2_msgs/conti_ars430_ros2_msgs/msg/detail/radar_detection_image__functions.c
[0.585s] -- Up-to-date: /home/mac/Desktop/conti_ws/install/conti_ars430_ros2_msgs/include/conti_ars430_ros2_msgs/conti_ars430_ros2_msgs/msg/detail/radar_detection_image__struct.h
[0.585s] -- Up-to-date: /home/mac/Desktop/conti_ws/install/conti_ars430_ros2_msgs/include/conti_ars430_ros2_msgs/conti_ars430_ros2_msgs/msg/detail/radar_detection__functions.h
[0.585s] -- Up-to-date: /home/mac/Desktop/conti_ws/install/conti_ars430_ros2_msgs/include/conti_ars430_ros2_msgs/conti_ars430_ros2_msgs/msg/detail/sensor_status__functions.c
[0.585s] -- Up-to-date: /home/mac/Desktop/conti_ws/install/conti_ars430_ros2_msgs/include/conti_ars430_ros2_msgs/conti_ars430_ros2_msgs/msg/detail/sensor_status__functions.h
[0.585s] -- Up-to-date: /home/mac/Desktop/conti_ws/install/conti_ars430_ros2_msgs/include/conti_ars430_ros2_msgs/conti_ars430_ros2_msgs/msg/detail/radar_detection_image__functions.h
[0.586s] -- Up-to-date: /home/mac/Desktop/conti_ws/install/conti_ars430_ros2_msgs/include/conti_ars430_ros2_msgs/conti_ars430_ros2_msgs/msg/detail/sensor_status__struct.h
[0.586s] -- Up-to-date: /home/mac/Desktop/conti_ws/install/conti_ars430_ros2_msgs/include/conti_ars430_ros2_msgs/conti_ars430_ros2_msgs/msg/sensor_status.h
[0.587s] -- Up-to-date: /home/mac/Desktop/conti_ws/install/conti_ars430_ros2_msgs/include/conti_ars430_ros2_msgs/conti_ars430_ros2_msgs/msg/radar_detection.h
[0.587s] -- Up-to-date: /home/mac/Desktop/conti_ws/install/conti_ars430_ros2_msgs/include/conti_ars430_ros2_msgs/conti_ars430_ros2_msgs/msg/radar_detection_image.h
[0.587s] -- Up-to-date: /home/mac/Desktop/conti_ws/install/conti_ars430_ros2_msgs/include/conti_ars430_ros2_msgs/conti_ars430_ros2_msgs/msg/rosidl_generator_c__visibility_control.h
[0.587s] -- Up-to-date: /home/mac/Desktop/conti_ws/install/conti_ars430_ros2_msgs/share/conti_ars430_ros2_msgs/environment/library_path.sh
[0.587s] -- Up-to-date: /home/mac/Desktop/conti_ws/install/conti_ars430_ros2_msgs/share/conti_ars430_ros2_msgs/environment/library_path.dsv
[0.587s] -- Up-to-date: /home/mac/Desktop/conti_ws/install/conti_ars430_ros2_msgs/lib/libconti_ars430_ros2_msgs__rosidl_generator_c.so
[0.587s] -- Up-to-date: /home/mac/Desktop/conti_ws/install/conti_ars430_ros2_msgs/include/conti_ars430_ros2_msgs/conti_ars430_ros2_msgs
[0.587s] -- Up-to-date: /home/mac/Desktop/conti_ws/install/conti_ars430_ros2_msgs/include/conti_ars430_ros2_msgs/conti_ars430_ros2_msgs/msg
[0.587s] -- Up-to-date: /home/mac/Desktop/conti_ws/install/conti_ars430_ros2_msgs/include/conti_ars430_ros2_msgs/conti_ars430_ros2_msgs/msg/rosidl_typesupport_fastrtps_c__visibility_control.h
[0.587s] -- Up-to-date: /home/mac/Desktop/conti_ws/install/conti_ars430_ros2_msgs/include/conti_ars430_ros2_msgs/conti_ars430_ros2_msgs/msg/detail
[0.587s] -- Up-to-date: /home/mac/Desktop/conti_ws/install/conti_ars430_ros2_msgs/include/conti_ars430_ros2_msgs/conti_ars430_ros2_msgs/msg/detail/radar_detection_image__rosidl_typesupport_fastrtps_c.h
[0.587s] -- Up-to-date: /home/mac/Desktop/conti_ws/install/conti_ars430_ros2_msgs/include/conti_ars430_ros2_msgs/conti_ars430_ros2_msgs/msg/detail/radar_detection__rosidl_typesupport_fastrtps_c.h
[0.587s] -- Up-to-date: /home/mac/Desktop/conti_ws/install/conti_ars430_ros2_msgs/include/conti_ars430_ros2_msgs/conti_ars430_ros2_msgs/msg/detail/sensor_status__rosidl_typesupport_fastrtps_c.h
[0.587s] -- Up-to-date: /home/mac/Desktop/conti_ws/install/conti_ars430_ros2_msgs/lib/libconti_ars430_ros2_msgs__rosidl_typesupport_fastrtps_c.so
[0.587s] -- Up-to-date: /home/mac/Desktop/conti_ws/install/conti_ars430_ros2_msgs/include/conti_ars430_ros2_msgs/conti_ars430_ros2_msgs
[0.587s] -- Up-to-date: /home/mac/Desktop/conti_ws/install/conti_ars430_ros2_msgs/include/conti_ars430_ros2_msgs/conti_ars430_ros2_msgs/msg
[0.587s] -- Up-to-date: /home/mac/Desktop/conti_ws/install/conti_ars430_ros2_msgs/include/conti_ars430_ros2_msgs/conti_ars430_ros2_msgs/msg/detail
[0.587s] -- Up-to-date: /home/mac/Desktop/conti_ws/install/conti_ars430_ros2_msgs/include/conti_ars430_ros2_msgs/conti_ars430_ros2_msgs/msg/detail/radar_detection__type_support.c
[0.588s] -- Up-to-date: /home/mac/Desktop/conti_ws/install/conti_ars430_ros2_msgs/include/conti_ars430_ros2_msgs/conti_ars430_ros2_msgs/msg/detail/sensor_status__rosidl_typesupport_introspection_c.h
[0.588s] -- Up-to-date: /home/mac/Desktop/conti_ws/install/conti_ars430_ros2_msgs/include/conti_ars430_ros2_msgs/conti_ars430_ros2_msgs/msg/detail/radar_detection__rosidl_typesupport_introspection_c.h
[0.588s] -- Up-to-date: /home/mac/Desktop/conti_ws/install/conti_ars430_ros2_msgs/include/conti_ars430_ros2_msgs/conti_ars430_ros2_msgs/msg/detail/sensor_status__type_support.c
[0.588s] -- Up-to-date: /home/mac/Desktop/conti_ws/install/conti_ars430_ros2_msgs/include/conti_ars430_ros2_msgs/conti_ars430_ros2_msgs/msg/detail/radar_detection_image__rosidl_typesupport_introspection_c.h
[0.588s] -- Up-to-date: /home/mac/Desktop/conti_ws/install/conti_ars430_ros2_msgs/include/conti_ars430_ros2_msgs/conti_ars430_ros2_msgs/msg/detail/radar_detection_image__type_support.c
[0.588s] -- Up-to-date: /home/mac/Desktop/conti_ws/install/conti_ars430_ros2_msgs/include/conti_ars430_ros2_msgs/conti_ars430_ros2_msgs/msg/rosidl_typesupport_introspection_c__visibility_control.h
[0.588s] -- Up-to-date: /home/mac/Desktop/conti_ws/install/conti_ars430_ros2_msgs/lib/libconti_ars430_ros2_msgs__rosidl_typesupport_introspection_c.so
[0.588s] -- Up-to-date: /home/mac/Desktop/conti_ws/install/conti_ars430_ros2_msgs/lib/libconti_ars430_ros2_msgs__rosidl_typesupport_c.so
[0.588s] -- Up-to-date: /home/mac/Desktop/conti_ws/install/conti_ars430_ros2_msgs/include/conti_ars430_ros2_msgs/conti_ars430_ros2_msgs
[0.588s] -- Up-to-date: /home/mac/Desktop/conti_ws/install/conti_ars430_ros2_msgs/include/conti_ars430_ros2_msgs/conti_ars430_ros2_msgs/msg
[0.588s] -- Up-to-date: /home/mac/Desktop/conti_ws/install/conti_ars430_ros2_msgs/include/conti_ars430_ros2_msgs/conti_ars430_ros2_msgs/msg/radar_detection_image.hpp
[0.588s] -- Up-to-date: /home/mac/Desktop/conti_ws/install/conti_ars430_ros2_msgs/include/conti_ars430_ros2_msgs/conti_ars430_ros2_msgs/msg/detail
[0.588s] -- Up-to-date: /home/mac/Desktop/conti_ws/install/conti_ars430_ros2_msgs/include/conti_ars430_ros2_msgs/conti_ars430_ros2_msgs/msg/detail/sensor_status__struct.hpp
[0.588s] -- Up-to-date: /home/mac/Desktop/conti_ws/install/conti_ars430_ros2_msgs/include/conti_ars430_ros2_msgs/conti_ars430_ros2_msgs/msg/detail/radar_detection_image__struct.hpp
[0.588s] -- Up-to-date: /home/mac/Desktop/conti_ws/install/conti_ars430_ros2_msgs/include/conti_ars430_ros2_msgs/conti_ars430_ros2_msgs/msg/detail/radar_detection_image__type_support.hpp
[0.588s] -- Up-to-date: /home/mac/Desktop/conti_ws/install/conti_ars430_ros2_msgs/include/conti_ars430_ros2_msgs/conti_ars430_ros2_msgs/msg/detail/sensor_status__type_support.hpp
[0.588s] -- Up-to-date: /home/mac/Desktop/conti_ws/install/conti_ars430_ros2_msgs/include/conti_ars430_ros2_msgs/conti_ars430_ros2_msgs/msg/detail/radar_detection_image__traits.hpp
[0.589s] -- Up-to-date: /home/mac/Desktop/conti_ws/install/conti_ars430_ros2_msgs/include/conti_ars430_ros2_msgs/conti_ars430_ros2_msgs/msg/detail/sensor_status__traits.hpp
[0.589s] -- Up-to-date: /home/mac/Desktop/conti_ws/install/conti_ars430_ros2_msgs/include/conti_ars430_ros2_msgs/conti_ars430_ros2_msgs/msg/detail/radar_detection__builder.hpp
[0.589s] -- Up-to-date: /home/mac/Desktop/conti_ws/install/conti_ars430_ros2_msgs/include/conti_ars430_ros2_msgs/conti_ars430_ros2_msgs/msg/detail/radar_detection__struct.hpp
[0.589s] -- Up-to-date: /home/mac/Desktop/conti_ws/install/conti_ars430_ros2_msgs/include/conti_ars430_ros2_msgs/conti_ars430_ros2_msgs/msg/detail/radar_detection__type_support.hpp
[0.589s] -- Up-to-date: /home/mac/Desktop/conti_ws/install/conti_ars430_ros2_msgs/include/conti_ars430_ros2_msgs/conti_ars430_ros2_msgs/msg/detail/sensor_status__builder.hpp
[0.589s] -- Up-to-date: /home/mac/Desktop/conti_ws/install/conti_ars430_ros2_msgs/include/conti_ars430_ros2_msgs/conti_ars430_ros2_msgs/msg/detail/radar_detection__traits.hpp
[0.589s] -- Up-to-date: /home/mac/Desktop/conti_ws/install/conti_ars430_ros2_msgs/include/conti_ars430_ros2_msgs/conti_ars430_ros2_msgs/msg/detail/radar_detection_image__builder.hpp
[0.589s] -- Up-to-date: /home/mac/Desktop/conti_ws/install/conti_ars430_ros2_msgs/include/conti_ars430_ros2_msgs/conti_ars430_ros2_msgs/msg/sensor_status.hpp
[0.589s] -- Up-to-date: /home/mac/Desktop/conti_ws/install/conti_ars430_ros2_msgs/include/conti_ars430_ros2_msgs/conti_ars430_ros2_msgs/msg/radar_detection.hpp
[0.589s] -- Up-to-date: /home/mac/Desktop/conti_ws/install/conti_ars430_ros2_msgs/include/conti_ars430_ros2_msgs/conti_ars430_ros2_msgs/msg/rosidl_generator_cpp__visibility_control.hpp
[0.589s] -- Up-to-date: /home/mac/Desktop/conti_ws/install/conti_ars430_ros2_msgs/include/conti_ars430_ros2_msgs/conti_ars430_ros2_msgs
[0.590s] -- Up-to-date: /home/mac/Desktop/conti_ws/install/conti_ars430_ros2_msgs/include/conti_ars430_ros2_msgs/conti_ars430_ros2_msgs/msg
[0.590s] -- Up-to-date: /home/mac/Desktop/conti_ws/install/conti_ars430_ros2_msgs/include/conti_ars430_ros2_msgs/conti_ars430_ros2_msgs/msg/detail
[0.590s] -- Up-to-date: /home/mac/Desktop/conti_ws/install/conti_ars430_ros2_msgs/include/conti_ars430_ros2_msgs/conti_ars430_ros2_msgs/msg/detail/radar_detection__rosidl_typesupport_fastrtps_cpp.hpp
[0.590s] -- Up-to-date: /home/mac/Desktop/conti_ws/install/conti_ars430_ros2_msgs/include/conti_ars430_ros2_msgs/conti_ars430_ros2_msgs/msg/detail/dds_fastrtps
[0.590s] -- Up-to-date: /home/mac/Desktop/conti_ws/install/conti_ars430_ros2_msgs/include/conti_ars430_ros2_msgs/conti_ars430_ros2_msgs/msg/detail/sensor_status__rosidl_typesupport_fastrtps_cpp.hpp
[0.590s] -- Up-to-date: /home/mac/Desktop/conti_ws/install/conti_ars430_ros2_msgs/include/conti_ars430_ros2_msgs/conti_ars430_ros2_msgs/msg/detail/radar_detection_image__rosidl_typesupport_fastrtps_cpp.hpp
[0.590s] -- Up-to-date: /home/mac/Desktop/conti_ws/install/conti_ars430_ros2_msgs/include/conti_ars430_ros2_msgs/conti_ars430_ros2_msgs/msg/rosidl_typesupport_fastrtps_cpp__visibility_control.h
[0.590s] -- Up-to-date: /home/mac/Desktop/conti_ws/install/conti_ars430_ros2_msgs/lib/libconti_ars430_ros2_msgs__rosidl_typesupport_fastrtps_cpp.so
[0.590s] -- Up-to-date: /home/mac/Desktop/conti_ws/install/conti_ars430_ros2_msgs/include/conti_ars430_ros2_msgs/conti_ars430_ros2_msgs
[0.590s] -- Up-to-date: /home/mac/Desktop/conti_ws/install/conti_ars430_ros2_msgs/include/conti_ars430_ros2_msgs/conti_ars430_ros2_msgs/msg
[0.590s] -- Up-to-date: /home/mac/Desktop/conti_ws/install/conti_ars430_ros2_msgs/include/conti_ars430_ros2_msgs/conti_ars430_ros2_msgs/msg/detail
[0.590s] -- Up-to-date: /home/mac/Desktop/conti_ws/install/conti_ars430_ros2_msgs/include/conti_ars430_ros2_msgs/conti_ars430_ros2_msgs/msg/detail/sensor_status__type_support.cpp
[0.590s] -- Up-to-date: /home/mac/Desktop/conti_ws/install/conti_ars430_ros2_msgs/include/conti_ars430_ros2_msgs/conti_ars430_ros2_msgs/msg/detail/radar_detection_image__rosidl_typesupport_introspection_cpp.hpp
[0.591s] -- Up-to-date: /home/mac/Desktop/conti_ws/install/conti_ars430_ros2_msgs/include/conti_ars430_ros2_msgs/conti_ars430_ros2_msgs/msg/detail/radar_detection__rosidl_typesupport_introspection_cpp.hpp
[0.591s] -- Up-to-date: /home/mac/Desktop/conti_ws/install/conti_ars430_ros2_msgs/include/conti_ars430_ros2_msgs/conti_ars430_ros2_msgs/msg/detail/radar_detection_image__type_support.cpp
[0.591s] -- Up-to-date: /home/mac/Desktop/conti_ws/install/conti_ars430_ros2_msgs/include/conti_ars430_ros2_msgs/conti_ars430_ros2_msgs/msg/detail/radar_detection__type_support.cpp
[0.591s] -- Up-to-date: /home/mac/Desktop/conti_ws/install/conti_ars430_ros2_msgs/include/conti_ars430_ros2_msgs/conti_ars430_ros2_msgs/msg/detail/sensor_status__rosidl_typesupport_introspection_cpp.hpp
[0.591s] -- Up-to-date: /home/mac/Desktop/conti_ws/install/conti_ars430_ros2_msgs/lib/libconti_ars430_ros2_msgs__rosidl_typesupport_introspection_cpp.so
[0.591s] -- Up-to-date: /home/mac/Desktop/conti_ws/install/conti_ars430_ros2_msgs/lib/libconti_ars430_ros2_msgs__rosidl_typesupport_cpp.so
[0.591s] -- Up-to-date: /home/mac/Desktop/conti_ws/install/conti_ars430_ros2_msgs/share/conti_ars430_ros2_msgs/environment/pythonpath.sh
[0.591s] -- Up-to-date: /home/mac/Desktop/conti_ws/install/conti_ars430_ros2_msgs/share/conti_ars430_ros2_msgs/environment/pythonpath.dsv
[0.591s] -- Up-to-date: /home/mac/Desktop/conti_ws/install/conti_ars430_ros2_msgs/local/lib/python3.10/dist-packages/conti_ars430_ros2_msgs-0.0.0-py3.10.egg-info
[0.591s] -- Installing: /home/mac/Desktop/conti_ws/install/conti_ars430_ros2_msgs/local/lib/python3.10/dist-packages/conti_ars430_ros2_msgs-0.0.0-py3.10.egg-info/dependency_links.txt
[0.591s] -- Installing: /home/mac/Desktop/conti_ws/install/conti_ars430_ros2_msgs/local/lib/python3.10/dist-packages/conti_ars430_ros2_msgs-0.0.0-py3.10.egg-info/PKG-INFO
[0.591s] -- Installing: /home/mac/Desktop/conti_ws/install/conti_ars430_ros2_msgs/local/lib/python3.10/dist-packages/conti_ars430_ros2_msgs-0.0.0-py3.10.egg-info/SOURCES.txt
[0.592s] -- Installing: /home/mac/Desktop/conti_ws/install/conti_ars430_ros2_msgs/local/lib/python3.10/dist-packages/conti_ars430_ros2_msgs-0.0.0-py3.10.egg-info/top_level.txt
[0.592s] -- Up-to-date: /home/mac/Desktop/conti_ws/install/conti_ars430_ros2_msgs/local/lib/python3.10/dist-packages/conti_ars430_ros2_msgs
[0.592s] -- Up-to-date: /home/mac/Desktop/conti_ws/install/conti_ars430_ros2_msgs/local/lib/python3.10/dist-packages/conti_ars430_ros2_msgs/_conti_ars430_ros2_msgs_s.ep.rosidl_typesupport_fastrtps_c.c
[0.592s] -- Up-to-date: /home/mac/Desktop/conti_ws/install/conti_ars430_ros2_msgs/local/lib/python3.10/dist-packages/conti_ars430_ros2_msgs/_conti_ars430_ros2_msgs_s.ep.rosidl_typesupport_c.c
[0.592s] -- Up-to-date: /home/mac/Desktop/conti_ws/install/conti_ars430_ros2_msgs/local/lib/python3.10/dist-packages/conti_ars430_ros2_msgs/conti_ars430_ros2_msgs_s__rosidl_typesupport_c.cpython-310-x86_64-linux-gnu.so
[0.592s] -- Up-to-date: /home/mac/Desktop/conti_ws/install/conti_ars430_ros2_msgs/local/lib/python3.10/dist-packages/conti_ars430_ros2_msgs/_conti_ars430_ros2_msgs_s.ep.rosidl_typesupport_introspection_c.c
[0.592s] -- Up-to-date: /home/mac/Desktop/conti_ws/install/conti_ars430_ros2_msgs/local/lib/python3.10/dist-packages/conti_ars430_ros2_msgs/conti_ars430_ros2_msgs_s__rosidl_typesupport_introspection_c.cpython-310-x86_64-linux-gnu.so
[0.592s] -- Up-to-date: /home/mac/Desktop/conti_ws/install/conti_ars430_ros2_msgs/local/lib/python3.10/dist-packages/conti_ars430_ros2_msgs/conti_ars430_ros2_msgs_s__rosidl_typesupport_fastrtps_c.cpython-310-x86_64-linux-gnu.so
[0.592s] -- Up-to-date: /home/mac/Desktop/conti_ws/install/conti_ars430_ros2_msgs/local/lib/python3.10/dist-packages/conti_ars430_ros2_msgs/libconti_ars430_ros2_msgs__rosidl_generator_py.so
[0.592s] -- Up-to-date: /home/mac/Desktop/conti_ws/install/conti_ars430_ros2_msgs/local/lib/python3.10/dist-packages/conti_ars430_ros2_msgs/__init__.py
[0.592s] -- Up-to-date: /home/mac/Desktop/conti_ws/install/conti_ars430_ros2_msgs/local/lib/python3.10/dist-packages/conti_ars430_ros2_msgs/msg
[0.592s] -- Up-to-date: /home/mac/Desktop/conti_ws/install/conti_ars430_ros2_msgs/local/lib/python3.10/dist-packages/conti_ars430_ros2_msgs/msg/_radar_detection_s.c
[0.592s] -- Up-to-date: /home/mac/Desktop/conti_ws/install/conti_ars430_ros2_msgs/local/lib/python3.10/dist-packages/conti_ars430_ros2_msgs/msg/_sensor_status_s.c
[0.593s] -- Up-to-date: /home/mac/Desktop/conti_ws/install/conti_ars430_ros2_msgs/local/lib/python3.10/dist-packages/conti_ars430_ros2_msgs/msg/_radar_detection_image_s.c
[0.593s] -- Up-to-date: /home/mac/Desktop/conti_ws/install/conti_ars430_ros2_msgs/local/lib/python3.10/dist-packages/conti_ars430_ros2_msgs/msg/_radar_detection_image.py
[0.593s] -- Up-to-date: /home/mac/Desktop/conti_ws/install/conti_ars430_ros2_msgs/local/lib/python3.10/dist-packages/conti_ars430_ros2_msgs/msg/_sensor_status.py
[0.593s] -- Up-to-date: /home/mac/Desktop/conti_ws/install/conti_ars430_ros2_msgs/local/lib/python3.10/dist-packages/conti_ars430_ros2_msgs/msg/_radar_detection.py
[0.593s] -- Up-to-date: /home/mac/Desktop/conti_ws/install/conti_ars430_ros2_msgs/local/lib/python3.10/dist-packages/conti_ars430_ros2_msgs/msg/__init__.py
[0.625s] Listing '/home/mac/Desktop/conti_ws/install/conti_ars430_ros2_msgs/local/lib/python3.10/dist-packages/conti_ars430_ros2_msgs'...
[0.626s] Listing '/home/mac/Desktop/conti_ws/install/conti_ars430_ros2_msgs/local/lib/python3.10/dist-packages/conti_ars430_ros2_msgs/msg'...
[0.631s] -- Up-to-date: /home/mac/Desktop/conti_ws/install/conti_ars430_ros2_msgs/local/lib/python3.10/dist-packages/conti_ars430_ros2_msgs/conti_ars430_ros2_msgs_s__rosidl_typesupport_fastrtps_c.cpython-310-x86_64-linux-gnu.so
[0.631s] -- Up-to-date: /home/mac/Desktop/conti_ws/install/conti_ars430_ros2_msgs/local/lib/python3.10/dist-packages/conti_ars430_ros2_msgs/conti_ars430_ros2_msgs_s__rosidl_typesupport_introspection_c.cpython-310-x86_64-linux-gnu.so
[0.632s] -- Up-to-date: /home/mac/Desktop/conti_ws/install/conti_ars430_ros2_msgs/local/lib/python3.10/dist-packages/conti_ars430_ros2_msgs/conti_ars430_ros2_msgs_s__rosidl_typesupport_c.cpython-310-x86_64-linux-gnu.so
[0.632s] -- Up-to-date: /home/mac/Desktop/conti_ws/install/conti_ars430_ros2_msgs/lib/libconti_ars430_ros2_msgs__rosidl_generator_py.so
[0.632s] -- Up-to-date: /home/mac/Desktop/conti_ws/install/conti_ars430_ros2_msgs/share/conti_ars430_ros2_msgs/msg/SensorStatus.idl
[0.632s] -- Up-to-date: /home/mac/Desktop/conti_ws/install/conti_ars430_ros2_msgs/share/conti_ars430_ros2_msgs/msg/RadarDetection.idl
[0.632s] -- Up-to-date: /home/mac/Desktop/conti_ws/install/conti_ars430_ros2_msgs/share/conti_ars430_ros2_msgs/msg/RadarDetectionImage.idl
[0.632s] -- Up-to-date: /home/mac/Desktop/conti_ws/install/conti_ars430_ros2_msgs/share/conti_ars430_ros2_msgs/msg/SensorStatus.msg
[0.633s] -- Up-to-date: /home/mac/Desktop/conti_ws/install/conti_ars430_ros2_msgs/share/conti_ars430_ros2_msgs/msg/RadarDetection.msg
[0.633s] -- Up-to-date: /home/mac/Desktop/conti_ws/install/conti_ars430_ros2_msgs/share/conti_ars430_ros2_msgs/msg/RadarDetectionImage.msg
[0.633s] -- Up-to-date: /home/mac/Desktop/conti_ws/install/conti_ars430_ros2_msgs/share/ament_index/resource_index/package_run_dependencies/conti_ars430_ros2_msgs
[0.633s] -- Up-to-date: /home/mac/Desktop/conti_ws/install/conti_ars430_ros2_msgs/share/ament_index/resource_index/parent_prefix_path/conti_ars430_ros2_msgs
[0.633s] -- Up-to-date: /home/mac/Desktop/conti_ws/install/conti_ars430_ros2_msgs/share/conti_ars430_ros2_msgs/environment/ament_prefix_path.sh
[0.633s] -- Up-to-date: /home/mac/Desktop/conti_ws/install/conti_ars430_ros2_msgs/share/conti_ars430_ros2_msgs/environment/ament_prefix_path.dsv
[0.633s] -- Up-to-date: /home/mac/Desktop/conti_ws/install/conti_ars430_ros2_msgs/share/conti_ars430_ros2_msgs/environment/path.sh
[0.633s] -- Up-to-date: /home/mac/Desktop/conti_ws/install/conti_ars430_ros2_msgs/share/conti_ars430_ros2_msgs/environment/path.dsv
[0.633s] -- Up-to-date: /home/mac/Desktop/conti_ws/install/conti_ars430_ros2_msgs/share/conti_ars430_ros2_msgs/local_setup.bash
[0.633s] -- Up-to-date: /home/mac/Desktop/conti_ws/install/conti_ars430_ros2_msgs/share/conti_ars430_ros2_msgs/local_setup.sh
[0.633s] -- Up-to-date: /home/mac/Desktop/conti_ws/install/conti_ars430_ros2_msgs/share/conti_ars430_ros2_msgs/local_setup.zsh
[0.634s] -- Up-to-date: /home/mac/Desktop/conti_ws/install/conti_ars430_ros2_msgs/share/conti_ars430_ros2_msgs/local_setup.dsv
[0.634s] -- Installing: /home/mac/Desktop/conti_ws/install/conti_ars430_ros2_msgs/share/conti_ars430_ros2_msgs/package.dsv
[0.634s] -- Up-to-date: /home/mac/Desktop/conti_ws/install/conti_ars430_ros2_msgs/share/ament_index/resource_index/packages/conti_ars430_ros2_msgs
[0.635s] -- Up-to-date: /home/mac/Desktop/conti_ws/install/conti_ars430_ros2_msgs/share/conti_ars430_ros2_msgs/cmake/export_conti_ars430_ros2_msgs__rosidl_generator_cExport.cmake
[0.635s] -- Up-to-date: /home/mac/Desktop/conti_ws/install/conti_ars430_ros2_msgs/share/conti_ars430_ros2_msgs/cmake/export_conti_ars430_ros2_msgs__rosidl_generator_cExport-noconfig.cmake
[0.635s] -- Up-to-date: /home/mac/Desktop/conti_ws/install/conti_ars430_ros2_msgs/share/conti_ars430_ros2_msgs/cmake/export_conti_ars430_ros2_msgs__rosidl_typesupport_fastrtps_cExport.cmake
[0.636s] -- Up-to-date: /home/mac/Desktop/conti_ws/install/conti_ars430_ros2_msgs/share/conti_ars430_ros2_msgs/cmake/export_conti_ars430_ros2_msgs__rosidl_typesupport_fastrtps_cExport-noconfig.cmake
[0.636s] -- Up-to-date: /home/mac/Desktop/conti_ws/install/conti_ars430_ros2_msgs/share/conti_ars430_ros2_msgs/cmake/conti_ars430_ros2_msgs__rosidl_typesupport_introspection_cExport.cmake
[0.636s] -- Up-to-date: /home/mac/Desktop/conti_ws/install/conti_ars430_ros2_msgs/share/conti_ars430_ros2_msgs/cmake/conti_ars430_ros2_msgs__rosidl_typesupport_introspection_cExport-noconfig.cmake
[0.636s] -- Up-to-date: /home/mac/Desktop/conti_ws/install/conti_ars430_ros2_msgs/share/conti_ars430_ros2_msgs/cmake/conti_ars430_ros2_msgs__rosidl_typesupport_cExport.cmake
[0.636s] -- Up-to-date: /home/mac/Desktop/conti_ws/install/conti_ars430_ros2_msgs/share/conti_ars430_ros2_msgs/cmake/conti_ars430_ros2_msgs__rosidl_typesupport_cExport-noconfig.cmake
[0.637s] -- Up-to-date: /home/mac/Desktop/conti_ws/install/conti_ars430_ros2_msgs/share/conti_ars430_ros2_msgs/cmake/export_conti_ars430_ros2_msgs__rosidl_generator_cppExport.cmake
[0.637s] -- Up-to-date: /home/mac/Desktop/conti_ws/install/conti_ars430_ros2_msgs/share/conti_ars430_ros2_msgs/cmake/export_conti_ars430_ros2_msgs__rosidl_typesupport_fastrtps_cppExport.cmake
[0.638s] -- Up-to-date: /home/mac/Desktop/conti_ws/install/conti_ars430_ros2_msgs/share/conti_ars430_ros2_msgs/cmake/export_conti_ars430_ros2_msgs__rosidl_typesupport_fastrtps_cppExport-noconfig.cmake
[0.638s] -- Up-to-date: /home/mac/Desktop/conti_ws/install/conti_ars430_ros2_msgs/share/conti_ars430_ros2_msgs/cmake/conti_ars430_ros2_msgs__rosidl_typesupport_introspection_cppExport.cmake
[0.638s] -- Up-to-date: /home/mac/Desktop/conti_ws/install/conti_ars430_ros2_msgs/share/conti_ars430_ros2_msgs/cmake/conti_ars430_ros2_msgs__rosidl_typesupport_introspection_cppExport-noconfig.cmake
[0.639s] -- Up-to-date: /home/mac/Desktop/conti_ws/install/conti_ars430_ros2_msgs/share/conti_ars430_ros2_msgs/cmake/conti_ars430_ros2_msgs__rosidl_typesupport_cppExport.cmake
[0.639s] -- Up-to-date: /home/mac/Desktop/conti_ws/install/conti_ars430_ros2_msgs/share/conti_ars430_ros2_msgs/cmake/conti_ars430_ros2_msgs__rosidl_typesupport_cppExport-noconfig.cmake
[0.639s] -- Up-to-date: /home/mac/Desktop/conti_ws/install/conti_ars430_ros2_msgs/share/conti_ars430_ros2_msgs/cmake/export_conti_ars430_ros2_msgs__rosidl_generator_pyExport.cmake
[0.640s] -- Up-to-date: /home/mac/Desktop/conti_ws/install/conti_ars430_ros2_msgs/share/conti_ars430_ros2_msgs/cmake/export_conti_ars430_ros2_msgs__rosidl_generator_pyExport-noconfig.cmake
[0.640s] -- Up-to-date: /home/mac/Desktop/conti_ws/install/conti_ars430_ros2_msgs/share/conti_ars430_ros2_msgs/cmake/rosidl_cmake-extras.cmake
[0.640s] -- Up-to-date: /home/mac/Desktop/conti_ws/install/conti_ars430_ros2_msgs/share/conti_ars430_ros2_msgs/cmake/ament_cmake_export_dependencies-extras.cmake
[0.640s] -- Up-to-date: /home/mac/Desktop/conti_ws/install/conti_ars430_ros2_msgs/share/conti_ars430_ros2_msgs/cmake/ament_cmake_export_include_directories-extras.cmake
[0.640s] -- Up-to-date: /home/mac/Desktop/conti_ws/install/conti_ars430_ros2_msgs/share/conti_ars430_ros2_msgs/cmake/ament_cmake_export_libraries-extras.cmake
[0.640s] -- Up-to-date: /home/mac/Desktop/conti_ws/install/conti_ars430_ros2_msgs/share/conti_ars430_ros2_msgs/cmake/ament_cmake_export_targets-extras.cmake
[0.641s] -- Up-to-date: /home/mac/Desktop/conti_ws/install/conti_ars430_ros2_msgs/share/conti_ars430_ros2_msgs/cmake/rosidl_cmake_export_typesupport_targets-extras.cmake
[0.641s] -- Up-to-date: /home/mac/Desktop/conti_ws/install/conti_ars430_ros2_msgs/share/conti_ars430_ros2_msgs/cmake/rosidl_cmake_export_typesupport_libraries-extras.cmake
[0.641s] -- Up-to-date: /home/mac/Desktop/conti_ws/install/conti_ars430_ros2_msgs/share/conti_ars430_ros2_msgs/cmake/conti_ars430_ros2_msgsConfig.cmake
[0.641s] -- Up-to-date: /home/mac/Desktop/conti_ws/install/conti_ars430_ros2_msgs/share/conti_ars430_ros2_msgs/cmake/conti_ars430_ros2_msgsConfig-version.cmake
[0.641s] -- Up-to-date: /home/mac/Desktop/conti_ws/install/conti_ars430_ros2_msgs/share/conti_ars430_ros2_msgs/package.xml
[0.646s] Invoked command in '/home/mac/Desktop/conti_ws/build/conti_ars430_ros2_msgs' returned '0': CMAKE_PREFIX_PATH=${CMAKE_PREFIX_PATH}:/home/mac/Desktop/su25/turtlebot4_ws/install/leader_follower_demo:/opt/ros/humble /home/mac/.local/bin/cmake --install /home/mac/Desktop/conti_ws/build/conti_ars430_ros2_msgs
